[2022-12-08T12:45:09.585+0000] {processor.py:153} INFO - Started process (PID=81) to work on /home/airflow/.local/lib/python3.7/site-packages/airflow/example_dags/example_short_circuit_operator.py
[2022-12-08T12:45:09.596+0000] {processor.py:743} INFO - Processing file /home/airflow/.local/lib/python3.7/site-packages/airflow/example_dags/example_short_circuit_operator.py for tasks to queue
[2022-12-08T12:45:09.612+0000] {logging_mixin.py:137} INFO - [2022-12-08T12:45:09.607+0000] {dagbag.py:538} INFO - Filling up the DagBag from /home/airflow/.local/lib/python3.7/site-packages/airflow/example_dags/example_short_circuit_operator.py
[2022-12-08T12:45:09.828+0000] {processor.py:753} INFO - DAG(s) dict_keys(['example_short_circuit_operator']) retrieved from /home/airflow/.local/lib/python3.7/site-packages/airflow/example_dags/example_short_circuit_operator.py
[2022-12-08T12:45:10.545+0000] {logging_mixin.py:137} INFO - [2022-12-08T12:45:10.544+0000] {dag.py:2676} INFO - Sync 1 DAGs
[2022-12-08T12:45:10.747+0000] {logging_mixin.py:137} INFO - [2022-12-08T12:45:10.747+0000] {dag.py:3427} INFO - Setting next_dagrun for example_short_circuit_operator to 2022-12-07T12:45:10.746954+00:00, run_after=2022-12-08T12:45:10.746954+00:00
[2022-12-08T12:45:10.844+0000] {processor.py:175} INFO - Processing /home/airflow/.local/lib/python3.7/site-packages/airflow/example_dags/example_short_circuit_operator.py took 1.316 seconds
[2022-12-08T12:45:41.167+0000] {processor.py:153} INFO - Started process (PID=139) to work on /home/airflow/.local/lib/python3.7/site-packages/airflow/example_dags/example_short_circuit_operator.py
[2022-12-08T12:45:41.169+0000] {processor.py:743} INFO - Processing file /home/airflow/.local/lib/python3.7/site-packages/airflow/example_dags/example_short_circuit_operator.py for tasks to queue
[2022-12-08T12:45:41.172+0000] {logging_mixin.py:137} INFO - [2022-12-08T12:45:41.172+0000] {dagbag.py:538} INFO - Filling up the DagBag from /home/airflow/.local/lib/python3.7/site-packages/airflow/example_dags/example_short_circuit_operator.py
[2022-12-08T12:45:41.200+0000] {processor.py:753} INFO - DAG(s) dict_keys(['example_short_circuit_operator']) retrieved from /home/airflow/.local/lib/python3.7/site-packages/airflow/example_dags/example_short_circuit_operator.py
[2022-12-08T12:45:41.296+0000] {logging_mixin.py:137} INFO - [2022-12-08T12:45:41.296+0000] {dag.py:2676} INFO - Sync 1 DAGs
[2022-12-08T12:45:41.344+0000] {logging_mixin.py:137} INFO - [2022-12-08T12:45:41.342+0000] {dag.py:3427} INFO - Setting next_dagrun for example_short_circuit_operator to 2022-12-07T12:45:41.341037+00:00, run_after=2022-12-08T12:45:41.341037+00:00
[2022-12-08T12:45:41.385+0000] {processor.py:175} INFO - Processing /home/airflow/.local/lib/python3.7/site-packages/airflow/example_dags/example_short_circuit_operator.py took 0.225 seconds
[2022-12-08T12:46:11.503+0000] {processor.py:153} INFO - Started process (PID=197) to work on /home/airflow/.local/lib/python3.7/site-packages/airflow/example_dags/example_short_circuit_operator.py
[2022-12-08T12:46:11.505+0000] {processor.py:743} INFO - Processing file /home/airflow/.local/lib/python3.7/site-packages/airflow/example_dags/example_short_circuit_operator.py for tasks to queue
[2022-12-08T12:46:11.508+0000] {logging_mixin.py:137} INFO - [2022-12-08T12:46:11.508+0000] {dagbag.py:538} INFO - Filling up the DagBag from /home/airflow/.local/lib/python3.7/site-packages/airflow/example_dags/example_short_circuit_operator.py
[2022-12-08T12:46:11.540+0000] {processor.py:753} INFO - DAG(s) dict_keys(['example_short_circuit_operator']) retrieved from /home/airflow/.local/lib/python3.7/site-packages/airflow/example_dags/example_short_circuit_operator.py
[2022-12-08T12:46:11.615+0000] {logging_mixin.py:137} INFO - [2022-12-08T12:46:11.615+0000] {dag.py:2676} INFO - Sync 1 DAGs
[2022-12-08T12:46:11.663+0000] {logging_mixin.py:137} INFO - [2022-12-08T12:46:11.663+0000] {dag.py:3427} INFO - Setting next_dagrun for example_short_circuit_operator to 2022-12-07T12:46:11.662188+00:00, run_after=2022-12-08T12:46:11.662188+00:00
[2022-12-08T12:46:11.706+0000] {processor.py:175} INFO - Processing /home/airflow/.local/lib/python3.7/site-packages/airflow/example_dags/example_short_circuit_operator.py took 0.208 seconds
[2022-12-08T12:46:42.774+0000] {processor.py:153} INFO - Started process (PID=254) to work on /home/airflow/.local/lib/python3.7/site-packages/airflow/example_dags/example_short_circuit_operator.py
[2022-12-08T12:46:42.780+0000] {processor.py:743} INFO - Processing file /home/airflow/.local/lib/python3.7/site-packages/airflow/example_dags/example_short_circuit_operator.py for tasks to queue
[2022-12-08T12:46:42.783+0000] {logging_mixin.py:137} INFO - [2022-12-08T12:46:42.782+0000] {dagbag.py:538} INFO - Filling up the DagBag from /home/airflow/.local/lib/python3.7/site-packages/airflow/example_dags/example_short_circuit_operator.py
[2022-12-08T12:46:42.845+0000] {processor.py:753} INFO - DAG(s) dict_keys(['example_short_circuit_operator']) retrieved from /home/airflow/.local/lib/python3.7/site-packages/airflow/example_dags/example_short_circuit_operator.py
[2022-12-08T12:46:42.985+0000] {logging_mixin.py:137} INFO - [2022-12-08T12:46:42.985+0000] {dag.py:2676} INFO - Sync 1 DAGs
[2022-12-08T12:46:43.082+0000] {logging_mixin.py:137} INFO - [2022-12-08T12:46:43.082+0000] {dag.py:3427} INFO - Setting next_dagrun for example_short_circuit_operator to 2022-12-07T12:46:43.081996+00:00, run_after=2022-12-08T12:46:43.081996+00:00
[2022-12-08T12:46:43.186+0000] {processor.py:175} INFO - Processing /home/airflow/.local/lib/python3.7/site-packages/airflow/example_dags/example_short_circuit_operator.py took 0.424 seconds
[2022-12-08T12:47:13.629+0000] {processor.py:153} INFO - Started process (PID=312) to work on /home/airflow/.local/lib/python3.7/site-packages/airflow/example_dags/example_short_circuit_operator.py
[2022-12-08T12:47:13.632+0000] {processor.py:743} INFO - Processing file /home/airflow/.local/lib/python3.7/site-packages/airflow/example_dags/example_short_circuit_operator.py for tasks to queue
[2022-12-08T12:47:13.641+0000] {logging_mixin.py:137} INFO - [2022-12-08T12:47:13.640+0000] {dagbag.py:538} INFO - Filling up the DagBag from /home/airflow/.local/lib/python3.7/site-packages/airflow/example_dags/example_short_circuit_operator.py
[2022-12-08T12:47:13.676+0000] {processor.py:753} INFO - DAG(s) dict_keys(['example_short_circuit_operator']) retrieved from /home/airflow/.local/lib/python3.7/site-packages/airflow/example_dags/example_short_circuit_operator.py
[2022-12-08T12:47:13.749+0000] {logging_mixin.py:137} INFO - [2022-12-08T12:47:13.749+0000] {dag.py:2676} INFO - Sync 1 DAGs
[2022-12-08T12:47:13.803+0000] {logging_mixin.py:137} INFO - [2022-12-08T12:47:13.802+0000] {dag.py:3427} INFO - Setting next_dagrun for example_short_circuit_operator to 2022-12-07T12:47:13.802252+00:00, run_after=2022-12-08T12:47:13.802252+00:00
[2022-12-08T12:47:13.862+0000] {processor.py:175} INFO - Processing /home/airflow/.local/lib/python3.7/site-packages/airflow/example_dags/example_short_circuit_operator.py took 0.240 seconds
[2022-12-08T12:47:44.368+0000] {processor.py:153} INFO - Started process (PID=370) to work on /home/airflow/.local/lib/python3.7/site-packages/airflow/example_dags/example_short_circuit_operator.py
[2022-12-08T12:47:44.383+0000] {processor.py:743} INFO - Processing file /home/airflow/.local/lib/python3.7/site-packages/airflow/example_dags/example_short_circuit_operator.py for tasks to queue
[2022-12-08T12:47:44.385+0000] {logging_mixin.py:137} INFO - [2022-12-08T12:47:44.385+0000] {dagbag.py:538} INFO - Filling up the DagBag from /home/airflow/.local/lib/python3.7/site-packages/airflow/example_dags/example_short_circuit_operator.py
[2022-12-08T12:47:44.420+0000] {processor.py:753} INFO - DAG(s) dict_keys(['example_short_circuit_operator']) retrieved from /home/airflow/.local/lib/python3.7/site-packages/airflow/example_dags/example_short_circuit_operator.py
[2022-12-08T12:47:44.563+0000] {logging_mixin.py:137} INFO - [2022-12-08T12:47:44.563+0000] {dag.py:2676} INFO - Sync 1 DAGs
[2022-12-08T12:47:44.653+0000] {logging_mixin.py:137} INFO - [2022-12-08T12:47:44.653+0000] {dag.py:3427} INFO - Setting next_dagrun for example_short_circuit_operator to 2022-12-07T12:47:44.652859+00:00, run_after=2022-12-08T12:47:44.652859+00:00
[2022-12-08T12:47:44.717+0000] {processor.py:175} INFO - Processing /home/airflow/.local/lib/python3.7/site-packages/airflow/example_dags/example_short_circuit_operator.py took 0.354 seconds
[2022-12-08T12:48:15.260+0000] {processor.py:153} INFO - Started process (PID=427) to work on /home/airflow/.local/lib/python3.7/site-packages/airflow/example_dags/example_short_circuit_operator.py
[2022-12-08T12:48:15.263+0000] {processor.py:743} INFO - Processing file /home/airflow/.local/lib/python3.7/site-packages/airflow/example_dags/example_short_circuit_operator.py for tasks to queue
[2022-12-08T12:48:15.269+0000] {logging_mixin.py:137} INFO - [2022-12-08T12:48:15.268+0000] {dagbag.py:538} INFO - Filling up the DagBag from /home/airflow/.local/lib/python3.7/site-packages/airflow/example_dags/example_short_circuit_operator.py
[2022-12-08T12:48:15.310+0000] {processor.py:753} INFO - DAG(s) dict_keys(['example_short_circuit_operator']) retrieved from /home/airflow/.local/lib/python3.7/site-packages/airflow/example_dags/example_short_circuit_operator.py
[2022-12-08T12:48:15.380+0000] {logging_mixin.py:137} INFO - [2022-12-08T12:48:15.379+0000] {dag.py:2676} INFO - Sync 1 DAGs
[2022-12-08T12:48:15.424+0000] {logging_mixin.py:137} INFO - [2022-12-08T12:48:15.424+0000] {dag.py:3427} INFO - Setting next_dagrun for example_short_circuit_operator to 2022-12-07T12:48:15.423968+00:00, run_after=2022-12-08T12:48:15.423968+00:00
[2022-12-08T12:48:15.466+0000] {processor.py:175} INFO - Processing /home/airflow/.local/lib/python3.7/site-packages/airflow/example_dags/example_short_circuit_operator.py took 0.214 seconds
[2022-12-08T12:48:46.077+0000] {processor.py:153} INFO - Started process (PID=493) to work on /home/airflow/.local/lib/python3.7/site-packages/airflow/example_dags/example_short_circuit_operator.py
[2022-12-08T12:48:46.082+0000] {processor.py:743} INFO - Processing file /home/airflow/.local/lib/python3.7/site-packages/airflow/example_dags/example_short_circuit_operator.py for tasks to queue
[2022-12-08T12:48:46.087+0000] {logging_mixin.py:137} INFO - [2022-12-08T12:48:46.085+0000] {dagbag.py:538} INFO - Filling up the DagBag from /home/airflow/.local/lib/python3.7/site-packages/airflow/example_dags/example_short_circuit_operator.py
[2022-12-08T12:48:46.143+0000] {processor.py:753} INFO - DAG(s) dict_keys(['example_short_circuit_operator']) retrieved from /home/airflow/.local/lib/python3.7/site-packages/airflow/example_dags/example_short_circuit_operator.py
[2022-12-08T12:48:46.268+0000] {logging_mixin.py:137} INFO - [2022-12-08T12:48:46.268+0000] {dag.py:2676} INFO - Sync 1 DAGs
[2022-12-08T12:48:46.348+0000] {logging_mixin.py:137} INFO - [2022-12-08T12:48:46.348+0000] {dag.py:3427} INFO - Setting next_dagrun for example_short_circuit_operator to 2022-12-07T12:48:46.347819+00:00, run_after=2022-12-08T12:48:46.347819+00:00
[2022-12-08T12:48:46.415+0000] {processor.py:175} INFO - Processing /home/airflow/.local/lib/python3.7/site-packages/airflow/example_dags/example_short_circuit_operator.py took 0.363 seconds
[2022-12-08T12:49:16.627+0000] {processor.py:153} INFO - Started process (PID=553) to work on /home/airflow/.local/lib/python3.7/site-packages/airflow/example_dags/example_short_circuit_operator.py
[2022-12-08T12:49:16.632+0000] {processor.py:743} INFO - Processing file /home/airflow/.local/lib/python3.7/site-packages/airflow/example_dags/example_short_circuit_operator.py for tasks to queue
[2022-12-08T12:49:16.638+0000] {logging_mixin.py:137} INFO - [2022-12-08T12:49:16.637+0000] {dagbag.py:538} INFO - Filling up the DagBag from /home/airflow/.local/lib/python3.7/site-packages/airflow/example_dags/example_short_circuit_operator.py
[2022-12-08T12:49:16.683+0000] {processor.py:753} INFO - DAG(s) dict_keys(['example_short_circuit_operator']) retrieved from /home/airflow/.local/lib/python3.7/site-packages/airflow/example_dags/example_short_circuit_operator.py
[2022-12-08T12:49:16.803+0000] {logging_mixin.py:137} INFO - [2022-12-08T12:49:16.802+0000] {dag.py:2676} INFO - Sync 1 DAGs
[2022-12-08T12:49:16.887+0000] {logging_mixin.py:137} INFO - [2022-12-08T12:49:16.887+0000] {dag.py:3427} INFO - Setting next_dagrun for example_short_circuit_operator to 2022-12-07T12:49:16.887032+00:00, run_after=2022-12-08T12:49:16.887032+00:00
[2022-12-08T12:49:16.950+0000] {processor.py:175} INFO - Processing /home/airflow/.local/lib/python3.7/site-packages/airflow/example_dags/example_short_circuit_operator.py took 0.337 seconds
[2022-12-08T12:49:47.351+0000] {processor.py:153} INFO - Started process (PID=611) to work on /home/airflow/.local/lib/python3.7/site-packages/airflow/example_dags/example_short_circuit_operator.py
[2022-12-08T12:49:47.355+0000] {processor.py:743} INFO - Processing file /home/airflow/.local/lib/python3.7/site-packages/airflow/example_dags/example_short_circuit_operator.py for tasks to queue
[2022-12-08T12:49:47.357+0000] {logging_mixin.py:137} INFO - [2022-12-08T12:49:47.357+0000] {dagbag.py:538} INFO - Filling up the DagBag from /home/airflow/.local/lib/python3.7/site-packages/airflow/example_dags/example_short_circuit_operator.py
[2022-12-08T12:49:47.453+0000] {processor.py:753} INFO - DAG(s) dict_keys(['example_short_circuit_operator']) retrieved from /home/airflow/.local/lib/python3.7/site-packages/airflow/example_dags/example_short_circuit_operator.py
[2022-12-08T12:49:47.712+0000] {logging_mixin.py:137} INFO - [2022-12-08T12:49:47.711+0000] {dag.py:2676} INFO - Sync 1 DAGs
[2022-12-08T12:49:47.977+0000] {logging_mixin.py:137} INFO - [2022-12-08T12:49:47.976+0000] {dag.py:3427} INFO - Setting next_dagrun for example_short_circuit_operator to 2022-12-07T12:49:47.975914+00:00, run_after=2022-12-08T12:49:47.975914+00:00
[2022-12-08T12:49:48.202+0000] {processor.py:175} INFO - Processing /home/airflow/.local/lib/python3.7/site-packages/airflow/example_dags/example_short_circuit_operator.py took 0.876 seconds
[2022-12-08T12:50:18.631+0000] {processor.py:153} INFO - Started process (PID=669) to work on /home/airflow/.local/lib/python3.7/site-packages/airflow/example_dags/example_short_circuit_operator.py
[2022-12-08T12:50:18.636+0000] {processor.py:743} INFO - Processing file /home/airflow/.local/lib/python3.7/site-packages/airflow/example_dags/example_short_circuit_operator.py for tasks to queue
[2022-12-08T12:50:18.640+0000] {logging_mixin.py:137} INFO - [2022-12-08T12:50:18.639+0000] {dagbag.py:538} INFO - Filling up the DagBag from /home/airflow/.local/lib/python3.7/site-packages/airflow/example_dags/example_short_circuit_operator.py
[2022-12-08T12:50:18.696+0000] {processor.py:753} INFO - DAG(s) dict_keys(['example_short_circuit_operator']) retrieved from /home/airflow/.local/lib/python3.7/site-packages/airflow/example_dags/example_short_circuit_operator.py
[2022-12-08T12:50:18.838+0000] {logging_mixin.py:137} INFO - [2022-12-08T12:50:18.838+0000] {dag.py:2676} INFO - Sync 1 DAGs
[2022-12-08T12:50:18.930+0000] {logging_mixin.py:137} INFO - [2022-12-08T12:50:18.930+0000] {dag.py:3427} INFO - Setting next_dagrun for example_short_circuit_operator to 2022-12-07T12:50:18.930106+00:00, run_after=2022-12-08T12:50:18.930106+00:00
[2022-12-08T12:50:19.013+0000] {processor.py:175} INFO - Processing /home/airflow/.local/lib/python3.7/site-packages/airflow/example_dags/example_short_circuit_operator.py took 0.401 seconds
[2022-12-08T12:50:49.927+0000] {processor.py:153} INFO - Started process (PID=727) to work on /home/airflow/.local/lib/python3.7/site-packages/airflow/example_dags/example_short_circuit_operator.py
[2022-12-08T12:50:49.945+0000] {processor.py:743} INFO - Processing file /home/airflow/.local/lib/python3.7/site-packages/airflow/example_dags/example_short_circuit_operator.py for tasks to queue
[2022-12-08T12:50:49.948+0000] {logging_mixin.py:137} INFO - [2022-12-08T12:50:49.947+0000] {dagbag.py:538} INFO - Filling up the DagBag from /home/airflow/.local/lib/python3.7/site-packages/airflow/example_dags/example_short_circuit_operator.py
[2022-12-08T12:50:50.095+0000] {processor.py:753} INFO - DAG(s) dict_keys(['example_short_circuit_operator']) retrieved from /home/airflow/.local/lib/python3.7/site-packages/airflow/example_dags/example_short_circuit_operator.py
[2022-12-08T12:50:50.312+0000] {logging_mixin.py:137} INFO - [2022-12-08T12:50:50.312+0000] {dag.py:2676} INFO - Sync 1 DAGs
[2022-12-08T12:50:50.433+0000] {logging_mixin.py:137} INFO - [2022-12-08T12:50:50.433+0000] {dag.py:3427} INFO - Setting next_dagrun for example_short_circuit_operator to 2022-12-07T12:50:50.430061+00:00, run_after=2022-12-08T12:50:50.430061+00:00
[2022-12-08T12:50:50.519+0000] {processor.py:175} INFO - Processing /home/airflow/.local/lib/python3.7/site-packages/airflow/example_dags/example_short_circuit_operator.py took 0.609 seconds
[2022-12-08T12:51:20.792+0000] {processor.py:153} INFO - Started process (PID=785) to work on /home/airflow/.local/lib/python3.7/site-packages/airflow/example_dags/example_short_circuit_operator.py
[2022-12-08T12:51:20.797+0000] {processor.py:743} INFO - Processing file /home/airflow/.local/lib/python3.7/site-packages/airflow/example_dags/example_short_circuit_operator.py for tasks to queue
[2022-12-08T12:51:20.799+0000] {logging_mixin.py:137} INFO - [2022-12-08T12:51:20.799+0000] {dagbag.py:538} INFO - Filling up the DagBag from /home/airflow/.local/lib/python3.7/site-packages/airflow/example_dags/example_short_circuit_operator.py
[2022-12-08T12:51:20.851+0000] {processor.py:753} INFO - DAG(s) dict_keys(['example_short_circuit_operator']) retrieved from /home/airflow/.local/lib/python3.7/site-packages/airflow/example_dags/example_short_circuit_operator.py
[2022-12-08T12:51:20.933+0000] {logging_mixin.py:137} INFO - [2022-12-08T12:51:20.932+0000] {dag.py:2676} INFO - Sync 1 DAGs
[2022-12-08T12:51:20.989+0000] {logging_mixin.py:137} INFO - [2022-12-08T12:51:20.989+0000] {dag.py:3427} INFO - Setting next_dagrun for example_short_circuit_operator to 2022-12-07T12:51:20.989294+00:00, run_after=2022-12-08T12:51:20.989294+00:00
[2022-12-08T12:51:21.028+0000] {processor.py:175} INFO - Processing /home/airflow/.local/lib/python3.7/site-packages/airflow/example_dags/example_short_circuit_operator.py took 0.253 seconds
[2022-12-08T12:51:52.039+0000] {processor.py:153} INFO - Started process (PID=848) to work on /home/airflow/.local/lib/python3.7/site-packages/airflow/example_dags/example_short_circuit_operator.py
[2022-12-08T12:51:52.055+0000] {processor.py:743} INFO - Processing file /home/airflow/.local/lib/python3.7/site-packages/airflow/example_dags/example_short_circuit_operator.py for tasks to queue
[2022-12-08T12:51:52.083+0000] {logging_mixin.py:137} INFO - [2022-12-08T12:51:52.081+0000] {dagbag.py:538} INFO - Filling up the DagBag from /home/airflow/.local/lib/python3.7/site-packages/airflow/example_dags/example_short_circuit_operator.py
[2022-12-08T12:51:52.574+0000] {processor.py:753} INFO - DAG(s) dict_keys(['example_short_circuit_operator']) retrieved from /home/airflow/.local/lib/python3.7/site-packages/airflow/example_dags/example_short_circuit_operator.py
[2022-12-08T12:51:53.437+0000] {logging_mixin.py:137} INFO - [2022-12-08T12:51:53.436+0000] {dag.py:2676} INFO - Sync 1 DAGs
[2022-12-08T12:51:53.905+0000] {logging_mixin.py:137} INFO - [2022-12-08T12:51:53.904+0000] {dag.py:3427} INFO - Setting next_dagrun for example_short_circuit_operator to 2022-12-07T12:51:53.904378+00:00, run_after=2022-12-08T12:51:53.904378+00:00
[2022-12-08T12:51:54.089+0000] {processor.py:175} INFO - Processing /home/airflow/.local/lib/python3.7/site-packages/airflow/example_dags/example_short_circuit_operator.py took 2.151 seconds
[2022-12-08T12:52:24.690+0000] {processor.py:153} INFO - Started process (PID=898) to work on /home/airflow/.local/lib/python3.7/site-packages/airflow/example_dags/example_short_circuit_operator.py
[2022-12-08T12:52:24.694+0000] {processor.py:743} INFO - Processing file /home/airflow/.local/lib/python3.7/site-packages/airflow/example_dags/example_short_circuit_operator.py for tasks to queue
[2022-12-08T12:52:24.696+0000] {logging_mixin.py:137} INFO - [2022-12-08T12:52:24.696+0000] {dagbag.py:538} INFO - Filling up the DagBag from /home/airflow/.local/lib/python3.7/site-packages/airflow/example_dags/example_short_circuit_operator.py
[2022-12-08T12:52:24.751+0000] {processor.py:753} INFO - DAG(s) dict_keys(['example_short_circuit_operator']) retrieved from /home/airflow/.local/lib/python3.7/site-packages/airflow/example_dags/example_short_circuit_operator.py
[2022-12-08T12:52:24.880+0000] {logging_mixin.py:137} INFO - [2022-12-08T12:52:24.880+0000] {dag.py:2676} INFO - Sync 1 DAGs
[2022-12-08T12:52:25.008+0000] {logging_mixin.py:137} INFO - [2022-12-08T12:52:25.007+0000] {dag.py:3427} INFO - Setting next_dagrun for example_short_circuit_operator to 2022-12-07T12:52:25.007493+00:00, run_after=2022-12-08T12:52:25.007493+00:00
[2022-12-08T12:52:25.128+0000] {processor.py:175} INFO - Processing /home/airflow/.local/lib/python3.7/site-packages/airflow/example_dags/example_short_circuit_operator.py took 0.458 seconds
