[2022-12-08T12:45:11.053+0000] {processor.py:153} INFO - Started process (PID=83) to work on /home/airflow/.local/lib/python3.7/site-packages/airflow/example_dags/example_datasets.py
[2022-12-08T12:45:11.057+0000] {processor.py:743} INFO - Processing file /home/airflow/.local/lib/python3.7/site-packages/airflow/example_dags/example_datasets.py for tasks to queue
[2022-12-08T12:45:11.069+0000] {logging_mixin.py:137} INFO - [2022-12-08T12:45:11.064+0000] {dagbag.py:538} INFO - Filling up the DagBag from /home/airflow/.local/lib/python3.7/site-packages/airflow/example_dags/example_datasets.py
[2022-12-08T12:45:11.391+0000] {processor.py:753} INFO - DAG(s) dict_keys(['dataset_produces_1', 'dataset_produces_2', 'dataset_consumes_unknown_never_scheduled', 'dataset_consumes_1_never_scheduled', 'dataset_consumes_1', 'dataset_consumes_1_and_2']) retrieved from /home/airflow/.local/lib/python3.7/site-packages/airflow/example_dags/example_datasets.py
[2022-12-08T12:45:12.262+0000] {logging_mixin.py:137} INFO - [2022-12-08T12:45:12.262+0000] {dag.py:2676} INFO - Sync 6 DAGs
[2022-12-08T12:45:12.439+0000] {logging_mixin.py:137} INFO - [2022-12-08T12:45:12.436+0000] {dag.py:3427} INFO - Setting next_dagrun for dataset_consumes_1 to None, run_after=None
[2022-12-08T12:45:12.459+0000] {logging_mixin.py:137} INFO - [2022-12-08T12:45:12.452+0000] {dag.py:3427} INFO - Setting next_dagrun for dataset_consumes_1_and_2 to None, run_after=None
[2022-12-08T12:45:12.463+0000] {logging_mixin.py:137} INFO - [2022-12-08T12:45:12.463+0000] {dag.py:3427} INFO - Setting next_dagrun for dataset_consumes_1_never_scheduled to None, run_after=None
[2022-12-08T12:45:12.468+0000] {logging_mixin.py:137} INFO - [2022-12-08T12:45:12.467+0000] {dag.py:3427} INFO - Setting next_dagrun for dataset_consumes_unknown_never_scheduled to None, run_after=None
[2022-12-08T12:45:12.479+0000] {logging_mixin.py:137} INFO - [2022-12-08T12:45:12.479+0000] {dag.py:3427} INFO - Setting next_dagrun for dataset_produces_1 to 2022-12-07T00:00:00+00:00, run_after=2022-12-08T00:00:00+00:00
[2022-12-08T12:45:12.485+0000] {logging_mixin.py:137} INFO - [2022-12-08T12:45:12.484+0000] {dag.py:3427} INFO - Setting next_dagrun for dataset_produces_2 to None, run_after=None
[2022-12-08T12:45:12.606+0000] {processor.py:175} INFO - Processing /home/airflow/.local/lib/python3.7/site-packages/airflow/example_dags/example_datasets.py took 1.581 seconds
[2022-12-08T12:45:43.439+0000] {processor.py:153} INFO - Started process (PID=142) to work on /home/airflow/.local/lib/python3.7/site-packages/airflow/example_dags/example_datasets.py
[2022-12-08T12:45:43.442+0000] {processor.py:743} INFO - Processing file /home/airflow/.local/lib/python3.7/site-packages/airflow/example_dags/example_datasets.py for tasks to queue
[2022-12-08T12:45:43.445+0000] {logging_mixin.py:137} INFO - [2022-12-08T12:45:43.445+0000] {dagbag.py:538} INFO - Filling up the DagBag from /home/airflow/.local/lib/python3.7/site-packages/airflow/example_dags/example_datasets.py
[2022-12-08T12:45:43.531+0000] {processor.py:753} INFO - DAG(s) dict_keys(['dataset_consumes_unknown_never_scheduled', 'dataset_consumes_1', 'dataset_produces_1', 'dataset_consumes_1_and_2', 'dataset_consumes_1_never_scheduled', 'dataset_produces_2']) retrieved from /home/airflow/.local/lib/python3.7/site-packages/airflow/example_dags/example_datasets.py
[2022-12-08T12:45:43.746+0000] {logging_mixin.py:137} INFO - [2022-12-08T12:45:43.746+0000] {dag.py:2676} INFO - Sync 6 DAGs
[2022-12-08T12:45:43.805+0000] {logging_mixin.py:137} INFO - [2022-12-08T12:45:43.805+0000] {dag.py:3427} INFO - Setting next_dagrun for dataset_consumes_1 to None, run_after=None
[2022-12-08T12:45:43.822+0000] {logging_mixin.py:137} INFO - [2022-12-08T12:45:43.822+0000] {dag.py:3427} INFO - Setting next_dagrun for dataset_consumes_1_and_2 to None, run_after=None
[2022-12-08T12:45:43.829+0000] {logging_mixin.py:137} INFO - [2022-12-08T12:45:43.828+0000] {dag.py:3427} INFO - Setting next_dagrun for dataset_consumes_1_never_scheduled to None, run_after=None
[2022-12-08T12:45:43.838+0000] {logging_mixin.py:137} INFO - [2022-12-08T12:45:43.837+0000] {dag.py:3427} INFO - Setting next_dagrun for dataset_consumes_unknown_never_scheduled to None, run_after=None
[2022-12-08T12:45:43.849+0000] {logging_mixin.py:137} INFO - [2022-12-08T12:45:43.849+0000] {dag.py:3427} INFO - Setting next_dagrun for dataset_produces_1 to 2022-12-07T00:00:00+00:00, run_after=2022-12-08T00:00:00+00:00
[2022-12-08T12:45:43.855+0000] {logging_mixin.py:137} INFO - [2022-12-08T12:45:43.855+0000] {dag.py:3427} INFO - Setting next_dagrun for dataset_produces_2 to None, run_after=None
[2022-12-08T12:45:43.954+0000] {processor.py:175} INFO - Processing /home/airflow/.local/lib/python3.7/site-packages/airflow/example_dags/example_datasets.py took 0.540 seconds
[2022-12-08T12:46:14.057+0000] {processor.py:153} INFO - Started process (PID=200) to work on /home/airflow/.local/lib/python3.7/site-packages/airflow/example_dags/example_datasets.py
[2022-12-08T12:46:14.066+0000] {processor.py:743} INFO - Processing file /home/airflow/.local/lib/python3.7/site-packages/airflow/example_dags/example_datasets.py for tasks to queue
[2022-12-08T12:46:14.069+0000] {logging_mixin.py:137} INFO - [2022-12-08T12:46:14.068+0000] {dagbag.py:538} INFO - Filling up the DagBag from /home/airflow/.local/lib/python3.7/site-packages/airflow/example_dags/example_datasets.py
[2022-12-08T12:46:14.102+0000] {processor.py:753} INFO - DAG(s) dict_keys(['dataset_produces_1', 'dataset_consumes_unknown_never_scheduled', 'dataset_consumes_1_and_2', 'dataset_consumes_1', 'dataset_produces_2', 'dataset_consumes_1_never_scheduled']) retrieved from /home/airflow/.local/lib/python3.7/site-packages/airflow/example_dags/example_datasets.py
[2022-12-08T12:46:14.206+0000] {logging_mixin.py:137} INFO - [2022-12-08T12:46:14.205+0000] {dag.py:2676} INFO - Sync 6 DAGs
[2022-12-08T12:46:14.287+0000] {logging_mixin.py:137} INFO - [2022-12-08T12:46:14.287+0000] {dag.py:3427} INFO - Setting next_dagrun for dataset_consumes_1 to None, run_after=None
[2022-12-08T12:46:14.306+0000] {logging_mixin.py:137} INFO - [2022-12-08T12:46:14.305+0000] {dag.py:3427} INFO - Setting next_dagrun for dataset_consumes_1_and_2 to None, run_after=None
[2022-12-08T12:46:14.314+0000] {logging_mixin.py:137} INFO - [2022-12-08T12:46:14.313+0000] {dag.py:3427} INFO - Setting next_dagrun for dataset_consumes_1_never_scheduled to None, run_after=None
[2022-12-08T12:46:14.325+0000] {logging_mixin.py:137} INFO - [2022-12-08T12:46:14.323+0000] {dag.py:3427} INFO - Setting next_dagrun for dataset_consumes_unknown_never_scheduled to None, run_after=None
[2022-12-08T12:46:14.336+0000] {logging_mixin.py:137} INFO - [2022-12-08T12:46:14.336+0000] {dag.py:3427} INFO - Setting next_dagrun for dataset_produces_1 to 2022-12-07T00:00:00+00:00, run_after=2022-12-08T00:00:00+00:00
[2022-12-08T12:46:14.343+0000] {logging_mixin.py:137} INFO - [2022-12-08T12:46:14.343+0000] {dag.py:3427} INFO - Setting next_dagrun for dataset_produces_2 to None, run_after=None
[2022-12-08T12:46:14.442+0000] {processor.py:175} INFO - Processing /home/airflow/.local/lib/python3.7/site-packages/airflow/example_dags/example_datasets.py took 0.402 seconds
[2022-12-08T12:46:44.708+0000] {processor.py:153} INFO - Started process (PID=257) to work on /home/airflow/.local/lib/python3.7/site-packages/airflow/example_dags/example_datasets.py
[2022-12-08T12:46:44.719+0000] {processor.py:743} INFO - Processing file /home/airflow/.local/lib/python3.7/site-packages/airflow/example_dags/example_datasets.py for tasks to queue
[2022-12-08T12:46:44.722+0000] {logging_mixin.py:137} INFO - [2022-12-08T12:46:44.722+0000] {dagbag.py:538} INFO - Filling up the DagBag from /home/airflow/.local/lib/python3.7/site-packages/airflow/example_dags/example_datasets.py
[2022-12-08T12:46:44.806+0000] {processor.py:753} INFO - DAG(s) dict_keys(['dataset_produces_1', 'dataset_consumes_1', 'dataset_consumes_unknown_never_scheduled', 'dataset_consumes_1_and_2', 'dataset_consumes_1_never_scheduled', 'dataset_produces_2']) retrieved from /home/airflow/.local/lib/python3.7/site-packages/airflow/example_dags/example_datasets.py
[2022-12-08T12:46:45.013+0000] {logging_mixin.py:137} INFO - [2022-12-08T12:46:45.013+0000] {dag.py:2676} INFO - Sync 6 DAGs
[2022-12-08T12:46:45.109+0000] {logging_mixin.py:137} INFO - [2022-12-08T12:46:45.108+0000] {dag.py:3427} INFO - Setting next_dagrun for dataset_consumes_1 to None, run_after=None
[2022-12-08T12:46:45.120+0000] {logging_mixin.py:137} INFO - [2022-12-08T12:46:45.120+0000] {dag.py:3427} INFO - Setting next_dagrun for dataset_consumes_1_and_2 to None, run_after=None
[2022-12-08T12:46:45.126+0000] {logging_mixin.py:137} INFO - [2022-12-08T12:46:45.126+0000] {dag.py:3427} INFO - Setting next_dagrun for dataset_consumes_1_never_scheduled to None, run_after=None
[2022-12-08T12:46:45.130+0000] {logging_mixin.py:137} INFO - [2022-12-08T12:46:45.129+0000] {dag.py:3427} INFO - Setting next_dagrun for dataset_consumes_unknown_never_scheduled to None, run_after=None
[2022-12-08T12:46:45.149+0000] {logging_mixin.py:137} INFO - [2022-12-08T12:46:45.148+0000] {dag.py:3427} INFO - Setting next_dagrun for dataset_produces_1 to 2022-12-07T00:00:00+00:00, run_after=2022-12-08T00:00:00+00:00
[2022-12-08T12:46:45.155+0000] {logging_mixin.py:137} INFO - [2022-12-08T12:46:45.154+0000] {dag.py:3427} INFO - Setting next_dagrun for dataset_produces_2 to None, run_after=None
[2022-12-08T12:46:45.277+0000] {processor.py:175} INFO - Processing /home/airflow/.local/lib/python3.7/site-packages/airflow/example_dags/example_datasets.py took 0.594 seconds
[2022-12-08T12:47:15.507+0000] {processor.py:153} INFO - Started process (PID=316) to work on /home/airflow/.local/lib/python3.7/site-packages/airflow/example_dags/example_datasets.py
[2022-12-08T12:47:15.510+0000] {processor.py:743} INFO - Processing file /home/airflow/.local/lib/python3.7/site-packages/airflow/example_dags/example_datasets.py for tasks to queue
[2022-12-08T12:47:15.513+0000] {logging_mixin.py:137} INFO - [2022-12-08T12:47:15.513+0000] {dagbag.py:538} INFO - Filling up the DagBag from /home/airflow/.local/lib/python3.7/site-packages/airflow/example_dags/example_datasets.py
[2022-12-08T12:47:15.550+0000] {processor.py:753} INFO - DAG(s) dict_keys(['dataset_produces_2', 'dataset_consumes_1_and_2', 'dataset_produces_1', 'dataset_consumes_unknown_never_scheduled', 'dataset_consumes_1', 'dataset_consumes_1_never_scheduled']) retrieved from /home/airflow/.local/lib/python3.7/site-packages/airflow/example_dags/example_datasets.py
[2022-12-08T12:47:15.695+0000] {logging_mixin.py:137} INFO - [2022-12-08T12:47:15.695+0000] {dag.py:2676} INFO - Sync 6 DAGs
[2022-12-08T12:47:15.744+0000] {logging_mixin.py:137} INFO - [2022-12-08T12:47:15.744+0000] {dag.py:3427} INFO - Setting next_dagrun for dataset_consumes_1 to None, run_after=None
[2022-12-08T12:47:15.754+0000] {logging_mixin.py:137} INFO - [2022-12-08T12:47:15.754+0000] {dag.py:3427} INFO - Setting next_dagrun for dataset_consumes_1_and_2 to None, run_after=None
[2022-12-08T12:47:15.759+0000] {logging_mixin.py:137} INFO - [2022-12-08T12:47:15.758+0000] {dag.py:3427} INFO - Setting next_dagrun for dataset_consumes_1_never_scheduled to None, run_after=None
[2022-12-08T12:47:15.764+0000] {logging_mixin.py:137} INFO - [2022-12-08T12:47:15.763+0000] {dag.py:3427} INFO - Setting next_dagrun for dataset_consumes_unknown_never_scheduled to None, run_after=None
[2022-12-08T12:47:15.773+0000] {logging_mixin.py:137} INFO - [2022-12-08T12:47:15.773+0000] {dag.py:3427} INFO - Setting next_dagrun for dataset_produces_1 to 2022-12-07T00:00:00+00:00, run_after=2022-12-08T00:00:00+00:00
[2022-12-08T12:47:15.778+0000] {logging_mixin.py:137} INFO - [2022-12-08T12:47:15.777+0000] {dag.py:3427} INFO - Setting next_dagrun for dataset_produces_2 to None, run_after=None
[2022-12-08T12:47:15.830+0000] {processor.py:175} INFO - Processing /home/airflow/.local/lib/python3.7/site-packages/airflow/example_dags/example_datasets.py took 0.332 seconds
[2022-12-08T12:47:46.100+0000] {processor.py:153} INFO - Started process (PID=373) to work on /home/airflow/.local/lib/python3.7/site-packages/airflow/example_dags/example_datasets.py
[2022-12-08T12:47:46.116+0000] {processor.py:743} INFO - Processing file /home/airflow/.local/lib/python3.7/site-packages/airflow/example_dags/example_datasets.py for tasks to queue
[2022-12-08T12:47:46.122+0000] {logging_mixin.py:137} INFO - [2022-12-08T12:47:46.121+0000] {dagbag.py:538} INFO - Filling up the DagBag from /home/airflow/.local/lib/python3.7/site-packages/airflow/example_dags/example_datasets.py
[2022-12-08T12:47:46.181+0000] {processor.py:753} INFO - DAG(s) dict_keys(['dataset_consumes_1_and_2', 'dataset_produces_1', 'dataset_consumes_1', 'dataset_produces_2', 'dataset_consumes_1_never_scheduled', 'dataset_consumes_unknown_never_scheduled']) retrieved from /home/airflow/.local/lib/python3.7/site-packages/airflow/example_dags/example_datasets.py
[2022-12-08T12:47:46.300+0000] {logging_mixin.py:137} INFO - [2022-12-08T12:47:46.299+0000] {dag.py:2676} INFO - Sync 6 DAGs
[2022-12-08T12:47:46.351+0000] {logging_mixin.py:137} INFO - [2022-12-08T12:47:46.351+0000] {dag.py:3427} INFO - Setting next_dagrun for dataset_consumes_1 to None, run_after=None
[2022-12-08T12:47:46.372+0000] {logging_mixin.py:137} INFO - [2022-12-08T12:47:46.372+0000] {dag.py:3427} INFO - Setting next_dagrun for dataset_consumes_1_and_2 to None, run_after=None
[2022-12-08T12:47:46.379+0000] {logging_mixin.py:137} INFO - [2022-12-08T12:47:46.379+0000] {dag.py:3427} INFO - Setting next_dagrun for dataset_consumes_1_never_scheduled to None, run_after=None
[2022-12-08T12:47:46.386+0000] {logging_mixin.py:137} INFO - [2022-12-08T12:47:46.386+0000] {dag.py:3427} INFO - Setting next_dagrun for dataset_consumes_unknown_never_scheduled to None, run_after=None
[2022-12-08T12:47:46.399+0000] {logging_mixin.py:137} INFO - [2022-12-08T12:47:46.398+0000] {dag.py:3427} INFO - Setting next_dagrun for dataset_produces_1 to 2022-12-07T00:00:00+00:00, run_after=2022-12-08T00:00:00+00:00
[2022-12-08T12:47:46.405+0000] {logging_mixin.py:137} INFO - [2022-12-08T12:47:46.404+0000] {dag.py:3427} INFO - Setting next_dagrun for dataset_produces_2 to None, run_after=None
[2022-12-08T12:47:46.473+0000] {processor.py:175} INFO - Processing /home/airflow/.local/lib/python3.7/site-packages/airflow/example_dags/example_datasets.py took 0.394 seconds
[2022-12-08T12:48:16.840+0000] {processor.py:153} INFO - Started process (PID=430) to work on /home/airflow/.local/lib/python3.7/site-packages/airflow/example_dags/example_datasets.py
[2022-12-08T12:48:16.852+0000] {processor.py:743} INFO - Processing file /home/airflow/.local/lib/python3.7/site-packages/airflow/example_dags/example_datasets.py for tasks to queue
[2022-12-08T12:48:16.857+0000] {logging_mixin.py:137} INFO - [2022-12-08T12:48:16.855+0000] {dagbag.py:538} INFO - Filling up the DagBag from /home/airflow/.local/lib/python3.7/site-packages/airflow/example_dags/example_datasets.py
[2022-12-08T12:48:16.921+0000] {processor.py:753} INFO - DAG(s) dict_keys(['dataset_produces_1', 'dataset_consumes_unknown_never_scheduled', 'dataset_consumes_1', 'dataset_consumes_1_and_2', 'dataset_consumes_1_never_scheduled', 'dataset_produces_2']) retrieved from /home/airflow/.local/lib/python3.7/site-packages/airflow/example_dags/example_datasets.py
[2022-12-08T12:48:17.047+0000] {logging_mixin.py:137} INFO - [2022-12-08T12:48:17.047+0000] {dag.py:2676} INFO - Sync 6 DAGs
[2022-12-08T12:48:17.253+0000] {logging_mixin.py:137} INFO - [2022-12-08T12:48:17.253+0000] {dag.py:3427} INFO - Setting next_dagrun for dataset_consumes_1 to None, run_after=None
[2022-12-08T12:48:17.294+0000] {logging_mixin.py:137} INFO - [2022-12-08T12:48:17.294+0000] {dag.py:3427} INFO - Setting next_dagrun for dataset_consumes_1_and_2 to None, run_after=None
[2022-12-08T12:48:17.305+0000] {logging_mixin.py:137} INFO - [2022-12-08T12:48:17.305+0000] {dag.py:3427} INFO - Setting next_dagrun for dataset_consumes_1_never_scheduled to None, run_after=None
[2022-12-08T12:48:17.318+0000] {logging_mixin.py:137} INFO - [2022-12-08T12:48:17.318+0000] {dag.py:3427} INFO - Setting next_dagrun for dataset_consumes_unknown_never_scheduled to None, run_after=None
[2022-12-08T12:48:17.354+0000] {logging_mixin.py:137} INFO - [2022-12-08T12:48:17.353+0000] {dag.py:3427} INFO - Setting next_dagrun for dataset_produces_1 to 2022-12-07T00:00:00+00:00, run_after=2022-12-08T00:00:00+00:00
[2022-12-08T12:48:17.359+0000] {logging_mixin.py:137} INFO - [2022-12-08T12:48:17.359+0000] {dag.py:3427} INFO - Setting next_dagrun for dataset_produces_2 to None, run_after=None
[2022-12-08T12:48:17.525+0000] {processor.py:175} INFO - Processing /home/airflow/.local/lib/python3.7/site-packages/airflow/example_dags/example_datasets.py took 0.718 seconds
[2022-12-08T12:48:47.767+0000] {processor.py:153} INFO - Started process (PID=497) to work on /home/airflow/.local/lib/python3.7/site-packages/airflow/example_dags/example_datasets.py
[2022-12-08T12:48:47.778+0000] {processor.py:743} INFO - Processing file /home/airflow/.local/lib/python3.7/site-packages/airflow/example_dags/example_datasets.py for tasks to queue
[2022-12-08T12:48:47.785+0000] {logging_mixin.py:137} INFO - [2022-12-08T12:48:47.785+0000] {dagbag.py:538} INFO - Filling up the DagBag from /home/airflow/.local/lib/python3.7/site-packages/airflow/example_dags/example_datasets.py
[2022-12-08T12:48:47.849+0000] {processor.py:753} INFO - DAG(s) dict_keys(['dataset_consumes_1_and_2', 'dataset_produces_1', 'dataset_consumes_1', 'dataset_consumes_1_never_scheduled', 'dataset_produces_2', 'dataset_consumes_unknown_never_scheduled']) retrieved from /home/airflow/.local/lib/python3.7/site-packages/airflow/example_dags/example_datasets.py
[2022-12-08T12:48:48.084+0000] {logging_mixin.py:137} INFO - [2022-12-08T12:48:48.084+0000] {dag.py:2676} INFO - Sync 6 DAGs
[2022-12-08T12:48:48.211+0000] {logging_mixin.py:137} INFO - [2022-12-08T12:48:48.211+0000] {dag.py:3427} INFO - Setting next_dagrun for dataset_consumes_1 to None, run_after=None
[2022-12-08T12:48:48.228+0000] {logging_mixin.py:137} INFO - [2022-12-08T12:48:48.227+0000] {dag.py:3427} INFO - Setting next_dagrun for dataset_consumes_1_and_2 to None, run_after=None
[2022-12-08T12:48:48.237+0000] {logging_mixin.py:137} INFO - [2022-12-08T12:48:48.237+0000] {dag.py:3427} INFO - Setting next_dagrun for dataset_consumes_1_never_scheduled to None, run_after=None
[2022-12-08T12:48:48.245+0000] {logging_mixin.py:137} INFO - [2022-12-08T12:48:48.245+0000] {dag.py:3427} INFO - Setting next_dagrun for dataset_consumes_unknown_never_scheduled to None, run_after=None
[2022-12-08T12:48:48.257+0000] {logging_mixin.py:137} INFO - [2022-12-08T12:48:48.257+0000] {dag.py:3427} INFO - Setting next_dagrun for dataset_produces_1 to 2022-12-07T00:00:00+00:00, run_after=2022-12-08T00:00:00+00:00
[2022-12-08T12:48:48.266+0000] {logging_mixin.py:137} INFO - [2022-12-08T12:48:48.266+0000] {dag.py:3427} INFO - Setting next_dagrun for dataset_produces_2 to None, run_after=None
[2022-12-08T12:48:48.350+0000] {processor.py:175} INFO - Processing /home/airflow/.local/lib/python3.7/site-packages/airflow/example_dags/example_datasets.py took 0.596 seconds
[2022-12-08T12:49:18.635+0000] {processor.py:153} INFO - Started process (PID=556) to work on /home/airflow/.local/lib/python3.7/site-packages/airflow/example_dags/example_datasets.py
[2022-12-08T12:49:18.644+0000] {processor.py:743} INFO - Processing file /home/airflow/.local/lib/python3.7/site-packages/airflow/example_dags/example_datasets.py for tasks to queue
[2022-12-08T12:49:18.649+0000] {logging_mixin.py:137} INFO - [2022-12-08T12:49:18.648+0000] {dagbag.py:538} INFO - Filling up the DagBag from /home/airflow/.local/lib/python3.7/site-packages/airflow/example_dags/example_datasets.py
[2022-12-08T12:49:18.724+0000] {processor.py:753} INFO - DAG(s) dict_keys(['dataset_produces_1', 'dataset_consumes_1_never_scheduled', 'dataset_produces_2', 'dataset_consumes_1', 'dataset_consumes_unknown_never_scheduled', 'dataset_consumes_1_and_2']) retrieved from /home/airflow/.local/lib/python3.7/site-packages/airflow/example_dags/example_datasets.py
[2022-12-08T12:49:19.002+0000] {logging_mixin.py:137} INFO - [2022-12-08T12:49:19.002+0000] {dag.py:2676} INFO - Sync 6 DAGs
[2022-12-08T12:49:19.125+0000] {logging_mixin.py:137} INFO - [2022-12-08T12:49:19.125+0000] {dag.py:3427} INFO - Setting next_dagrun for dataset_consumes_1 to None, run_after=None
[2022-12-08T12:49:19.142+0000] {logging_mixin.py:137} INFO - [2022-12-08T12:49:19.142+0000] {dag.py:3427} INFO - Setting next_dagrun for dataset_consumes_1_and_2 to None, run_after=None
[2022-12-08T12:49:19.148+0000] {logging_mixin.py:137} INFO - [2022-12-08T12:49:19.147+0000] {dag.py:3427} INFO - Setting next_dagrun for dataset_consumes_1_never_scheduled to None, run_after=None
[2022-12-08T12:49:19.154+0000] {logging_mixin.py:137} INFO - [2022-12-08T12:49:19.153+0000] {dag.py:3427} INFO - Setting next_dagrun for dataset_consumes_unknown_never_scheduled to None, run_after=None
[2022-12-08T12:49:19.181+0000] {logging_mixin.py:137} INFO - [2022-12-08T12:49:19.181+0000] {dag.py:3427} INFO - Setting next_dagrun for dataset_produces_1 to 2022-12-07T00:00:00+00:00, run_after=2022-12-08T00:00:00+00:00
[2022-12-08T12:49:19.189+0000] {logging_mixin.py:137} INFO - [2022-12-08T12:49:19.189+0000] {dag.py:3427} INFO - Setting next_dagrun for dataset_produces_2 to None, run_after=None
[2022-12-08T12:49:19.359+0000] {processor.py:175} INFO - Processing /home/airflow/.local/lib/python3.7/site-packages/airflow/example_dags/example_datasets.py took 0.752 seconds
[2022-12-08T12:49:50.712+0000] {processor.py:153} INFO - Started process (PID=615) to work on /home/airflow/.local/lib/python3.7/site-packages/airflow/example_dags/example_datasets.py
[2022-12-08T12:49:50.736+0000] {processor.py:743} INFO - Processing file /home/airflow/.local/lib/python3.7/site-packages/airflow/example_dags/example_datasets.py for tasks to queue
[2022-12-08T12:49:50.757+0000] {logging_mixin.py:137} INFO - [2022-12-08T12:49:50.756+0000] {dagbag.py:538} INFO - Filling up the DagBag from /home/airflow/.local/lib/python3.7/site-packages/airflow/example_dags/example_datasets.py
[2022-12-08T12:49:51.118+0000] {processor.py:753} INFO - DAG(s) dict_keys(['dataset_consumes_1', 'dataset_consumes_1_never_scheduled', 'dataset_produces_1', 'dataset_consumes_1_and_2', 'dataset_produces_2', 'dataset_consumes_unknown_never_scheduled']) retrieved from /home/airflow/.local/lib/python3.7/site-packages/airflow/example_dags/example_datasets.py
[2022-12-08T12:49:51.995+0000] {logging_mixin.py:137} INFO - [2022-12-08T12:49:51.994+0000] {dag.py:2676} INFO - Sync 6 DAGs
[2022-12-08T12:49:52.185+0000] {logging_mixin.py:137} INFO - [2022-12-08T12:49:52.184+0000] {dag.py:3427} INFO - Setting next_dagrun for dataset_consumes_1 to None, run_after=None
[2022-12-08T12:49:52.229+0000] {logging_mixin.py:137} INFO - [2022-12-08T12:49:52.229+0000] {dag.py:3427} INFO - Setting next_dagrun for dataset_consumes_1_and_2 to None, run_after=None
[2022-12-08T12:49:52.241+0000] {logging_mixin.py:137} INFO - [2022-12-08T12:49:52.240+0000] {dag.py:3427} INFO - Setting next_dagrun for dataset_consumes_1_never_scheduled to None, run_after=None
[2022-12-08T12:49:52.258+0000] {logging_mixin.py:137} INFO - [2022-12-08T12:49:52.257+0000] {dag.py:3427} INFO - Setting next_dagrun for dataset_consumes_unknown_never_scheduled to None, run_after=None
[2022-12-08T12:49:52.338+0000] {logging_mixin.py:137} INFO - [2022-12-08T12:49:52.338+0000] {dag.py:3427} INFO - Setting next_dagrun for dataset_produces_1 to 2022-12-07T00:00:00+00:00, run_after=2022-12-08T00:00:00+00:00
[2022-12-08T12:49:52.409+0000] {logging_mixin.py:137} INFO - [2022-12-08T12:49:52.408+0000] {dag.py:3427} INFO - Setting next_dagrun for dataset_produces_2 to None, run_after=None
[2022-12-08T12:49:52.973+0000] {processor.py:175} INFO - Processing /home/airflow/.local/lib/python3.7/site-packages/airflow/example_dags/example_datasets.py took 2.330 seconds
[2022-12-08T12:50:23.654+0000] {processor.py:153} INFO - Started process (PID=673) to work on /home/airflow/.local/lib/python3.7/site-packages/airflow/example_dags/example_datasets.py
[2022-12-08T12:50:23.663+0000] {processor.py:743} INFO - Processing file /home/airflow/.local/lib/python3.7/site-packages/airflow/example_dags/example_datasets.py for tasks to queue
[2022-12-08T12:50:23.667+0000] {logging_mixin.py:137} INFO - [2022-12-08T12:50:23.667+0000] {dagbag.py:538} INFO - Filling up the DagBag from /home/airflow/.local/lib/python3.7/site-packages/airflow/example_dags/example_datasets.py
[2022-12-08T12:50:23.697+0000] {processor.py:753} INFO - DAG(s) dict_keys(['dataset_consumes_1_and_2', 'dataset_produces_1', 'dataset_consumes_1_never_scheduled', 'dataset_consumes_1', 'dataset_produces_2', 'dataset_consumes_unknown_never_scheduled']) retrieved from /home/airflow/.local/lib/python3.7/site-packages/airflow/example_dags/example_datasets.py
[2022-12-08T12:50:23.802+0000] {logging_mixin.py:137} INFO - [2022-12-08T12:50:23.802+0000] {dag.py:2676} INFO - Sync 6 DAGs
[2022-12-08T12:50:23.855+0000] {logging_mixin.py:137} INFO - [2022-12-08T12:50:23.855+0000] {dag.py:3427} INFO - Setting next_dagrun for dataset_consumes_1 to None, run_after=None
[2022-12-08T12:50:23.863+0000] {logging_mixin.py:137} INFO - [2022-12-08T12:50:23.862+0000] {dag.py:3427} INFO - Setting next_dagrun for dataset_consumes_1_and_2 to None, run_after=None
[2022-12-08T12:50:23.873+0000] {logging_mixin.py:137} INFO - [2022-12-08T12:50:23.872+0000] {dag.py:3427} INFO - Setting next_dagrun for dataset_consumes_1_never_scheduled to None, run_after=None
[2022-12-08T12:50:23.876+0000] {logging_mixin.py:137} INFO - [2022-12-08T12:50:23.876+0000] {dag.py:3427} INFO - Setting next_dagrun for dataset_consumes_unknown_never_scheduled to None, run_after=None
[2022-12-08T12:50:23.882+0000] {logging_mixin.py:137} INFO - [2022-12-08T12:50:23.881+0000] {dag.py:3427} INFO - Setting next_dagrun for dataset_produces_1 to 2022-12-07T00:00:00+00:00, run_after=2022-12-08T00:00:00+00:00
[2022-12-08T12:50:23.886+0000] {logging_mixin.py:137} INFO - [2022-12-08T12:50:23.886+0000] {dag.py:3427} INFO - Setting next_dagrun for dataset_produces_2 to None, run_after=None
[2022-12-08T12:50:23.959+0000] {processor.py:175} INFO - Processing /home/airflow/.local/lib/python3.7/site-packages/airflow/example_dags/example_datasets.py took 0.311 seconds
[2022-12-08T12:50:54.019+0000] {processor.py:153} INFO - Started process (PID=731) to work on /home/airflow/.local/lib/python3.7/site-packages/airflow/example_dags/example_datasets.py
[2022-12-08T12:50:54.023+0000] {processor.py:743} INFO - Processing file /home/airflow/.local/lib/python3.7/site-packages/airflow/example_dags/example_datasets.py for tasks to queue
[2022-12-08T12:50:54.027+0000] {logging_mixin.py:137} INFO - [2022-12-08T12:50:54.026+0000] {dagbag.py:538} INFO - Filling up the DagBag from /home/airflow/.local/lib/python3.7/site-packages/airflow/example_dags/example_datasets.py
[2022-12-08T12:50:54.067+0000] {processor.py:753} INFO - DAG(s) dict_keys(['dataset_consumes_unknown_never_scheduled', 'dataset_produces_2', 'dataset_consumes_1', 'dataset_consumes_1_and_2', 'dataset_consumes_1_never_scheduled', 'dataset_produces_1']) retrieved from /home/airflow/.local/lib/python3.7/site-packages/airflow/example_dags/example_datasets.py
[2022-12-08T12:50:54.164+0000] {logging_mixin.py:137} INFO - [2022-12-08T12:50:54.164+0000] {dag.py:2676} INFO - Sync 6 DAGs
[2022-12-08T12:50:54.205+0000] {logging_mixin.py:137} INFO - [2022-12-08T12:50:54.204+0000] {dag.py:3427} INFO - Setting next_dagrun for dataset_consumes_1 to None, run_after=None
[2022-12-08T12:50:54.212+0000] {logging_mixin.py:137} INFO - [2022-12-08T12:50:54.212+0000] {dag.py:3427} INFO - Setting next_dagrun for dataset_consumes_1_and_2 to None, run_after=None
[2022-12-08T12:50:54.215+0000] {logging_mixin.py:137} INFO - [2022-12-08T12:50:54.215+0000] {dag.py:3427} INFO - Setting next_dagrun for dataset_consumes_1_never_scheduled to None, run_after=None
[2022-12-08T12:50:54.219+0000] {logging_mixin.py:137} INFO - [2022-12-08T12:50:54.218+0000] {dag.py:3427} INFO - Setting next_dagrun for dataset_consumes_unknown_never_scheduled to None, run_after=None
[2022-12-08T12:50:54.225+0000] {logging_mixin.py:137} INFO - [2022-12-08T12:50:54.224+0000] {dag.py:3427} INFO - Setting next_dagrun for dataset_produces_1 to 2022-12-07T00:00:00+00:00, run_after=2022-12-08T00:00:00+00:00
[2022-12-08T12:50:54.231+0000] {logging_mixin.py:137} INFO - [2022-12-08T12:50:54.231+0000] {dag.py:3427} INFO - Setting next_dagrun for dataset_produces_2 to None, run_after=None
[2022-12-08T12:50:54.292+0000] {processor.py:175} INFO - Processing /home/airflow/.local/lib/python3.7/site-packages/airflow/example_dags/example_datasets.py took 0.280 seconds
[2022-12-08T12:51:24.469+0000] {processor.py:153} INFO - Started process (PID=798) to work on /home/airflow/.local/lib/python3.7/site-packages/airflow/example_dags/example_datasets.py
[2022-12-08T12:51:24.472+0000] {processor.py:743} INFO - Processing file /home/airflow/.local/lib/python3.7/site-packages/airflow/example_dags/example_datasets.py for tasks to queue
[2022-12-08T12:51:24.475+0000] {logging_mixin.py:137} INFO - [2022-12-08T12:51:24.475+0000] {dagbag.py:538} INFO - Filling up the DagBag from /home/airflow/.local/lib/python3.7/site-packages/airflow/example_dags/example_datasets.py
[2022-12-08T12:51:24.525+0000] {processor.py:753} INFO - DAG(s) dict_keys(['dataset_consumes_1_never_scheduled', 'dataset_consumes_1_and_2', 'dataset_consumes_unknown_never_scheduled', 'dataset_produces_2', 'dataset_consumes_1', 'dataset_produces_1']) retrieved from /home/airflow/.local/lib/python3.7/site-packages/airflow/example_dags/example_datasets.py
[2022-12-08T12:51:24.692+0000] {logging_mixin.py:137} INFO - [2022-12-08T12:51:24.691+0000] {dag.py:2676} INFO - Sync 6 DAGs
[2022-12-08T12:51:24.743+0000] {logging_mixin.py:137} INFO - [2022-12-08T12:51:24.743+0000] {dag.py:3427} INFO - Setting next_dagrun for dataset_consumes_1 to None, run_after=None
[2022-12-08T12:51:24.757+0000] {logging_mixin.py:137} INFO - [2022-12-08T12:51:24.757+0000] {dag.py:3427} INFO - Setting next_dagrun for dataset_consumes_1_and_2 to None, run_after=None
[2022-12-08T12:51:24.763+0000] {logging_mixin.py:137} INFO - [2022-12-08T12:51:24.762+0000] {dag.py:3427} INFO - Setting next_dagrun for dataset_consumes_1_never_scheduled to None, run_after=None
[2022-12-08T12:51:24.770+0000] {logging_mixin.py:137} INFO - [2022-12-08T12:51:24.770+0000] {dag.py:3427} INFO - Setting next_dagrun for dataset_consumes_unknown_never_scheduled to None, run_after=None
[2022-12-08T12:51:24.786+0000] {logging_mixin.py:137} INFO - [2022-12-08T12:51:24.785+0000] {dag.py:3427} INFO - Setting next_dagrun for dataset_produces_1 to 2022-12-07T00:00:00+00:00, run_after=2022-12-08T00:00:00+00:00
[2022-12-08T12:51:24.789+0000] {logging_mixin.py:137} INFO - [2022-12-08T12:51:24.789+0000] {dag.py:3427} INFO - Setting next_dagrun for dataset_produces_2 to None, run_after=None
[2022-12-08T12:51:24.887+0000] {processor.py:175} INFO - Processing /home/airflow/.local/lib/python3.7/site-packages/airflow/example_dags/example_datasets.py took 0.426 seconds
[2022-12-08T12:51:55.247+0000] {processor.py:153} INFO - Started process (PID=853) to work on /home/airflow/.local/lib/python3.7/site-packages/airflow/example_dags/example_datasets.py
[2022-12-08T12:51:55.260+0000] {processor.py:743} INFO - Processing file /home/airflow/.local/lib/python3.7/site-packages/airflow/example_dags/example_datasets.py for tasks to queue
[2022-12-08T12:51:55.266+0000] {logging_mixin.py:137} INFO - [2022-12-08T12:51:55.265+0000] {dagbag.py:538} INFO - Filling up the DagBag from /home/airflow/.local/lib/python3.7/site-packages/airflow/example_dags/example_datasets.py
[2022-12-08T12:51:55.343+0000] {processor.py:753} INFO - DAG(s) dict_keys(['dataset_produces_1', 'dataset_produces_2', 'dataset_consumes_1_and_2', 'dataset_consumes_1_never_scheduled', 'dataset_consumes_unknown_never_scheduled', 'dataset_consumes_1']) retrieved from /home/airflow/.local/lib/python3.7/site-packages/airflow/example_dags/example_datasets.py
[2022-12-08T12:51:55.723+0000] {logging_mixin.py:137} INFO - [2022-12-08T12:51:55.723+0000] {dag.py:2676} INFO - Sync 6 DAGs
[2022-12-08T12:51:55.946+0000] {logging_mixin.py:137} INFO - [2022-12-08T12:51:55.945+0000] {dag.py:3427} INFO - Setting next_dagrun for dataset_consumes_1 to None, run_after=None
[2022-12-08T12:51:55.972+0000] {logging_mixin.py:137} INFO - [2022-12-08T12:51:55.971+0000] {dag.py:3427} INFO - Setting next_dagrun for dataset_consumes_1_and_2 to None, run_after=None
[2022-12-08T12:51:55.991+0000] {logging_mixin.py:137} INFO - [2022-12-08T12:51:55.987+0000] {dag.py:3427} INFO - Setting next_dagrun for dataset_consumes_1_never_scheduled to None, run_after=None
[2022-12-08T12:51:56.009+0000] {logging_mixin.py:137} INFO - [2022-12-08T12:51:56.009+0000] {dag.py:3427} INFO - Setting next_dagrun for dataset_consumes_unknown_never_scheduled to None, run_after=None
[2022-12-08T12:51:56.043+0000] {logging_mixin.py:137} INFO - [2022-12-08T12:51:56.043+0000] {dag.py:3427} INFO - Setting next_dagrun for dataset_produces_1 to 2022-12-07T00:00:00+00:00, run_after=2022-12-08T00:00:00+00:00
[2022-12-08T12:51:56.072+0000] {logging_mixin.py:137} INFO - [2022-12-08T12:51:56.071+0000] {dag.py:3427} INFO - Setting next_dagrun for dataset_produces_2 to None, run_after=None
[2022-12-08T12:51:56.530+0000] {processor.py:175} INFO - Processing /home/airflow/.local/lib/python3.7/site-packages/airflow/example_dags/example_datasets.py took 1.300 seconds
[2022-12-08T12:52:26.841+0000] {processor.py:153} INFO - Started process (PID=911) to work on /home/airflow/.local/lib/python3.7/site-packages/airflow/example_dags/example_datasets.py
[2022-12-08T12:52:26.850+0000] {processor.py:743} INFO - Processing file /home/airflow/.local/lib/python3.7/site-packages/airflow/example_dags/example_datasets.py for tasks to queue
[2022-12-08T12:52:26.855+0000] {logging_mixin.py:137} INFO - [2022-12-08T12:52:26.855+0000] {dagbag.py:538} INFO - Filling up the DagBag from /home/airflow/.local/lib/python3.7/site-packages/airflow/example_dags/example_datasets.py
[2022-12-08T12:52:26.919+0000] {processor.py:753} INFO - DAG(s) dict_keys(['dataset_produces_2', 'dataset_produces_1', 'dataset_consumes_1_never_scheduled', 'dataset_consumes_unknown_never_scheduled', 'dataset_consumes_1', 'dataset_consumes_1_and_2']) retrieved from /home/airflow/.local/lib/python3.7/site-packages/airflow/example_dags/example_datasets.py
[2022-12-08T12:52:27.272+0000] {logging_mixin.py:137} INFO - [2022-12-08T12:52:27.272+0000] {dag.py:2676} INFO - Sync 6 DAGs
[2022-12-08T12:52:27.400+0000] {logging_mixin.py:137} INFO - [2022-12-08T12:52:27.400+0000] {dag.py:3427} INFO - Setting next_dagrun for dataset_consumes_1 to None, run_after=None
[2022-12-08T12:52:27.436+0000] {logging_mixin.py:137} INFO - [2022-12-08T12:52:27.436+0000] {dag.py:3427} INFO - Setting next_dagrun for dataset_consumes_1_and_2 to None, run_after=None
[2022-12-08T12:52:27.451+0000] {logging_mixin.py:137} INFO - [2022-12-08T12:52:27.447+0000] {dag.py:3427} INFO - Setting next_dagrun for dataset_consumes_1_never_scheduled to None, run_after=None
[2022-12-08T12:52:27.463+0000] {logging_mixin.py:137} INFO - [2022-12-08T12:52:27.463+0000] {dag.py:3427} INFO - Setting next_dagrun for dataset_consumes_unknown_never_scheduled to None, run_after=None
[2022-12-08T12:52:27.484+0000] {logging_mixin.py:137} INFO - [2022-12-08T12:52:27.484+0000] {dag.py:3427} INFO - Setting next_dagrun for dataset_produces_1 to 2022-12-07T00:00:00+00:00, run_after=2022-12-08T00:00:00+00:00
[2022-12-08T12:52:27.494+0000] {logging_mixin.py:137} INFO - [2022-12-08T12:52:27.493+0000] {dag.py:3427} INFO - Setting next_dagrun for dataset_produces_2 to None, run_after=None
[2022-12-08T12:52:27.614+0000] {processor.py:175} INFO - Processing /home/airflow/.local/lib/python3.7/site-packages/airflow/example_dags/example_datasets.py took 0.778 seconds
