[2022-12-08T12:45:17.006+0000] {processor.py:153} INFO - Started process (PID=96) to work on /home/airflow/.local/lib/python3.7/site-packages/airflow/example_dags/example_dag_decorator.py
[2022-12-08T12:45:17.014+0000] {processor.py:743} INFO - Processing file /home/airflow/.local/lib/python3.7/site-packages/airflow/example_dags/example_dag_decorator.py for tasks to queue
[2022-12-08T12:45:17.017+0000] {logging_mixin.py:137} INFO - [2022-12-08T12:45:17.016+0000] {dagbag.py:538} INFO - Filling up the DagBag from /home/airflow/.local/lib/python3.7/site-packages/airflow/example_dags/example_dag_decorator.py
[2022-12-08T12:45:17.159+0000] {logging_mixin.py:137} INFO - [2022-12-08T12:45:17.158+0000] {taskmixin.py:205} WARNING - Dependency <Task(_PythonDecoratedOperator): prepare_email>, send_email already registered for DAG: example_dag_decorator
[2022-12-08T12:45:17.165+0000] {logging_mixin.py:137} INFO - [2022-12-08T12:45:17.165+0000] {taskmixin.py:205} WARNING - Dependency <Task(EmailOperator): send_email>, prepare_email already registered for DAG: example_dag_decorator
[2022-12-08T12:45:17.206+0000] {processor.py:753} INFO - DAG(s) dict_keys(['example_dag_decorator']) retrieved from /home/airflow/.local/lib/python3.7/site-packages/airflow/example_dags/example_dag_decorator.py
[2022-12-08T12:45:17.400+0000] {logging_mixin.py:137} INFO - [2022-12-08T12:45:17.400+0000] {dag.py:2676} INFO - Sync 1 DAGs
[2022-12-08T12:45:17.464+0000] {logging_mixin.py:137} INFO - [2022-12-08T12:45:17.464+0000] {dag.py:3427} INFO - Setting next_dagrun for example_dag_decorator to None, run_after=None
[2022-12-08T12:45:17.549+0000] {processor.py:175} INFO - Processing /home/airflow/.local/lib/python3.7/site-packages/airflow/example_dags/example_dag_decorator.py took 0.576 seconds
[2022-12-08T12:45:48.549+0000] {processor.py:153} INFO - Started process (PID=153) to work on /home/airflow/.local/lib/python3.7/site-packages/airflow/example_dags/example_dag_decorator.py
[2022-12-08T12:45:48.555+0000] {processor.py:743} INFO - Processing file /home/airflow/.local/lib/python3.7/site-packages/airflow/example_dags/example_dag_decorator.py for tasks to queue
[2022-12-08T12:45:48.557+0000] {logging_mixin.py:137} INFO - [2022-12-08T12:45:48.557+0000] {dagbag.py:538} INFO - Filling up the DagBag from /home/airflow/.local/lib/python3.7/site-packages/airflow/example_dags/example_dag_decorator.py
[2022-12-08T12:45:48.670+0000] {logging_mixin.py:137} INFO - [2022-12-08T12:45:48.670+0000] {taskmixin.py:205} WARNING - Dependency <Task(_PythonDecoratedOperator): prepare_email>, send_email already registered for DAG: example_dag_decorator
[2022-12-08T12:45:48.681+0000] {logging_mixin.py:137} INFO - [2022-12-08T12:45:48.680+0000] {taskmixin.py:205} WARNING - Dependency <Task(EmailOperator): send_email>, prepare_email already registered for DAG: example_dag_decorator
[2022-12-08T12:45:48.764+0000] {processor.py:753} INFO - DAG(s) dict_keys(['example_dag_decorator']) retrieved from /home/airflow/.local/lib/python3.7/site-packages/airflow/example_dags/example_dag_decorator.py
[2022-12-08T12:45:49.133+0000] {logging_mixin.py:137} INFO - [2022-12-08T12:45:49.133+0000] {dag.py:2676} INFO - Sync 1 DAGs
[2022-12-08T12:45:49.256+0000] {logging_mixin.py:137} INFO - [2022-12-08T12:45:49.253+0000] {dag.py:3427} INFO - Setting next_dagrun for example_dag_decorator to None, run_after=None
[2022-12-08T12:45:49.401+0000] {processor.py:175} INFO - Processing /home/airflow/.local/lib/python3.7/site-packages/airflow/example_dags/example_dag_decorator.py took 0.885 seconds
[2022-12-08T12:46:19.537+0000] {processor.py:153} INFO - Started process (PID=212) to work on /home/airflow/.local/lib/python3.7/site-packages/airflow/example_dags/example_dag_decorator.py
[2022-12-08T12:46:19.546+0000] {processor.py:743} INFO - Processing file /home/airflow/.local/lib/python3.7/site-packages/airflow/example_dags/example_dag_decorator.py for tasks to queue
[2022-12-08T12:46:19.550+0000] {logging_mixin.py:137} INFO - [2022-12-08T12:46:19.549+0000] {dagbag.py:538} INFO - Filling up the DagBag from /home/airflow/.local/lib/python3.7/site-packages/airflow/example_dags/example_dag_decorator.py
[2022-12-08T12:46:19.592+0000] {logging_mixin.py:137} INFO - [2022-12-08T12:46:19.591+0000] {taskmixin.py:205} WARNING - Dependency <Task(_PythonDecoratedOperator): prepare_email>, send_email already registered for DAG: example_dag_decorator
[2022-12-08T12:46:19.594+0000] {logging_mixin.py:137} INFO - [2022-12-08T12:46:19.593+0000] {taskmixin.py:205} WARNING - Dependency <Task(EmailOperator): send_email>, prepare_email already registered for DAG: example_dag_decorator
[2022-12-08T12:46:19.647+0000] {processor.py:753} INFO - DAG(s) dict_keys(['example_dag_decorator']) retrieved from /home/airflow/.local/lib/python3.7/site-packages/airflow/example_dags/example_dag_decorator.py
[2022-12-08T12:46:19.829+0000] {logging_mixin.py:137} INFO - [2022-12-08T12:46:19.829+0000] {dag.py:2676} INFO - Sync 1 DAGs
[2022-12-08T12:46:19.873+0000] {logging_mixin.py:137} INFO - [2022-12-08T12:46:19.872+0000] {dag.py:3427} INFO - Setting next_dagrun for example_dag_decorator to None, run_after=None
[2022-12-08T12:46:19.910+0000] {processor.py:175} INFO - Processing /home/airflow/.local/lib/python3.7/site-packages/airflow/example_dags/example_dag_decorator.py took 0.379 seconds
[2022-12-08T12:46:50.237+0000] {processor.py:153} INFO - Started process (PID=276) to work on /home/airflow/.local/lib/python3.7/site-packages/airflow/example_dags/example_dag_decorator.py
[2022-12-08T12:46:50.244+0000] {processor.py:743} INFO - Processing file /home/airflow/.local/lib/python3.7/site-packages/airflow/example_dags/example_dag_decorator.py for tasks to queue
[2022-12-08T12:46:50.253+0000] {logging_mixin.py:137} INFO - [2022-12-08T12:46:50.252+0000] {dagbag.py:538} INFO - Filling up the DagBag from /home/airflow/.local/lib/python3.7/site-packages/airflow/example_dags/example_dag_decorator.py
[2022-12-08T12:46:50.341+0000] {logging_mixin.py:137} INFO - [2022-12-08T12:46:50.341+0000] {taskmixin.py:205} WARNING - Dependency <Task(_PythonDecoratedOperator): prepare_email>, send_email already registered for DAG: example_dag_decorator
[2022-12-08T12:46:50.345+0000] {logging_mixin.py:137} INFO - [2022-12-08T12:46:50.344+0000] {taskmixin.py:205} WARNING - Dependency <Task(EmailOperator): send_email>, prepare_email already registered for DAG: example_dag_decorator
[2022-12-08T12:46:50.391+0000] {processor.py:753} INFO - DAG(s) dict_keys(['example_dag_decorator']) retrieved from /home/airflow/.local/lib/python3.7/site-packages/airflow/example_dags/example_dag_decorator.py
[2022-12-08T12:46:50.540+0000] {logging_mixin.py:137} INFO - [2022-12-08T12:46:50.540+0000] {dag.py:2676} INFO - Sync 1 DAGs
[2022-12-08T12:46:50.617+0000] {logging_mixin.py:137} INFO - [2022-12-08T12:46:50.617+0000] {dag.py:3427} INFO - Setting next_dagrun for example_dag_decorator to None, run_after=None
[2022-12-08T12:46:50.710+0000] {processor.py:175} INFO - Processing /home/airflow/.local/lib/python3.7/site-packages/airflow/example_dags/example_dag_decorator.py took 0.485 seconds
[2022-12-08T12:47:21.280+0000] {processor.py:153} INFO - Started process (PID=337) to work on /home/airflow/.local/lib/python3.7/site-packages/airflow/example_dags/example_dag_decorator.py
[2022-12-08T12:47:21.283+0000] {processor.py:743} INFO - Processing file /home/airflow/.local/lib/python3.7/site-packages/airflow/example_dags/example_dag_decorator.py for tasks to queue
[2022-12-08T12:47:21.285+0000] {logging_mixin.py:137} INFO - [2022-12-08T12:47:21.285+0000] {dagbag.py:538} INFO - Filling up the DagBag from /home/airflow/.local/lib/python3.7/site-packages/airflow/example_dags/example_dag_decorator.py
[2022-12-08T12:47:21.344+0000] {logging_mixin.py:137} INFO - [2022-12-08T12:47:21.344+0000] {taskmixin.py:205} WARNING - Dependency <Task(_PythonDecoratedOperator): prepare_email>, send_email already registered for DAG: example_dag_decorator
[2022-12-08T12:47:21.346+0000] {logging_mixin.py:137} INFO - [2022-12-08T12:47:21.346+0000] {taskmixin.py:205} WARNING - Dependency <Task(EmailOperator): send_email>, prepare_email already registered for DAG: example_dag_decorator
[2022-12-08T12:47:21.379+0000] {processor.py:753} INFO - DAG(s) dict_keys(['example_dag_decorator']) retrieved from /home/airflow/.local/lib/python3.7/site-packages/airflow/example_dags/example_dag_decorator.py
[2022-12-08T12:47:21.746+0000] {logging_mixin.py:137} INFO - [2022-12-08T12:47:21.746+0000] {dag.py:2676} INFO - Sync 1 DAGs
[2022-12-08T12:47:21.855+0000] {logging_mixin.py:137} INFO - [2022-12-08T12:47:21.855+0000] {dag.py:3427} INFO - Setting next_dagrun for example_dag_decorator to None, run_after=None
[2022-12-08T12:47:21.946+0000] {processor.py:175} INFO - Processing /home/airflow/.local/lib/python3.7/site-packages/airflow/example_dags/example_dag_decorator.py took 0.677 seconds
[2022-12-08T12:47:52.163+0000] {processor.py:153} INFO - Started process (PID=395) to work on /home/airflow/.local/lib/python3.7/site-packages/airflow/example_dags/example_dag_decorator.py
[2022-12-08T12:47:52.168+0000] {processor.py:743} INFO - Processing file /home/airflow/.local/lib/python3.7/site-packages/airflow/example_dags/example_dag_decorator.py for tasks to queue
[2022-12-08T12:47:52.170+0000] {logging_mixin.py:137} INFO - [2022-12-08T12:47:52.170+0000] {dagbag.py:538} INFO - Filling up the DagBag from /home/airflow/.local/lib/python3.7/site-packages/airflow/example_dags/example_dag_decorator.py
[2022-12-08T12:47:52.318+0000] {logging_mixin.py:137} INFO - [2022-12-08T12:47:52.318+0000] {taskmixin.py:205} WARNING - Dependency <Task(_PythonDecoratedOperator): prepare_email>, send_email already registered for DAG: example_dag_decorator
[2022-12-08T12:47:52.330+0000] {logging_mixin.py:137} INFO - [2022-12-08T12:47:52.329+0000] {taskmixin.py:205} WARNING - Dependency <Task(EmailOperator): send_email>, prepare_email already registered for DAG: example_dag_decorator
[2022-12-08T12:47:52.456+0000] {processor.py:753} INFO - DAG(s) dict_keys(['example_dag_decorator']) retrieved from /home/airflow/.local/lib/python3.7/site-packages/airflow/example_dags/example_dag_decorator.py
[2022-12-08T12:47:52.855+0000] {logging_mixin.py:137} INFO - [2022-12-08T12:47:52.855+0000] {dag.py:2676} INFO - Sync 1 DAGs
[2022-12-08T12:47:52.955+0000] {logging_mixin.py:137} INFO - [2022-12-08T12:47:52.955+0000] {dag.py:3427} INFO - Setting next_dagrun for example_dag_decorator to None, run_after=None
[2022-12-08T12:47:53.014+0000] {processor.py:175} INFO - Processing /home/airflow/.local/lib/python3.7/site-packages/airflow/example_dags/example_dag_decorator.py took 0.890 seconds
[2022-12-08T12:48:23.573+0000] {processor.py:153} INFO - Started process (PID=452) to work on /home/airflow/.local/lib/python3.7/site-packages/airflow/example_dags/example_dag_decorator.py
[2022-12-08T12:48:23.587+0000] {processor.py:743} INFO - Processing file /home/airflow/.local/lib/python3.7/site-packages/airflow/example_dags/example_dag_decorator.py for tasks to queue
[2022-12-08T12:48:23.590+0000] {logging_mixin.py:137} INFO - [2022-12-08T12:48:23.589+0000] {dagbag.py:538} INFO - Filling up the DagBag from /home/airflow/.local/lib/python3.7/site-packages/airflow/example_dags/example_dag_decorator.py
[2022-12-08T12:48:23.669+0000] {logging_mixin.py:137} INFO - [2022-12-08T12:48:23.669+0000] {taskmixin.py:205} WARNING - Dependency <Task(_PythonDecoratedOperator): prepare_email>, send_email already registered for DAG: example_dag_decorator
[2022-12-08T12:48:23.672+0000] {logging_mixin.py:137} INFO - [2022-12-08T12:48:23.671+0000] {taskmixin.py:205} WARNING - Dependency <Task(EmailOperator): send_email>, prepare_email already registered for DAG: example_dag_decorator
[2022-12-08T12:48:23.755+0000] {processor.py:753} INFO - DAG(s) dict_keys(['example_dag_decorator']) retrieved from /home/airflow/.local/lib/python3.7/site-packages/airflow/example_dags/example_dag_decorator.py
[2022-12-08T12:48:24.113+0000] {logging_mixin.py:137} INFO - [2022-12-08T12:48:24.113+0000] {dag.py:2676} INFO - Sync 1 DAGs
[2022-12-08T12:48:24.187+0000] {logging_mixin.py:137} INFO - [2022-12-08T12:48:24.187+0000] {dag.py:3427} INFO - Setting next_dagrun for example_dag_decorator to None, run_after=None
[2022-12-08T12:48:24.266+0000] {processor.py:175} INFO - Processing /home/airflow/.local/lib/python3.7/site-packages/airflow/example_dags/example_dag_decorator.py took 0.711 seconds
[2022-12-08T12:48:54.618+0000] {processor.py:153} INFO - Started process (PID=510) to work on /home/airflow/.local/lib/python3.7/site-packages/airflow/example_dags/example_dag_decorator.py
[2022-12-08T12:48:54.621+0000] {processor.py:743} INFO - Processing file /home/airflow/.local/lib/python3.7/site-packages/airflow/example_dags/example_dag_decorator.py for tasks to queue
[2022-12-08T12:48:54.628+0000] {logging_mixin.py:137} INFO - [2022-12-08T12:48:54.627+0000] {dagbag.py:538} INFO - Filling up the DagBag from /home/airflow/.local/lib/python3.7/site-packages/airflow/example_dags/example_dag_decorator.py
[2022-12-08T12:48:54.684+0000] {logging_mixin.py:137} INFO - [2022-12-08T12:48:54.684+0000] {taskmixin.py:205} WARNING - Dependency <Task(_PythonDecoratedOperator): prepare_email>, send_email already registered for DAG: example_dag_decorator
[2022-12-08T12:48:54.689+0000] {logging_mixin.py:137} INFO - [2022-12-08T12:48:54.688+0000] {taskmixin.py:205} WARNING - Dependency <Task(EmailOperator): send_email>, prepare_email already registered for DAG: example_dag_decorator
[2022-12-08T12:48:54.750+0000] {processor.py:753} INFO - DAG(s) dict_keys(['example_dag_decorator']) retrieved from /home/airflow/.local/lib/python3.7/site-packages/airflow/example_dags/example_dag_decorator.py
[2022-12-08T12:48:55.032+0000] {logging_mixin.py:137} INFO - [2022-12-08T12:48:55.032+0000] {dag.py:2676} INFO - Sync 1 DAGs
[2022-12-08T12:48:55.124+0000] {logging_mixin.py:137} INFO - [2022-12-08T12:48:55.124+0000] {dag.py:3427} INFO - Setting next_dagrun for example_dag_decorator to None, run_after=None
[2022-12-08T12:48:55.191+0000] {processor.py:175} INFO - Processing /home/airflow/.local/lib/python3.7/site-packages/airflow/example_dags/example_dag_decorator.py took 0.584 seconds
[2022-12-08T12:49:25.353+0000] {processor.py:153} INFO - Started process (PID=576) to work on /home/airflow/.local/lib/python3.7/site-packages/airflow/example_dags/example_dag_decorator.py
[2022-12-08T12:49:25.355+0000] {processor.py:743} INFO - Processing file /home/airflow/.local/lib/python3.7/site-packages/airflow/example_dags/example_dag_decorator.py for tasks to queue
[2022-12-08T12:49:25.357+0000] {logging_mixin.py:137} INFO - [2022-12-08T12:49:25.357+0000] {dagbag.py:538} INFO - Filling up the DagBag from /home/airflow/.local/lib/python3.7/site-packages/airflow/example_dags/example_dag_decorator.py
[2022-12-08T12:49:25.423+0000] {logging_mixin.py:137} INFO - [2022-12-08T12:49:25.423+0000] {taskmixin.py:205} WARNING - Dependency <Task(_PythonDecoratedOperator): prepare_email>, send_email already registered for DAG: example_dag_decorator
[2022-12-08T12:49:25.425+0000] {logging_mixin.py:137} INFO - [2022-12-08T12:49:25.425+0000] {taskmixin.py:205} WARNING - Dependency <Task(EmailOperator): send_email>, prepare_email already registered for DAG: example_dag_decorator
[2022-12-08T12:49:25.472+0000] {processor.py:753} INFO - DAG(s) dict_keys(['example_dag_decorator']) retrieved from /home/airflow/.local/lib/python3.7/site-packages/airflow/example_dags/example_dag_decorator.py
[2022-12-08T12:49:25.615+0000] {logging_mixin.py:137} INFO - [2022-12-08T12:49:25.613+0000] {dag.py:2676} INFO - Sync 1 DAGs
[2022-12-08T12:49:25.660+0000] {logging_mixin.py:137} INFO - [2022-12-08T12:49:25.659+0000] {dag.py:3427} INFO - Setting next_dagrun for example_dag_decorator to None, run_after=None
[2022-12-08T12:49:25.711+0000] {processor.py:175} INFO - Processing /home/airflow/.local/lib/python3.7/site-packages/airflow/example_dags/example_dag_decorator.py took 0.374 seconds
[2022-12-08T12:49:56.767+0000] {processor.py:153} INFO - Started process (PID=636) to work on /home/airflow/.local/lib/python3.7/site-packages/airflow/example_dags/example_dag_decorator.py
[2022-12-08T12:49:56.771+0000] {processor.py:743} INFO - Processing file /home/airflow/.local/lib/python3.7/site-packages/airflow/example_dags/example_dag_decorator.py for tasks to queue
[2022-12-08T12:49:56.774+0000] {logging_mixin.py:137} INFO - [2022-12-08T12:49:56.774+0000] {dagbag.py:538} INFO - Filling up the DagBag from /home/airflow/.local/lib/python3.7/site-packages/airflow/example_dags/example_dag_decorator.py
[2022-12-08T12:49:56.851+0000] {logging_mixin.py:137} INFO - [2022-12-08T12:49:56.851+0000] {taskmixin.py:205} WARNING - Dependency <Task(_PythonDecoratedOperator): prepare_email>, send_email already registered for DAG: example_dag_decorator
[2022-12-08T12:49:56.861+0000] {logging_mixin.py:137} INFO - [2022-12-08T12:49:56.861+0000] {taskmixin.py:205} WARNING - Dependency <Task(EmailOperator): send_email>, prepare_email already registered for DAG: example_dag_decorator
[2022-12-08T12:49:56.946+0000] {processor.py:753} INFO - DAG(s) dict_keys(['example_dag_decorator']) retrieved from /home/airflow/.local/lib/python3.7/site-packages/airflow/example_dags/example_dag_decorator.py
[2022-12-08T12:49:57.638+0000] {logging_mixin.py:137} INFO - [2022-12-08T12:49:57.637+0000] {dag.py:2676} INFO - Sync 1 DAGs
[2022-12-08T12:49:57.756+0000] {logging_mixin.py:137} INFO - [2022-12-08T12:49:57.756+0000] {dag.py:3427} INFO - Setting next_dagrun for example_dag_decorator to None, run_after=None
[2022-12-08T12:49:57.813+0000] {processor.py:175} INFO - Processing /home/airflow/.local/lib/python3.7/site-packages/airflow/example_dags/example_dag_decorator.py took 1.064 seconds
[2022-12-08T12:50:28.228+0000] {processor.py:153} INFO - Started process (PID=695) to work on /home/airflow/.local/lib/python3.7/site-packages/airflow/example_dags/example_dag_decorator.py
[2022-12-08T12:50:28.233+0000] {processor.py:743} INFO - Processing file /home/airflow/.local/lib/python3.7/site-packages/airflow/example_dags/example_dag_decorator.py for tasks to queue
[2022-12-08T12:50:28.248+0000] {logging_mixin.py:137} INFO - [2022-12-08T12:50:28.246+0000] {dagbag.py:538} INFO - Filling up the DagBag from /home/airflow/.local/lib/python3.7/site-packages/airflow/example_dags/example_dag_decorator.py
[2022-12-08T12:50:28.320+0000] {logging_mixin.py:137} INFO - [2022-12-08T12:50:28.320+0000] {taskmixin.py:205} WARNING - Dependency <Task(_PythonDecoratedOperator): prepare_email>, send_email already registered for DAG: example_dag_decorator
[2022-12-08T12:50:28.325+0000] {logging_mixin.py:137} INFO - [2022-12-08T12:50:28.325+0000] {taskmixin.py:205} WARNING - Dependency <Task(EmailOperator): send_email>, prepare_email already registered for DAG: example_dag_decorator
[2022-12-08T12:50:28.417+0000] {processor.py:753} INFO - DAG(s) dict_keys(['example_dag_decorator']) retrieved from /home/airflow/.local/lib/python3.7/site-packages/airflow/example_dags/example_dag_decorator.py
[2022-12-08T12:50:28.713+0000] {logging_mixin.py:137} INFO - [2022-12-08T12:50:28.713+0000] {dag.py:2676} INFO - Sync 1 DAGs
[2022-12-08T12:50:28.772+0000] {logging_mixin.py:137} INFO - [2022-12-08T12:50:28.772+0000] {dag.py:3427} INFO - Setting next_dagrun for example_dag_decorator to None, run_after=None
[2022-12-08T12:50:28.823+0000] {processor.py:175} INFO - Processing /home/airflow/.local/lib/python3.7/site-packages/airflow/example_dags/example_dag_decorator.py took 0.608 seconds
[2022-12-08T12:50:59.452+0000] {processor.py:153} INFO - Started process (PID=753) to work on /home/airflow/.local/lib/python3.7/site-packages/airflow/example_dags/example_dag_decorator.py
[2022-12-08T12:50:59.460+0000] {processor.py:743} INFO - Processing file /home/airflow/.local/lib/python3.7/site-packages/airflow/example_dags/example_dag_decorator.py for tasks to queue
[2022-12-08T12:50:59.464+0000] {logging_mixin.py:137} INFO - [2022-12-08T12:50:59.464+0000] {dagbag.py:538} INFO - Filling up the DagBag from /home/airflow/.local/lib/python3.7/site-packages/airflow/example_dags/example_dag_decorator.py
[2022-12-08T12:50:59.500+0000] {logging_mixin.py:137} INFO - [2022-12-08T12:50:59.500+0000] {taskmixin.py:205} WARNING - Dependency <Task(_PythonDecoratedOperator): prepare_email>, send_email already registered for DAG: example_dag_decorator
[2022-12-08T12:50:59.503+0000] {logging_mixin.py:137} INFO - [2022-12-08T12:50:59.503+0000] {taskmixin.py:205} WARNING - Dependency <Task(EmailOperator): send_email>, prepare_email already registered for DAG: example_dag_decorator
[2022-12-08T12:50:59.532+0000] {processor.py:753} INFO - DAG(s) dict_keys(['example_dag_decorator']) retrieved from /home/airflow/.local/lib/python3.7/site-packages/airflow/example_dags/example_dag_decorator.py
[2022-12-08T12:50:59.690+0000] {logging_mixin.py:137} INFO - [2022-12-08T12:50:59.690+0000] {dag.py:2676} INFO - Sync 1 DAGs
[2022-12-08T12:50:59.752+0000] {logging_mixin.py:137} INFO - [2022-12-08T12:50:59.751+0000] {dag.py:3427} INFO - Setting next_dagrun for example_dag_decorator to None, run_after=None
[2022-12-08T12:50:59.812+0000] {processor.py:175} INFO - Processing /home/airflow/.local/lib/python3.7/site-packages/airflow/example_dags/example_dag_decorator.py took 0.370 seconds
[2022-12-08T12:51:30.263+0000] {processor.py:153} INFO - Started process (PID=812) to work on /home/airflow/.local/lib/python3.7/site-packages/airflow/example_dags/example_dag_decorator.py
[2022-12-08T12:51:30.273+0000] {processor.py:743} INFO - Processing file /home/airflow/.local/lib/python3.7/site-packages/airflow/example_dags/example_dag_decorator.py for tasks to queue
[2022-12-08T12:51:30.280+0000] {logging_mixin.py:137} INFO - [2022-12-08T12:51:30.280+0000] {dagbag.py:538} INFO - Filling up the DagBag from /home/airflow/.local/lib/python3.7/site-packages/airflow/example_dags/example_dag_decorator.py
[2022-12-08T12:51:30.414+0000] {logging_mixin.py:137} INFO - [2022-12-08T12:51:30.414+0000] {taskmixin.py:205} WARNING - Dependency <Task(_PythonDecoratedOperator): prepare_email>, send_email already registered for DAG: example_dag_decorator
[2022-12-08T12:51:30.418+0000] {logging_mixin.py:137} INFO - [2022-12-08T12:51:30.416+0000] {taskmixin.py:205} WARNING - Dependency <Task(EmailOperator): send_email>, prepare_email already registered for DAG: example_dag_decorator
[2022-12-08T12:51:30.493+0000] {processor.py:753} INFO - DAG(s) dict_keys(['example_dag_decorator']) retrieved from /home/airflow/.local/lib/python3.7/site-packages/airflow/example_dags/example_dag_decorator.py
[2022-12-08T12:51:30.982+0000] {logging_mixin.py:137} INFO - [2022-12-08T12:51:30.982+0000] {dag.py:2676} INFO - Sync 1 DAGs
[2022-12-08T12:51:31.086+0000] {logging_mixin.py:137} INFO - [2022-12-08T12:51:31.086+0000] {dag.py:3427} INFO - Setting next_dagrun for example_dag_decorator to None, run_after=None
[2022-12-08T12:51:31.169+0000] {processor.py:175} INFO - Processing /home/airflow/.local/lib/python3.7/site-packages/airflow/example_dags/example_dag_decorator.py took 0.928 seconds
[2022-12-08T12:52:01.434+0000] {processor.py:153} INFO - Started process (PID=869) to work on /home/airflow/.local/lib/python3.7/site-packages/airflow/example_dags/example_dag_decorator.py
[2022-12-08T12:52:01.442+0000] {processor.py:743} INFO - Processing file /home/airflow/.local/lib/python3.7/site-packages/airflow/example_dags/example_dag_decorator.py for tasks to queue
[2022-12-08T12:52:01.447+0000] {logging_mixin.py:137} INFO - [2022-12-08T12:52:01.447+0000] {dagbag.py:538} INFO - Filling up the DagBag from /home/airflow/.local/lib/python3.7/site-packages/airflow/example_dags/example_dag_decorator.py
[2022-12-08T12:52:01.628+0000] {logging_mixin.py:137} INFO - [2022-12-08T12:52:01.627+0000] {taskmixin.py:205} WARNING - Dependency <Task(_PythonDecoratedOperator): prepare_email>, send_email already registered for DAG: example_dag_decorator
[2022-12-08T12:52:01.634+0000] {logging_mixin.py:137} INFO - [2022-12-08T12:52:01.633+0000] {taskmixin.py:205} WARNING - Dependency <Task(EmailOperator): send_email>, prepare_email already registered for DAG: example_dag_decorator
[2022-12-08T12:52:01.705+0000] {processor.py:753} INFO - DAG(s) dict_keys(['example_dag_decorator']) retrieved from /home/airflow/.local/lib/python3.7/site-packages/airflow/example_dags/example_dag_decorator.py
[2022-12-08T12:52:02.111+0000] {logging_mixin.py:137} INFO - [2022-12-08T12:52:02.111+0000] {dag.py:2676} INFO - Sync 1 DAGs
[2022-12-08T12:52:02.237+0000] {logging_mixin.py:137} INFO - [2022-12-08T12:52:02.237+0000] {dag.py:3427} INFO - Setting next_dagrun for example_dag_decorator to None, run_after=None
[2022-12-08T12:52:02.298+0000] {processor.py:175} INFO - Processing /home/airflow/.local/lib/python3.7/site-packages/airflow/example_dags/example_dag_decorator.py took 0.893 seconds
[2022-12-08T12:52:32.440+0000] {processor.py:153} INFO - Started process (PID=926) to work on /home/airflow/.local/lib/python3.7/site-packages/airflow/example_dags/example_dag_decorator.py
[2022-12-08T12:52:32.445+0000] {processor.py:743} INFO - Processing file /home/airflow/.local/lib/python3.7/site-packages/airflow/example_dags/example_dag_decorator.py for tasks to queue
[2022-12-08T12:52:32.449+0000] {logging_mixin.py:137} INFO - [2022-12-08T12:52:32.449+0000] {dagbag.py:538} INFO - Filling up the DagBag from /home/airflow/.local/lib/python3.7/site-packages/airflow/example_dags/example_dag_decorator.py
[2022-12-08T12:52:32.501+0000] {logging_mixin.py:137} INFO - [2022-12-08T12:52:32.500+0000] {taskmixin.py:205} WARNING - Dependency <Task(_PythonDecoratedOperator): prepare_email>, send_email already registered for DAG: example_dag_decorator
[2022-12-08T12:52:32.503+0000] {logging_mixin.py:137} INFO - [2022-12-08T12:52:32.502+0000] {taskmixin.py:205} WARNING - Dependency <Task(EmailOperator): send_email>, prepare_email already registered for DAG: example_dag_decorator
[2022-12-08T12:52:32.539+0000] {processor.py:753} INFO - DAG(s) dict_keys(['example_dag_decorator']) retrieved from /home/airflow/.local/lib/python3.7/site-packages/airflow/example_dags/example_dag_decorator.py
[2022-12-08T12:52:32.787+0000] {logging_mixin.py:137} INFO - [2022-12-08T12:52:32.787+0000] {dag.py:2676} INFO - Sync 1 DAGs
[2022-12-08T12:52:32.888+0000] {logging_mixin.py:137} INFO - [2022-12-08T12:52:32.888+0000] {dag.py:3427} INFO - Setting next_dagrun for example_dag_decorator to None, run_after=None
[2022-12-08T12:52:32.988+0000] {processor.py:175} INFO - Processing /home/airflow/.local/lib/python3.7/site-packages/airflow/example_dags/example_dag_decorator.py took 0.559 seconds
