[2022-12-08T12:45:06.389+0000] {processor.py:153} INFO - Started process (PID=78) to work on /home/airflow/.local/lib/python3.7/site-packages/airflow/example_dags/example_nested_branch_dag.py
[2022-12-08T12:45:06.403+0000] {processor.py:743} INFO - Processing file /home/airflow/.local/lib/python3.7/site-packages/airflow/example_dags/example_nested_branch_dag.py for tasks to queue
[2022-12-08T12:45:06.424+0000] {logging_mixin.py:137} INFO - [2022-12-08T12:45:06.424+0000] {dagbag.py:538} INFO - Filling up the DagBag from /home/airflow/.local/lib/python3.7/site-packages/airflow/example_dags/example_nested_branch_dag.py
[2022-12-08T12:45:07.076+0000] {processor.py:753} INFO - DAG(s) dict_keys(['example_nested_branch_dag']) retrieved from /home/airflow/.local/lib/python3.7/site-packages/airflow/example_dags/example_nested_branch_dag.py
[2022-12-08T12:45:07.912+0000] {logging_mixin.py:137} INFO - [2022-12-08T12:45:07.911+0000] {dag.py:2676} INFO - Sync 1 DAGs
[2022-12-08T12:45:08.303+0000] {logging_mixin.py:137} INFO - [2022-12-08T12:45:08.303+0000] {dag.py:3427} INFO - Setting next_dagrun for example_nested_branch_dag to 2022-12-07T00:00:00+00:00, run_after=2022-12-08T00:00:00+00:00
[2022-12-08T12:45:08.567+0000] {processor.py:175} INFO - Processing /home/airflow/.local/lib/python3.7/site-packages/airflow/example_dags/example_nested_branch_dag.py took 2.232 seconds
[2022-12-08T12:45:38.984+0000] {processor.py:153} INFO - Started process (PID=136) to work on /home/airflow/.local/lib/python3.7/site-packages/airflow/example_dags/example_nested_branch_dag.py
[2022-12-08T12:45:38.989+0000] {processor.py:743} INFO - Processing file /home/airflow/.local/lib/python3.7/site-packages/airflow/example_dags/example_nested_branch_dag.py for tasks to queue
[2022-12-08T12:45:38.994+0000] {logging_mixin.py:137} INFO - [2022-12-08T12:45:38.993+0000] {dagbag.py:538} INFO - Filling up the DagBag from /home/airflow/.local/lib/python3.7/site-packages/airflow/example_dags/example_nested_branch_dag.py
[2022-12-08T12:45:39.089+0000] {processor.py:753} INFO - DAG(s) dict_keys(['example_nested_branch_dag']) retrieved from /home/airflow/.local/lib/python3.7/site-packages/airflow/example_dags/example_nested_branch_dag.py
[2022-12-08T12:45:39.228+0000] {logging_mixin.py:137} INFO - [2022-12-08T12:45:39.228+0000] {dag.py:2676} INFO - Sync 1 DAGs
[2022-12-08T12:45:39.322+0000] {logging_mixin.py:137} INFO - [2022-12-08T12:45:39.322+0000] {dag.py:3427} INFO - Setting next_dagrun for example_nested_branch_dag to 2022-12-07T00:00:00+00:00, run_after=2022-12-08T00:00:00+00:00
[2022-12-08T12:45:39.424+0000] {processor.py:175} INFO - Processing /home/airflow/.local/lib/python3.7/site-packages/airflow/example_dags/example_nested_branch_dag.py took 0.454 seconds
[2022-12-08T12:46:10.015+0000] {processor.py:153} INFO - Started process (PID=194) to work on /home/airflow/.local/lib/python3.7/site-packages/airflow/example_dags/example_nested_branch_dag.py
[2022-12-08T12:46:10.021+0000] {processor.py:743} INFO - Processing file /home/airflow/.local/lib/python3.7/site-packages/airflow/example_dags/example_nested_branch_dag.py for tasks to queue
[2022-12-08T12:46:10.025+0000] {logging_mixin.py:137} INFO - [2022-12-08T12:46:10.024+0000] {dagbag.py:538} INFO - Filling up the DagBag from /home/airflow/.local/lib/python3.7/site-packages/airflow/example_dags/example_nested_branch_dag.py
[2022-12-08T12:46:10.128+0000] {processor.py:753} INFO - DAG(s) dict_keys(['example_nested_branch_dag']) retrieved from /home/airflow/.local/lib/python3.7/site-packages/airflow/example_dags/example_nested_branch_dag.py
[2022-12-08T12:46:10.266+0000] {logging_mixin.py:137} INFO - [2022-12-08T12:46:10.266+0000] {dag.py:2676} INFO - Sync 1 DAGs
[2022-12-08T12:46:10.363+0000] {logging_mixin.py:137} INFO - [2022-12-08T12:46:10.363+0000] {dag.py:3427} INFO - Setting next_dagrun for example_nested_branch_dag to 2022-12-07T00:00:00+00:00, run_after=2022-12-08T00:00:00+00:00
[2022-12-08T12:46:10.426+0000] {processor.py:175} INFO - Processing /home/airflow/.local/lib/python3.7/site-packages/airflow/example_dags/example_nested_branch_dag.py took 0.433 seconds
[2022-12-08T12:46:41.442+0000] {processor.py:153} INFO - Started process (PID=251) to work on /home/airflow/.local/lib/python3.7/site-packages/airflow/example_dags/example_nested_branch_dag.py
[2022-12-08T12:46:41.447+0000] {processor.py:743} INFO - Processing file /home/airflow/.local/lib/python3.7/site-packages/airflow/example_dags/example_nested_branch_dag.py for tasks to queue
[2022-12-08T12:46:41.451+0000] {logging_mixin.py:137} INFO - [2022-12-08T12:46:41.451+0000] {dagbag.py:538} INFO - Filling up the DagBag from /home/airflow/.local/lib/python3.7/site-packages/airflow/example_dags/example_nested_branch_dag.py
[2022-12-08T12:46:41.505+0000] {processor.py:753} INFO - DAG(s) dict_keys(['example_nested_branch_dag']) retrieved from /home/airflow/.local/lib/python3.7/site-packages/airflow/example_dags/example_nested_branch_dag.py
[2022-12-08T12:46:41.573+0000] {logging_mixin.py:137} INFO - [2022-12-08T12:46:41.573+0000] {dag.py:2676} INFO - Sync 1 DAGs
[2022-12-08T12:46:41.632+0000] {logging_mixin.py:137} INFO - [2022-12-08T12:46:41.631+0000] {dag.py:3427} INFO - Setting next_dagrun for example_nested_branch_dag to 2022-12-07T00:00:00+00:00, run_after=2022-12-08T00:00:00+00:00
[2022-12-08T12:46:41.686+0000] {processor.py:175} INFO - Processing /home/airflow/.local/lib/python3.7/site-packages/airflow/example_dags/example_nested_branch_dag.py took 0.253 seconds
[2022-12-08T12:47:12.318+0000] {processor.py:153} INFO - Started process (PID=309) to work on /home/airflow/.local/lib/python3.7/site-packages/airflow/example_dags/example_nested_branch_dag.py
[2022-12-08T12:47:12.323+0000] {processor.py:743} INFO - Processing file /home/airflow/.local/lib/python3.7/site-packages/airflow/example_dags/example_nested_branch_dag.py for tasks to queue
[2022-12-08T12:47:12.327+0000] {logging_mixin.py:137} INFO - [2022-12-08T12:47:12.326+0000] {dagbag.py:538} INFO - Filling up the DagBag from /home/airflow/.local/lib/python3.7/site-packages/airflow/example_dags/example_nested_branch_dag.py
[2022-12-08T12:47:12.376+0000] {processor.py:753} INFO - DAG(s) dict_keys(['example_nested_branch_dag']) retrieved from /home/airflow/.local/lib/python3.7/site-packages/airflow/example_dags/example_nested_branch_dag.py
[2022-12-08T12:47:12.442+0000] {logging_mixin.py:137} INFO - [2022-12-08T12:47:12.442+0000] {dag.py:2676} INFO - Sync 1 DAGs
[2022-12-08T12:47:12.495+0000] {logging_mixin.py:137} INFO - [2022-12-08T12:47:12.494+0000] {dag.py:3427} INFO - Setting next_dagrun for example_nested_branch_dag to 2022-12-07T00:00:00+00:00, run_after=2022-12-08T00:00:00+00:00
[2022-12-08T12:47:12.556+0000] {processor.py:175} INFO - Processing /home/airflow/.local/lib/python3.7/site-packages/airflow/example_dags/example_nested_branch_dag.py took 0.250 seconds
[2022-12-08T12:47:42.833+0000] {processor.py:153} INFO - Started process (PID=367) to work on /home/airflow/.local/lib/python3.7/site-packages/airflow/example_dags/example_nested_branch_dag.py
[2022-12-08T12:47:42.840+0000] {processor.py:743} INFO - Processing file /home/airflow/.local/lib/python3.7/site-packages/airflow/example_dags/example_nested_branch_dag.py for tasks to queue
[2022-12-08T12:47:42.846+0000] {logging_mixin.py:137} INFO - [2022-12-08T12:47:42.845+0000] {dagbag.py:538} INFO - Filling up the DagBag from /home/airflow/.local/lib/python3.7/site-packages/airflow/example_dags/example_nested_branch_dag.py
[2022-12-08T12:47:42.953+0000] {processor.py:753} INFO - DAG(s) dict_keys(['example_nested_branch_dag']) retrieved from /home/airflow/.local/lib/python3.7/site-packages/airflow/example_dags/example_nested_branch_dag.py
[2022-12-08T12:47:43.135+0000] {logging_mixin.py:137} INFO - [2022-12-08T12:47:43.135+0000] {dag.py:2676} INFO - Sync 1 DAGs
[2022-12-08T12:47:43.179+0000] {logging_mixin.py:137} INFO - [2022-12-08T12:47:43.179+0000] {dag.py:3427} INFO - Setting next_dagrun for example_nested_branch_dag to 2022-12-07T00:00:00+00:00, run_after=2022-12-08T00:00:00+00:00
[2022-12-08T12:47:43.256+0000] {processor.py:175} INFO - Processing /home/airflow/.local/lib/python3.7/site-packages/airflow/example_dags/example_nested_branch_dag.py took 0.448 seconds
[2022-12-08T12:48:13.938+0000] {processor.py:153} INFO - Started process (PID=424) to work on /home/airflow/.local/lib/python3.7/site-packages/airflow/example_dags/example_nested_branch_dag.py
[2022-12-08T12:48:13.940+0000] {processor.py:743} INFO - Processing file /home/airflow/.local/lib/python3.7/site-packages/airflow/example_dags/example_nested_branch_dag.py for tasks to queue
[2022-12-08T12:48:13.943+0000] {logging_mixin.py:137} INFO - [2022-12-08T12:48:13.942+0000] {dagbag.py:538} INFO - Filling up the DagBag from /home/airflow/.local/lib/python3.7/site-packages/airflow/example_dags/example_nested_branch_dag.py
[2022-12-08T12:48:13.991+0000] {processor.py:753} INFO - DAG(s) dict_keys(['example_nested_branch_dag']) retrieved from /home/airflow/.local/lib/python3.7/site-packages/airflow/example_dags/example_nested_branch_dag.py
[2022-12-08T12:48:14.055+0000] {logging_mixin.py:137} INFO - [2022-12-08T12:48:14.055+0000] {dag.py:2676} INFO - Sync 1 DAGs
[2022-12-08T12:48:14.119+0000] {logging_mixin.py:137} INFO - [2022-12-08T12:48:14.119+0000] {dag.py:3427} INFO - Setting next_dagrun for example_nested_branch_dag to 2022-12-07T00:00:00+00:00, run_after=2022-12-08T00:00:00+00:00
[2022-12-08T12:48:14.177+0000] {processor.py:175} INFO - Processing /home/airflow/.local/lib/python3.7/site-packages/airflow/example_dags/example_nested_branch_dag.py took 0.247 seconds
[2022-12-08T12:48:44.712+0000] {processor.py:153} INFO - Started process (PID=481) to work on /home/airflow/.local/lib/python3.7/site-packages/airflow/example_dags/example_nested_branch_dag.py
[2022-12-08T12:48:44.715+0000] {processor.py:743} INFO - Processing file /home/airflow/.local/lib/python3.7/site-packages/airflow/example_dags/example_nested_branch_dag.py for tasks to queue
[2022-12-08T12:48:44.720+0000] {logging_mixin.py:137} INFO - [2022-12-08T12:48:44.719+0000] {dagbag.py:538} INFO - Filling up the DagBag from /home/airflow/.local/lib/python3.7/site-packages/airflow/example_dags/example_nested_branch_dag.py
[2022-12-08T12:48:44.787+0000] {processor.py:753} INFO - DAG(s) dict_keys(['example_nested_branch_dag']) retrieved from /home/airflow/.local/lib/python3.7/site-packages/airflow/example_dags/example_nested_branch_dag.py
[2022-12-08T12:48:44.862+0000] {logging_mixin.py:137} INFO - [2022-12-08T12:48:44.862+0000] {dag.py:2676} INFO - Sync 1 DAGs
[2022-12-08T12:48:44.916+0000] {logging_mixin.py:137} INFO - [2022-12-08T12:48:44.916+0000] {dag.py:3427} INFO - Setting next_dagrun for example_nested_branch_dag to 2022-12-07T00:00:00+00:00, run_after=2022-12-08T00:00:00+00:00
[2022-12-08T12:48:44.967+0000] {processor.py:175} INFO - Processing /home/airflow/.local/lib/python3.7/site-packages/airflow/example_dags/example_nested_branch_dag.py took 0.271 seconds
[2022-12-08T12:49:15.082+0000] {processor.py:153} INFO - Started process (PID=550) to work on /home/airflow/.local/lib/python3.7/site-packages/airflow/example_dags/example_nested_branch_dag.py
[2022-12-08T12:49:15.086+0000] {processor.py:743} INFO - Processing file /home/airflow/.local/lib/python3.7/site-packages/airflow/example_dags/example_nested_branch_dag.py for tasks to queue
[2022-12-08T12:49:15.090+0000] {logging_mixin.py:137} INFO - [2022-12-08T12:49:15.090+0000] {dagbag.py:538} INFO - Filling up the DagBag from /home/airflow/.local/lib/python3.7/site-packages/airflow/example_dags/example_nested_branch_dag.py
[2022-12-08T12:49:15.151+0000] {processor.py:753} INFO - DAG(s) dict_keys(['example_nested_branch_dag']) retrieved from /home/airflow/.local/lib/python3.7/site-packages/airflow/example_dags/example_nested_branch_dag.py
[2022-12-08T12:49:15.213+0000] {logging_mixin.py:137} INFO - [2022-12-08T12:49:15.213+0000] {dag.py:2676} INFO - Sync 1 DAGs
[2022-12-08T12:49:15.262+0000] {logging_mixin.py:137} INFO - [2022-12-08T12:49:15.262+0000] {dag.py:3427} INFO - Setting next_dagrun for example_nested_branch_dag to 2022-12-07T00:00:00+00:00, run_after=2022-12-08T00:00:00+00:00
[2022-12-08T12:49:15.306+0000] {processor.py:175} INFO - Processing /home/airflow/.local/lib/python3.7/site-packages/airflow/example_dags/example_nested_branch_dag.py took 0.230 seconds
[2022-12-08T12:49:45.595+0000] {processor.py:153} INFO - Started process (PID=608) to work on /home/airflow/.local/lib/python3.7/site-packages/airflow/example_dags/example_nested_branch_dag.py
[2022-12-08T12:49:45.605+0000] {processor.py:743} INFO - Processing file /home/airflow/.local/lib/python3.7/site-packages/airflow/example_dags/example_nested_branch_dag.py for tasks to queue
[2022-12-08T12:49:45.622+0000] {logging_mixin.py:137} INFO - [2022-12-08T12:49:45.622+0000] {dagbag.py:538} INFO - Filling up the DagBag from /home/airflow/.local/lib/python3.7/site-packages/airflow/example_dags/example_nested_branch_dag.py
[2022-12-08T12:49:45.778+0000] {processor.py:753} INFO - DAG(s) dict_keys(['example_nested_branch_dag']) retrieved from /home/airflow/.local/lib/python3.7/site-packages/airflow/example_dags/example_nested_branch_dag.py
[2022-12-08T12:49:45.884+0000] {logging_mixin.py:137} INFO - [2022-12-08T12:49:45.884+0000] {dag.py:2676} INFO - Sync 1 DAGs
[2022-12-08T12:49:46.072+0000] {logging_mixin.py:137} INFO - [2022-12-08T12:49:46.064+0000] {dag.py:3427} INFO - Setting next_dagrun for example_nested_branch_dag to 2022-12-07T00:00:00+00:00, run_after=2022-12-08T00:00:00+00:00
[2022-12-08T12:49:46.155+0000] {processor.py:175} INFO - Processing /home/airflow/.local/lib/python3.7/site-packages/airflow/example_dags/example_nested_branch_dag.py took 0.585 seconds
[2022-12-08T12:50:16.320+0000] {processor.py:153} INFO - Started process (PID=666) to work on /home/airflow/.local/lib/python3.7/site-packages/airflow/example_dags/example_nested_branch_dag.py
[2022-12-08T12:50:16.335+0000] {processor.py:743} INFO - Processing file /home/airflow/.local/lib/python3.7/site-packages/airflow/example_dags/example_nested_branch_dag.py for tasks to queue
[2022-12-08T12:50:16.347+0000] {logging_mixin.py:137} INFO - [2022-12-08T12:50:16.346+0000] {dagbag.py:538} INFO - Filling up the DagBag from /home/airflow/.local/lib/python3.7/site-packages/airflow/example_dags/example_nested_branch_dag.py
[2022-12-08T12:50:16.392+0000] {processor.py:753} INFO - DAG(s) dict_keys(['example_nested_branch_dag']) retrieved from /home/airflow/.local/lib/python3.7/site-packages/airflow/example_dags/example_nested_branch_dag.py
[2022-12-08T12:50:16.455+0000] {logging_mixin.py:137} INFO - [2022-12-08T12:50:16.455+0000] {dag.py:2676} INFO - Sync 1 DAGs
[2022-12-08T12:50:16.496+0000] {logging_mixin.py:137} INFO - [2022-12-08T12:50:16.495+0000] {dag.py:3427} INFO - Setting next_dagrun for example_nested_branch_dag to 2022-12-07T00:00:00+00:00, run_after=2022-12-08T00:00:00+00:00
[2022-12-08T12:50:16.531+0000] {processor.py:175} INFO - Processing /home/airflow/.local/lib/python3.7/site-packages/airflow/example_dags/example_nested_branch_dag.py took 0.224 seconds
[2022-12-08T12:50:46.873+0000] {processor.py:153} INFO - Started process (PID=724) to work on /home/airflow/.local/lib/python3.7/site-packages/airflow/example_dags/example_nested_branch_dag.py
[2022-12-08T12:50:46.884+0000] {processor.py:743} INFO - Processing file /home/airflow/.local/lib/python3.7/site-packages/airflow/example_dags/example_nested_branch_dag.py for tasks to queue
[2022-12-08T12:50:46.890+0000] {logging_mixin.py:137} INFO - [2022-12-08T12:50:46.890+0000] {dagbag.py:538} INFO - Filling up the DagBag from /home/airflow/.local/lib/python3.7/site-packages/airflow/example_dags/example_nested_branch_dag.py
[2022-12-08T12:50:47.124+0000] {processor.py:753} INFO - DAG(s) dict_keys(['example_nested_branch_dag']) retrieved from /home/airflow/.local/lib/python3.7/site-packages/airflow/example_dags/example_nested_branch_dag.py
[2022-12-08T12:50:47.389+0000] {logging_mixin.py:137} INFO - [2022-12-08T12:50:47.388+0000] {dag.py:2676} INFO - Sync 1 DAGs
[2022-12-08T12:50:47.581+0000] {logging_mixin.py:137} INFO - [2022-12-08T12:50:47.580+0000] {dag.py:3427} INFO - Setting next_dagrun for example_nested_branch_dag to 2022-12-07T00:00:00+00:00, run_after=2022-12-08T00:00:00+00:00
[2022-12-08T12:50:47.729+0000] {processor.py:175} INFO - Processing /home/airflow/.local/lib/python3.7/site-packages/airflow/example_dags/example_nested_branch_dag.py took 0.901 seconds
[2022-12-08T12:51:18.567+0000] {processor.py:153} INFO - Started process (PID=782) to work on /home/airflow/.local/lib/python3.7/site-packages/airflow/example_dags/example_nested_branch_dag.py
[2022-12-08T12:51:18.580+0000] {processor.py:743} INFO - Processing file /home/airflow/.local/lib/python3.7/site-packages/airflow/example_dags/example_nested_branch_dag.py for tasks to queue
[2022-12-08T12:51:18.584+0000] {logging_mixin.py:137} INFO - [2022-12-08T12:51:18.583+0000] {dagbag.py:538} INFO - Filling up the DagBag from /home/airflow/.local/lib/python3.7/site-packages/airflow/example_dags/example_nested_branch_dag.py
[2022-12-08T12:51:18.764+0000] {processor.py:753} INFO - DAG(s) dict_keys(['example_nested_branch_dag']) retrieved from /home/airflow/.local/lib/python3.7/site-packages/airflow/example_dags/example_nested_branch_dag.py
[2022-12-08T12:51:19.153+0000] {logging_mixin.py:137} INFO - [2022-12-08T12:51:19.153+0000] {dag.py:2676} INFO - Sync 1 DAGs
[2022-12-08T12:51:19.314+0000] {logging_mixin.py:137} INFO - [2022-12-08T12:51:19.313+0000] {dag.py:3427} INFO - Setting next_dagrun for example_nested_branch_dag to 2022-12-07T00:00:00+00:00, run_after=2022-12-08T00:00:00+00:00
[2022-12-08T12:51:19.513+0000] {processor.py:175} INFO - Processing /home/airflow/.local/lib/python3.7/site-packages/airflow/example_dags/example_nested_branch_dag.py took 0.965 seconds
[2022-12-08T12:51:50.134+0000] {processor.py:153} INFO - Started process (PID=839) to work on /home/airflow/.local/lib/python3.7/site-packages/airflow/example_dags/example_nested_branch_dag.py
[2022-12-08T12:51:50.140+0000] {processor.py:743} INFO - Processing file /home/airflow/.local/lib/python3.7/site-packages/airflow/example_dags/example_nested_branch_dag.py for tasks to queue
[2022-12-08T12:51:50.145+0000] {logging_mixin.py:137} INFO - [2022-12-08T12:51:50.145+0000] {dagbag.py:538} INFO - Filling up the DagBag from /home/airflow/.local/lib/python3.7/site-packages/airflow/example_dags/example_nested_branch_dag.py
[2022-12-08T12:51:50.361+0000] {processor.py:753} INFO - DAG(s) dict_keys(['example_nested_branch_dag']) retrieved from /home/airflow/.local/lib/python3.7/site-packages/airflow/example_dags/example_nested_branch_dag.py
[2022-12-08T12:51:50.510+0000] {logging_mixin.py:137} INFO - [2022-12-08T12:51:50.509+0000] {dag.py:2676} INFO - Sync 1 DAGs
[2022-12-08T12:51:50.600+0000] {logging_mixin.py:137} INFO - [2022-12-08T12:51:50.599+0000] {dag.py:3427} INFO - Setting next_dagrun for example_nested_branch_dag to 2022-12-07T00:00:00+00:00, run_after=2022-12-08T00:00:00+00:00
[2022-12-08T12:51:50.667+0000] {processor.py:175} INFO - Processing /home/airflow/.local/lib/python3.7/site-packages/airflow/example_dags/example_nested_branch_dag.py took 0.552 seconds
[2022-12-08T12:52:21.341+0000] {processor.py:153} INFO - Started process (PID=895) to work on /home/airflow/.local/lib/python3.7/site-packages/airflow/example_dags/example_nested_branch_dag.py
[2022-12-08T12:52:21.344+0000] {processor.py:743} INFO - Processing file /home/airflow/.local/lib/python3.7/site-packages/airflow/example_dags/example_nested_branch_dag.py for tasks to queue
[2022-12-08T12:52:21.348+0000] {logging_mixin.py:137} INFO - [2022-12-08T12:52:21.348+0000] {dagbag.py:538} INFO - Filling up the DagBag from /home/airflow/.local/lib/python3.7/site-packages/airflow/example_dags/example_nested_branch_dag.py
[2022-12-08T12:52:21.399+0000] {processor.py:753} INFO - DAG(s) dict_keys(['example_nested_branch_dag']) retrieved from /home/airflow/.local/lib/python3.7/site-packages/airflow/example_dags/example_nested_branch_dag.py
[2022-12-08T12:52:21.483+0000] {logging_mixin.py:137} INFO - [2022-12-08T12:52:21.483+0000] {dag.py:2676} INFO - Sync 1 DAGs
[2022-12-08T12:52:21.545+0000] {logging_mixin.py:137} INFO - [2022-12-08T12:52:21.544+0000] {dag.py:3427} INFO - Setting next_dagrun for example_nested_branch_dag to 2022-12-07T00:00:00+00:00, run_after=2022-12-08T00:00:00+00:00
[2022-12-08T12:52:21.584+0000] {processor.py:175} INFO - Processing /home/airflow/.local/lib/python3.7/site-packages/airflow/example_dags/example_nested_branch_dag.py took 0.255 seconds
