[2022-12-08T12:45:01.854+0000] {processor.py:153} INFO - Started process (PID=73) to work on /home/airflow/.local/lib/python3.7/site-packages/airflow/example_dags/example_branch_labels.py
[2022-12-08T12:45:01.865+0000] {processor.py:743} INFO - Processing file /home/airflow/.local/lib/python3.7/site-packages/airflow/example_dags/example_branch_labels.py for tasks to queue
[2022-12-08T12:45:01.891+0000] {logging_mixin.py:137} INFO - [2022-12-08T12:45:01.891+0000] {dagbag.py:538} INFO - Filling up the DagBag from /home/airflow/.local/lib/python3.7/site-packages/airflow/example_dags/example_branch_labels.py
[2022-12-08T12:45:02.232+0000] {processor.py:753} INFO - DAG(s) dict_keys(['example_branch_labels']) retrieved from /home/airflow/.local/lib/python3.7/site-packages/airflow/example_dags/example_branch_labels.py
[2022-12-08T12:45:03.005+0000] {logging_mixin.py:137} INFO - [2022-12-08T12:45:03.004+0000] {dag.py:2676} INFO - Sync 1 DAGs
[2022-12-08T12:45:03.571+0000] {logging_mixin.py:137} INFO - [2022-12-08T12:45:03.533+0000] {dag.py:3427} INFO - Setting next_dagrun for example_branch_labels to 2022-12-07T00:00:00+00:00, run_after=2022-12-08T00:00:00+00:00
[2022-12-08T12:45:03.953+0000] {processor.py:175} INFO - Processing /home/airflow/.local/lib/python3.7/site-packages/airflow/example_dags/example_branch_labels.py took 2.173 seconds
[2022-12-08T12:45:34.384+0000] {processor.py:153} INFO - Started process (PID=123) to work on /home/airflow/.local/lib/python3.7/site-packages/airflow/example_dags/example_branch_labels.py
[2022-12-08T12:45:34.387+0000] {processor.py:743} INFO - Processing file /home/airflow/.local/lib/python3.7/site-packages/airflow/example_dags/example_branch_labels.py for tasks to queue
[2022-12-08T12:45:34.389+0000] {logging_mixin.py:137} INFO - [2022-12-08T12:45:34.389+0000] {dagbag.py:538} INFO - Filling up the DagBag from /home/airflow/.local/lib/python3.7/site-packages/airflow/example_dags/example_branch_labels.py
[2022-12-08T12:45:34.443+0000] {processor.py:753} INFO - DAG(s) dict_keys(['example_branch_labels']) retrieved from /home/airflow/.local/lib/python3.7/site-packages/airflow/example_dags/example_branch_labels.py
[2022-12-08T12:45:34.618+0000] {logging_mixin.py:137} INFO - [2022-12-08T12:45:34.618+0000] {dag.py:2676} INFO - Sync 1 DAGs
[2022-12-08T12:45:34.709+0000] {logging_mixin.py:137} INFO - [2022-12-08T12:45:34.709+0000] {dag.py:3427} INFO - Setting next_dagrun for example_branch_labels to 2022-12-07T00:00:00+00:00, run_after=2022-12-08T00:00:00+00:00
[2022-12-08T12:45:34.767+0000] {processor.py:175} INFO - Processing /home/airflow/.local/lib/python3.7/site-packages/airflow/example_dags/example_branch_labels.py took 0.402 seconds
[2022-12-08T12:46:04.989+0000] {processor.py:153} INFO - Started process (PID=181) to work on /home/airflow/.local/lib/python3.7/site-packages/airflow/example_dags/example_branch_labels.py
[2022-12-08T12:46:04.999+0000] {processor.py:743} INFO - Processing file /home/airflow/.local/lib/python3.7/site-packages/airflow/example_dags/example_branch_labels.py for tasks to queue
[2022-12-08T12:46:05.005+0000] {logging_mixin.py:137} INFO - [2022-12-08T12:46:05.004+0000] {dagbag.py:538} INFO - Filling up the DagBag from /home/airflow/.local/lib/python3.7/site-packages/airflow/example_dags/example_branch_labels.py
[2022-12-08T12:46:05.068+0000] {processor.py:753} INFO - DAG(s) dict_keys(['example_branch_labels']) retrieved from /home/airflow/.local/lib/python3.7/site-packages/airflow/example_dags/example_branch_labels.py
[2022-12-08T12:46:05.178+0000] {logging_mixin.py:137} INFO - [2022-12-08T12:46:05.178+0000] {dag.py:2676} INFO - Sync 1 DAGs
[2022-12-08T12:46:05.268+0000] {logging_mixin.py:137} INFO - [2022-12-08T12:46:05.268+0000] {dag.py:3427} INFO - Setting next_dagrun for example_branch_labels to 2022-12-07T00:00:00+00:00, run_after=2022-12-08T00:00:00+00:00
[2022-12-08T12:46:05.329+0000] {processor.py:175} INFO - Processing /home/airflow/.local/lib/python3.7/site-packages/airflow/example_dags/example_branch_labels.py took 0.354 seconds
[2022-12-08T12:46:35.452+0000] {processor.py:153} INFO - Started process (PID=238) to work on /home/airflow/.local/lib/python3.7/site-packages/airflow/example_dags/example_branch_labels.py
[2022-12-08T12:46:35.458+0000] {processor.py:743} INFO - Processing file /home/airflow/.local/lib/python3.7/site-packages/airflow/example_dags/example_branch_labels.py for tasks to queue
[2022-12-08T12:46:35.462+0000] {logging_mixin.py:137} INFO - [2022-12-08T12:46:35.461+0000] {dagbag.py:538} INFO - Filling up the DagBag from /home/airflow/.local/lib/python3.7/site-packages/airflow/example_dags/example_branch_labels.py
[2022-12-08T12:46:35.517+0000] {processor.py:753} INFO - DAG(s) dict_keys(['example_branch_labels']) retrieved from /home/airflow/.local/lib/python3.7/site-packages/airflow/example_dags/example_branch_labels.py
[2022-12-08T12:46:35.621+0000] {logging_mixin.py:137} INFO - [2022-12-08T12:46:35.621+0000] {dag.py:2676} INFO - Sync 1 DAGs
[2022-12-08T12:46:35.683+0000] {logging_mixin.py:137} INFO - [2022-12-08T12:46:35.683+0000] {dag.py:3427} INFO - Setting next_dagrun for example_branch_labels to 2022-12-07T00:00:00+00:00, run_after=2022-12-08T00:00:00+00:00
[2022-12-08T12:46:35.732+0000] {processor.py:175} INFO - Processing /home/airflow/.local/lib/python3.7/site-packages/airflow/example_dags/example_branch_labels.py took 0.291 seconds
[2022-12-08T12:47:06.593+0000] {processor.py:153} INFO - Started process (PID=305) to work on /home/airflow/.local/lib/python3.7/site-packages/airflow/example_dags/example_branch_labels.py
[2022-12-08T12:47:06.597+0000] {processor.py:743} INFO - Processing file /home/airflow/.local/lib/python3.7/site-packages/airflow/example_dags/example_branch_labels.py for tasks to queue
[2022-12-08T12:47:06.601+0000] {logging_mixin.py:137} INFO - [2022-12-08T12:47:06.600+0000] {dagbag.py:538} INFO - Filling up the DagBag from /home/airflow/.local/lib/python3.7/site-packages/airflow/example_dags/example_branch_labels.py
[2022-12-08T12:47:06.658+0000] {processor.py:753} INFO - DAG(s) dict_keys(['example_branch_labels']) retrieved from /home/airflow/.local/lib/python3.7/site-packages/airflow/example_dags/example_branch_labels.py
[2022-12-08T12:47:06.769+0000] {logging_mixin.py:137} INFO - [2022-12-08T12:47:06.769+0000] {dag.py:2676} INFO - Sync 1 DAGs
[2022-12-08T12:47:06.859+0000] {logging_mixin.py:137} INFO - [2022-12-08T12:47:06.858+0000] {dag.py:3427} INFO - Setting next_dagrun for example_branch_labels to 2022-12-07T00:00:00+00:00, run_after=2022-12-08T00:00:00+00:00
[2022-12-08T12:47:06.918+0000] {processor.py:175} INFO - Processing /home/airflow/.local/lib/python3.7/site-packages/airflow/example_dags/example_branch_labels.py took 0.340 seconds
[2022-12-08T12:47:37.631+0000] {processor.py:153} INFO - Started process (PID=364) to work on /home/airflow/.local/lib/python3.7/site-packages/airflow/example_dags/example_branch_labels.py
[2022-12-08T12:47:37.635+0000] {processor.py:743} INFO - Processing file /home/airflow/.local/lib/python3.7/site-packages/airflow/example_dags/example_branch_labels.py for tasks to queue
[2022-12-08T12:47:37.641+0000] {logging_mixin.py:137} INFO - [2022-12-08T12:47:37.640+0000] {dagbag.py:538} INFO - Filling up the DagBag from /home/airflow/.local/lib/python3.7/site-packages/airflow/example_dags/example_branch_labels.py
[2022-12-08T12:47:37.723+0000] {processor.py:753} INFO - DAG(s) dict_keys(['example_branch_labels']) retrieved from /home/airflow/.local/lib/python3.7/site-packages/airflow/example_dags/example_branch_labels.py
[2022-12-08T12:47:37.895+0000] {logging_mixin.py:137} INFO - [2022-12-08T12:47:37.895+0000] {dag.py:2676} INFO - Sync 1 DAGs
[2022-12-08T12:47:38.041+0000] {logging_mixin.py:137} INFO - [2022-12-08T12:47:38.041+0000] {dag.py:3427} INFO - Setting next_dagrun for example_branch_labels to 2022-12-07T00:00:00+00:00, run_after=2022-12-08T00:00:00+00:00
[2022-12-08T12:47:38.160+0000] {processor.py:175} INFO - Processing /home/airflow/.local/lib/python3.7/site-packages/airflow/example_dags/example_branch_labels.py took 0.544 seconds
[2022-12-08T12:48:08.563+0000] {processor.py:153} INFO - Started process (PID=421) to work on /home/airflow/.local/lib/python3.7/site-packages/airflow/example_dags/example_branch_labels.py
[2022-12-08T12:48:08.567+0000] {processor.py:743} INFO - Processing file /home/airflow/.local/lib/python3.7/site-packages/airflow/example_dags/example_branch_labels.py for tasks to queue
[2022-12-08T12:48:08.569+0000] {logging_mixin.py:137} INFO - [2022-12-08T12:48:08.569+0000] {dagbag.py:538} INFO - Filling up the DagBag from /home/airflow/.local/lib/python3.7/site-packages/airflow/example_dags/example_branch_labels.py
[2022-12-08T12:48:08.607+0000] {processor.py:753} INFO - DAG(s) dict_keys(['example_branch_labels']) retrieved from /home/airflow/.local/lib/python3.7/site-packages/airflow/example_dags/example_branch_labels.py
[2022-12-08T12:48:08.687+0000] {logging_mixin.py:137} INFO - [2022-12-08T12:48:08.687+0000] {dag.py:2676} INFO - Sync 1 DAGs
[2022-12-08T12:48:08.737+0000] {logging_mixin.py:137} INFO - [2022-12-08T12:48:08.737+0000] {dag.py:3427} INFO - Setting next_dagrun for example_branch_labels to 2022-12-07T00:00:00+00:00, run_after=2022-12-08T00:00:00+00:00
[2022-12-08T12:48:08.778+0000] {processor.py:175} INFO - Processing /home/airflow/.local/lib/python3.7/site-packages/airflow/example_dags/example_branch_labels.py took 0.224 seconds
[2022-12-08T12:48:38.983+0000] {processor.py:153} INFO - Started process (PID=478) to work on /home/airflow/.local/lib/python3.7/site-packages/airflow/example_dags/example_branch_labels.py
[2022-12-08T12:48:38.988+0000] {processor.py:743} INFO - Processing file /home/airflow/.local/lib/python3.7/site-packages/airflow/example_dags/example_branch_labels.py for tasks to queue
[2022-12-08T12:48:38.993+0000] {logging_mixin.py:137} INFO - [2022-12-08T12:48:38.992+0000] {dagbag.py:538} INFO - Filling up the DagBag from /home/airflow/.local/lib/python3.7/site-packages/airflow/example_dags/example_branch_labels.py
[2022-12-08T12:48:39.039+0000] {processor.py:753} INFO - DAG(s) dict_keys(['example_branch_labels']) retrieved from /home/airflow/.local/lib/python3.7/site-packages/airflow/example_dags/example_branch_labels.py
[2022-12-08T12:48:39.251+0000] {logging_mixin.py:137} INFO - [2022-12-08T12:48:39.251+0000] {dag.py:2676} INFO - Sync 1 DAGs
[2022-12-08T12:48:39.360+0000] {logging_mixin.py:137} INFO - [2022-12-08T12:48:39.360+0000] {dag.py:3427} INFO - Setting next_dagrun for example_branch_labels to 2022-12-07T00:00:00+00:00, run_after=2022-12-08T00:00:00+00:00
[2022-12-08T12:48:39.426+0000] {processor.py:175} INFO - Processing /home/airflow/.local/lib/python3.7/site-packages/airflow/example_dags/example_branch_labels.py took 0.458 seconds
[2022-12-08T12:49:10.244+0000] {processor.py:153} INFO - Started process (PID=537) to work on /home/airflow/.local/lib/python3.7/site-packages/airflow/example_dags/example_branch_labels.py
[2022-12-08T12:49:10.250+0000] {processor.py:743} INFO - Processing file /home/airflow/.local/lib/python3.7/site-packages/airflow/example_dags/example_branch_labels.py for tasks to queue
[2022-12-08T12:49:10.256+0000] {logging_mixin.py:137} INFO - [2022-12-08T12:49:10.255+0000] {dagbag.py:538} INFO - Filling up the DagBag from /home/airflow/.local/lib/python3.7/site-packages/airflow/example_dags/example_branch_labels.py
[2022-12-08T12:49:10.332+0000] {processor.py:753} INFO - DAG(s) dict_keys(['example_branch_labels']) retrieved from /home/airflow/.local/lib/python3.7/site-packages/airflow/example_dags/example_branch_labels.py
[2022-12-08T12:49:10.441+0000] {logging_mixin.py:137} INFO - [2022-12-08T12:49:10.441+0000] {dag.py:2676} INFO - Sync 1 DAGs
[2022-12-08T12:49:10.499+0000] {logging_mixin.py:137} INFO - [2022-12-08T12:49:10.499+0000] {dag.py:3427} INFO - Setting next_dagrun for example_branch_labels to 2022-12-07T00:00:00+00:00, run_after=2022-12-08T00:00:00+00:00
[2022-12-08T12:49:10.553+0000] {processor.py:175} INFO - Processing /home/airflow/.local/lib/python3.7/site-packages/airflow/example_dags/example_branch_labels.py took 0.331 seconds
[2022-12-08T12:49:41.334+0000] {processor.py:153} INFO - Started process (PID=605) to work on /home/airflow/.local/lib/python3.7/site-packages/airflow/example_dags/example_branch_labels.py
[2022-12-08T12:49:41.340+0000] {processor.py:743} INFO - Processing file /home/airflow/.local/lib/python3.7/site-packages/airflow/example_dags/example_branch_labels.py for tasks to queue
[2022-12-08T12:49:41.345+0000] {logging_mixin.py:137} INFO - [2022-12-08T12:49:41.345+0000] {dagbag.py:538} INFO - Filling up the DagBag from /home/airflow/.local/lib/python3.7/site-packages/airflow/example_dags/example_branch_labels.py
[2022-12-08T12:49:41.378+0000] {processor.py:753} INFO - DAG(s) dict_keys(['example_branch_labels']) retrieved from /home/airflow/.local/lib/python3.7/site-packages/airflow/example_dags/example_branch_labels.py
[2022-12-08T12:49:41.488+0000] {logging_mixin.py:137} INFO - [2022-12-08T12:49:41.487+0000] {dag.py:2676} INFO - Sync 1 DAGs
[2022-12-08T12:49:41.583+0000] {logging_mixin.py:137} INFO - [2022-12-08T12:49:41.583+0000] {dag.py:3427} INFO - Setting next_dagrun for example_branch_labels to 2022-12-07T00:00:00+00:00, run_after=2022-12-08T00:00:00+00:00
[2022-12-08T12:49:41.665+0000] {processor.py:175} INFO - Processing /home/airflow/.local/lib/python3.7/site-packages/airflow/example_dags/example_branch_labels.py took 0.342 seconds
[2022-12-08T12:50:12.351+0000] {processor.py:153} INFO - Started process (PID=653) to work on /home/airflow/.local/lib/python3.7/site-packages/airflow/example_dags/example_branch_labels.py
[2022-12-08T12:50:12.365+0000] {processor.py:743} INFO - Processing file /home/airflow/.local/lib/python3.7/site-packages/airflow/example_dags/example_branch_labels.py for tasks to queue
[2022-12-08T12:50:12.370+0000] {logging_mixin.py:137} INFO - [2022-12-08T12:50:12.369+0000] {dagbag.py:538} INFO - Filling up the DagBag from /home/airflow/.local/lib/python3.7/site-packages/airflow/example_dags/example_branch_labels.py
[2022-12-08T12:50:12.411+0000] {processor.py:753} INFO - DAG(s) dict_keys(['example_branch_labels']) retrieved from /home/airflow/.local/lib/python3.7/site-packages/airflow/example_dags/example_branch_labels.py
[2022-12-08T12:50:12.487+0000] {logging_mixin.py:137} INFO - [2022-12-08T12:50:12.487+0000] {dag.py:2676} INFO - Sync 1 DAGs
[2022-12-08T12:50:12.554+0000] {logging_mixin.py:137} INFO - [2022-12-08T12:50:12.553+0000] {dag.py:3427} INFO - Setting next_dagrun for example_branch_labels to 2022-12-07T00:00:00+00:00, run_after=2022-12-08T00:00:00+00:00
[2022-12-08T12:50:12.625+0000] {processor.py:175} INFO - Processing /home/airflow/.local/lib/python3.7/site-packages/airflow/example_dags/example_branch_labels.py took 0.288 seconds
[2022-12-08T12:50:43.224+0000] {processor.py:153} INFO - Started process (PID=721) to work on /home/airflow/.local/lib/python3.7/site-packages/airflow/example_dags/example_branch_labels.py
[2022-12-08T12:50:43.227+0000] {processor.py:743} INFO - Processing file /home/airflow/.local/lib/python3.7/site-packages/airflow/example_dags/example_branch_labels.py for tasks to queue
[2022-12-08T12:50:43.231+0000] {logging_mixin.py:137} INFO - [2022-12-08T12:50:43.230+0000] {dagbag.py:538} INFO - Filling up the DagBag from /home/airflow/.local/lib/python3.7/site-packages/airflow/example_dags/example_branch_labels.py
[2022-12-08T12:50:43.265+0000] {processor.py:753} INFO - DAG(s) dict_keys(['example_branch_labels']) retrieved from /home/airflow/.local/lib/python3.7/site-packages/airflow/example_dags/example_branch_labels.py
[2022-12-08T12:50:43.418+0000] {logging_mixin.py:137} INFO - [2022-12-08T12:50:43.417+0000] {dag.py:2676} INFO - Sync 1 DAGs
[2022-12-08T12:50:43.581+0000] {logging_mixin.py:137} INFO - [2022-12-08T12:50:43.581+0000] {dag.py:3427} INFO - Setting next_dagrun for example_branch_labels to 2022-12-07T00:00:00+00:00, run_after=2022-12-08T00:00:00+00:00
[2022-12-08T12:50:43.726+0000] {processor.py:175} INFO - Processing /home/airflow/.local/lib/python3.7/site-packages/airflow/example_dags/example_branch_labels.py took 0.531 seconds
[2022-12-08T12:51:14.437+0000] {processor.py:153} INFO - Started process (PID=779) to work on /home/airflow/.local/lib/python3.7/site-packages/airflow/example_dags/example_branch_labels.py
[2022-12-08T12:51:14.442+0000] {processor.py:743} INFO - Processing file /home/airflow/.local/lib/python3.7/site-packages/airflow/example_dags/example_branch_labels.py for tasks to queue
[2022-12-08T12:51:14.449+0000] {logging_mixin.py:137} INFO - [2022-12-08T12:51:14.447+0000] {dagbag.py:538} INFO - Filling up the DagBag from /home/airflow/.local/lib/python3.7/site-packages/airflow/example_dags/example_branch_labels.py
[2022-12-08T12:51:14.506+0000] {processor.py:753} INFO - DAG(s) dict_keys(['example_branch_labels']) retrieved from /home/airflow/.local/lib/python3.7/site-packages/airflow/example_dags/example_branch_labels.py
[2022-12-08T12:51:14.579+0000] {logging_mixin.py:137} INFO - [2022-12-08T12:51:14.579+0000] {dag.py:2676} INFO - Sync 1 DAGs
[2022-12-08T12:51:14.627+0000] {logging_mixin.py:137} INFO - [2022-12-08T12:51:14.627+0000] {dag.py:3427} INFO - Setting next_dagrun for example_branch_labels to 2022-12-07T00:00:00+00:00, run_after=2022-12-08T00:00:00+00:00
[2022-12-08T12:51:14.679+0000] {processor.py:175} INFO - Processing /home/airflow/.local/lib/python3.7/site-packages/airflow/example_dags/example_branch_labels.py took 0.279 seconds
[2022-12-08T12:51:45.116+0000] {processor.py:153} INFO - Started process (PID=836) to work on /home/airflow/.local/lib/python3.7/site-packages/airflow/example_dags/example_branch_labels.py
[2022-12-08T12:51:45.120+0000] {processor.py:743} INFO - Processing file /home/airflow/.local/lib/python3.7/site-packages/airflow/example_dags/example_branch_labels.py for tasks to queue
[2022-12-08T12:51:45.124+0000] {logging_mixin.py:137} INFO - [2022-12-08T12:51:45.124+0000] {dagbag.py:538} INFO - Filling up the DagBag from /home/airflow/.local/lib/python3.7/site-packages/airflow/example_dags/example_branch_labels.py
[2022-12-08T12:51:45.158+0000] {processor.py:753} INFO - DAG(s) dict_keys(['example_branch_labels']) retrieved from /home/airflow/.local/lib/python3.7/site-packages/airflow/example_dags/example_branch_labels.py
[2022-12-08T12:51:45.229+0000] {logging_mixin.py:137} INFO - [2022-12-08T12:51:45.229+0000] {dag.py:2676} INFO - Sync 1 DAGs
[2022-12-08T12:51:45.302+0000] {logging_mixin.py:137} INFO - [2022-12-08T12:51:45.301+0000] {dag.py:3427} INFO - Setting next_dagrun for example_branch_labels to 2022-12-07T00:00:00+00:00, run_after=2022-12-08T00:00:00+00:00
[2022-12-08T12:51:45.338+0000] {processor.py:175} INFO - Processing /home/airflow/.local/lib/python3.7/site-packages/airflow/example_dags/example_branch_labels.py took 0.239 seconds
[2022-12-08T12:52:15.657+0000] {processor.py:153} INFO - Started process (PID=892) to work on /home/airflow/.local/lib/python3.7/site-packages/airflow/example_dags/example_branch_labels.py
[2022-12-08T12:52:15.662+0000] {processor.py:743} INFO - Processing file /home/airflow/.local/lib/python3.7/site-packages/airflow/example_dags/example_branch_labels.py for tasks to queue
[2022-12-08T12:52:15.667+0000] {logging_mixin.py:137} INFO - [2022-12-08T12:52:15.666+0000] {dagbag.py:538} INFO - Filling up the DagBag from /home/airflow/.local/lib/python3.7/site-packages/airflow/example_dags/example_branch_labels.py
[2022-12-08T12:52:15.761+0000] {processor.py:753} INFO - DAG(s) dict_keys(['example_branch_labels']) retrieved from /home/airflow/.local/lib/python3.7/site-packages/airflow/example_dags/example_branch_labels.py
[2022-12-08T12:52:15.857+0000] {logging_mixin.py:137} INFO - [2022-12-08T12:52:15.856+0000] {dag.py:2676} INFO - Sync 1 DAGs
[2022-12-08T12:52:15.936+0000] {logging_mixin.py:137} INFO - [2022-12-08T12:52:15.935+0000] {dag.py:3427} INFO - Setting next_dagrun for example_branch_labels to 2022-12-07T00:00:00+00:00, run_after=2022-12-08T00:00:00+00:00
[2022-12-08T12:52:15.988+0000] {processor.py:175} INFO - Processing /home/airflow/.local/lib/python3.7/site-packages/airflow/example_dags/example_branch_labels.py took 0.351 seconds
