[2022-12-08T12:45:11.768+0000] {processor.py:153} INFO - Started process (PID=84) to work on /home/airflow/.local/lib/python3.7/site-packages/airflow/example_dags/example_task_group_decorator.py
[2022-12-08T12:45:11.786+0000] {processor.py:743} INFO - Processing file /home/airflow/.local/lib/python3.7/site-packages/airflow/example_dags/example_task_group_decorator.py for tasks to queue
[2022-12-08T12:45:11.793+0000] {logging_mixin.py:137} INFO - [2022-12-08T12:45:11.793+0000] {dagbag.py:538} INFO - Filling up the DagBag from /home/airflow/.local/lib/python3.7/site-packages/airflow/example_dags/example_task_group_decorator.py
[2022-12-08T12:45:11.980+0000] {processor.py:753} INFO - DAG(s) dict_keys(['example_task_group_decorator']) retrieved from /home/airflow/.local/lib/python3.7/site-packages/airflow/example_dags/example_task_group_decorator.py
[2022-12-08T12:45:12.113+0000] {logging_mixin.py:137} INFO - [2022-12-08T12:45:12.113+0000] {dag.py:2676} INFO - Sync 1 DAGs
[2022-12-08T12:45:12.200+0000] {logging_mixin.py:137} INFO - [2022-12-08T12:45:12.200+0000] {dag.py:3427} INFO - Setting next_dagrun for example_task_group_decorator to 2022-12-07T12:45:12.199959+00:00, run_after=2022-12-08T12:45:12.199959+00:00
[2022-12-08T12:45:12.298+0000] {processor.py:175} INFO - Processing /home/airflow/.local/lib/python3.7/site-packages/airflow/example_dags/example_task_group_decorator.py took 0.561 seconds
[2022-12-08T12:45:42.399+0000] {processor.py:153} INFO - Started process (PID=141) to work on /home/airflow/.local/lib/python3.7/site-packages/airflow/example_dags/example_task_group_decorator.py
[2022-12-08T12:45:42.402+0000] {processor.py:743} INFO - Processing file /home/airflow/.local/lib/python3.7/site-packages/airflow/example_dags/example_task_group_decorator.py for tasks to queue
[2022-12-08T12:45:42.404+0000] {logging_mixin.py:137} INFO - [2022-12-08T12:45:42.404+0000] {dagbag.py:538} INFO - Filling up the DagBag from /home/airflow/.local/lib/python3.7/site-packages/airflow/example_dags/example_task_group_decorator.py
[2022-12-08T12:45:42.466+0000] {processor.py:753} INFO - DAG(s) dict_keys(['example_task_group_decorator']) retrieved from /home/airflow/.local/lib/python3.7/site-packages/airflow/example_dags/example_task_group_decorator.py
[2022-12-08T12:45:42.527+0000] {logging_mixin.py:137} INFO - [2022-12-08T12:45:42.527+0000] {dag.py:2676} INFO - Sync 1 DAGs
[2022-12-08T12:45:42.565+0000] {logging_mixin.py:137} INFO - [2022-12-08T12:45:42.565+0000] {dag.py:3427} INFO - Setting next_dagrun for example_task_group_decorator to 2022-12-07T12:45:42.564763+00:00, run_after=2022-12-08T12:45:42.564763+00:00
[2022-12-08T12:45:42.598+0000] {processor.py:175} INFO - Processing /home/airflow/.local/lib/python3.7/site-packages/airflow/example_dags/example_task_group_decorator.py took 0.207 seconds
[2022-12-08T12:46:12.789+0000] {processor.py:153} INFO - Started process (PID=199) to work on /home/airflow/.local/lib/python3.7/site-packages/airflow/example_dags/example_task_group_decorator.py
[2022-12-08T12:46:12.793+0000] {processor.py:743} INFO - Processing file /home/airflow/.local/lib/python3.7/site-packages/airflow/example_dags/example_task_group_decorator.py for tasks to queue
[2022-12-08T12:46:12.797+0000] {logging_mixin.py:137} INFO - [2022-12-08T12:46:12.797+0000] {dagbag.py:538} INFO - Filling up the DagBag from /home/airflow/.local/lib/python3.7/site-packages/airflow/example_dags/example_task_group_decorator.py
[2022-12-08T12:46:12.859+0000] {processor.py:753} INFO - DAG(s) dict_keys(['example_task_group_decorator']) retrieved from /home/airflow/.local/lib/python3.7/site-packages/airflow/example_dags/example_task_group_decorator.py
[2022-12-08T12:46:12.928+0000] {logging_mixin.py:137} INFO - [2022-12-08T12:46:12.928+0000] {dag.py:2676} INFO - Sync 1 DAGs
[2022-12-08T12:46:12.975+0000] {logging_mixin.py:137} INFO - [2022-12-08T12:46:12.975+0000] {dag.py:3427} INFO - Setting next_dagrun for example_task_group_decorator to 2022-12-07T12:46:12.974937+00:00, run_after=2022-12-08T12:46:12.974937+00:00
[2022-12-08T12:46:13.017+0000] {processor.py:175} INFO - Processing /home/airflow/.local/lib/python3.7/site-packages/airflow/example_dags/example_task_group_decorator.py took 0.237 seconds
[2022-12-08T12:46:43.294+0000] {processor.py:153} INFO - Started process (PID=256) to work on /home/airflow/.local/lib/python3.7/site-packages/airflow/example_dags/example_task_group_decorator.py
[2022-12-08T12:46:43.300+0000] {processor.py:743} INFO - Processing file /home/airflow/.local/lib/python3.7/site-packages/airflow/example_dags/example_task_group_decorator.py for tasks to queue
[2022-12-08T12:46:43.305+0000] {logging_mixin.py:137} INFO - [2022-12-08T12:46:43.304+0000] {dagbag.py:538} INFO - Filling up the DagBag from /home/airflow/.local/lib/python3.7/site-packages/airflow/example_dags/example_task_group_decorator.py
[2022-12-08T12:46:43.407+0000] {processor.py:753} INFO - DAG(s) dict_keys(['example_task_group_decorator']) retrieved from /home/airflow/.local/lib/python3.7/site-packages/airflow/example_dags/example_task_group_decorator.py
[2022-12-08T12:46:43.521+0000] {logging_mixin.py:137} INFO - [2022-12-08T12:46:43.520+0000] {dag.py:2676} INFO - Sync 1 DAGs
[2022-12-08T12:46:43.640+0000] {logging_mixin.py:137} INFO - [2022-12-08T12:46:43.640+0000] {dag.py:3427} INFO - Setting next_dagrun for example_task_group_decorator to 2022-12-07T12:46:43.639604+00:00, run_after=2022-12-08T12:46:43.639604+00:00
[2022-12-08T12:46:43.712+0000] {processor.py:175} INFO - Processing /home/airflow/.local/lib/python3.7/site-packages/airflow/example_dags/example_task_group_decorator.py took 0.430 seconds
[2022-12-08T12:47:13.975+0000] {processor.py:153} INFO - Started process (PID=314) to work on /home/airflow/.local/lib/python3.7/site-packages/airflow/example_dags/example_task_group_decorator.py
[2022-12-08T12:47:13.981+0000] {processor.py:743} INFO - Processing file /home/airflow/.local/lib/python3.7/site-packages/airflow/example_dags/example_task_group_decorator.py for tasks to queue
[2022-12-08T12:47:13.984+0000] {logging_mixin.py:137} INFO - [2022-12-08T12:47:13.984+0000] {dagbag.py:538} INFO - Filling up the DagBag from /home/airflow/.local/lib/python3.7/site-packages/airflow/example_dags/example_task_group_decorator.py
[2022-12-08T12:47:14.055+0000] {processor.py:753} INFO - DAG(s) dict_keys(['example_task_group_decorator']) retrieved from /home/airflow/.local/lib/python3.7/site-packages/airflow/example_dags/example_task_group_decorator.py
[2022-12-08T12:47:14.158+0000] {logging_mixin.py:137} INFO - [2022-12-08T12:47:14.157+0000] {dag.py:2676} INFO - Sync 1 DAGs
[2022-12-08T12:47:14.207+0000] {logging_mixin.py:137} INFO - [2022-12-08T12:47:14.207+0000] {dag.py:3427} INFO - Setting next_dagrun for example_task_group_decorator to 2022-12-07T12:47:14.206816+00:00, run_after=2022-12-08T12:47:14.206816+00:00
[2022-12-08T12:47:14.250+0000] {processor.py:175} INFO - Processing /home/airflow/.local/lib/python3.7/site-packages/airflow/example_dags/example_task_group_decorator.py took 0.283 seconds
[2022-12-08T12:47:45.080+0000] {processor.py:153} INFO - Started process (PID=372) to work on /home/airflow/.local/lib/python3.7/site-packages/airflow/example_dags/example_task_group_decorator.py
[2022-12-08T12:47:45.088+0000] {processor.py:743} INFO - Processing file /home/airflow/.local/lib/python3.7/site-packages/airflow/example_dags/example_task_group_decorator.py for tasks to queue
[2022-12-08T12:47:45.093+0000] {logging_mixin.py:137} INFO - [2022-12-08T12:47:45.093+0000] {dagbag.py:538} INFO - Filling up the DagBag from /home/airflow/.local/lib/python3.7/site-packages/airflow/example_dags/example_task_group_decorator.py
[2022-12-08T12:47:45.171+0000] {processor.py:753} INFO - DAG(s) dict_keys(['example_task_group_decorator']) retrieved from /home/airflow/.local/lib/python3.7/site-packages/airflow/example_dags/example_task_group_decorator.py
[2022-12-08T12:47:45.241+0000] {logging_mixin.py:137} INFO - [2022-12-08T12:47:45.241+0000] {dag.py:2676} INFO - Sync 1 DAGs
[2022-12-08T12:47:45.286+0000] {logging_mixin.py:137} INFO - [2022-12-08T12:47:45.285+0000] {dag.py:3427} INFO - Setting next_dagrun for example_task_group_decorator to 2022-12-07T12:47:45.285412+00:00, run_after=2022-12-08T12:47:45.285412+00:00
[2022-12-08T12:47:45.329+0000] {processor.py:175} INFO - Processing /home/airflow/.local/lib/python3.7/site-packages/airflow/example_dags/example_task_group_decorator.py took 0.266 seconds
[2022-12-08T12:48:15.800+0000] {processor.py:153} INFO - Started process (PID=429) to work on /home/airflow/.local/lib/python3.7/site-packages/airflow/example_dags/example_task_group_decorator.py
[2022-12-08T12:48:15.804+0000] {processor.py:743} INFO - Processing file /home/airflow/.local/lib/python3.7/site-packages/airflow/example_dags/example_task_group_decorator.py for tasks to queue
[2022-12-08T12:48:15.808+0000] {logging_mixin.py:137} INFO - [2022-12-08T12:48:15.808+0000] {dagbag.py:538} INFO - Filling up the DagBag from /home/airflow/.local/lib/python3.7/site-packages/airflow/example_dags/example_task_group_decorator.py
[2022-12-08T12:48:15.871+0000] {processor.py:753} INFO - DAG(s) dict_keys(['example_task_group_decorator']) retrieved from /home/airflow/.local/lib/python3.7/site-packages/airflow/example_dags/example_task_group_decorator.py
[2022-12-08T12:48:15.939+0000] {logging_mixin.py:137} INFO - [2022-12-08T12:48:15.939+0000] {dag.py:2676} INFO - Sync 1 DAGs
[2022-12-08T12:48:15.984+0000] {logging_mixin.py:137} INFO - [2022-12-08T12:48:15.984+0000] {dag.py:3427} INFO - Setting next_dagrun for example_task_group_decorator to 2022-12-07T12:48:15.984240+00:00, run_after=2022-12-08T12:48:15.984240+00:00
[2022-12-08T12:48:16.021+0000] {processor.py:175} INFO - Processing /home/airflow/.local/lib/python3.7/site-packages/airflow/example_dags/example_task_group_decorator.py took 0.233 seconds
[2022-12-08T12:48:46.745+0000] {processor.py:153} INFO - Started process (PID=496) to work on /home/airflow/.local/lib/python3.7/site-packages/airflow/example_dags/example_task_group_decorator.py
[2022-12-08T12:48:46.749+0000] {processor.py:743} INFO - Processing file /home/airflow/.local/lib/python3.7/site-packages/airflow/example_dags/example_task_group_decorator.py for tasks to queue
[2022-12-08T12:48:46.753+0000] {logging_mixin.py:137} INFO - [2022-12-08T12:48:46.753+0000] {dagbag.py:538} INFO - Filling up the DagBag from /home/airflow/.local/lib/python3.7/site-packages/airflow/example_dags/example_task_group_decorator.py
[2022-12-08T12:48:46.810+0000] {processor.py:753} INFO - DAG(s) dict_keys(['example_task_group_decorator']) retrieved from /home/airflow/.local/lib/python3.7/site-packages/airflow/example_dags/example_task_group_decorator.py
[2022-12-08T12:48:46.880+0000] {logging_mixin.py:137} INFO - [2022-12-08T12:48:46.880+0000] {dag.py:2676} INFO - Sync 1 DAGs
[2022-12-08T12:48:46.950+0000] {logging_mixin.py:137} INFO - [2022-12-08T12:48:46.949+0000] {dag.py:3427} INFO - Setting next_dagrun for example_task_group_decorator to 2022-12-07T12:48:46.949513+00:00, run_after=2022-12-08T12:48:46.949513+00:00
[2022-12-08T12:48:47.005+0000] {processor.py:175} INFO - Processing /home/airflow/.local/lib/python3.7/site-packages/airflow/example_dags/example_task_group_decorator.py took 0.269 seconds
[2022-12-08T12:49:17.302+0000] {processor.py:153} INFO - Started process (PID=555) to work on /home/airflow/.local/lib/python3.7/site-packages/airflow/example_dags/example_task_group_decorator.py
[2022-12-08T12:49:17.308+0000] {processor.py:743} INFO - Processing file /home/airflow/.local/lib/python3.7/site-packages/airflow/example_dags/example_task_group_decorator.py for tasks to queue
[2022-12-08T12:49:17.311+0000] {logging_mixin.py:137} INFO - [2022-12-08T12:49:17.311+0000] {dagbag.py:538} INFO - Filling up the DagBag from /home/airflow/.local/lib/python3.7/site-packages/airflow/example_dags/example_task_group_decorator.py
[2022-12-08T12:49:17.357+0000] {processor.py:753} INFO - DAG(s) dict_keys(['example_task_group_decorator']) retrieved from /home/airflow/.local/lib/python3.7/site-packages/airflow/example_dags/example_task_group_decorator.py
[2022-12-08T12:49:17.414+0000] {logging_mixin.py:137} INFO - [2022-12-08T12:49:17.414+0000] {dag.py:2676} INFO - Sync 1 DAGs
[2022-12-08T12:49:17.455+0000] {logging_mixin.py:137} INFO - [2022-12-08T12:49:17.455+0000] {dag.py:3427} INFO - Setting next_dagrun for example_task_group_decorator to 2022-12-07T12:49:17.455267+00:00, run_after=2022-12-08T12:49:17.455267+00:00
[2022-12-08T12:49:17.494+0000] {processor.py:175} INFO - Processing /home/airflow/.local/lib/python3.7/site-packages/airflow/example_dags/example_task_group_decorator.py took 0.199 seconds
[2022-12-08T12:49:48.438+0000] {processor.py:153} INFO - Started process (PID=613) to work on /home/airflow/.local/lib/python3.7/site-packages/airflow/example_dags/example_task_group_decorator.py
[2022-12-08T12:49:48.444+0000] {processor.py:743} INFO - Processing file /home/airflow/.local/lib/python3.7/site-packages/airflow/example_dags/example_task_group_decorator.py for tasks to queue
[2022-12-08T12:49:48.451+0000] {logging_mixin.py:137} INFO - [2022-12-08T12:49:48.448+0000] {dagbag.py:538} INFO - Filling up the DagBag from /home/airflow/.local/lib/python3.7/site-packages/airflow/example_dags/example_task_group_decorator.py
[2022-12-08T12:49:48.851+0000] {processor.py:753} INFO - DAG(s) dict_keys(['example_task_group_decorator']) retrieved from /home/airflow/.local/lib/python3.7/site-packages/airflow/example_dags/example_task_group_decorator.py
[2022-12-08T12:49:49.306+0000] {logging_mixin.py:137} INFO - [2022-12-08T12:49:49.306+0000] {dag.py:2676} INFO - Sync 1 DAGs
[2022-12-08T12:49:49.549+0000] {logging_mixin.py:137} INFO - [2022-12-08T12:49:49.548+0000] {dag.py:3427} INFO - Setting next_dagrun for example_task_group_decorator to 2022-12-07T12:49:49.546583+00:00, run_after=2022-12-08T12:49:49.546583+00:00
[2022-12-08T12:49:50.146+0000] {processor.py:175} INFO - Processing /home/airflow/.local/lib/python3.7/site-packages/airflow/example_dags/example_task_group_decorator.py took 1.731 seconds
[2022-12-08T12:50:20.643+0000] {processor.py:153} INFO - Started process (PID=671) to work on /home/airflow/.local/lib/python3.7/site-packages/airflow/example_dags/example_task_group_decorator.py
[2022-12-08T12:50:20.648+0000] {processor.py:743} INFO - Processing file /home/airflow/.local/lib/python3.7/site-packages/airflow/example_dags/example_task_group_decorator.py for tasks to queue
[2022-12-08T12:50:20.653+0000] {logging_mixin.py:137} INFO - [2022-12-08T12:50:20.652+0000] {dagbag.py:538} INFO - Filling up the DagBag from /home/airflow/.local/lib/python3.7/site-packages/airflow/example_dags/example_task_group_decorator.py
[2022-12-08T12:50:20.729+0000] {processor.py:753} INFO - DAG(s) dict_keys(['example_task_group_decorator']) retrieved from /home/airflow/.local/lib/python3.7/site-packages/airflow/example_dags/example_task_group_decorator.py
[2022-12-08T12:50:20.798+0000] {logging_mixin.py:137} INFO - [2022-12-08T12:50:20.798+0000] {dag.py:2676} INFO - Sync 1 DAGs
[2022-12-08T12:50:20.844+0000] {logging_mixin.py:137} INFO - [2022-12-08T12:50:20.844+0000] {dag.py:3427} INFO - Setting next_dagrun for example_task_group_decorator to 2022-12-07T12:50:20.843994+00:00, run_after=2022-12-08T12:50:20.843994+00:00
[2022-12-08T12:50:20.880+0000] {processor.py:175} INFO - Processing /home/airflow/.local/lib/python3.7/site-packages/airflow/example_dags/example_task_group_decorator.py took 0.254 seconds
[2022-12-08T12:50:51.549+0000] {processor.py:153} INFO - Started process (PID=729) to work on /home/airflow/.local/lib/python3.7/site-packages/airflow/example_dags/example_task_group_decorator.py
[2022-12-08T12:50:51.555+0000] {processor.py:743} INFO - Processing file /home/airflow/.local/lib/python3.7/site-packages/airflow/example_dags/example_task_group_decorator.py for tasks to queue
[2022-12-08T12:50:51.558+0000] {logging_mixin.py:137} INFO - [2022-12-08T12:50:51.558+0000] {dagbag.py:538} INFO - Filling up the DagBag from /home/airflow/.local/lib/python3.7/site-packages/airflow/example_dags/example_task_group_decorator.py
[2022-12-08T12:50:51.601+0000] {processor.py:753} INFO - DAG(s) dict_keys(['example_task_group_decorator']) retrieved from /home/airflow/.local/lib/python3.7/site-packages/airflow/example_dags/example_task_group_decorator.py
[2022-12-08T12:50:51.661+0000] {logging_mixin.py:137} INFO - [2022-12-08T12:50:51.661+0000] {dag.py:2676} INFO - Sync 1 DAGs
[2022-12-08T12:50:51.703+0000] {logging_mixin.py:137} INFO - [2022-12-08T12:50:51.703+0000] {dag.py:3427} INFO - Setting next_dagrun for example_task_group_decorator to 2022-12-07T12:50:51.702964+00:00, run_after=2022-12-08T12:50:51.702964+00:00
[2022-12-08T12:50:51.742+0000] {processor.py:175} INFO - Processing /home/airflow/.local/lib/python3.7/site-packages/airflow/example_dags/example_task_group_decorator.py took 0.206 seconds
[2022-12-08T12:51:22.101+0000] {processor.py:153} INFO - Started process (PID=787) to work on /home/airflow/.local/lib/python3.7/site-packages/airflow/example_dags/example_task_group_decorator.py
[2022-12-08T12:51:22.104+0000] {processor.py:743} INFO - Processing file /home/airflow/.local/lib/python3.7/site-packages/airflow/example_dags/example_task_group_decorator.py for tasks to queue
[2022-12-08T12:51:22.108+0000] {logging_mixin.py:137} INFO - [2022-12-08T12:51:22.108+0000] {dagbag.py:538} INFO - Filling up the DagBag from /home/airflow/.local/lib/python3.7/site-packages/airflow/example_dags/example_task_group_decorator.py
[2022-12-08T12:51:22.215+0000] {processor.py:753} INFO - DAG(s) dict_keys(['example_task_group_decorator']) retrieved from /home/airflow/.local/lib/python3.7/site-packages/airflow/example_dags/example_task_group_decorator.py
[2022-12-08T12:51:22.340+0000] {logging_mixin.py:137} INFO - [2022-12-08T12:51:22.340+0000] {dag.py:2676} INFO - Sync 1 DAGs
[2022-12-08T12:51:22.404+0000] {logging_mixin.py:137} INFO - [2022-12-08T12:51:22.404+0000] {dag.py:3427} INFO - Setting next_dagrun for example_task_group_decorator to 2022-12-07T12:51:22.403194+00:00, run_after=2022-12-08T12:51:22.403194+00:00
[2022-12-08T12:51:22.453+0000] {processor.py:175} INFO - Processing /home/airflow/.local/lib/python3.7/site-packages/airflow/example_dags/example_task_group_decorator.py took 0.357 seconds
[2022-12-08T12:51:54.208+0000] {processor.py:153} INFO - Started process (PID=850) to work on /home/airflow/.local/lib/python3.7/site-packages/airflow/example_dags/example_task_group_decorator.py
[2022-12-08T12:51:54.213+0000] {processor.py:743} INFO - Processing file /home/airflow/.local/lib/python3.7/site-packages/airflow/example_dags/example_task_group_decorator.py for tasks to queue
[2022-12-08T12:51:54.216+0000] {logging_mixin.py:137} INFO - [2022-12-08T12:51:54.216+0000] {dagbag.py:538} INFO - Filling up the DagBag from /home/airflow/.local/lib/python3.7/site-packages/airflow/example_dags/example_task_group_decorator.py
[2022-12-08T12:51:54.425+0000] {processor.py:753} INFO - DAG(s) dict_keys(['example_task_group_decorator']) retrieved from /home/airflow/.local/lib/python3.7/site-packages/airflow/example_dags/example_task_group_decorator.py
[2022-12-08T12:51:54.852+0000] {logging_mixin.py:137} INFO - [2022-12-08T12:51:54.852+0000] {dag.py:2676} INFO - Sync 1 DAGs
[2022-12-08T12:51:55.259+0000] {logging_mixin.py:137} INFO - [2022-12-08T12:51:55.259+0000] {dag.py:3427} INFO - Setting next_dagrun for example_task_group_decorator to 2022-12-07T12:51:55.258644+00:00, run_after=2022-12-08T12:51:55.258644+00:00
[2022-12-08T12:51:55.329+0000] {processor.py:175} INFO - Processing /home/airflow/.local/lib/python3.7/site-packages/airflow/example_dags/example_task_group_decorator.py took 1.143 seconds
[2022-12-08T12:52:25.550+0000] {processor.py:153} INFO - Started process (PID=907) to work on /home/airflow/.local/lib/python3.7/site-packages/airflow/example_dags/example_task_group_decorator.py
[2022-12-08T12:52:25.553+0000] {processor.py:743} INFO - Processing file /home/airflow/.local/lib/python3.7/site-packages/airflow/example_dags/example_task_group_decorator.py for tasks to queue
[2022-12-08T12:52:25.557+0000] {logging_mixin.py:137} INFO - [2022-12-08T12:52:25.557+0000] {dagbag.py:538} INFO - Filling up the DagBag from /home/airflow/.local/lib/python3.7/site-packages/airflow/example_dags/example_task_group_decorator.py
[2022-12-08T12:52:25.617+0000] {processor.py:753} INFO - DAG(s) dict_keys(['example_task_group_decorator']) retrieved from /home/airflow/.local/lib/python3.7/site-packages/airflow/example_dags/example_task_group_decorator.py
[2022-12-08T12:52:25.690+0000] {logging_mixin.py:137} INFO - [2022-12-08T12:52:25.690+0000] {dag.py:2676} INFO - Sync 1 DAGs
[2022-12-08T12:52:25.733+0000] {logging_mixin.py:137} INFO - [2022-12-08T12:52:25.732+0000] {dag.py:3427} INFO - Setting next_dagrun for example_task_group_decorator to 2022-12-07T12:52:25.732520+00:00, run_after=2022-12-08T12:52:25.732520+00:00
[2022-12-08T12:52:25.769+0000] {processor.py:175} INFO - Processing /home/airflow/.local/lib/python3.7/site-packages/airflow/example_dags/example_task_group_decorator.py took 0.228 seconds
