[2022-12-08T12:45:15.828+0000] {processor.py:153} INFO - Started process (PID=93) to work on /home/airflow/.local/lib/python3.7/site-packages/airflow/example_dags/example_short_circuit_decorator.py
[2022-12-08T12:45:15.840+0000] {processor.py:743} INFO - Processing file /home/airflow/.local/lib/python3.7/site-packages/airflow/example_dags/example_short_circuit_decorator.py for tasks to queue
[2022-12-08T12:45:15.845+0000] {logging_mixin.py:137} INFO - [2022-12-08T12:45:15.844+0000] {dagbag.py:538} INFO - Filling up the DagBag from /home/airflow/.local/lib/python3.7/site-packages/airflow/example_dags/example_short_circuit_decorator.py
[2022-12-08T12:45:16.066+0000] {processor.py:753} INFO - DAG(s) dict_keys(['example_short_circuit_decorator']) retrieved from /home/airflow/.local/lib/python3.7/site-packages/airflow/example_dags/example_short_circuit_decorator.py
[2022-12-08T12:45:16.268+0000] {logging_mixin.py:137} INFO - [2022-12-08T12:45:16.268+0000] {dag.py:2676} INFO - Sync 1 DAGs
[2022-12-08T12:45:16.382+0000] {logging_mixin.py:137} INFO - [2022-12-08T12:45:16.381+0000] {dag.py:3427} INFO - Setting next_dagrun for example_short_circuit_decorator to 2022-12-07T12:45:16.379876+00:00, run_after=2022-12-08T12:45:16.379876+00:00
[2022-12-08T12:45:16.452+0000] {processor.py:175} INFO - Processing /home/airflow/.local/lib/python3.7/site-packages/airflow/example_dags/example_short_circuit_decorator.py took 0.646 seconds
[2022-12-08T12:45:46.845+0000] {processor.py:153} INFO - Started process (PID=150) to work on /home/airflow/.local/lib/python3.7/site-packages/airflow/example_dags/example_short_circuit_decorator.py
[2022-12-08T12:45:46.853+0000] {processor.py:743} INFO - Processing file /home/airflow/.local/lib/python3.7/site-packages/airflow/example_dags/example_short_circuit_decorator.py for tasks to queue
[2022-12-08T12:45:46.857+0000] {logging_mixin.py:137} INFO - [2022-12-08T12:45:46.857+0000] {dagbag.py:538} INFO - Filling up the DagBag from /home/airflow/.local/lib/python3.7/site-packages/airflow/example_dags/example_short_circuit_decorator.py
[2022-12-08T12:45:47.007+0000] {processor.py:753} INFO - DAG(s) dict_keys(['example_short_circuit_decorator']) retrieved from /home/airflow/.local/lib/python3.7/site-packages/airflow/example_dags/example_short_circuit_decorator.py
[2022-12-08T12:45:47.108+0000] {logging_mixin.py:137} INFO - [2022-12-08T12:45:47.107+0000] {dag.py:2676} INFO - Sync 1 DAGs
[2022-12-08T12:45:47.177+0000] {logging_mixin.py:137} INFO - [2022-12-08T12:45:47.177+0000] {dag.py:3427} INFO - Setting next_dagrun for example_short_circuit_decorator to 2022-12-07T12:45:47.176443+00:00, run_after=2022-12-08T12:45:47.176443+00:00
[2022-12-08T12:45:47.212+0000] {processor.py:175} INFO - Processing /home/airflow/.local/lib/python3.7/site-packages/airflow/example_dags/example_short_circuit_decorator.py took 0.376 seconds
[2022-12-08T12:46:17.326+0000] {processor.py:153} INFO - Started process (PID=208) to work on /home/airflow/.local/lib/python3.7/site-packages/airflow/example_dags/example_short_circuit_decorator.py
[2022-12-08T12:46:17.338+0000] {processor.py:743} INFO - Processing file /home/airflow/.local/lib/python3.7/site-packages/airflow/example_dags/example_short_circuit_decorator.py for tasks to queue
[2022-12-08T12:46:17.341+0000] {logging_mixin.py:137} INFO - [2022-12-08T12:46:17.340+0000] {dagbag.py:538} INFO - Filling up the DagBag from /home/airflow/.local/lib/python3.7/site-packages/airflow/example_dags/example_short_circuit_decorator.py
[2022-12-08T12:46:17.487+0000] {processor.py:753} INFO - DAG(s) dict_keys(['example_short_circuit_decorator']) retrieved from /home/airflow/.local/lib/python3.7/site-packages/airflow/example_dags/example_short_circuit_decorator.py
[2022-12-08T12:46:17.677+0000] {logging_mixin.py:137} INFO - [2022-12-08T12:46:17.676+0000] {dag.py:2676} INFO - Sync 1 DAGs
[2022-12-08T12:46:17.800+0000] {logging_mixin.py:137} INFO - [2022-12-08T12:46:17.800+0000] {dag.py:3427} INFO - Setting next_dagrun for example_short_circuit_decorator to 2022-12-07T12:46:17.800094+00:00, run_after=2022-12-08T12:46:17.800094+00:00
[2022-12-08T12:46:17.901+0000] {processor.py:175} INFO - Processing /home/airflow/.local/lib/python3.7/site-packages/airflow/example_dags/example_short_circuit_decorator.py took 0.581 seconds
[2022-12-08T12:46:48.185+0000] {processor.py:153} INFO - Started process (PID=265) to work on /home/airflow/.local/lib/python3.7/site-packages/airflow/example_dags/example_short_circuit_decorator.py
[2022-12-08T12:46:48.189+0000] {processor.py:743} INFO - Processing file /home/airflow/.local/lib/python3.7/site-packages/airflow/example_dags/example_short_circuit_decorator.py for tasks to queue
[2022-12-08T12:46:48.191+0000] {logging_mixin.py:137} INFO - [2022-12-08T12:46:48.191+0000] {dagbag.py:538} INFO - Filling up the DagBag from /home/airflow/.local/lib/python3.7/site-packages/airflow/example_dags/example_short_circuit_decorator.py
[2022-12-08T12:46:48.255+0000] {processor.py:753} INFO - DAG(s) dict_keys(['example_short_circuit_decorator']) retrieved from /home/airflow/.local/lib/python3.7/site-packages/airflow/example_dags/example_short_circuit_decorator.py
[2022-12-08T12:46:48.336+0000] {logging_mixin.py:137} INFO - [2022-12-08T12:46:48.335+0000] {dag.py:2676} INFO - Sync 1 DAGs
[2022-12-08T12:46:48.379+0000] {logging_mixin.py:137} INFO - [2022-12-08T12:46:48.379+0000] {dag.py:3427} INFO - Setting next_dagrun for example_short_circuit_decorator to 2022-12-07T12:46:48.379188+00:00, run_after=2022-12-08T12:46:48.379188+00:00
[2022-12-08T12:46:48.415+0000] {processor.py:175} INFO - Processing /home/airflow/.local/lib/python3.7/site-packages/airflow/example_dags/example_short_circuit_decorator.py took 0.235 seconds
[2022-12-08T12:47:19.386+0000] {processor.py:153} INFO - Started process (PID=330) to work on /home/airflow/.local/lib/python3.7/site-packages/airflow/example_dags/example_short_circuit_decorator.py
[2022-12-08T12:47:19.395+0000] {processor.py:743} INFO - Processing file /home/airflow/.local/lib/python3.7/site-packages/airflow/example_dags/example_short_circuit_decorator.py for tasks to queue
[2022-12-08T12:47:19.398+0000] {logging_mixin.py:137} INFO - [2022-12-08T12:47:19.397+0000] {dagbag.py:538} INFO - Filling up the DagBag from /home/airflow/.local/lib/python3.7/site-packages/airflow/example_dags/example_short_circuit_decorator.py
[2022-12-08T12:47:19.474+0000] {processor.py:753} INFO - DAG(s) dict_keys(['example_short_circuit_decorator']) retrieved from /home/airflow/.local/lib/python3.7/site-packages/airflow/example_dags/example_short_circuit_decorator.py
[2022-12-08T12:47:19.594+0000] {logging_mixin.py:137} INFO - [2022-12-08T12:47:19.594+0000] {dag.py:2676} INFO - Sync 1 DAGs
[2022-12-08T12:47:19.677+0000] {logging_mixin.py:137} INFO - [2022-12-08T12:47:19.677+0000] {dag.py:3427} INFO - Setting next_dagrun for example_short_circuit_decorator to 2022-12-07T12:47:19.677245+00:00, run_after=2022-12-08T12:47:19.677245+00:00
[2022-12-08T12:47:19.733+0000] {processor.py:175} INFO - Processing /home/airflow/.local/lib/python3.7/site-packages/airflow/example_dags/example_short_circuit_decorator.py took 0.358 seconds
[2022-12-08T12:47:50.647+0000] {processor.py:153} INFO - Started process (PID=391) to work on /home/airflow/.local/lib/python3.7/site-packages/airflow/example_dags/example_short_circuit_decorator.py
[2022-12-08T12:47:50.654+0000] {processor.py:743} INFO - Processing file /home/airflow/.local/lib/python3.7/site-packages/airflow/example_dags/example_short_circuit_decorator.py for tasks to queue
[2022-12-08T12:47:50.660+0000] {logging_mixin.py:137} INFO - [2022-12-08T12:47:50.659+0000] {dagbag.py:538} INFO - Filling up the DagBag from /home/airflow/.local/lib/python3.7/site-packages/airflow/example_dags/example_short_circuit_decorator.py
[2022-12-08T12:47:50.803+0000] {processor.py:753} INFO - DAG(s) dict_keys(['example_short_circuit_decorator']) retrieved from /home/airflow/.local/lib/python3.7/site-packages/airflow/example_dags/example_short_circuit_decorator.py
[2022-12-08T12:47:50.965+0000] {logging_mixin.py:137} INFO - [2022-12-08T12:47:50.965+0000] {dag.py:2676} INFO - Sync 1 DAGs
[2022-12-08T12:47:51.078+0000] {logging_mixin.py:137} INFO - [2022-12-08T12:47:51.078+0000] {dag.py:3427} INFO - Setting next_dagrun for example_short_circuit_decorator to 2022-12-07T12:47:51.077626+00:00, run_after=2022-12-08T12:47:51.077626+00:00
[2022-12-08T12:47:51.275+0000] {processor.py:175} INFO - Processing /home/airflow/.local/lib/python3.7/site-packages/airflow/example_dags/example_short_circuit_decorator.py took 0.652 seconds
[2022-12-08T12:48:21.647+0000] {processor.py:153} INFO - Started process (PID=448) to work on /home/airflow/.local/lib/python3.7/site-packages/airflow/example_dags/example_short_circuit_decorator.py
[2022-12-08T12:48:21.650+0000] {processor.py:743} INFO - Processing file /home/airflow/.local/lib/python3.7/site-packages/airflow/example_dags/example_short_circuit_decorator.py for tasks to queue
[2022-12-08T12:48:21.653+0000] {logging_mixin.py:137} INFO - [2022-12-08T12:48:21.653+0000] {dagbag.py:538} INFO - Filling up the DagBag from /home/airflow/.local/lib/python3.7/site-packages/airflow/example_dags/example_short_circuit_decorator.py
[2022-12-08T12:48:21.702+0000] {processor.py:753} INFO - DAG(s) dict_keys(['example_short_circuit_decorator']) retrieved from /home/airflow/.local/lib/python3.7/site-packages/airflow/example_dags/example_short_circuit_decorator.py
[2022-12-08T12:48:21.769+0000] {logging_mixin.py:137} INFO - [2022-12-08T12:48:21.769+0000] {dag.py:2676} INFO - Sync 1 DAGs
[2022-12-08T12:48:21.815+0000] {logging_mixin.py:137} INFO - [2022-12-08T12:48:21.815+0000] {dag.py:3427} INFO - Setting next_dagrun for example_short_circuit_decorator to 2022-12-07T12:48:21.815362+00:00, run_after=2022-12-08T12:48:21.815362+00:00
[2022-12-08T12:48:21.857+0000] {processor.py:175} INFO - Processing /home/airflow/.local/lib/python3.7/site-packages/airflow/example_dags/example_short_circuit_decorator.py took 0.220 seconds
[2022-12-08T12:48:52.312+0000] {processor.py:153} INFO - Started process (PID=505) to work on /home/airflow/.local/lib/python3.7/site-packages/airflow/example_dags/example_short_circuit_decorator.py
[2022-12-08T12:48:52.317+0000] {processor.py:743} INFO - Processing file /home/airflow/.local/lib/python3.7/site-packages/airflow/example_dags/example_short_circuit_decorator.py for tasks to queue
[2022-12-08T12:48:52.321+0000] {logging_mixin.py:137} INFO - [2022-12-08T12:48:52.321+0000] {dagbag.py:538} INFO - Filling up the DagBag from /home/airflow/.local/lib/python3.7/site-packages/airflow/example_dags/example_short_circuit_decorator.py
[2022-12-08T12:48:52.439+0000] {processor.py:753} INFO - DAG(s) dict_keys(['example_short_circuit_decorator']) retrieved from /home/airflow/.local/lib/python3.7/site-packages/airflow/example_dags/example_short_circuit_decorator.py
[2022-12-08T12:48:52.593+0000] {logging_mixin.py:137} INFO - [2022-12-08T12:48:52.593+0000] {dag.py:2676} INFO - Sync 1 DAGs
[2022-12-08T12:48:52.693+0000] {logging_mixin.py:137} INFO - [2022-12-08T12:48:52.693+0000] {dag.py:3427} INFO - Setting next_dagrun for example_short_circuit_decorator to 2022-12-07T12:48:52.693103+00:00, run_after=2022-12-08T12:48:52.693103+00:00
[2022-12-08T12:48:52.729+0000] {processor.py:175} INFO - Processing /home/airflow/.local/lib/python3.7/site-packages/airflow/example_dags/example_short_circuit_decorator.py took 0.441 seconds
[2022-12-08T12:49:23.227+0000] {processor.py:153} INFO - Started process (PID=564) to work on /home/airflow/.local/lib/python3.7/site-packages/airflow/example_dags/example_short_circuit_decorator.py
[2022-12-08T12:49:23.230+0000] {processor.py:743} INFO - Processing file /home/airflow/.local/lib/python3.7/site-packages/airflow/example_dags/example_short_circuit_decorator.py for tasks to queue
[2022-12-08T12:49:23.234+0000] {logging_mixin.py:137} INFO - [2022-12-08T12:49:23.234+0000] {dagbag.py:538} INFO - Filling up the DagBag from /home/airflow/.local/lib/python3.7/site-packages/airflow/example_dags/example_short_circuit_decorator.py
[2022-12-08T12:49:23.287+0000] {processor.py:753} INFO - DAG(s) dict_keys(['example_short_circuit_decorator']) retrieved from /home/airflow/.local/lib/python3.7/site-packages/airflow/example_dags/example_short_circuit_decorator.py
[2022-12-08T12:49:23.361+0000] {logging_mixin.py:137} INFO - [2022-12-08T12:49:23.361+0000] {dag.py:2676} INFO - Sync 1 DAGs
[2022-12-08T12:49:23.407+0000] {logging_mixin.py:137} INFO - [2022-12-08T12:49:23.407+0000] {dag.py:3427} INFO - Setting next_dagrun for example_short_circuit_decorator to 2022-12-07T12:49:23.407112+00:00, run_after=2022-12-08T12:49:23.407112+00:00
[2022-12-08T12:49:23.446+0000] {processor.py:175} INFO - Processing /home/airflow/.local/lib/python3.7/site-packages/airflow/example_dags/example_short_circuit_decorator.py took 0.226 seconds
[2022-12-08T12:49:55.425+0000] {processor.py:153} INFO - Started process (PID=628) to work on /home/airflow/.local/lib/python3.7/site-packages/airflow/example_dags/example_short_circuit_decorator.py
[2022-12-08T12:49:55.431+0000] {processor.py:743} INFO - Processing file /home/airflow/.local/lib/python3.7/site-packages/airflow/example_dags/example_short_circuit_decorator.py for tasks to queue
[2022-12-08T12:49:55.445+0000] {logging_mixin.py:137} INFO - [2022-12-08T12:49:55.435+0000] {dagbag.py:538} INFO - Filling up the DagBag from /home/airflow/.local/lib/python3.7/site-packages/airflow/example_dags/example_short_circuit_decorator.py
[2022-12-08T12:49:55.632+0000] {processor.py:753} INFO - DAG(s) dict_keys(['example_short_circuit_decorator']) retrieved from /home/airflow/.local/lib/python3.7/site-packages/airflow/example_dags/example_short_circuit_decorator.py
[2022-12-08T12:49:55.770+0000] {logging_mixin.py:137} INFO - [2022-12-08T12:49:55.770+0000] {dag.py:2676} INFO - Sync 1 DAGs
[2022-12-08T12:49:55.841+0000] {logging_mixin.py:137} INFO - [2022-12-08T12:49:55.841+0000] {dag.py:3427} INFO - Setting next_dagrun for example_short_circuit_decorator to 2022-12-07T12:49:55.840997+00:00, run_after=2022-12-08T12:49:55.840997+00:00
[2022-12-08T12:49:55.902+0000] {processor.py:175} INFO - Processing /home/airflow/.local/lib/python3.7/site-packages/airflow/example_dags/example_short_circuit_decorator.py took 0.497 seconds
[2022-12-08T12:50:26.097+0000] {processor.py:153} INFO - Started process (PID=680) to work on /home/airflow/.local/lib/python3.7/site-packages/airflow/example_dags/example_short_circuit_decorator.py
[2022-12-08T12:50:26.100+0000] {processor.py:743} INFO - Processing file /home/airflow/.local/lib/python3.7/site-packages/airflow/example_dags/example_short_circuit_decorator.py for tasks to queue
[2022-12-08T12:50:26.103+0000] {logging_mixin.py:137} INFO - [2022-12-08T12:50:26.103+0000] {dagbag.py:538} INFO - Filling up the DagBag from /home/airflow/.local/lib/python3.7/site-packages/airflow/example_dags/example_short_circuit_decorator.py
[2022-12-08T12:50:26.144+0000] {processor.py:753} INFO - DAG(s) dict_keys(['example_short_circuit_decorator']) retrieved from /home/airflow/.local/lib/python3.7/site-packages/airflow/example_dags/example_short_circuit_decorator.py
[2022-12-08T12:50:26.206+0000] {logging_mixin.py:137} INFO - [2022-12-08T12:50:26.206+0000] {dag.py:2676} INFO - Sync 1 DAGs
[2022-12-08T12:50:26.249+0000] {logging_mixin.py:137} INFO - [2022-12-08T12:50:26.249+0000] {dag.py:3427} INFO - Setting next_dagrun for example_short_circuit_decorator to 2022-12-07T12:50:26.249058+00:00, run_after=2022-12-08T12:50:26.249058+00:00
[2022-12-08T12:50:26.284+0000] {processor.py:175} INFO - Processing /home/airflow/.local/lib/python3.7/site-packages/airflow/example_dags/example_short_circuit_decorator.py took 0.193 seconds
[2022-12-08T12:50:56.495+0000] {processor.py:153} INFO - Started process (PID=747) to work on /home/airflow/.local/lib/python3.7/site-packages/airflow/example_dags/example_short_circuit_decorator.py
[2022-12-08T12:50:56.499+0000] {processor.py:743} INFO - Processing file /home/airflow/.local/lib/python3.7/site-packages/airflow/example_dags/example_short_circuit_decorator.py for tasks to queue
[2022-12-08T12:50:56.501+0000] {logging_mixin.py:137} INFO - [2022-12-08T12:50:56.501+0000] {dagbag.py:538} INFO - Filling up the DagBag from /home/airflow/.local/lib/python3.7/site-packages/airflow/example_dags/example_short_circuit_decorator.py
[2022-12-08T12:50:56.543+0000] {processor.py:753} INFO - DAG(s) dict_keys(['example_short_circuit_decorator']) retrieved from /home/airflow/.local/lib/python3.7/site-packages/airflow/example_dags/example_short_circuit_decorator.py
[2022-12-08T12:50:56.600+0000] {logging_mixin.py:137} INFO - [2022-12-08T12:50:56.600+0000] {dag.py:2676} INFO - Sync 1 DAGs
[2022-12-08T12:50:56.639+0000] {logging_mixin.py:137} INFO - [2022-12-08T12:50:56.639+0000] {dag.py:3427} INFO - Setting next_dagrun for example_short_circuit_decorator to 2022-12-07T12:50:56.639405+00:00, run_after=2022-12-08T12:50:56.639405+00:00
[2022-12-08T12:50:56.666+0000] {processor.py:175} INFO - Processing /home/airflow/.local/lib/python3.7/site-packages/airflow/example_dags/example_short_circuit_decorator.py took 0.178 seconds
[2022-12-08T12:51:26.883+0000] {processor.py:153} INFO - Started process (PID=806) to work on /home/airflow/.local/lib/python3.7/site-packages/airflow/example_dags/example_short_circuit_decorator.py
[2022-12-08T12:51:26.886+0000] {processor.py:743} INFO - Processing file /home/airflow/.local/lib/python3.7/site-packages/airflow/example_dags/example_short_circuit_decorator.py for tasks to queue
[2022-12-08T12:51:26.888+0000] {logging_mixin.py:137} INFO - [2022-12-08T12:51:26.888+0000] {dagbag.py:538} INFO - Filling up the DagBag from /home/airflow/.local/lib/python3.7/site-packages/airflow/example_dags/example_short_circuit_decorator.py
[2022-12-08T12:51:26.928+0000] {processor.py:753} INFO - DAG(s) dict_keys(['example_short_circuit_decorator']) retrieved from /home/airflow/.local/lib/python3.7/site-packages/airflow/example_dags/example_short_circuit_decorator.py
[2022-12-08T12:51:26.988+0000] {logging_mixin.py:137} INFO - [2022-12-08T12:51:26.988+0000] {dag.py:2676} INFO - Sync 1 DAGs
[2022-12-08T12:51:27.028+0000] {logging_mixin.py:137} INFO - [2022-12-08T12:51:27.027+0000] {dag.py:3427} INFO - Setting next_dagrun for example_short_circuit_decorator to 2022-12-07T12:51:27.027602+00:00, run_after=2022-12-08T12:51:27.027602+00:00
[2022-12-08T12:51:27.060+0000] {processor.py:175} INFO - Processing /home/airflow/.local/lib/python3.7/site-packages/airflow/example_dags/example_short_circuit_decorator.py took 0.183 seconds
[2022-12-08T12:51:58.612+0000] {processor.py:153} INFO - Started process (PID=861) to work on /home/airflow/.local/lib/python3.7/site-packages/airflow/example_dags/example_short_circuit_decorator.py
[2022-12-08T12:51:58.621+0000] {processor.py:743} INFO - Processing file /home/airflow/.local/lib/python3.7/site-packages/airflow/example_dags/example_short_circuit_decorator.py for tasks to queue
[2022-12-08T12:51:58.628+0000] {logging_mixin.py:137} INFO - [2022-12-08T12:51:58.628+0000] {dagbag.py:538} INFO - Filling up the DagBag from /home/airflow/.local/lib/python3.7/site-packages/airflow/example_dags/example_short_circuit_decorator.py
[2022-12-08T12:51:58.723+0000] {processor.py:753} INFO - DAG(s) dict_keys(['example_short_circuit_decorator']) retrieved from /home/airflow/.local/lib/python3.7/site-packages/airflow/example_dags/example_short_circuit_decorator.py
[2022-12-08T12:51:58.839+0000] {logging_mixin.py:137} INFO - [2022-12-08T12:51:58.839+0000] {dag.py:2676} INFO - Sync 1 DAGs
[2022-12-08T12:51:58.899+0000] {logging_mixin.py:137} INFO - [2022-12-08T12:51:58.899+0000] {dag.py:3427} INFO - Setting next_dagrun for example_short_circuit_decorator to 2022-12-07T12:51:58.899120+00:00, run_after=2022-12-08T12:51:58.899120+00:00
[2022-12-08T12:51:58.945+0000] {processor.py:175} INFO - Processing /home/airflow/.local/lib/python3.7/site-packages/airflow/example_dags/example_short_circuit_decorator.py took 0.343 seconds
[2022-12-08T12:52:30.459+0000] {processor.py:153} INFO - Started process (PID=919) to work on /home/airflow/.local/lib/python3.7/site-packages/airflow/example_dags/example_short_circuit_decorator.py
[2022-12-08T12:52:30.464+0000] {processor.py:743} INFO - Processing file /home/airflow/.local/lib/python3.7/site-packages/airflow/example_dags/example_short_circuit_decorator.py for tasks to queue
[2022-12-08T12:52:30.471+0000] {logging_mixin.py:137} INFO - [2022-12-08T12:52:30.470+0000] {dagbag.py:538} INFO - Filling up the DagBag from /home/airflow/.local/lib/python3.7/site-packages/airflow/example_dags/example_short_circuit_decorator.py
[2022-12-08T12:52:30.579+0000] {processor.py:753} INFO - DAG(s) dict_keys(['example_short_circuit_decorator']) retrieved from /home/airflow/.local/lib/python3.7/site-packages/airflow/example_dags/example_short_circuit_decorator.py
[2022-12-08T12:52:30.819+0000] {logging_mixin.py:137} INFO - [2022-12-08T12:52:30.819+0000] {dag.py:2676} INFO - Sync 1 DAGs
[2022-12-08T12:52:30.957+0000] {logging_mixin.py:137} INFO - [2022-12-08T12:52:30.957+0000] {dag.py:3427} INFO - Setting next_dagrun for example_short_circuit_decorator to 2022-12-07T12:52:30.956766+00:00, run_after=2022-12-08T12:52:30.956766+00:00
[2022-12-08T12:52:31.048+0000] {processor.py:175} INFO - Processing /home/airflow/.local/lib/python3.7/site-packages/airflow/example_dags/example_short_circuit_decorator.py took 0.612 seconds
