[2022-12-08T12:44:57.271+0000] {processor.py:153} INFO - Started process (PID=62) to work on /home/airflow/.local/lib/python3.7/site-packages/airflow/example_dags/example_branch_python_dop_operator_3.py
[2022-12-08T12:44:57.280+0000] {processor.py:743} INFO - Processing file /home/airflow/.local/lib/python3.7/site-packages/airflow/example_dags/example_branch_python_dop_operator_3.py for tasks to queue
[2022-12-08T12:44:57.292+0000] {logging_mixin.py:137} INFO - [2022-12-08T12:44:57.292+0000] {dagbag.py:538} INFO - Filling up the DagBag from /home/airflow/.local/lib/python3.7/site-packages/airflow/example_dags/example_branch_python_dop_operator_3.py
[2022-12-08T12:44:57.692+0000] {processor.py:753} INFO - DAG(s) dict_keys(['example_branch_dop_operator_v3']) retrieved from /home/airflow/.local/lib/python3.7/site-packages/airflow/example_dags/example_branch_python_dop_operator_3.py
[2022-12-08T12:44:57.904+0000] {logging_mixin.py:137} INFO - [2022-12-08T12:44:57.904+0000] {dag.py:2676} INFO - Sync 1 DAGs
[2022-12-08T12:44:58.322+0000] {logging_mixin.py:137} INFO - [2022-12-08T12:44:58.322+0000] {dag.py:3427} INFO - Setting next_dagrun for example_branch_dop_operator_v3 to 2022-12-08T12:43:00+00:00, run_after=2022-12-08T12:44:00+00:00
[2022-12-08T12:44:58.575+0000] {processor.py:175} INFO - Processing /home/airflow/.local/lib/python3.7/site-packages/airflow/example_dags/example_branch_python_dop_operator_3.py took 1.333 seconds
[2022-12-08T12:45:28.747+0000] {processor.py:153} INFO - Started process (PID=119) to work on /home/airflow/.local/lib/python3.7/site-packages/airflow/example_dags/example_branch_python_dop_operator_3.py
[2022-12-08T12:45:28.753+0000] {processor.py:743} INFO - Processing file /home/airflow/.local/lib/python3.7/site-packages/airflow/example_dags/example_branch_python_dop_operator_3.py for tasks to queue
[2022-12-08T12:45:28.757+0000] {logging_mixin.py:137} INFO - [2022-12-08T12:45:28.756+0000] {dagbag.py:538} INFO - Filling up the DagBag from /home/airflow/.local/lib/python3.7/site-packages/airflow/example_dags/example_branch_python_dop_operator_3.py
[2022-12-08T12:45:28.803+0000] {processor.py:753} INFO - DAG(s) dict_keys(['example_branch_dop_operator_v3']) retrieved from /home/airflow/.local/lib/python3.7/site-packages/airflow/example_dags/example_branch_python_dop_operator_3.py
[2022-12-08T12:45:28.873+0000] {logging_mixin.py:137} INFO - [2022-12-08T12:45:28.873+0000] {dag.py:2676} INFO - Sync 1 DAGs
[2022-12-08T12:45:28.928+0000] {logging_mixin.py:137} INFO - [2022-12-08T12:45:28.928+0000] {dag.py:3427} INFO - Setting next_dagrun for example_branch_dop_operator_v3 to 2022-12-08T12:44:00+00:00, run_after=2022-12-08T12:45:00+00:00
[2022-12-08T12:45:28.964+0000] {processor.py:175} INFO - Processing /home/airflow/.local/lib/python3.7/site-packages/airflow/example_dags/example_branch_python_dop_operator_3.py took 0.228 seconds
[2022-12-08T12:45:59.389+0000] {processor.py:153} INFO - Started process (PID=177) to work on /home/airflow/.local/lib/python3.7/site-packages/airflow/example_dags/example_branch_python_dop_operator_3.py
[2022-12-08T12:45:59.392+0000] {processor.py:743} INFO - Processing file /home/airflow/.local/lib/python3.7/site-packages/airflow/example_dags/example_branch_python_dop_operator_3.py for tasks to queue
[2022-12-08T12:45:59.394+0000] {logging_mixin.py:137} INFO - [2022-12-08T12:45:59.394+0000] {dagbag.py:538} INFO - Filling up the DagBag from /home/airflow/.local/lib/python3.7/site-packages/airflow/example_dags/example_branch_python_dop_operator_3.py
[2022-12-08T12:45:59.444+0000] {processor.py:753} INFO - DAG(s) dict_keys(['example_branch_dop_operator_v3']) retrieved from /home/airflow/.local/lib/python3.7/site-packages/airflow/example_dags/example_branch_python_dop_operator_3.py
[2022-12-08T12:45:59.497+0000] {logging_mixin.py:137} INFO - [2022-12-08T12:45:59.497+0000] {dag.py:2676} INFO - Sync 1 DAGs
[2022-12-08T12:45:59.539+0000] {logging_mixin.py:137} INFO - [2022-12-08T12:45:59.539+0000] {dag.py:3427} INFO - Setting next_dagrun for example_branch_dop_operator_v3 to 2022-12-08T12:44:00+00:00, run_after=2022-12-08T12:45:00+00:00
[2022-12-08T12:45:59.574+0000] {processor.py:175} INFO - Processing /home/airflow/.local/lib/python3.7/site-packages/airflow/example_dags/example_branch_python_dop_operator_3.py took 0.193 seconds
[2022-12-08T12:46:29.837+0000] {processor.py:153} INFO - Started process (PID=235) to work on /home/airflow/.local/lib/python3.7/site-packages/airflow/example_dags/example_branch_python_dop_operator_3.py
[2022-12-08T12:46:29.842+0000] {processor.py:743} INFO - Processing file /home/airflow/.local/lib/python3.7/site-packages/airflow/example_dags/example_branch_python_dop_operator_3.py for tasks to queue
[2022-12-08T12:46:29.844+0000] {logging_mixin.py:137} INFO - [2022-12-08T12:46:29.844+0000] {dagbag.py:538} INFO - Filling up the DagBag from /home/airflow/.local/lib/python3.7/site-packages/airflow/example_dags/example_branch_python_dop_operator_3.py
[2022-12-08T12:46:29.926+0000] {processor.py:753} INFO - DAG(s) dict_keys(['example_branch_dop_operator_v3']) retrieved from /home/airflow/.local/lib/python3.7/site-packages/airflow/example_dags/example_branch_python_dop_operator_3.py
[2022-12-08T12:46:30.072+0000] {logging_mixin.py:137} INFO - [2022-12-08T12:46:30.072+0000] {dag.py:2676} INFO - Sync 1 DAGs
[2022-12-08T12:46:30.177+0000] {logging_mixin.py:137} INFO - [2022-12-08T12:46:30.177+0000] {dag.py:3427} INFO - Setting next_dagrun for example_branch_dop_operator_v3 to 2022-12-08T12:45:00+00:00, run_after=2022-12-08T12:46:00+00:00
[2022-12-08T12:46:30.259+0000] {processor.py:175} INFO - Processing /home/airflow/.local/lib/python3.7/site-packages/airflow/example_dags/example_branch_python_dop_operator_3.py took 0.447 seconds
[2022-12-08T12:47:00.449+0000] {processor.py:153} INFO - Started process (PID=292) to work on /home/airflow/.local/lib/python3.7/site-packages/airflow/example_dags/example_branch_python_dop_operator_3.py
[2022-12-08T12:47:00.451+0000] {processor.py:743} INFO - Processing file /home/airflow/.local/lib/python3.7/site-packages/airflow/example_dags/example_branch_python_dop_operator_3.py for tasks to queue
[2022-12-08T12:47:00.454+0000] {logging_mixin.py:137} INFO - [2022-12-08T12:47:00.454+0000] {dagbag.py:538} INFO - Filling up the DagBag from /home/airflow/.local/lib/python3.7/site-packages/airflow/example_dags/example_branch_python_dop_operator_3.py
[2022-12-08T12:47:00.506+0000] {processor.py:753} INFO - DAG(s) dict_keys(['example_branch_dop_operator_v3']) retrieved from /home/airflow/.local/lib/python3.7/site-packages/airflow/example_dags/example_branch_python_dop_operator_3.py
[2022-12-08T12:47:00.578+0000] {logging_mixin.py:137} INFO - [2022-12-08T12:47:00.578+0000] {dag.py:2676} INFO - Sync 1 DAGs
[2022-12-08T12:47:00.635+0000] {logging_mixin.py:137} INFO - [2022-12-08T12:47:00.635+0000] {dag.py:3427} INFO - Setting next_dagrun for example_branch_dop_operator_v3 to 2022-12-08T12:46:00+00:00, run_after=2022-12-08T12:47:00+00:00
[2022-12-08T12:47:00.683+0000] {processor.py:175} INFO - Processing /home/airflow/.local/lib/python3.7/site-packages/airflow/example_dags/example_branch_python_dop_operator_3.py took 0.242 seconds
[2022-12-08T12:47:31.104+0000] {processor.py:153} INFO - Started process (PID=350) to work on /home/airflow/.local/lib/python3.7/site-packages/airflow/example_dags/example_branch_python_dop_operator_3.py
[2022-12-08T12:47:31.120+0000] {processor.py:743} INFO - Processing file /home/airflow/.local/lib/python3.7/site-packages/airflow/example_dags/example_branch_python_dop_operator_3.py for tasks to queue
[2022-12-08T12:47:31.125+0000] {logging_mixin.py:137} INFO - [2022-12-08T12:47:31.124+0000] {dagbag.py:538} INFO - Filling up the DagBag from /home/airflow/.local/lib/python3.7/site-packages/airflow/example_dags/example_branch_python_dop_operator_3.py
[2022-12-08T12:47:31.199+0000] {processor.py:753} INFO - DAG(s) dict_keys(['example_branch_dop_operator_v3']) retrieved from /home/airflow/.local/lib/python3.7/site-packages/airflow/example_dags/example_branch_python_dop_operator_3.py
[2022-12-08T12:47:31.279+0000] {logging_mixin.py:137} INFO - [2022-12-08T12:47:31.279+0000] {dag.py:2676} INFO - Sync 1 DAGs
[2022-12-08T12:47:31.381+0000] {logging_mixin.py:137} INFO - [2022-12-08T12:47:31.381+0000] {dag.py:3427} INFO - Setting next_dagrun for example_branch_dop_operator_v3 to 2022-12-08T12:46:00+00:00, run_after=2022-12-08T12:47:00+00:00
[2022-12-08T12:47:31.454+0000] {processor.py:175} INFO - Processing /home/airflow/.local/lib/python3.7/site-packages/airflow/example_dags/example_branch_python_dop_operator_3.py took 0.376 seconds
[2022-12-08T12:48:01.941+0000] {processor.py:153} INFO - Started process (PID=408) to work on /home/airflow/.local/lib/python3.7/site-packages/airflow/example_dags/example_branch_python_dop_operator_3.py
[2022-12-08T12:48:01.944+0000] {processor.py:743} INFO - Processing file /home/airflow/.local/lib/python3.7/site-packages/airflow/example_dags/example_branch_python_dop_operator_3.py for tasks to queue
[2022-12-08T12:48:01.958+0000] {logging_mixin.py:137} INFO - [2022-12-08T12:48:01.957+0000] {dagbag.py:538} INFO - Filling up the DagBag from /home/airflow/.local/lib/python3.7/site-packages/airflow/example_dags/example_branch_python_dop_operator_3.py
[2022-12-08T12:48:02.000+0000] {processor.py:753} INFO - DAG(s) dict_keys(['example_branch_dop_operator_v3']) retrieved from /home/airflow/.local/lib/python3.7/site-packages/airflow/example_dags/example_branch_python_dop_operator_3.py
[2022-12-08T12:48:02.062+0000] {logging_mixin.py:137} INFO - [2022-12-08T12:48:02.062+0000] {dag.py:2676} INFO - Sync 1 DAGs
[2022-12-08T12:48:02.123+0000] {logging_mixin.py:137} INFO - [2022-12-08T12:48:02.123+0000] {dag.py:3427} INFO - Setting next_dagrun for example_branch_dop_operator_v3 to 2022-12-08T12:47:00+00:00, run_after=2022-12-08T12:48:00+00:00
[2022-12-08T12:48:02.181+0000] {processor.py:175} INFO - Processing /home/airflow/.local/lib/python3.7/site-packages/airflow/example_dags/example_branch_python_dop_operator_3.py took 0.245 seconds
[2022-12-08T12:48:32.245+0000] {processor.py:153} INFO - Started process (PID=472) to work on /home/airflow/.local/lib/python3.7/site-packages/airflow/example_dags/example_branch_python_dop_operator_3.py
[2022-12-08T12:48:32.249+0000] {processor.py:743} INFO - Processing file /home/airflow/.local/lib/python3.7/site-packages/airflow/example_dags/example_branch_python_dop_operator_3.py for tasks to queue
[2022-12-08T12:48:32.253+0000] {logging_mixin.py:137} INFO - [2022-12-08T12:48:32.252+0000] {dagbag.py:538} INFO - Filling up the DagBag from /home/airflow/.local/lib/python3.7/site-packages/airflow/example_dags/example_branch_python_dop_operator_3.py
[2022-12-08T12:48:32.336+0000] {processor.py:753} INFO - DAG(s) dict_keys(['example_branch_dop_operator_v3']) retrieved from /home/airflow/.local/lib/python3.7/site-packages/airflow/example_dags/example_branch_python_dop_operator_3.py
[2022-12-08T12:48:32.402+0000] {logging_mixin.py:137} INFO - [2022-12-08T12:48:32.402+0000] {dag.py:2676} INFO - Sync 1 DAGs
[2022-12-08T12:48:32.462+0000] {logging_mixin.py:137} INFO - [2022-12-08T12:48:32.462+0000] {dag.py:3427} INFO - Setting next_dagrun for example_branch_dop_operator_v3 to 2022-12-08T12:47:00+00:00, run_after=2022-12-08T12:48:00+00:00
[2022-12-08T12:48:32.531+0000] {processor.py:175} INFO - Processing /home/airflow/.local/lib/python3.7/site-packages/airflow/example_dags/example_branch_python_dop_operator_3.py took 0.295 seconds
[2022-12-08T12:49:03.121+0000] {processor.py:153} INFO - Started process (PID=533) to work on /home/airflow/.local/lib/python3.7/site-packages/airflow/example_dags/example_branch_python_dop_operator_3.py
[2022-12-08T12:49:03.130+0000] {processor.py:743} INFO - Processing file /home/airflow/.local/lib/python3.7/site-packages/airflow/example_dags/example_branch_python_dop_operator_3.py for tasks to queue
[2022-12-08T12:49:03.133+0000] {logging_mixin.py:137} INFO - [2022-12-08T12:49:03.132+0000] {dagbag.py:538} INFO - Filling up the DagBag from /home/airflow/.local/lib/python3.7/site-packages/airflow/example_dags/example_branch_python_dop_operator_3.py
[2022-12-08T12:49:03.176+0000] {processor.py:753} INFO - DAG(s) dict_keys(['example_branch_dop_operator_v3']) retrieved from /home/airflow/.local/lib/python3.7/site-packages/airflow/example_dags/example_branch_python_dop_operator_3.py
[2022-12-08T12:49:03.245+0000] {logging_mixin.py:137} INFO - [2022-12-08T12:49:03.245+0000] {dag.py:2676} INFO - Sync 1 DAGs
[2022-12-08T12:49:03.333+0000] {logging_mixin.py:137} INFO - [2022-12-08T12:49:03.333+0000] {dag.py:3427} INFO - Setting next_dagrun for example_branch_dop_operator_v3 to 2022-12-08T12:48:00+00:00, run_after=2022-12-08T12:49:00+00:00
[2022-12-08T12:49:03.399+0000] {processor.py:175} INFO - Processing /home/airflow/.local/lib/python3.7/site-packages/airflow/example_dags/example_branch_python_dop_operator_3.py took 0.280 seconds
[2022-12-08T12:49:34.219+0000] {processor.py:153} INFO - Started process (PID=591) to work on /home/airflow/.local/lib/python3.7/site-packages/airflow/example_dags/example_branch_python_dop_operator_3.py
[2022-12-08T12:49:34.228+0000] {processor.py:743} INFO - Processing file /home/airflow/.local/lib/python3.7/site-packages/airflow/example_dags/example_branch_python_dop_operator_3.py for tasks to queue
[2022-12-08T12:49:34.232+0000] {logging_mixin.py:137} INFO - [2022-12-08T12:49:34.231+0000] {dagbag.py:538} INFO - Filling up the DagBag from /home/airflow/.local/lib/python3.7/site-packages/airflow/example_dags/example_branch_python_dop_operator_3.py
[2022-12-08T12:49:34.345+0000] {processor.py:753} INFO - DAG(s) dict_keys(['example_branch_dop_operator_v3']) retrieved from /home/airflow/.local/lib/python3.7/site-packages/airflow/example_dags/example_branch_python_dop_operator_3.py
[2022-12-08T12:49:34.674+0000] {logging_mixin.py:137} INFO - [2022-12-08T12:49:34.674+0000] {dag.py:2676} INFO - Sync 1 DAGs
[2022-12-08T12:49:34.823+0000] {logging_mixin.py:137} INFO - [2022-12-08T12:49:34.822+0000] {dag.py:3427} INFO - Setting next_dagrun for example_branch_dop_operator_v3 to 2022-12-08T12:48:00+00:00, run_after=2022-12-08T12:49:00+00:00
[2022-12-08T12:49:34.893+0000] {processor.py:175} INFO - Processing /home/airflow/.local/lib/python3.7/site-packages/airflow/example_dags/example_branch_python_dop_operator_3.py took 0.701 seconds
[2022-12-08T12:50:05.094+0000] {processor.py:153} INFO - Started process (PID=648) to work on /home/airflow/.local/lib/python3.7/site-packages/airflow/example_dags/example_branch_python_dop_operator_3.py
[2022-12-08T12:50:05.101+0000] {processor.py:743} INFO - Processing file /home/airflow/.local/lib/python3.7/site-packages/airflow/example_dags/example_branch_python_dop_operator_3.py for tasks to queue
[2022-12-08T12:50:05.106+0000] {logging_mixin.py:137} INFO - [2022-12-08T12:50:05.106+0000] {dagbag.py:538} INFO - Filling up the DagBag from /home/airflow/.local/lib/python3.7/site-packages/airflow/example_dags/example_branch_python_dop_operator_3.py
[2022-12-08T12:50:05.196+0000] {processor.py:753} INFO - DAG(s) dict_keys(['example_branch_dop_operator_v3']) retrieved from /home/airflow/.local/lib/python3.7/site-packages/airflow/example_dags/example_branch_python_dop_operator_3.py
[2022-12-08T12:50:05.329+0000] {logging_mixin.py:137} INFO - [2022-12-08T12:50:05.328+0000] {dag.py:2676} INFO - Sync 1 DAGs
[2022-12-08T12:50:05.568+0000] {logging_mixin.py:137} INFO - [2022-12-08T12:50:05.568+0000] {dag.py:3427} INFO - Setting next_dagrun for example_branch_dop_operator_v3 to 2022-12-08T12:49:00+00:00, run_after=2022-12-08T12:50:00+00:00
[2022-12-08T12:50:05.668+0000] {processor.py:175} INFO - Processing /home/airflow/.local/lib/python3.7/site-packages/airflow/example_dags/example_branch_python_dop_operator_3.py took 0.594 seconds
[2022-12-08T12:50:36.544+0000] {processor.py:153} INFO - Started process (PID=707) to work on /home/airflow/.local/lib/python3.7/site-packages/airflow/example_dags/example_branch_python_dop_operator_3.py
[2022-12-08T12:50:36.547+0000] {processor.py:743} INFO - Processing file /home/airflow/.local/lib/python3.7/site-packages/airflow/example_dags/example_branch_python_dop_operator_3.py for tasks to queue
[2022-12-08T12:50:36.550+0000] {logging_mixin.py:137} INFO - [2022-12-08T12:50:36.550+0000] {dagbag.py:538} INFO - Filling up the DagBag from /home/airflow/.local/lib/python3.7/site-packages/airflow/example_dags/example_branch_python_dop_operator_3.py
[2022-12-08T12:50:36.605+0000] {processor.py:753} INFO - DAG(s) dict_keys(['example_branch_dop_operator_v3']) retrieved from /home/airflow/.local/lib/python3.7/site-packages/airflow/example_dags/example_branch_python_dop_operator_3.py
[2022-12-08T12:50:36.679+0000] {logging_mixin.py:137} INFO - [2022-12-08T12:50:36.679+0000] {dag.py:2676} INFO - Sync 1 DAGs
[2022-12-08T12:50:36.739+0000] {logging_mixin.py:137} INFO - [2022-12-08T12:50:36.738+0000] {dag.py:3427} INFO - Setting next_dagrun for example_branch_dop_operator_v3 to 2022-12-08T12:49:00+00:00, run_after=2022-12-08T12:50:00+00:00
[2022-12-08T12:50:36.794+0000] {processor.py:175} INFO - Processing /home/airflow/.local/lib/python3.7/site-packages/airflow/example_dags/example_branch_python_dop_operator_3.py took 0.256 seconds
[2022-12-08T12:51:07.533+0000] {processor.py:153} INFO - Started process (PID=765) to work on /home/airflow/.local/lib/python3.7/site-packages/airflow/example_dags/example_branch_python_dop_operator_3.py
[2022-12-08T12:51:07.536+0000] {processor.py:743} INFO - Processing file /home/airflow/.local/lib/python3.7/site-packages/airflow/example_dags/example_branch_python_dop_operator_3.py for tasks to queue
[2022-12-08T12:51:07.540+0000] {logging_mixin.py:137} INFO - [2022-12-08T12:51:07.539+0000] {dagbag.py:538} INFO - Filling up the DagBag from /home/airflow/.local/lib/python3.7/site-packages/airflow/example_dags/example_branch_python_dop_operator_3.py
[2022-12-08T12:51:07.596+0000] {processor.py:753} INFO - DAG(s) dict_keys(['example_branch_dop_operator_v3']) retrieved from /home/airflow/.local/lib/python3.7/site-packages/airflow/example_dags/example_branch_python_dop_operator_3.py
[2022-12-08T12:51:07.664+0000] {logging_mixin.py:137} INFO - [2022-12-08T12:51:07.664+0000] {dag.py:2676} INFO - Sync 1 DAGs
[2022-12-08T12:51:07.726+0000] {logging_mixin.py:137} INFO - [2022-12-08T12:51:07.726+0000] {dag.py:3427} INFO - Setting next_dagrun for example_branch_dop_operator_v3 to 2022-12-08T12:50:00+00:00, run_after=2022-12-08T12:51:00+00:00
[2022-12-08T12:51:07.764+0000] {processor.py:175} INFO - Processing /home/airflow/.local/lib/python3.7/site-packages/airflow/example_dags/example_branch_python_dop_operator_3.py took 0.238 seconds
[2022-12-08T12:51:38.251+0000] {processor.py:153} INFO - Started process (PID=831) to work on /home/airflow/.local/lib/python3.7/site-packages/airflow/example_dags/example_branch_python_dop_operator_3.py
[2022-12-08T12:51:38.259+0000] {processor.py:743} INFO - Processing file /home/airflow/.local/lib/python3.7/site-packages/airflow/example_dags/example_branch_python_dop_operator_3.py for tasks to queue
[2022-12-08T12:51:38.270+0000] {logging_mixin.py:137} INFO - [2022-12-08T12:51:38.267+0000] {dagbag.py:538} INFO - Filling up the DagBag from /home/airflow/.local/lib/python3.7/site-packages/airflow/example_dags/example_branch_python_dop_operator_3.py
[2022-12-08T12:51:38.438+0000] {processor.py:753} INFO - DAG(s) dict_keys(['example_branch_dop_operator_v3']) retrieved from /home/airflow/.local/lib/python3.7/site-packages/airflow/example_dags/example_branch_python_dop_operator_3.py
[2022-12-08T12:51:38.645+0000] {logging_mixin.py:137} INFO - [2022-12-08T12:51:38.645+0000] {dag.py:2676} INFO - Sync 1 DAGs
[2022-12-08T12:51:38.829+0000] {logging_mixin.py:137} INFO - [2022-12-08T12:51:38.829+0000] {dag.py:3427} INFO - Setting next_dagrun for example_branch_dop_operator_v3 to 2022-12-08T12:50:00+00:00, run_after=2022-12-08T12:51:00+00:00
[2022-12-08T12:51:38.923+0000] {processor.py:175} INFO - Processing /home/airflow/.local/lib/python3.7/site-packages/airflow/example_dags/example_branch_python_dop_operator_3.py took 0.689 seconds
[2022-12-08T12:52:09.399+0000] {processor.py:153} INFO - Started process (PID=879) to work on /home/airflow/.local/lib/python3.7/site-packages/airflow/example_dags/example_branch_python_dop_operator_3.py
[2022-12-08T12:52:09.403+0000] {processor.py:743} INFO - Processing file /home/airflow/.local/lib/python3.7/site-packages/airflow/example_dags/example_branch_python_dop_operator_3.py for tasks to queue
[2022-12-08T12:52:09.405+0000] {logging_mixin.py:137} INFO - [2022-12-08T12:52:09.405+0000] {dagbag.py:538} INFO - Filling up the DagBag from /home/airflow/.local/lib/python3.7/site-packages/airflow/example_dags/example_branch_python_dop_operator_3.py
[2022-12-08T12:52:09.527+0000] {processor.py:753} INFO - DAG(s) dict_keys(['example_branch_dop_operator_v3']) retrieved from /home/airflow/.local/lib/python3.7/site-packages/airflow/example_dags/example_branch_python_dop_operator_3.py
[2022-12-08T12:52:09.807+0000] {logging_mixin.py:137} INFO - [2022-12-08T12:52:09.807+0000] {dag.py:2676} INFO - Sync 1 DAGs
[2022-12-08T12:52:09.910+0000] {logging_mixin.py:137} INFO - [2022-12-08T12:52:09.909+0000] {dag.py:3427} INFO - Setting next_dagrun for example_branch_dop_operator_v3 to 2022-12-08T12:51:00+00:00, run_after=2022-12-08T12:52:00+00:00
[2022-12-08T12:52:10.128+0000] {processor.py:175} INFO - Processing /home/airflow/.local/lib/python3.7/site-packages/airflow/example_dags/example_branch_python_dop_operator_3.py took 0.746 seconds
