[2022-12-08T12:44:58.740+0000] {processor.py:153} INFO - Started process (PID=63) to work on /home/airflow/.local/lib/python3.7/site-packages/airflow/example_dags/example_complex.py
[2022-12-08T12:44:58.755+0000] {processor.py:743} INFO - Processing file /home/airflow/.local/lib/python3.7/site-packages/airflow/example_dags/example_complex.py for tasks to queue
[2022-12-08T12:44:58.769+0000] {logging_mixin.py:137} INFO - [2022-12-08T12:44:58.764+0000] {dagbag.py:538} INFO - Filling up the DagBag from /home/airflow/.local/lib/python3.7/site-packages/airflow/example_dags/example_complex.py
[2022-12-08T12:44:59.086+0000] {logging_mixin.py:137} INFO - [2022-12-08T12:44:59.070+0000] {taskmixin.py:205} WARNING - Dependency <Task(BashOperator): create_entry_group>, delete_entry_group already registered for DAG: example_complex
[2022-12-08T12:44:59.110+0000] {logging_mixin.py:137} INFO - [2022-12-08T12:44:59.109+0000] {taskmixin.py:205} WARNING - Dependency <Task(BashOperator): delete_entry_group>, create_entry_group already registered for DAG: example_complex
[2022-12-08T12:44:59.131+0000] {logging_mixin.py:137} INFO - [2022-12-08T12:44:59.131+0000] {taskmixin.py:205} WARNING - Dependency <Task(BashOperator): create_entry_gcs>, delete_entry already registered for DAG: example_complex
[2022-12-08T12:44:59.144+0000] {logging_mixin.py:137} INFO - [2022-12-08T12:44:59.136+0000] {taskmixin.py:205} WARNING - Dependency <Task(BashOperator): delete_entry>, create_entry_gcs already registered for DAG: example_complex
[2022-12-08T12:44:59.169+0000] {logging_mixin.py:137} INFO - [2022-12-08T12:44:59.158+0000] {taskmixin.py:205} WARNING - Dependency <Task(BashOperator): create_tag>, delete_tag already registered for DAG: example_complex
[2022-12-08T12:44:59.174+0000] {logging_mixin.py:137} INFO - [2022-12-08T12:44:59.172+0000] {taskmixin.py:205} WARNING - Dependency <Task(BashOperator): delete_tag>, create_tag already registered for DAG: example_complex
[2022-12-08T12:44:59.418+0000] {processor.py:753} INFO - DAG(s) dict_keys(['example_complex']) retrieved from /home/airflow/.local/lib/python3.7/site-packages/airflow/example_dags/example_complex.py
[2022-12-08T12:45:00.373+0000] {logging_mixin.py:137} INFO - [2022-12-08T12:45:00.373+0000] {dag.py:2676} INFO - Sync 1 DAGs
[2022-12-08T12:45:00.875+0000] {logging_mixin.py:137} INFO - [2022-12-08T12:45:00.875+0000] {dag.py:3427} INFO - Setting next_dagrun for example_complex to None, run_after=None
[2022-12-08T12:45:01.267+0000] {processor.py:175} INFO - Processing /home/airflow/.local/lib/python3.7/site-packages/airflow/example_dags/example_complex.py took 2.547 seconds
[2022-12-08T12:45:31.999+0000] {processor.py:153} INFO - Started process (PID=120) to work on /home/airflow/.local/lib/python3.7/site-packages/airflow/example_dags/example_complex.py
[2022-12-08T12:45:32.004+0000] {processor.py:743} INFO - Processing file /home/airflow/.local/lib/python3.7/site-packages/airflow/example_dags/example_complex.py for tasks to queue
[2022-12-08T12:45:32.010+0000] {logging_mixin.py:137} INFO - [2022-12-08T12:45:32.008+0000] {dagbag.py:538} INFO - Filling up the DagBag from /home/airflow/.local/lib/python3.7/site-packages/airflow/example_dags/example_complex.py
[2022-12-08T12:45:32.038+0000] {logging_mixin.py:137} INFO - [2022-12-08T12:45:32.038+0000] {taskmixin.py:205} WARNING - Dependency <Task(BashOperator): create_entry_group>, delete_entry_group already registered for DAG: example_complex
[2022-12-08T12:45:32.040+0000] {logging_mixin.py:137} INFO - [2022-12-08T12:45:32.039+0000] {taskmixin.py:205} WARNING - Dependency <Task(BashOperator): delete_entry_group>, create_entry_group already registered for DAG: example_complex
[2022-12-08T12:45:32.042+0000] {logging_mixin.py:137} INFO - [2022-12-08T12:45:32.042+0000] {taskmixin.py:205} WARNING - Dependency <Task(BashOperator): create_entry_gcs>, delete_entry already registered for DAG: example_complex
[2022-12-08T12:45:32.044+0000] {logging_mixin.py:137} INFO - [2022-12-08T12:45:32.044+0000] {taskmixin.py:205} WARNING - Dependency <Task(BashOperator): delete_entry>, create_entry_gcs already registered for DAG: example_complex
[2022-12-08T12:45:32.047+0000] {logging_mixin.py:137} INFO - [2022-12-08T12:45:32.047+0000] {taskmixin.py:205} WARNING - Dependency <Task(BashOperator): create_tag>, delete_tag already registered for DAG: example_complex
[2022-12-08T12:45:32.050+0000] {logging_mixin.py:137} INFO - [2022-12-08T12:45:32.049+0000] {taskmixin.py:205} WARNING - Dependency <Task(BashOperator): delete_tag>, create_tag already registered for DAG: example_complex
[2022-12-08T12:45:32.064+0000] {processor.py:753} INFO - DAG(s) dict_keys(['example_complex']) retrieved from /home/airflow/.local/lib/python3.7/site-packages/airflow/example_dags/example_complex.py
[2022-12-08T12:45:32.141+0000] {logging_mixin.py:137} INFO - [2022-12-08T12:45:32.140+0000] {dag.py:2676} INFO - Sync 1 DAGs
[2022-12-08T12:45:32.190+0000] {logging_mixin.py:137} INFO - [2022-12-08T12:45:32.189+0000] {dag.py:3427} INFO - Setting next_dagrun for example_complex to None, run_after=None
[2022-12-08T12:45:32.240+0000] {processor.py:175} INFO - Processing /home/airflow/.local/lib/python3.7/site-packages/airflow/example_dags/example_complex.py took 0.252 seconds
[2022-12-08T12:46:02.670+0000] {processor.py:153} INFO - Started process (PID=178) to work on /home/airflow/.local/lib/python3.7/site-packages/airflow/example_dags/example_complex.py
[2022-12-08T12:46:02.673+0000] {processor.py:743} INFO - Processing file /home/airflow/.local/lib/python3.7/site-packages/airflow/example_dags/example_complex.py for tasks to queue
[2022-12-08T12:46:02.676+0000] {logging_mixin.py:137} INFO - [2022-12-08T12:46:02.676+0000] {dagbag.py:538} INFO - Filling up the DagBag from /home/airflow/.local/lib/python3.7/site-packages/airflow/example_dags/example_complex.py
[2022-12-08T12:46:02.702+0000] {logging_mixin.py:137} INFO - [2022-12-08T12:46:02.702+0000] {taskmixin.py:205} WARNING - Dependency <Task(BashOperator): create_entry_group>, delete_entry_group already registered for DAG: example_complex
[2022-12-08T12:46:02.705+0000] {logging_mixin.py:137} INFO - [2022-12-08T12:46:02.704+0000] {taskmixin.py:205} WARNING - Dependency <Task(BashOperator): delete_entry_group>, create_entry_group already registered for DAG: example_complex
[2022-12-08T12:46:02.707+0000] {logging_mixin.py:137} INFO - [2022-12-08T12:46:02.706+0000] {taskmixin.py:205} WARNING - Dependency <Task(BashOperator): create_entry_gcs>, delete_entry already registered for DAG: example_complex
[2022-12-08T12:46:02.709+0000] {logging_mixin.py:137} INFO - [2022-12-08T12:46:02.708+0000] {taskmixin.py:205} WARNING - Dependency <Task(BashOperator): delete_entry>, create_entry_gcs already registered for DAG: example_complex
[2022-12-08T12:46:02.711+0000] {logging_mixin.py:137} INFO - [2022-12-08T12:46:02.711+0000] {taskmixin.py:205} WARNING - Dependency <Task(BashOperator): create_tag>, delete_tag already registered for DAG: example_complex
[2022-12-08T12:46:02.713+0000] {logging_mixin.py:137} INFO - [2022-12-08T12:46:02.713+0000] {taskmixin.py:205} WARNING - Dependency <Task(BashOperator): delete_tag>, create_tag already registered for DAG: example_complex
[2022-12-08T12:46:02.731+0000] {processor.py:753} INFO - DAG(s) dict_keys(['example_complex']) retrieved from /home/airflow/.local/lib/python3.7/site-packages/airflow/example_dags/example_complex.py
[2022-12-08T12:46:02.818+0000] {logging_mixin.py:137} INFO - [2022-12-08T12:46:02.818+0000] {dag.py:2676} INFO - Sync 1 DAGs
[2022-12-08T12:46:02.872+0000] {logging_mixin.py:137} INFO - [2022-12-08T12:46:02.872+0000] {dag.py:3427} INFO - Setting next_dagrun for example_complex to None, run_after=None
[2022-12-08T12:46:02.919+0000] {processor.py:175} INFO - Processing /home/airflow/.local/lib/python3.7/site-packages/airflow/example_dags/example_complex.py took 0.271 seconds
[2022-12-08T12:46:33.355+0000] {processor.py:153} INFO - Started process (PID=236) to work on /home/airflow/.local/lib/python3.7/site-packages/airflow/example_dags/example_complex.py
[2022-12-08T12:46:33.358+0000] {processor.py:743} INFO - Processing file /home/airflow/.local/lib/python3.7/site-packages/airflow/example_dags/example_complex.py for tasks to queue
[2022-12-08T12:46:33.361+0000] {logging_mixin.py:137} INFO - [2022-12-08T12:46:33.361+0000] {dagbag.py:538} INFO - Filling up the DagBag from /home/airflow/.local/lib/python3.7/site-packages/airflow/example_dags/example_complex.py
[2022-12-08T12:46:33.430+0000] {logging_mixin.py:137} INFO - [2022-12-08T12:46:33.430+0000] {taskmixin.py:205} WARNING - Dependency <Task(BashOperator): create_entry_group>, delete_entry_group already registered for DAG: example_complex
[2022-12-08T12:46:33.445+0000] {logging_mixin.py:137} INFO - [2022-12-08T12:46:33.445+0000] {taskmixin.py:205} WARNING - Dependency <Task(BashOperator): delete_entry_group>, create_entry_group already registered for DAG: example_complex
[2022-12-08T12:46:33.448+0000] {logging_mixin.py:137} INFO - [2022-12-08T12:46:33.447+0000] {taskmixin.py:205} WARNING - Dependency <Task(BashOperator): create_entry_gcs>, delete_entry already registered for DAG: example_complex
[2022-12-08T12:46:33.452+0000] {logging_mixin.py:137} INFO - [2022-12-08T12:46:33.452+0000] {taskmixin.py:205} WARNING - Dependency <Task(BashOperator): delete_entry>, create_entry_gcs already registered for DAG: example_complex
[2022-12-08T12:46:33.456+0000] {logging_mixin.py:137} INFO - [2022-12-08T12:46:33.456+0000] {taskmixin.py:205} WARNING - Dependency <Task(BashOperator): create_tag>, delete_tag already registered for DAG: example_complex
[2022-12-08T12:46:33.459+0000] {logging_mixin.py:137} INFO - [2022-12-08T12:46:33.459+0000] {taskmixin.py:205} WARNING - Dependency <Task(BashOperator): delete_tag>, create_tag already registered for DAG: example_complex
[2022-12-08T12:46:33.506+0000] {processor.py:753} INFO - DAG(s) dict_keys(['example_complex']) retrieved from /home/airflow/.local/lib/python3.7/site-packages/airflow/example_dags/example_complex.py
[2022-12-08T12:46:33.593+0000] {logging_mixin.py:137} INFO - [2022-12-08T12:46:33.593+0000] {dag.py:2676} INFO - Sync 1 DAGs
[2022-12-08T12:46:33.661+0000] {logging_mixin.py:137} INFO - [2022-12-08T12:46:33.660+0000] {dag.py:3427} INFO - Setting next_dagrun for example_complex to None, run_after=None
[2022-12-08T12:46:33.737+0000] {processor.py:175} INFO - Processing /home/airflow/.local/lib/python3.7/site-packages/airflow/example_dags/example_complex.py took 0.394 seconds
[2022-12-08T12:47:04.813+0000] {processor.py:153} INFO - Started process (PID=293) to work on /home/airflow/.local/lib/python3.7/site-packages/airflow/example_dags/example_complex.py
[2022-12-08T12:47:04.841+0000] {processor.py:743} INFO - Processing file /home/airflow/.local/lib/python3.7/site-packages/airflow/example_dags/example_complex.py for tasks to queue
[2022-12-08T12:47:04.844+0000] {logging_mixin.py:137} INFO - [2022-12-08T12:47:04.844+0000] {dagbag.py:538} INFO - Filling up the DagBag from /home/airflow/.local/lib/python3.7/site-packages/airflow/example_dags/example_complex.py
[2022-12-08T12:47:04.925+0000] {logging_mixin.py:137} INFO - [2022-12-08T12:47:04.924+0000] {taskmixin.py:205} WARNING - Dependency <Task(BashOperator): create_entry_group>, delete_entry_group already registered for DAG: example_complex
[2022-12-08T12:47:04.928+0000] {logging_mixin.py:137} INFO - [2022-12-08T12:47:04.927+0000] {taskmixin.py:205} WARNING - Dependency <Task(BashOperator): delete_entry_group>, create_entry_group already registered for DAG: example_complex
[2022-12-08T12:47:04.932+0000] {logging_mixin.py:137} INFO - [2022-12-08T12:47:04.931+0000] {taskmixin.py:205} WARNING - Dependency <Task(BashOperator): create_entry_gcs>, delete_entry already registered for DAG: example_complex
[2022-12-08T12:47:04.935+0000] {logging_mixin.py:137} INFO - [2022-12-08T12:47:04.934+0000] {taskmixin.py:205} WARNING - Dependency <Task(BashOperator): delete_entry>, create_entry_gcs already registered for DAG: example_complex
[2022-12-08T12:47:04.939+0000] {logging_mixin.py:137} INFO - [2022-12-08T12:47:04.938+0000] {taskmixin.py:205} WARNING - Dependency <Task(BashOperator): create_tag>, delete_tag already registered for DAG: example_complex
[2022-12-08T12:47:04.945+0000] {logging_mixin.py:137} INFO - [2022-12-08T12:47:04.944+0000] {taskmixin.py:205} WARNING - Dependency <Task(BashOperator): delete_tag>, create_tag already registered for DAG: example_complex
[2022-12-08T12:47:04.988+0000] {processor.py:753} INFO - DAG(s) dict_keys(['example_complex']) retrieved from /home/airflow/.local/lib/python3.7/site-packages/airflow/example_dags/example_complex.py
[2022-12-08T12:47:05.167+0000] {logging_mixin.py:137} INFO - [2022-12-08T12:47:05.167+0000] {dag.py:2676} INFO - Sync 1 DAGs
[2022-12-08T12:47:05.330+0000] {logging_mixin.py:137} INFO - [2022-12-08T12:47:05.327+0000] {dag.py:3427} INFO - Setting next_dagrun for example_complex to None, run_after=None
[2022-12-08T12:47:05.443+0000] {processor.py:175} INFO - Processing /home/airflow/.local/lib/python3.7/site-packages/airflow/example_dags/example_complex.py took 0.671 seconds
[2022-12-08T12:47:36.183+0000] {processor.py:153} INFO - Started process (PID=362) to work on /home/airflow/.local/lib/python3.7/site-packages/airflow/example_dags/example_complex.py
[2022-12-08T12:47:36.187+0000] {processor.py:743} INFO - Processing file /home/airflow/.local/lib/python3.7/site-packages/airflow/example_dags/example_complex.py for tasks to queue
[2022-12-08T12:47:36.192+0000] {logging_mixin.py:137} INFO - [2022-12-08T12:47:36.191+0000] {dagbag.py:538} INFO - Filling up the DagBag from /home/airflow/.local/lib/python3.7/site-packages/airflow/example_dags/example_complex.py
[2022-12-08T12:47:36.236+0000] {logging_mixin.py:137} INFO - [2022-12-08T12:47:36.236+0000] {taskmixin.py:205} WARNING - Dependency <Task(BashOperator): create_entry_group>, delete_entry_group already registered for DAG: example_complex
[2022-12-08T12:47:36.238+0000] {logging_mixin.py:137} INFO - [2022-12-08T12:47:36.237+0000] {taskmixin.py:205} WARNING - Dependency <Task(BashOperator): delete_entry_group>, create_entry_group already registered for DAG: example_complex
[2022-12-08T12:47:36.239+0000] {logging_mixin.py:137} INFO - [2022-12-08T12:47:36.239+0000] {taskmixin.py:205} WARNING - Dependency <Task(BashOperator): create_entry_gcs>, delete_entry already registered for DAG: example_complex
[2022-12-08T12:47:36.241+0000] {logging_mixin.py:137} INFO - [2022-12-08T12:47:36.241+0000] {taskmixin.py:205} WARNING - Dependency <Task(BashOperator): delete_entry>, create_entry_gcs already registered for DAG: example_complex
[2022-12-08T12:47:36.243+0000] {logging_mixin.py:137} INFO - [2022-12-08T12:47:36.243+0000] {taskmixin.py:205} WARNING - Dependency <Task(BashOperator): create_tag>, delete_tag already registered for DAG: example_complex
[2022-12-08T12:47:36.245+0000] {logging_mixin.py:137} INFO - [2022-12-08T12:47:36.244+0000] {taskmixin.py:205} WARNING - Dependency <Task(BashOperator): delete_tag>, create_tag already registered for DAG: example_complex
[2022-12-08T12:47:36.274+0000] {processor.py:753} INFO - DAG(s) dict_keys(['example_complex']) retrieved from /home/airflow/.local/lib/python3.7/site-packages/airflow/example_dags/example_complex.py
[2022-12-08T12:47:36.495+0000] {logging_mixin.py:137} INFO - [2022-12-08T12:47:36.495+0000] {dag.py:2676} INFO - Sync 1 DAGs
[2022-12-08T12:47:36.576+0000] {logging_mixin.py:137} INFO - [2022-12-08T12:47:36.576+0000] {dag.py:3427} INFO - Setting next_dagrun for example_complex to None, run_after=None
[2022-12-08T12:47:36.630+0000] {processor.py:175} INFO - Processing /home/airflow/.local/lib/python3.7/site-packages/airflow/example_dags/example_complex.py took 0.462 seconds
[2022-12-08T12:48:07.310+0000] {processor.py:153} INFO - Started process (PID=419) to work on /home/airflow/.local/lib/python3.7/site-packages/airflow/example_dags/example_complex.py
[2022-12-08T12:48:07.314+0000] {processor.py:743} INFO - Processing file /home/airflow/.local/lib/python3.7/site-packages/airflow/example_dags/example_complex.py for tasks to queue
[2022-12-08T12:48:07.318+0000] {logging_mixin.py:137} INFO - [2022-12-08T12:48:07.318+0000] {dagbag.py:538} INFO - Filling up the DagBag from /home/airflow/.local/lib/python3.7/site-packages/airflow/example_dags/example_complex.py
[2022-12-08T12:48:07.349+0000] {logging_mixin.py:137} INFO - [2022-12-08T12:48:07.348+0000] {taskmixin.py:205} WARNING - Dependency <Task(BashOperator): create_entry_group>, delete_entry_group already registered for DAG: example_complex
[2022-12-08T12:48:07.351+0000] {logging_mixin.py:137} INFO - [2022-12-08T12:48:07.350+0000] {taskmixin.py:205} WARNING - Dependency <Task(BashOperator): delete_entry_group>, create_entry_group already registered for DAG: example_complex
[2022-12-08T12:48:07.353+0000] {logging_mixin.py:137} INFO - [2022-12-08T12:48:07.353+0000] {taskmixin.py:205} WARNING - Dependency <Task(BashOperator): create_entry_gcs>, delete_entry already registered for DAG: example_complex
[2022-12-08T12:48:07.356+0000] {logging_mixin.py:137} INFO - [2022-12-08T12:48:07.355+0000] {taskmixin.py:205} WARNING - Dependency <Task(BashOperator): delete_entry>, create_entry_gcs already registered for DAG: example_complex
[2022-12-08T12:48:07.359+0000] {logging_mixin.py:137} INFO - [2022-12-08T12:48:07.359+0000] {taskmixin.py:205} WARNING - Dependency <Task(BashOperator): create_tag>, delete_tag already registered for DAG: example_complex
[2022-12-08T12:48:07.361+0000] {logging_mixin.py:137} INFO - [2022-12-08T12:48:07.361+0000] {taskmixin.py:205} WARNING - Dependency <Task(BashOperator): delete_tag>, create_tag already registered for DAG: example_complex
[2022-12-08T12:48:07.380+0000] {processor.py:753} INFO - DAG(s) dict_keys(['example_complex']) retrieved from /home/airflow/.local/lib/python3.7/site-packages/airflow/example_dags/example_complex.py
[2022-12-08T12:48:07.485+0000] {logging_mixin.py:137} INFO - [2022-12-08T12:48:07.485+0000] {dag.py:2676} INFO - Sync 1 DAGs
[2022-12-08T12:48:07.528+0000] {logging_mixin.py:137} INFO - [2022-12-08T12:48:07.528+0000] {dag.py:3427} INFO - Setting next_dagrun for example_complex to None, run_after=None
[2022-12-08T12:48:07.561+0000] {processor.py:175} INFO - Processing /home/airflow/.local/lib/python3.7/site-packages/airflow/example_dags/example_complex.py took 0.259 seconds
[2022-12-08T12:48:37.829+0000] {processor.py:153} INFO - Started process (PID=476) to work on /home/airflow/.local/lib/python3.7/site-packages/airflow/example_dags/example_complex.py
[2022-12-08T12:48:37.842+0000] {processor.py:743} INFO - Processing file /home/airflow/.local/lib/python3.7/site-packages/airflow/example_dags/example_complex.py for tasks to queue
[2022-12-08T12:48:37.845+0000] {logging_mixin.py:137} INFO - [2022-12-08T12:48:37.845+0000] {dagbag.py:538} INFO - Filling up the DagBag from /home/airflow/.local/lib/python3.7/site-packages/airflow/example_dags/example_complex.py
[2022-12-08T12:48:37.868+0000] {logging_mixin.py:137} INFO - [2022-12-08T12:48:37.868+0000] {taskmixin.py:205} WARNING - Dependency <Task(BashOperator): create_entry_group>, delete_entry_group already registered for DAG: example_complex
[2022-12-08T12:48:37.870+0000] {logging_mixin.py:137} INFO - [2022-12-08T12:48:37.870+0000] {taskmixin.py:205} WARNING - Dependency <Task(BashOperator): delete_entry_group>, create_entry_group already registered for DAG: example_complex
[2022-12-08T12:48:37.872+0000] {logging_mixin.py:137} INFO - [2022-12-08T12:48:37.872+0000] {taskmixin.py:205} WARNING - Dependency <Task(BashOperator): create_entry_gcs>, delete_entry already registered for DAG: example_complex
[2022-12-08T12:48:37.874+0000] {logging_mixin.py:137} INFO - [2022-12-08T12:48:37.873+0000] {taskmixin.py:205} WARNING - Dependency <Task(BashOperator): delete_entry>, create_entry_gcs already registered for DAG: example_complex
[2022-12-08T12:48:37.876+0000] {logging_mixin.py:137} INFO - [2022-12-08T12:48:37.876+0000] {taskmixin.py:205} WARNING - Dependency <Task(BashOperator): create_tag>, delete_tag already registered for DAG: example_complex
[2022-12-08T12:48:37.878+0000] {logging_mixin.py:137} INFO - [2022-12-08T12:48:37.877+0000] {taskmixin.py:205} WARNING - Dependency <Task(BashOperator): delete_tag>, create_tag already registered for DAG: example_complex
[2022-12-08T12:48:37.894+0000] {processor.py:753} INFO - DAG(s) dict_keys(['example_complex']) retrieved from /home/airflow/.local/lib/python3.7/site-packages/airflow/example_dags/example_complex.py
[2022-12-08T12:48:37.964+0000] {logging_mixin.py:137} INFO - [2022-12-08T12:48:37.964+0000] {dag.py:2676} INFO - Sync 1 DAGs
[2022-12-08T12:48:38.005+0000] {logging_mixin.py:137} INFO - [2022-12-08T12:48:38.005+0000] {dag.py:3427} INFO - Setting next_dagrun for example_complex to None, run_after=None
[2022-12-08T12:48:38.057+0000] {processor.py:175} INFO - Processing /home/airflow/.local/lib/python3.7/site-packages/airflow/example_dags/example_complex.py took 0.235 seconds
[2022-12-08T12:49:08.167+0000] {processor.py:153} INFO - Started process (PID=535) to work on /home/airflow/.local/lib/python3.7/site-packages/airflow/example_dags/example_complex.py
[2022-12-08T12:49:08.169+0000] {processor.py:743} INFO - Processing file /home/airflow/.local/lib/python3.7/site-packages/airflow/example_dags/example_complex.py for tasks to queue
[2022-12-08T12:49:08.172+0000] {logging_mixin.py:137} INFO - [2022-12-08T12:49:08.171+0000] {dagbag.py:538} INFO - Filling up the DagBag from /home/airflow/.local/lib/python3.7/site-packages/airflow/example_dags/example_complex.py
[2022-12-08T12:49:08.193+0000] {logging_mixin.py:137} INFO - [2022-12-08T12:49:08.192+0000] {taskmixin.py:205} WARNING - Dependency <Task(BashOperator): create_entry_group>, delete_entry_group already registered for DAG: example_complex
[2022-12-08T12:49:08.195+0000] {logging_mixin.py:137} INFO - [2022-12-08T12:49:08.194+0000] {taskmixin.py:205} WARNING - Dependency <Task(BashOperator): delete_entry_group>, create_entry_group already registered for DAG: example_complex
[2022-12-08T12:49:08.196+0000] {logging_mixin.py:137} INFO - [2022-12-08T12:49:08.196+0000] {taskmixin.py:205} WARNING - Dependency <Task(BashOperator): create_entry_gcs>, delete_entry already registered for DAG: example_complex
[2022-12-08T12:49:08.198+0000] {logging_mixin.py:137} INFO - [2022-12-08T12:49:08.198+0000] {taskmixin.py:205} WARNING - Dependency <Task(BashOperator): delete_entry>, create_entry_gcs already registered for DAG: example_complex
[2022-12-08T12:49:08.201+0000] {logging_mixin.py:137} INFO - [2022-12-08T12:49:08.201+0000] {taskmixin.py:205} WARNING - Dependency <Task(BashOperator): create_tag>, delete_tag already registered for DAG: example_complex
[2022-12-08T12:49:08.203+0000] {logging_mixin.py:137} INFO - [2022-12-08T12:49:08.202+0000] {taskmixin.py:205} WARNING - Dependency <Task(BashOperator): delete_tag>, create_tag already registered for DAG: example_complex
[2022-12-08T12:49:08.218+0000] {processor.py:753} INFO - DAG(s) dict_keys(['example_complex']) retrieved from /home/airflow/.local/lib/python3.7/site-packages/airflow/example_dags/example_complex.py
[2022-12-08T12:49:08.296+0000] {logging_mixin.py:137} INFO - [2022-12-08T12:49:08.296+0000] {dag.py:2676} INFO - Sync 1 DAGs
[2022-12-08T12:49:08.336+0000] {logging_mixin.py:137} INFO - [2022-12-08T12:49:08.336+0000] {dag.py:3427} INFO - Setting next_dagrun for example_complex to None, run_after=None
[2022-12-08T12:49:08.371+0000] {processor.py:175} INFO - Processing /home/airflow/.local/lib/python3.7/site-packages/airflow/example_dags/example_complex.py took 0.211 seconds
[2022-12-08T12:49:39.043+0000] {processor.py:153} INFO - Started process (PID=593) to work on /home/airflow/.local/lib/python3.7/site-packages/airflow/example_dags/example_complex.py
[2022-12-08T12:49:39.046+0000] {processor.py:743} INFO - Processing file /home/airflow/.local/lib/python3.7/site-packages/airflow/example_dags/example_complex.py for tasks to queue
[2022-12-08T12:49:39.049+0000] {logging_mixin.py:137} INFO - [2022-12-08T12:49:39.049+0000] {dagbag.py:538} INFO - Filling up the DagBag from /home/airflow/.local/lib/python3.7/site-packages/airflow/example_dags/example_complex.py
[2022-12-08T12:49:39.072+0000] {logging_mixin.py:137} INFO - [2022-12-08T12:49:39.072+0000] {taskmixin.py:205} WARNING - Dependency <Task(BashOperator): create_entry_group>, delete_entry_group already registered for DAG: example_complex
[2022-12-08T12:49:39.076+0000] {logging_mixin.py:137} INFO - [2022-12-08T12:49:39.075+0000] {taskmixin.py:205} WARNING - Dependency <Task(BashOperator): delete_entry_group>, create_entry_group already registered for DAG: example_complex
[2022-12-08T12:49:39.078+0000] {logging_mixin.py:137} INFO - [2022-12-08T12:49:39.077+0000] {taskmixin.py:205} WARNING - Dependency <Task(BashOperator): create_entry_gcs>, delete_entry already registered for DAG: example_complex
[2022-12-08T12:49:39.080+0000] {logging_mixin.py:137} INFO - [2022-12-08T12:49:39.080+0000] {taskmixin.py:205} WARNING - Dependency <Task(BashOperator): delete_entry>, create_entry_gcs already registered for DAG: example_complex
[2022-12-08T12:49:39.083+0000] {logging_mixin.py:137} INFO - [2022-12-08T12:49:39.082+0000] {taskmixin.py:205} WARNING - Dependency <Task(BashOperator): create_tag>, delete_tag already registered for DAG: example_complex
[2022-12-08T12:49:39.085+0000] {logging_mixin.py:137} INFO - [2022-12-08T12:49:39.084+0000] {taskmixin.py:205} WARNING - Dependency <Task(BashOperator): delete_tag>, create_tag already registered for DAG: example_complex
[2022-12-08T12:49:39.110+0000] {processor.py:753} INFO - DAG(s) dict_keys(['example_complex']) retrieved from /home/airflow/.local/lib/python3.7/site-packages/airflow/example_dags/example_complex.py
[2022-12-08T12:49:39.197+0000] {logging_mixin.py:137} INFO - [2022-12-08T12:49:39.197+0000] {dag.py:2676} INFO - Sync 1 DAGs
[2022-12-08T12:49:39.239+0000] {logging_mixin.py:137} INFO - [2022-12-08T12:49:39.239+0000] {dag.py:3427} INFO - Setting next_dagrun for example_complex to None, run_after=None
[2022-12-08T12:49:39.295+0000] {processor.py:175} INFO - Processing /home/airflow/.local/lib/python3.7/site-packages/airflow/example_dags/example_complex.py took 0.257 seconds
[2022-12-08T12:50:09.956+0000] {processor.py:153} INFO - Started process (PID=651) to work on /home/airflow/.local/lib/python3.7/site-packages/airflow/example_dags/example_complex.py
[2022-12-08T12:50:10.017+0000] {processor.py:743} INFO - Processing file /home/airflow/.local/lib/python3.7/site-packages/airflow/example_dags/example_complex.py for tasks to queue
[2022-12-08T12:50:10.027+0000] {logging_mixin.py:137} INFO - [2022-12-08T12:50:10.026+0000] {dagbag.py:538} INFO - Filling up the DagBag from /home/airflow/.local/lib/python3.7/site-packages/airflow/example_dags/example_complex.py
[2022-12-08T12:50:10.070+0000] {logging_mixin.py:137} INFO - [2022-12-08T12:50:10.069+0000] {taskmixin.py:205} WARNING - Dependency <Task(BashOperator): create_entry_group>, delete_entry_group already registered for DAG: example_complex
[2022-12-08T12:50:10.072+0000] {logging_mixin.py:137} INFO - [2022-12-08T12:50:10.071+0000] {taskmixin.py:205} WARNING - Dependency <Task(BashOperator): delete_entry_group>, create_entry_group already registered for DAG: example_complex
[2022-12-08T12:50:10.074+0000] {logging_mixin.py:137} INFO - [2022-12-08T12:50:10.073+0000] {taskmixin.py:205} WARNING - Dependency <Task(BashOperator): create_entry_gcs>, delete_entry already registered for DAG: example_complex
[2022-12-08T12:50:10.075+0000] {logging_mixin.py:137} INFO - [2022-12-08T12:50:10.075+0000] {taskmixin.py:205} WARNING - Dependency <Task(BashOperator): delete_entry>, create_entry_gcs already registered for DAG: example_complex
[2022-12-08T12:50:10.078+0000] {logging_mixin.py:137} INFO - [2022-12-08T12:50:10.078+0000] {taskmixin.py:205} WARNING - Dependency <Task(BashOperator): create_tag>, delete_tag already registered for DAG: example_complex
[2022-12-08T12:50:10.079+0000] {logging_mixin.py:137} INFO - [2022-12-08T12:50:10.079+0000] {taskmixin.py:205} WARNING - Dependency <Task(BashOperator): delete_tag>, create_tag already registered for DAG: example_complex
[2022-12-08T12:50:10.092+0000] {processor.py:753} INFO - DAG(s) dict_keys(['example_complex']) retrieved from /home/airflow/.local/lib/python3.7/site-packages/airflow/example_dags/example_complex.py
[2022-12-08T12:50:10.180+0000] {logging_mixin.py:137} INFO - [2022-12-08T12:50:10.179+0000] {dag.py:2676} INFO - Sync 1 DAGs
[2022-12-08T12:50:10.238+0000] {logging_mixin.py:137} INFO - [2022-12-08T12:50:10.238+0000] {dag.py:3427} INFO - Setting next_dagrun for example_complex to None, run_after=None
[2022-12-08T12:50:10.292+0000] {processor.py:175} INFO - Processing /home/airflow/.local/lib/python3.7/site-packages/airflow/example_dags/example_complex.py took 0.350 seconds
[2022-12-08T12:50:40.902+0000] {processor.py:153} INFO - Started process (PID=718) to work on /home/airflow/.local/lib/python3.7/site-packages/airflow/example_dags/example_complex.py
[2022-12-08T12:50:40.906+0000] {processor.py:743} INFO - Processing file /home/airflow/.local/lib/python3.7/site-packages/airflow/example_dags/example_complex.py for tasks to queue
[2022-12-08T12:50:40.909+0000] {logging_mixin.py:137} INFO - [2022-12-08T12:50:40.909+0000] {dagbag.py:538} INFO - Filling up the DagBag from /home/airflow/.local/lib/python3.7/site-packages/airflow/example_dags/example_complex.py
[2022-12-08T12:50:40.935+0000] {logging_mixin.py:137} INFO - [2022-12-08T12:50:40.935+0000] {taskmixin.py:205} WARNING - Dependency <Task(BashOperator): create_entry_group>, delete_entry_group already registered for DAG: example_complex
[2022-12-08T12:50:40.938+0000] {logging_mixin.py:137} INFO - [2022-12-08T12:50:40.937+0000] {taskmixin.py:205} WARNING - Dependency <Task(BashOperator): delete_entry_group>, create_entry_group already registered for DAG: example_complex
[2022-12-08T12:50:40.940+0000] {logging_mixin.py:137} INFO - [2022-12-08T12:50:40.940+0000] {taskmixin.py:205} WARNING - Dependency <Task(BashOperator): create_entry_gcs>, delete_entry already registered for DAG: example_complex
[2022-12-08T12:50:40.942+0000] {logging_mixin.py:137} INFO - [2022-12-08T12:50:40.941+0000] {taskmixin.py:205} WARNING - Dependency <Task(BashOperator): delete_entry>, create_entry_gcs already registered for DAG: example_complex
[2022-12-08T12:50:40.945+0000] {logging_mixin.py:137} INFO - [2022-12-08T12:50:40.944+0000] {taskmixin.py:205} WARNING - Dependency <Task(BashOperator): create_tag>, delete_tag already registered for DAG: example_complex
[2022-12-08T12:50:40.947+0000] {logging_mixin.py:137} INFO - [2022-12-08T12:50:40.947+0000] {taskmixin.py:205} WARNING - Dependency <Task(BashOperator): delete_tag>, create_tag already registered for DAG: example_complex
[2022-12-08T12:50:40.976+0000] {processor.py:753} INFO - DAG(s) dict_keys(['example_complex']) retrieved from /home/airflow/.local/lib/python3.7/site-packages/airflow/example_dags/example_complex.py
[2022-12-08T12:50:41.066+0000] {logging_mixin.py:137} INFO - [2022-12-08T12:50:41.066+0000] {dag.py:2676} INFO - Sync 1 DAGs
[2022-12-08T12:50:41.149+0000] {logging_mixin.py:137} INFO - [2022-12-08T12:50:41.149+0000] {dag.py:3427} INFO - Setting next_dagrun for example_complex to None, run_after=None
[2022-12-08T12:50:41.183+0000] {processor.py:175} INFO - Processing /home/airflow/.local/lib/python3.7/site-packages/airflow/example_dags/example_complex.py took 0.289 seconds
[2022-12-08T12:51:11.321+0000] {processor.py:153} INFO - Started process (PID=777) to work on /home/airflow/.local/lib/python3.7/site-packages/airflow/example_dags/example_complex.py
[2022-12-08T12:51:11.328+0000] {processor.py:743} INFO - Processing file /home/airflow/.local/lib/python3.7/site-packages/airflow/example_dags/example_complex.py for tasks to queue
[2022-12-08T12:51:11.332+0000] {logging_mixin.py:137} INFO - [2022-12-08T12:51:11.332+0000] {dagbag.py:538} INFO - Filling up the DagBag from /home/airflow/.local/lib/python3.7/site-packages/airflow/example_dags/example_complex.py
[2022-12-08T12:51:11.375+0000] {logging_mixin.py:137} INFO - [2022-12-08T12:51:11.374+0000] {taskmixin.py:205} WARNING - Dependency <Task(BashOperator): create_entry_group>, delete_entry_group already registered for DAG: example_complex
[2022-12-08T12:51:11.378+0000] {logging_mixin.py:137} INFO - [2022-12-08T12:51:11.377+0000] {taskmixin.py:205} WARNING - Dependency <Task(BashOperator): delete_entry_group>, create_entry_group already registered for DAG: example_complex
[2022-12-08T12:51:11.386+0000] {logging_mixin.py:137} INFO - [2022-12-08T12:51:11.386+0000] {taskmixin.py:205} WARNING - Dependency <Task(BashOperator): create_entry_gcs>, delete_entry already registered for DAG: example_complex
[2022-12-08T12:51:11.390+0000] {logging_mixin.py:137} INFO - [2022-12-08T12:51:11.389+0000] {taskmixin.py:205} WARNING - Dependency <Task(BashOperator): delete_entry>, create_entry_gcs already registered for DAG: example_complex
[2022-12-08T12:51:11.395+0000] {logging_mixin.py:137} INFO - [2022-12-08T12:51:11.394+0000] {taskmixin.py:205} WARNING - Dependency <Task(BashOperator): create_tag>, delete_tag already registered for DAG: example_complex
[2022-12-08T12:51:11.398+0000] {logging_mixin.py:137} INFO - [2022-12-08T12:51:11.397+0000] {taskmixin.py:205} WARNING - Dependency <Task(BashOperator): delete_tag>, create_tag already registered for DAG: example_complex
[2022-12-08T12:51:11.428+0000] {processor.py:753} INFO - DAG(s) dict_keys(['example_complex']) retrieved from /home/airflow/.local/lib/python3.7/site-packages/airflow/example_dags/example_complex.py
[2022-12-08T12:51:11.514+0000] {logging_mixin.py:137} INFO - [2022-12-08T12:51:11.514+0000] {dag.py:2676} INFO - Sync 1 DAGs
[2022-12-08T12:51:11.577+0000] {logging_mixin.py:137} INFO - [2022-12-08T12:51:11.576+0000] {dag.py:3427} INFO - Setting next_dagrun for example_complex to None, run_after=None
[2022-12-08T12:51:11.634+0000] {processor.py:175} INFO - Processing /home/airflow/.local/lib/python3.7/site-packages/airflow/example_dags/example_complex.py took 0.324 seconds
[2022-12-08T12:51:42.024+0000] {processor.py:153} INFO - Started process (PID=833) to work on /home/airflow/.local/lib/python3.7/site-packages/airflow/example_dags/example_complex.py
[2022-12-08T12:51:42.027+0000] {processor.py:743} INFO - Processing file /home/airflow/.local/lib/python3.7/site-packages/airflow/example_dags/example_complex.py for tasks to queue
[2022-12-08T12:51:42.032+0000] {logging_mixin.py:137} INFO - [2022-12-08T12:51:42.032+0000] {dagbag.py:538} INFO - Filling up the DagBag from /home/airflow/.local/lib/python3.7/site-packages/airflow/example_dags/example_complex.py
[2022-12-08T12:51:42.055+0000] {logging_mixin.py:137} INFO - [2022-12-08T12:51:42.055+0000] {taskmixin.py:205} WARNING - Dependency <Task(BashOperator): create_entry_group>, delete_entry_group already registered for DAG: example_complex
[2022-12-08T12:51:42.058+0000] {logging_mixin.py:137} INFO - [2022-12-08T12:51:42.057+0000] {taskmixin.py:205} WARNING - Dependency <Task(BashOperator): delete_entry_group>, create_entry_group already registered for DAG: example_complex
[2022-12-08T12:51:42.060+0000] {logging_mixin.py:137} INFO - [2022-12-08T12:51:42.059+0000] {taskmixin.py:205} WARNING - Dependency <Task(BashOperator): create_entry_gcs>, delete_entry already registered for DAG: example_complex
[2022-12-08T12:51:42.062+0000] {logging_mixin.py:137} INFO - [2022-12-08T12:51:42.061+0000] {taskmixin.py:205} WARNING - Dependency <Task(BashOperator): delete_entry>, create_entry_gcs already registered for DAG: example_complex
[2022-12-08T12:51:42.064+0000] {logging_mixin.py:137} INFO - [2022-12-08T12:51:42.064+0000] {taskmixin.py:205} WARNING - Dependency <Task(BashOperator): create_tag>, delete_tag already registered for DAG: example_complex
[2022-12-08T12:51:42.066+0000] {logging_mixin.py:137} INFO - [2022-12-08T12:51:42.065+0000] {taskmixin.py:205} WARNING - Dependency <Task(BashOperator): delete_tag>, create_tag already registered for DAG: example_complex
[2022-12-08T12:51:42.082+0000] {processor.py:753} INFO - DAG(s) dict_keys(['example_complex']) retrieved from /home/airflow/.local/lib/python3.7/site-packages/airflow/example_dags/example_complex.py
[2022-12-08T12:51:42.166+0000] {logging_mixin.py:137} INFO - [2022-12-08T12:51:42.165+0000] {dag.py:2676} INFO - Sync 1 DAGs
[2022-12-08T12:51:42.221+0000] {logging_mixin.py:137} INFO - [2022-12-08T12:51:42.220+0000] {dag.py:3427} INFO - Setting next_dagrun for example_complex to None, run_after=None
[2022-12-08T12:51:42.256+0000] {processor.py:175} INFO - Processing /home/airflow/.local/lib/python3.7/site-packages/airflow/example_dags/example_complex.py took 0.240 seconds
[2022-12-08T12:52:13.218+0000] {processor.py:153} INFO - Started process (PID=889) to work on /home/airflow/.local/lib/python3.7/site-packages/airflow/example_dags/example_complex.py
[2022-12-08T12:52:13.222+0000] {processor.py:743} INFO - Processing file /home/airflow/.local/lib/python3.7/site-packages/airflow/example_dags/example_complex.py for tasks to queue
[2022-12-08T12:52:13.228+0000] {logging_mixin.py:137} INFO - [2022-12-08T12:52:13.227+0000] {dagbag.py:538} INFO - Filling up the DagBag from /home/airflow/.local/lib/python3.7/site-packages/airflow/example_dags/example_complex.py
[2022-12-08T12:52:13.268+0000] {logging_mixin.py:137} INFO - [2022-12-08T12:52:13.268+0000] {taskmixin.py:205} WARNING - Dependency <Task(BashOperator): create_entry_group>, delete_entry_group already registered for DAG: example_complex
[2022-12-08T12:52:13.272+0000] {logging_mixin.py:137} INFO - [2022-12-08T12:52:13.271+0000] {taskmixin.py:205} WARNING - Dependency <Task(BashOperator): delete_entry_group>, create_entry_group already registered for DAG: example_complex
[2022-12-08T12:52:13.274+0000] {logging_mixin.py:137} INFO - [2022-12-08T12:52:13.274+0000] {taskmixin.py:205} WARNING - Dependency <Task(BashOperator): create_entry_gcs>, delete_entry already registered for DAG: example_complex
[2022-12-08T12:52:13.277+0000] {logging_mixin.py:137} INFO - [2022-12-08T12:52:13.276+0000] {taskmixin.py:205} WARNING - Dependency <Task(BashOperator): delete_entry>, create_entry_gcs already registered for DAG: example_complex
[2022-12-08T12:52:13.279+0000] {logging_mixin.py:137} INFO - [2022-12-08T12:52:13.279+0000] {taskmixin.py:205} WARNING - Dependency <Task(BashOperator): create_tag>, delete_tag already registered for DAG: example_complex
[2022-12-08T12:52:13.281+0000] {logging_mixin.py:137} INFO - [2022-12-08T12:52:13.281+0000] {taskmixin.py:205} WARNING - Dependency <Task(BashOperator): delete_tag>, create_tag already registered for DAG: example_complex
[2022-12-08T12:52:13.304+0000] {processor.py:753} INFO - DAG(s) dict_keys(['example_complex']) retrieved from /home/airflow/.local/lib/python3.7/site-packages/airflow/example_dags/example_complex.py
[2022-12-08T12:52:13.412+0000] {logging_mixin.py:137} INFO - [2022-12-08T12:52:13.412+0000] {dag.py:2676} INFO - Sync 1 DAGs
[2022-12-08T12:52:13.501+0000] {logging_mixin.py:137} INFO - [2022-12-08T12:52:13.501+0000] {dag.py:3427} INFO - Setting next_dagrun for example_complex to None, run_after=None
[2022-12-08T12:52:13.565+0000] {processor.py:175} INFO - Processing /home/airflow/.local/lib/python3.7/site-packages/airflow/example_dags/example_complex.py took 0.368 seconds
