[2022-12-08T12:45:17.657+0000] {processor.py:153} INFO - Started process (PID=98) to work on /home/airflow/.local/lib/python3.7/site-packages/airflow/example_dags/example_external_task_marker_dag.py
[2022-12-08T12:45:17.666+0000] {processor.py:743} INFO - Processing file /home/airflow/.local/lib/python3.7/site-packages/airflow/example_dags/example_external_task_marker_dag.py for tasks to queue
[2022-12-08T12:45:17.671+0000] {logging_mixin.py:137} INFO - [2022-12-08T12:45:17.669+0000] {dagbag.py:538} INFO - Filling up the DagBag from /home/airflow/.local/lib/python3.7/site-packages/airflow/example_dags/example_external_task_marker_dag.py
[2022-12-08T12:45:17.746+0000] {processor.py:753} INFO - DAG(s) dict_keys(['example_external_task_marker_child', 'example_external_task_marker_parent']) retrieved from /home/airflow/.local/lib/python3.7/site-packages/airflow/example_dags/example_external_task_marker_dag.py
[2022-12-08T12:45:17.880+0000] {logging_mixin.py:137} INFO - [2022-12-08T12:45:17.880+0000] {dag.py:2676} INFO - Sync 2 DAGs
[2022-12-08T12:45:17.955+0000] {logging_mixin.py:137} INFO - [2022-12-08T12:45:17.955+0000] {dag.py:3427} INFO - Setting next_dagrun for example_external_task_marker_child to None, run_after=None
[2022-12-08T12:45:17.969+0000] {logging_mixin.py:137} INFO - [2022-12-08T12:45:17.969+0000] {dag.py:3427} INFO - Setting next_dagrun for example_external_task_marker_parent to None, run_after=None
[2022-12-08T12:45:18.027+0000] {processor.py:175} INFO - Processing /home/airflow/.local/lib/python3.7/site-packages/airflow/example_dags/example_external_task_marker_dag.py took 0.383 seconds
[2022-12-08T12:45:49.246+0000] {processor.py:153} INFO - Started process (PID=155) to work on /home/airflow/.local/lib/python3.7/site-packages/airflow/example_dags/example_external_task_marker_dag.py
[2022-12-08T12:45:49.252+0000] {processor.py:743} INFO - Processing file /home/airflow/.local/lib/python3.7/site-packages/airflow/example_dags/example_external_task_marker_dag.py for tasks to queue
[2022-12-08T12:45:49.262+0000] {logging_mixin.py:137} INFO - [2022-12-08T12:45:49.260+0000] {dagbag.py:538} INFO - Filling up the DagBag from /home/airflow/.local/lib/python3.7/site-packages/airflow/example_dags/example_external_task_marker_dag.py
[2022-12-08T12:45:49.328+0000] {processor.py:753} INFO - DAG(s) dict_keys(['example_external_task_marker_parent', 'example_external_task_marker_child']) retrieved from /home/airflow/.local/lib/python3.7/site-packages/airflow/example_dags/example_external_task_marker_dag.py
[2022-12-08T12:45:49.550+0000] {logging_mixin.py:137} INFO - [2022-12-08T12:45:49.549+0000] {dag.py:2676} INFO - Sync 2 DAGs
[2022-12-08T12:45:49.671+0000] {logging_mixin.py:137} INFO - [2022-12-08T12:45:49.670+0000] {dag.py:3427} INFO - Setting next_dagrun for example_external_task_marker_child to None, run_after=None
[2022-12-08T12:45:49.691+0000] {logging_mixin.py:137} INFO - [2022-12-08T12:45:49.691+0000] {dag.py:3427} INFO - Setting next_dagrun for example_external_task_marker_parent to None, run_after=None
[2022-12-08T12:45:49.758+0000] {processor.py:175} INFO - Processing /home/airflow/.local/lib/python3.7/site-packages/airflow/example_dags/example_external_task_marker_dag.py took 0.531 seconds
[2022-12-08T12:46:19.983+0000] {processor.py:153} INFO - Started process (PID=213) to work on /home/airflow/.local/lib/python3.7/site-packages/airflow/example_dags/example_external_task_marker_dag.py
[2022-12-08T12:46:19.989+0000] {processor.py:743} INFO - Processing file /home/airflow/.local/lib/python3.7/site-packages/airflow/example_dags/example_external_task_marker_dag.py for tasks to queue
[2022-12-08T12:46:19.993+0000] {logging_mixin.py:137} INFO - [2022-12-08T12:46:19.993+0000] {dagbag.py:538} INFO - Filling up the DagBag from /home/airflow/.local/lib/python3.7/site-packages/airflow/example_dags/example_external_task_marker_dag.py
[2022-12-08T12:46:20.023+0000] {processor.py:753} INFO - DAG(s) dict_keys(['example_external_task_marker_child', 'example_external_task_marker_parent']) retrieved from /home/airflow/.local/lib/python3.7/site-packages/airflow/example_dags/example_external_task_marker_dag.py
[2022-12-08T12:46:20.093+0000] {logging_mixin.py:137} INFO - [2022-12-08T12:46:20.093+0000] {dag.py:2676} INFO - Sync 2 DAGs
[2022-12-08T12:46:20.136+0000] {logging_mixin.py:137} INFO - [2022-12-08T12:46:20.136+0000] {dag.py:3427} INFO - Setting next_dagrun for example_external_task_marker_child to None, run_after=None
[2022-12-08T12:46:20.146+0000] {logging_mixin.py:137} INFO - [2022-12-08T12:46:20.146+0000] {dag.py:3427} INFO - Setting next_dagrun for example_external_task_marker_parent to None, run_after=None
[2022-12-08T12:46:20.177+0000] {processor.py:175} INFO - Processing /home/airflow/.local/lib/python3.7/site-packages/airflow/example_dags/example_external_task_marker_dag.py took 0.204 seconds
[2022-12-08T12:46:50.830+0000] {processor.py:153} INFO - Started process (PID=279) to work on /home/airflow/.local/lib/python3.7/site-packages/airflow/example_dags/example_external_task_marker_dag.py
[2022-12-08T12:46:50.834+0000] {processor.py:743} INFO - Processing file /home/airflow/.local/lib/python3.7/site-packages/airflow/example_dags/example_external_task_marker_dag.py for tasks to queue
[2022-12-08T12:46:50.840+0000] {logging_mixin.py:137} INFO - [2022-12-08T12:46:50.839+0000] {dagbag.py:538} INFO - Filling up the DagBag from /home/airflow/.local/lib/python3.7/site-packages/airflow/example_dags/example_external_task_marker_dag.py
[2022-12-08T12:46:50.916+0000] {processor.py:753} INFO - DAG(s) dict_keys(['example_external_task_marker_child', 'example_external_task_marker_parent']) retrieved from /home/airflow/.local/lib/python3.7/site-packages/airflow/example_dags/example_external_task_marker_dag.py
[2022-12-08T12:46:51.099+0000] {logging_mixin.py:137} INFO - [2022-12-08T12:46:51.099+0000] {dag.py:2676} INFO - Sync 2 DAGs
[2022-12-08T12:46:51.211+0000] {logging_mixin.py:137} INFO - [2022-12-08T12:46:51.211+0000] {dag.py:3427} INFO - Setting next_dagrun for example_external_task_marker_child to None, run_after=None
[2022-12-08T12:46:51.236+0000] {logging_mixin.py:137} INFO - [2022-12-08T12:46:51.235+0000] {dag.py:3427} INFO - Setting next_dagrun for example_external_task_marker_parent to None, run_after=None
[2022-12-08T12:46:51.302+0000] {processor.py:175} INFO - Processing /home/airflow/.local/lib/python3.7/site-packages/airflow/example_dags/example_external_task_marker_dag.py took 0.493 seconds
[2022-12-08T12:47:21.587+0000] {processor.py:153} INFO - Started process (PID=338) to work on /home/airflow/.local/lib/python3.7/site-packages/airflow/example_dags/example_external_task_marker_dag.py
[2022-12-08T12:47:21.595+0000] {processor.py:743} INFO - Processing file /home/airflow/.local/lib/python3.7/site-packages/airflow/example_dags/example_external_task_marker_dag.py for tasks to queue
[2022-12-08T12:47:21.597+0000] {logging_mixin.py:137} INFO - [2022-12-08T12:47:21.597+0000] {dagbag.py:538} INFO - Filling up the DagBag from /home/airflow/.local/lib/python3.7/site-packages/airflow/example_dags/example_external_task_marker_dag.py
[2022-12-08T12:47:21.692+0000] {processor.py:753} INFO - DAG(s) dict_keys(['example_external_task_marker_parent', 'example_external_task_marker_child']) retrieved from /home/airflow/.local/lib/python3.7/site-packages/airflow/example_dags/example_external_task_marker_dag.py
[2022-12-08T12:47:21.905+0000] {logging_mixin.py:137} INFO - [2022-12-08T12:47:21.905+0000] {dag.py:2676} INFO - Sync 2 DAGs
[2022-12-08T12:47:22.073+0000] {logging_mixin.py:137} INFO - [2022-12-08T12:47:22.069+0000] {dag.py:3427} INFO - Setting next_dagrun for example_external_task_marker_child to None, run_after=None
[2022-12-08T12:47:22.098+0000] {logging_mixin.py:137} INFO - [2022-12-08T12:47:22.097+0000] {dag.py:3427} INFO - Setting next_dagrun for example_external_task_marker_parent to None, run_after=None
[2022-12-08T12:47:22.173+0000] {processor.py:175} INFO - Processing /home/airflow/.local/lib/python3.7/site-packages/airflow/example_dags/example_external_task_marker_dag.py took 0.604 seconds
[2022-12-08T12:47:52.654+0000] {processor.py:153} INFO - Started process (PID=396) to work on /home/airflow/.local/lib/python3.7/site-packages/airflow/example_dags/example_external_task_marker_dag.py
[2022-12-08T12:47:52.666+0000] {processor.py:743} INFO - Processing file /home/airflow/.local/lib/python3.7/site-packages/airflow/example_dags/example_external_task_marker_dag.py for tasks to queue
[2022-12-08T12:47:52.675+0000] {logging_mixin.py:137} INFO - [2022-12-08T12:47:52.675+0000] {dagbag.py:538} INFO - Filling up the DagBag from /home/airflow/.local/lib/python3.7/site-packages/airflow/example_dags/example_external_task_marker_dag.py
[2022-12-08T12:47:52.704+0000] {processor.py:753} INFO - DAG(s) dict_keys(['example_external_task_marker_child', 'example_external_task_marker_parent']) retrieved from /home/airflow/.local/lib/python3.7/site-packages/airflow/example_dags/example_external_task_marker_dag.py
[2022-12-08T12:47:52.782+0000] {logging_mixin.py:137} INFO - [2022-12-08T12:47:52.782+0000] {dag.py:2676} INFO - Sync 2 DAGs
[2022-12-08T12:47:52.826+0000] {logging_mixin.py:137} INFO - [2022-12-08T12:47:52.826+0000] {dag.py:3427} INFO - Setting next_dagrun for example_external_task_marker_child to None, run_after=None
[2022-12-08T12:47:52.840+0000] {logging_mixin.py:137} INFO - [2022-12-08T12:47:52.839+0000] {dag.py:3427} INFO - Setting next_dagrun for example_external_task_marker_parent to None, run_after=None
[2022-12-08T12:47:52.896+0000] {processor.py:175} INFO - Processing /home/airflow/.local/lib/python3.7/site-packages/airflow/example_dags/example_external_task_marker_dag.py took 0.267 seconds
[2022-12-08T12:48:23.809+0000] {processor.py:153} INFO - Started process (PID=453) to work on /home/airflow/.local/lib/python3.7/site-packages/airflow/example_dags/example_external_task_marker_dag.py
[2022-12-08T12:48:23.818+0000] {processor.py:743} INFO - Processing file /home/airflow/.local/lib/python3.7/site-packages/airflow/example_dags/example_external_task_marker_dag.py for tasks to queue
[2022-12-08T12:48:23.832+0000] {logging_mixin.py:137} INFO - [2022-12-08T12:48:23.831+0000] {dagbag.py:538} INFO - Filling up the DagBag from /home/airflow/.local/lib/python3.7/site-packages/airflow/example_dags/example_external_task_marker_dag.py
[2022-12-08T12:48:23.928+0000] {processor.py:753} INFO - DAG(s) dict_keys(['example_external_task_marker_child', 'example_external_task_marker_parent']) retrieved from /home/airflow/.local/lib/python3.7/site-packages/airflow/example_dags/example_external_task_marker_dag.py
[2022-12-08T12:48:24.066+0000] {logging_mixin.py:137} INFO - [2022-12-08T12:48:24.066+0000] {dag.py:2676} INFO - Sync 2 DAGs
[2022-12-08T12:48:24.145+0000] {logging_mixin.py:137} INFO - [2022-12-08T12:48:24.145+0000] {dag.py:3427} INFO - Setting next_dagrun for example_external_task_marker_child to None, run_after=None
[2022-12-08T12:48:24.160+0000] {logging_mixin.py:137} INFO - [2022-12-08T12:48:24.159+0000] {dag.py:3427} INFO - Setting next_dagrun for example_external_task_marker_parent to None, run_after=None
[2022-12-08T12:48:24.216+0000] {processor.py:175} INFO - Processing /home/airflow/.local/lib/python3.7/site-packages/airflow/example_dags/example_external_task_marker_dag.py took 0.424 seconds
[2022-12-08T12:48:54.305+0000] {processor.py:153} INFO - Started process (PID=509) to work on /home/airflow/.local/lib/python3.7/site-packages/airflow/example_dags/example_external_task_marker_dag.py
[2022-12-08T12:48:54.309+0000] {processor.py:743} INFO - Processing file /home/airflow/.local/lib/python3.7/site-packages/airflow/example_dags/example_external_task_marker_dag.py for tasks to queue
[2022-12-08T12:48:54.312+0000] {logging_mixin.py:137} INFO - [2022-12-08T12:48:54.312+0000] {dagbag.py:538} INFO - Filling up the DagBag from /home/airflow/.local/lib/python3.7/site-packages/airflow/example_dags/example_external_task_marker_dag.py
[2022-12-08T12:48:54.341+0000] {processor.py:753} INFO - DAG(s) dict_keys(['example_external_task_marker_child', 'example_external_task_marker_parent']) retrieved from /home/airflow/.local/lib/python3.7/site-packages/airflow/example_dags/example_external_task_marker_dag.py
[2022-12-08T12:48:54.436+0000] {logging_mixin.py:137} INFO - [2022-12-08T12:48:54.436+0000] {dag.py:2676} INFO - Sync 2 DAGs
[2022-12-08T12:48:54.487+0000] {logging_mixin.py:137} INFO - [2022-12-08T12:48:54.487+0000] {dag.py:3427} INFO - Setting next_dagrun for example_external_task_marker_child to None, run_after=None
[2022-12-08T12:48:54.503+0000] {logging_mixin.py:137} INFO - [2022-12-08T12:48:54.503+0000] {dag.py:3427} INFO - Setting next_dagrun for example_external_task_marker_parent to None, run_after=None
[2022-12-08T12:48:54.537+0000] {processor.py:175} INFO - Processing /home/airflow/.local/lib/python3.7/site-packages/airflow/example_dags/example_external_task_marker_dag.py took 0.241 seconds
[2022-12-08T12:49:25.012+0000] {processor.py:153} INFO - Started process (PID=568) to work on /home/airflow/.local/lib/python3.7/site-packages/airflow/example_dags/example_external_task_marker_dag.py
[2022-12-08T12:49:25.016+0000] {processor.py:743} INFO - Processing file /home/airflow/.local/lib/python3.7/site-packages/airflow/example_dags/example_external_task_marker_dag.py for tasks to queue
[2022-12-08T12:49:25.019+0000] {logging_mixin.py:137} INFO - [2022-12-08T12:49:25.019+0000] {dagbag.py:538} INFO - Filling up the DagBag from /home/airflow/.local/lib/python3.7/site-packages/airflow/example_dags/example_external_task_marker_dag.py
[2022-12-08T12:49:25.046+0000] {processor.py:753} INFO - DAG(s) dict_keys(['example_external_task_marker_parent', 'example_external_task_marker_child']) retrieved from /home/airflow/.local/lib/python3.7/site-packages/airflow/example_dags/example_external_task_marker_dag.py
[2022-12-08T12:49:25.118+0000] {logging_mixin.py:137} INFO - [2022-12-08T12:49:25.118+0000] {dag.py:2676} INFO - Sync 2 DAGs
[2022-12-08T12:49:25.191+0000] {logging_mixin.py:137} INFO - [2022-12-08T12:49:25.191+0000] {dag.py:3427} INFO - Setting next_dagrun for example_external_task_marker_child to None, run_after=None
[2022-12-08T12:49:25.205+0000] {logging_mixin.py:137} INFO - [2022-12-08T12:49:25.205+0000] {dag.py:3427} INFO - Setting next_dagrun for example_external_task_marker_parent to None, run_after=None
[2022-12-08T12:49:25.308+0000] {processor.py:175} INFO - Processing /home/airflow/.local/lib/python3.7/site-packages/airflow/example_dags/example_external_task_marker_dag.py took 0.304 seconds
[2022-12-08T12:49:56.539+0000] {processor.py:153} INFO - Started process (PID=635) to work on /home/airflow/.local/lib/python3.7/site-packages/airflow/example_dags/example_external_task_marker_dag.py
[2022-12-08T12:49:56.543+0000] {processor.py:743} INFO - Processing file /home/airflow/.local/lib/python3.7/site-packages/airflow/example_dags/example_external_task_marker_dag.py for tasks to queue
[2022-12-08T12:49:56.546+0000] {logging_mixin.py:137} INFO - [2022-12-08T12:49:56.545+0000] {dagbag.py:538} INFO - Filling up the DagBag from /home/airflow/.local/lib/python3.7/site-packages/airflow/example_dags/example_external_task_marker_dag.py
[2022-12-08T12:49:56.606+0000] {processor.py:753} INFO - DAG(s) dict_keys(['example_external_task_marker_parent', 'example_external_task_marker_child']) retrieved from /home/airflow/.local/lib/python3.7/site-packages/airflow/example_dags/example_external_task_marker_dag.py
[2022-12-08T12:49:56.758+0000] {logging_mixin.py:137} INFO - [2022-12-08T12:49:56.758+0000] {dag.py:2676} INFO - Sync 2 DAGs
[2022-12-08T12:49:56.892+0000] {logging_mixin.py:137} INFO - [2022-12-08T12:49:56.892+0000] {dag.py:3427} INFO - Setting next_dagrun for example_external_task_marker_child to None, run_after=None
[2022-12-08T12:49:56.911+0000] {logging_mixin.py:137} INFO - [2022-12-08T12:49:56.911+0000] {dag.py:3427} INFO - Setting next_dagrun for example_external_task_marker_parent to None, run_after=None
[2022-12-08T12:49:57.048+0000] {processor.py:175} INFO - Processing /home/airflow/.local/lib/python3.7/site-packages/airflow/example_dags/example_external_task_marker_dag.py took 0.522 seconds
[2022-12-08T12:50:27.208+0000] {processor.py:153} INFO - Started process (PID=693) to work on /home/airflow/.local/lib/python3.7/site-packages/airflow/example_dags/example_external_task_marker_dag.py
[2022-12-08T12:50:27.212+0000] {processor.py:743} INFO - Processing file /home/airflow/.local/lib/python3.7/site-packages/airflow/example_dags/example_external_task_marker_dag.py for tasks to queue
[2022-12-08T12:50:27.216+0000] {logging_mixin.py:137} INFO - [2022-12-08T12:50:27.215+0000] {dagbag.py:538} INFO - Filling up the DagBag from /home/airflow/.local/lib/python3.7/site-packages/airflow/example_dags/example_external_task_marker_dag.py
[2022-12-08T12:50:27.244+0000] {processor.py:753} INFO - DAG(s) dict_keys(['example_external_task_marker_child', 'example_external_task_marker_parent']) retrieved from /home/airflow/.local/lib/python3.7/site-packages/airflow/example_dags/example_external_task_marker_dag.py
[2022-12-08T12:50:27.317+0000] {logging_mixin.py:137} INFO - [2022-12-08T12:50:27.317+0000] {dag.py:2676} INFO - Sync 2 DAGs
[2022-12-08T12:50:27.410+0000] {logging_mixin.py:137} INFO - [2022-12-08T12:50:27.410+0000] {dag.py:3427} INFO - Setting next_dagrun for example_external_task_marker_child to None, run_after=None
[2022-12-08T12:50:27.421+0000] {logging_mixin.py:137} INFO - [2022-12-08T12:50:27.421+0000] {dag.py:3427} INFO - Setting next_dagrun for example_external_task_marker_parent to None, run_after=None
[2022-12-08T12:50:27.454+0000] {processor.py:175} INFO - Processing /home/airflow/.local/lib/python3.7/site-packages/airflow/example_dags/example_external_task_marker_dag.py took 0.255 seconds
[2022-12-08T12:50:58.215+0000] {processor.py:153} INFO - Started process (PID=752) to work on /home/airflow/.local/lib/python3.7/site-packages/airflow/example_dags/example_external_task_marker_dag.py
[2022-12-08T12:50:58.217+0000] {processor.py:743} INFO - Processing file /home/airflow/.local/lib/python3.7/site-packages/airflow/example_dags/example_external_task_marker_dag.py for tasks to queue
[2022-12-08T12:50:58.220+0000] {logging_mixin.py:137} INFO - [2022-12-08T12:50:58.219+0000] {dagbag.py:538} INFO - Filling up the DagBag from /home/airflow/.local/lib/python3.7/site-packages/airflow/example_dags/example_external_task_marker_dag.py
[2022-12-08T12:50:58.245+0000] {processor.py:753} INFO - DAG(s) dict_keys(['example_external_task_marker_parent', 'example_external_task_marker_child']) retrieved from /home/airflow/.local/lib/python3.7/site-packages/airflow/example_dags/example_external_task_marker_dag.py
[2022-12-08T12:50:58.306+0000] {logging_mixin.py:137} INFO - [2022-12-08T12:50:58.306+0000] {dag.py:2676} INFO - Sync 2 DAGs
[2022-12-08T12:50:58.343+0000] {logging_mixin.py:137} INFO - [2022-12-08T12:50:58.343+0000] {dag.py:3427} INFO - Setting next_dagrun for example_external_task_marker_child to None, run_after=None
[2022-12-08T12:50:58.355+0000] {logging_mixin.py:137} INFO - [2022-12-08T12:50:58.355+0000] {dag.py:3427} INFO - Setting next_dagrun for example_external_task_marker_parent to None, run_after=None
[2022-12-08T12:50:58.397+0000] {processor.py:175} INFO - Processing /home/airflow/.local/lib/python3.7/site-packages/airflow/example_dags/example_external_task_marker_dag.py took 0.189 seconds
[2022-12-08T12:51:28.658+0000] {processor.py:153} INFO - Started process (PID=810) to work on /home/airflow/.local/lib/python3.7/site-packages/airflow/example_dags/example_external_task_marker_dag.py
[2022-12-08T12:51:28.661+0000] {processor.py:743} INFO - Processing file /home/airflow/.local/lib/python3.7/site-packages/airflow/example_dags/example_external_task_marker_dag.py for tasks to queue
[2022-12-08T12:51:28.663+0000] {logging_mixin.py:137} INFO - [2022-12-08T12:51:28.663+0000] {dagbag.py:538} INFO - Filling up the DagBag from /home/airflow/.local/lib/python3.7/site-packages/airflow/example_dags/example_external_task_marker_dag.py
[2022-12-08T12:51:28.687+0000] {processor.py:753} INFO - DAG(s) dict_keys(['example_external_task_marker_child', 'example_external_task_marker_parent']) retrieved from /home/airflow/.local/lib/python3.7/site-packages/airflow/example_dags/example_external_task_marker_dag.py
[2022-12-08T12:51:28.755+0000] {logging_mixin.py:137} INFO - [2022-12-08T12:51:28.755+0000] {dag.py:2676} INFO - Sync 2 DAGs
[2022-12-08T12:51:28.797+0000] {logging_mixin.py:137} INFO - [2022-12-08T12:51:28.796+0000] {dag.py:3427} INFO - Setting next_dagrun for example_external_task_marker_child to None, run_after=None
[2022-12-08T12:51:28.803+0000] {logging_mixin.py:137} INFO - [2022-12-08T12:51:28.803+0000] {dag.py:3427} INFO - Setting next_dagrun for example_external_task_marker_parent to None, run_after=None
[2022-12-08T12:51:28.830+0000] {processor.py:175} INFO - Processing /home/airflow/.local/lib/python3.7/site-packages/airflow/example_dags/example_external_task_marker_dag.py took 0.178 seconds
[2022-12-08T12:51:59.601+0000] {processor.py:153} INFO - Started process (PID=866) to work on /home/airflow/.local/lib/python3.7/site-packages/airflow/example_dags/example_external_task_marker_dag.py
[2022-12-08T12:51:59.609+0000] {processor.py:743} INFO - Processing file /home/airflow/.local/lib/python3.7/site-packages/airflow/example_dags/example_external_task_marker_dag.py for tasks to queue
[2022-12-08T12:51:59.611+0000] {logging_mixin.py:137} INFO - [2022-12-08T12:51:59.611+0000] {dagbag.py:538} INFO - Filling up the DagBag from /home/airflow/.local/lib/python3.7/site-packages/airflow/example_dags/example_external_task_marker_dag.py
[2022-12-08T12:51:59.665+0000] {processor.py:753} INFO - DAG(s) dict_keys(['example_external_task_marker_parent', 'example_external_task_marker_child']) retrieved from /home/airflow/.local/lib/python3.7/site-packages/airflow/example_dags/example_external_task_marker_dag.py
[2022-12-08T12:51:59.756+0000] {logging_mixin.py:137} INFO - [2022-12-08T12:51:59.755+0000] {dag.py:2676} INFO - Sync 2 DAGs
[2022-12-08T12:51:59.810+0000] {logging_mixin.py:137} INFO - [2022-12-08T12:51:59.810+0000] {dag.py:3427} INFO - Setting next_dagrun for example_external_task_marker_child to None, run_after=None
[2022-12-08T12:51:59.823+0000] {logging_mixin.py:137} INFO - [2022-12-08T12:51:59.823+0000] {dag.py:3427} INFO - Setting next_dagrun for example_external_task_marker_parent to None, run_after=None
[2022-12-08T12:51:59.854+0000] {processor.py:175} INFO - Processing /home/airflow/.local/lib/python3.7/site-packages/airflow/example_dags/example_external_task_marker_dag.py took 0.259 seconds
[2022-12-08T12:52:31.996+0000] {processor.py:153} INFO - Started process (PID=923) to work on /home/airflow/.local/lib/python3.7/site-packages/airflow/example_dags/example_external_task_marker_dag.py
[2022-12-08T12:52:31.999+0000] {processor.py:743} INFO - Processing file /home/airflow/.local/lib/python3.7/site-packages/airflow/example_dags/example_external_task_marker_dag.py for tasks to queue
[2022-12-08T12:52:32.004+0000] {logging_mixin.py:137} INFO - [2022-12-08T12:52:32.004+0000] {dagbag.py:538} INFO - Filling up the DagBag from /home/airflow/.local/lib/python3.7/site-packages/airflow/example_dags/example_external_task_marker_dag.py
[2022-12-08T12:52:32.109+0000] {processor.py:753} INFO - DAG(s) dict_keys(['example_external_task_marker_parent', 'example_external_task_marker_child']) retrieved from /home/airflow/.local/lib/python3.7/site-packages/airflow/example_dags/example_external_task_marker_dag.py
[2022-12-08T12:52:32.216+0000] {logging_mixin.py:137} INFO - [2022-12-08T12:52:32.216+0000] {dag.py:2676} INFO - Sync 2 DAGs
[2022-12-08T12:52:32.271+0000] {logging_mixin.py:137} INFO - [2022-12-08T12:52:32.271+0000] {dag.py:3427} INFO - Setting next_dagrun for example_external_task_marker_child to None, run_after=None
[2022-12-08T12:52:32.283+0000] {logging_mixin.py:137} INFO - [2022-12-08T12:52:32.283+0000] {dag.py:3427} INFO - Setting next_dagrun for example_external_task_marker_parent to None, run_after=None
[2022-12-08T12:52:32.322+0000] {processor.py:175} INFO - Processing /home/airflow/.local/lib/python3.7/site-packages/airflow/example_dags/example_external_task_marker_dag.py took 0.334 seconds
