[2022-12-08T12:44:58.891+0000] {processor.py:153} INFO - Started process (PID=64) to work on /home/airflow/.local/lib/python3.7/site-packages/airflow/example_dags/example_sensors.py
[2022-12-08T12:44:58.915+0000] {processor.py:743} INFO - Processing file /home/airflow/.local/lib/python3.7/site-packages/airflow/example_dags/example_sensors.py for tasks to queue
[2022-12-08T12:44:58.958+0000] {logging_mixin.py:137} INFO - [2022-12-08T12:44:58.958+0000] {dagbag.py:538} INFO - Filling up the DagBag from /home/airflow/.local/lib/python3.7/site-packages/airflow/example_dags/example_sensors.py
[2022-12-08T12:44:59.763+0000] {processor.py:753} INFO - DAG(s) dict_keys(['example_sensors']) retrieved from /home/airflow/.local/lib/python3.7/site-packages/airflow/example_dags/example_sensors.py
[2022-12-08T12:45:00.164+0000] {logging_mixin.py:137} INFO - [2022-12-08T12:45:00.164+0000] {dag.py:2676} INFO - Sync 1 DAGs
[2022-12-08T12:45:00.567+0000] {logging_mixin.py:137} INFO - [2022-12-08T12:45:00.566+0000] {dag.py:3427} INFO - Setting next_dagrun for example_sensors to None, run_after=None
[2022-12-08T12:45:00.968+0000] {processor.py:175} INFO - Processing /home/airflow/.local/lib/python3.7/site-packages/airflow/example_dags/example_sensors.py took 2.137 seconds
[2022-12-08T12:45:32.019+0000] {processor.py:153} INFO - Started process (PID=121) to work on /home/airflow/.local/lib/python3.7/site-packages/airflow/example_dags/example_sensors.py
[2022-12-08T12:45:32.025+0000] {processor.py:743} INFO - Processing file /home/airflow/.local/lib/python3.7/site-packages/airflow/example_dags/example_sensors.py for tasks to queue
[2022-12-08T12:45:32.027+0000] {logging_mixin.py:137} INFO - [2022-12-08T12:45:32.027+0000] {dagbag.py:538} INFO - Filling up the DagBag from /home/airflow/.local/lib/python3.7/site-packages/airflow/example_dags/example_sensors.py
[2022-12-08T12:45:32.081+0000] {processor.py:753} INFO - DAG(s) dict_keys(['example_sensors']) retrieved from /home/airflow/.local/lib/python3.7/site-packages/airflow/example_dags/example_sensors.py
[2022-12-08T12:45:32.156+0000] {logging_mixin.py:137} INFO - [2022-12-08T12:45:32.155+0000] {dag.py:2676} INFO - Sync 1 DAGs
[2022-12-08T12:45:32.207+0000] {logging_mixin.py:137} INFO - [2022-12-08T12:45:32.207+0000] {dag.py:3427} INFO - Setting next_dagrun for example_sensors to None, run_after=None
[2022-12-08T12:45:32.261+0000] {processor.py:175} INFO - Processing /home/airflow/.local/lib/python3.7/site-packages/airflow/example_dags/example_sensors.py took 0.253 seconds
[2022-12-08T12:46:02.687+0000] {processor.py:153} INFO - Started process (PID=179) to work on /home/airflow/.local/lib/python3.7/site-packages/airflow/example_dags/example_sensors.py
[2022-12-08T12:46:02.691+0000] {processor.py:743} INFO - Processing file /home/airflow/.local/lib/python3.7/site-packages/airflow/example_dags/example_sensors.py for tasks to queue
[2022-12-08T12:46:02.695+0000] {logging_mixin.py:137} INFO - [2022-12-08T12:46:02.694+0000] {dagbag.py:538} INFO - Filling up the DagBag from /home/airflow/.local/lib/python3.7/site-packages/airflow/example_dags/example_sensors.py
[2022-12-08T12:46:02.739+0000] {processor.py:753} INFO - DAG(s) dict_keys(['example_sensors']) retrieved from /home/airflow/.local/lib/python3.7/site-packages/airflow/example_dags/example_sensors.py
[2022-12-08T12:46:02.805+0000] {logging_mixin.py:137} INFO - [2022-12-08T12:46:02.805+0000] {dag.py:2676} INFO - Sync 1 DAGs
[2022-12-08T12:46:02.853+0000] {logging_mixin.py:137} INFO - [2022-12-08T12:46:02.853+0000] {dag.py:3427} INFO - Setting next_dagrun for example_sensors to None, run_after=None
[2022-12-08T12:46:02.903+0000] {processor.py:175} INFO - Processing /home/airflow/.local/lib/python3.7/site-packages/airflow/example_dags/example_sensors.py took 0.229 seconds
[2022-12-08T12:46:33.392+0000] {processor.py:153} INFO - Started process (PID=237) to work on /home/airflow/.local/lib/python3.7/site-packages/airflow/example_dags/example_sensors.py
[2022-12-08T12:46:33.396+0000] {processor.py:743} INFO - Processing file /home/airflow/.local/lib/python3.7/site-packages/airflow/example_dags/example_sensors.py for tasks to queue
[2022-12-08T12:46:33.405+0000] {logging_mixin.py:137} INFO - [2022-12-08T12:46:33.404+0000] {dagbag.py:538} INFO - Filling up the DagBag from /home/airflow/.local/lib/python3.7/site-packages/airflow/example_dags/example_sensors.py
[2022-12-08T12:46:33.510+0000] {processor.py:753} INFO - DAG(s) dict_keys(['example_sensors']) retrieved from /home/airflow/.local/lib/python3.7/site-packages/airflow/example_dags/example_sensors.py
[2022-12-08T12:46:33.586+0000] {logging_mixin.py:137} INFO - [2022-12-08T12:46:33.586+0000] {dag.py:2676} INFO - Sync 1 DAGs
[2022-12-08T12:46:33.649+0000] {logging_mixin.py:137} INFO - [2022-12-08T12:46:33.649+0000] {dag.py:3427} INFO - Setting next_dagrun for example_sensors to None, run_after=None
[2022-12-08T12:46:33.726+0000] {processor.py:175} INFO - Processing /home/airflow/.local/lib/python3.7/site-packages/airflow/example_dags/example_sensors.py took 0.354 seconds
[2022-12-08T12:47:04.841+0000] {processor.py:153} INFO - Started process (PID=294) to work on /home/airflow/.local/lib/python3.7/site-packages/airflow/example_dags/example_sensors.py
[2022-12-08T12:47:04.860+0000] {processor.py:743} INFO - Processing file /home/airflow/.local/lib/python3.7/site-packages/airflow/example_dags/example_sensors.py for tasks to queue
[2022-12-08T12:47:04.868+0000] {logging_mixin.py:137} INFO - [2022-12-08T12:47:04.867+0000] {dagbag.py:538} INFO - Filling up the DagBag from /home/airflow/.local/lib/python3.7/site-packages/airflow/example_dags/example_sensors.py
[2022-12-08T12:47:04.997+0000] {processor.py:753} INFO - DAG(s) dict_keys(['example_sensors']) retrieved from /home/airflow/.local/lib/python3.7/site-packages/airflow/example_dags/example_sensors.py
[2022-12-08T12:47:05.148+0000] {logging_mixin.py:137} INFO - [2022-12-08T12:47:05.148+0000] {dag.py:2676} INFO - Sync 1 DAGs
[2022-12-08T12:47:05.305+0000] {logging_mixin.py:137} INFO - [2022-12-08T12:47:05.305+0000] {dag.py:3427} INFO - Setting next_dagrun for example_sensors to None, run_after=None
[2022-12-08T12:47:05.419+0000] {processor.py:175} INFO - Processing /home/airflow/.local/lib/python3.7/site-packages/airflow/example_dags/example_sensors.py took 0.614 seconds
[2022-12-08T12:47:35.546+0000] {processor.py:153} INFO - Started process (PID=361) to work on /home/airflow/.local/lib/python3.7/site-packages/airflow/example_dags/example_sensors.py
[2022-12-08T12:47:35.557+0000] {processor.py:743} INFO - Processing file /home/airflow/.local/lib/python3.7/site-packages/airflow/example_dags/example_sensors.py for tasks to queue
[2022-12-08T12:47:35.559+0000] {logging_mixin.py:137} INFO - [2022-12-08T12:47:35.559+0000] {dagbag.py:538} INFO - Filling up the DagBag from /home/airflow/.local/lib/python3.7/site-packages/airflow/example_dags/example_sensors.py
[2022-12-08T12:47:35.639+0000] {processor.py:753} INFO - DAG(s) dict_keys(['example_sensors']) retrieved from /home/airflow/.local/lib/python3.7/site-packages/airflow/example_dags/example_sensors.py
[2022-12-08T12:47:35.914+0000] {logging_mixin.py:137} INFO - [2022-12-08T12:47:35.914+0000] {dag.py:2676} INFO - Sync 1 DAGs
[2022-12-08T12:47:35.994+0000] {logging_mixin.py:137} INFO - [2022-12-08T12:47:35.993+0000] {dag.py:3427} INFO - Setting next_dagrun for example_sensors to None, run_after=None
[2022-12-08T12:47:36.056+0000] {processor.py:175} INFO - Processing /home/airflow/.local/lib/python3.7/site-packages/airflow/example_dags/example_sensors.py took 0.515 seconds
[2022-12-08T12:48:06.271+0000] {processor.py:153} INFO - Started process (PID=418) to work on /home/airflow/.local/lib/python3.7/site-packages/airflow/example_dags/example_sensors.py
[2022-12-08T12:48:06.274+0000] {processor.py:743} INFO - Processing file /home/airflow/.local/lib/python3.7/site-packages/airflow/example_dags/example_sensors.py for tasks to queue
[2022-12-08T12:48:06.278+0000] {logging_mixin.py:137} INFO - [2022-12-08T12:48:06.277+0000] {dagbag.py:538} INFO - Filling up the DagBag from /home/airflow/.local/lib/python3.7/site-packages/airflow/example_dags/example_sensors.py
[2022-12-08T12:48:06.317+0000] {processor.py:753} INFO - DAG(s) dict_keys(['example_sensors']) retrieved from /home/airflow/.local/lib/python3.7/site-packages/airflow/example_dags/example_sensors.py
[2022-12-08T12:48:06.388+0000] {logging_mixin.py:137} INFO - [2022-12-08T12:48:06.388+0000] {dag.py:2676} INFO - Sync 1 DAGs
[2022-12-08T12:48:06.446+0000] {logging_mixin.py:137} INFO - [2022-12-08T12:48:06.445+0000] {dag.py:3427} INFO - Setting next_dagrun for example_sensors to None, run_after=None
[2022-12-08T12:48:06.482+0000] {processor.py:175} INFO - Processing /home/airflow/.local/lib/python3.7/site-packages/airflow/example_dags/example_sensors.py took 0.220 seconds
[2022-12-08T12:48:36.636+0000] {processor.py:153} INFO - Started process (PID=475) to work on /home/airflow/.local/lib/python3.7/site-packages/airflow/example_dags/example_sensors.py
[2022-12-08T12:48:36.639+0000] {processor.py:743} INFO - Processing file /home/airflow/.local/lib/python3.7/site-packages/airflow/example_dags/example_sensors.py for tasks to queue
[2022-12-08T12:48:36.641+0000] {logging_mixin.py:137} INFO - [2022-12-08T12:48:36.641+0000] {dagbag.py:538} INFO - Filling up the DagBag from /home/airflow/.local/lib/python3.7/site-packages/airflow/example_dags/example_sensors.py
[2022-12-08T12:48:36.674+0000] {processor.py:753} INFO - DAG(s) dict_keys(['example_sensors']) retrieved from /home/airflow/.local/lib/python3.7/site-packages/airflow/example_dags/example_sensors.py
[2022-12-08T12:48:36.749+0000] {logging_mixin.py:137} INFO - [2022-12-08T12:48:36.748+0000] {dag.py:2676} INFO - Sync 1 DAGs
[2022-12-08T12:48:36.828+0000] {logging_mixin.py:137} INFO - [2022-12-08T12:48:36.827+0000] {dag.py:3427} INFO - Setting next_dagrun for example_sensors to None, run_after=None
[2022-12-08T12:48:36.871+0000] {processor.py:175} INFO - Processing /home/airflow/.local/lib/python3.7/site-packages/airflow/example_dags/example_sensors.py took 0.241 seconds
[2022-12-08T12:49:07.154+0000] {processor.py:153} INFO - Started process (PID=534) to work on /home/airflow/.local/lib/python3.7/site-packages/airflow/example_dags/example_sensors.py
[2022-12-08T12:49:07.157+0000] {processor.py:743} INFO - Processing file /home/airflow/.local/lib/python3.7/site-packages/airflow/example_dags/example_sensors.py for tasks to queue
[2022-12-08T12:49:07.159+0000] {logging_mixin.py:137} INFO - [2022-12-08T12:49:07.159+0000] {dagbag.py:538} INFO - Filling up the DagBag from /home/airflow/.local/lib/python3.7/site-packages/airflow/example_dags/example_sensors.py
[2022-12-08T12:49:07.192+0000] {processor.py:753} INFO - DAG(s) dict_keys(['example_sensors']) retrieved from /home/airflow/.local/lib/python3.7/site-packages/airflow/example_dags/example_sensors.py
[2022-12-08T12:49:07.271+0000] {logging_mixin.py:137} INFO - [2022-12-08T12:49:07.271+0000] {dag.py:2676} INFO - Sync 1 DAGs
[2022-12-08T12:49:07.318+0000] {logging_mixin.py:137} INFO - [2022-12-08T12:49:07.318+0000] {dag.py:3427} INFO - Setting next_dagrun for example_sensors to None, run_after=None
[2022-12-08T12:49:07.360+0000] {processor.py:175} INFO - Processing /home/airflow/.local/lib/python3.7/site-packages/airflow/example_dags/example_sensors.py took 0.211 seconds
[2022-12-08T12:49:37.980+0000] {processor.py:153} INFO - Started process (PID=592) to work on /home/airflow/.local/lib/python3.7/site-packages/airflow/example_dags/example_sensors.py
[2022-12-08T12:49:37.992+0000] {processor.py:743} INFO - Processing file /home/airflow/.local/lib/python3.7/site-packages/airflow/example_dags/example_sensors.py for tasks to queue
[2022-12-08T12:49:37.999+0000] {logging_mixin.py:137} INFO - [2022-12-08T12:49:37.998+0000] {dagbag.py:538} INFO - Filling up the DagBag from /home/airflow/.local/lib/python3.7/site-packages/airflow/example_dags/example_sensors.py
[2022-12-08T12:49:38.069+0000] {processor.py:753} INFO - DAG(s) dict_keys(['example_sensors']) retrieved from /home/airflow/.local/lib/python3.7/site-packages/airflow/example_dags/example_sensors.py
[2022-12-08T12:49:38.148+0000] {logging_mixin.py:137} INFO - [2022-12-08T12:49:38.147+0000] {dag.py:2676} INFO - Sync 1 DAGs
[2022-12-08T12:49:38.188+0000] {logging_mixin.py:137} INFO - [2022-12-08T12:49:38.188+0000] {dag.py:3427} INFO - Setting next_dagrun for example_sensors to None, run_after=None
[2022-12-08T12:49:38.223+0000] {processor.py:175} INFO - Processing /home/airflow/.local/lib/python3.7/site-packages/airflow/example_dags/example_sensors.py took 0.249 seconds
[2022-12-08T12:50:08.790+0000] {processor.py:153} INFO - Started process (PID=650) to work on /home/airflow/.local/lib/python3.7/site-packages/airflow/example_dags/example_sensors.py
[2022-12-08T12:50:08.799+0000] {processor.py:743} INFO - Processing file /home/airflow/.local/lib/python3.7/site-packages/airflow/example_dags/example_sensors.py for tasks to queue
[2022-12-08T12:50:08.812+0000] {logging_mixin.py:137} INFO - [2022-12-08T12:50:08.811+0000] {dagbag.py:538} INFO - Filling up the DagBag from /home/airflow/.local/lib/python3.7/site-packages/airflow/example_dags/example_sensors.py
[2022-12-08T12:50:08.873+0000] {processor.py:753} INFO - DAG(s) dict_keys(['example_sensors']) retrieved from /home/airflow/.local/lib/python3.7/site-packages/airflow/example_dags/example_sensors.py
[2022-12-08T12:50:08.969+0000] {logging_mixin.py:137} INFO - [2022-12-08T12:50:08.969+0000] {dag.py:2676} INFO - Sync 1 DAGs
[2022-12-08T12:50:09.027+0000] {logging_mixin.py:137} INFO - [2022-12-08T12:50:09.026+0000] {dag.py:3427} INFO - Setting next_dagrun for example_sensors to None, run_after=None
[2022-12-08T12:50:09.156+0000] {processor.py:175} INFO - Processing /home/airflow/.local/lib/python3.7/site-packages/airflow/example_dags/example_sensors.py took 0.383 seconds
[2022-12-08T12:50:39.875+0000] {processor.py:153} INFO - Started process (PID=708) to work on /home/airflow/.local/lib/python3.7/site-packages/airflow/example_dags/example_sensors.py
[2022-12-08T12:50:39.878+0000] {processor.py:743} INFO - Processing file /home/airflow/.local/lib/python3.7/site-packages/airflow/example_dags/example_sensors.py for tasks to queue
[2022-12-08T12:50:39.880+0000] {logging_mixin.py:137} INFO - [2022-12-08T12:50:39.880+0000] {dagbag.py:538} INFO - Filling up the DagBag from /home/airflow/.local/lib/python3.7/site-packages/airflow/example_dags/example_sensors.py
[2022-12-08T12:50:39.913+0000] {processor.py:753} INFO - DAG(s) dict_keys(['example_sensors']) retrieved from /home/airflow/.local/lib/python3.7/site-packages/airflow/example_dags/example_sensors.py
[2022-12-08T12:50:39.976+0000] {logging_mixin.py:137} INFO - [2022-12-08T12:50:39.976+0000] {dag.py:2676} INFO - Sync 1 DAGs
[2022-12-08T12:50:40.013+0000] {logging_mixin.py:137} INFO - [2022-12-08T12:50:40.013+0000] {dag.py:3427} INFO - Setting next_dagrun for example_sensors to None, run_after=None
[2022-12-08T12:50:40.046+0000] {processor.py:175} INFO - Processing /home/airflow/.local/lib/python3.7/site-packages/airflow/example_dags/example_sensors.py took 0.175 seconds
[2022-12-08T12:51:10.868+0000] {processor.py:153} INFO - Started process (PID=776) to work on /home/airflow/.local/lib/python3.7/site-packages/airflow/example_dags/example_sensors.py
[2022-12-08T12:51:10.871+0000] {processor.py:743} INFO - Processing file /home/airflow/.local/lib/python3.7/site-packages/airflow/example_dags/example_sensors.py for tasks to queue
[2022-12-08T12:51:10.880+0000] {logging_mixin.py:137} INFO - [2022-12-08T12:51:10.878+0000] {dagbag.py:538} INFO - Filling up the DagBag from /home/airflow/.local/lib/python3.7/site-packages/airflow/example_dags/example_sensors.py
[2022-12-08T12:51:10.946+0000] {processor.py:753} INFO - DAG(s) dict_keys(['example_sensors']) retrieved from /home/airflow/.local/lib/python3.7/site-packages/airflow/example_dags/example_sensors.py
[2022-12-08T12:51:11.114+0000] {logging_mixin.py:137} INFO - [2022-12-08T12:51:11.113+0000] {dag.py:2676} INFO - Sync 1 DAGs
[2022-12-08T12:51:11.182+0000] {logging_mixin.py:137} INFO - [2022-12-08T12:51:11.182+0000] {dag.py:3427} INFO - Setting next_dagrun for example_sensors to None, run_after=None
[2022-12-08T12:51:11.234+0000] {processor.py:175} INFO - Processing /home/airflow/.local/lib/python3.7/site-packages/airflow/example_dags/example_sensors.py took 0.381 seconds
[2022-12-08T12:51:42.045+0000] {processor.py:153} INFO - Started process (PID=834) to work on /home/airflow/.local/lib/python3.7/site-packages/airflow/example_dags/example_sensors.py
[2022-12-08T12:51:42.047+0000] {processor.py:743} INFO - Processing file /home/airflow/.local/lib/python3.7/site-packages/airflow/example_dags/example_sensors.py for tasks to queue
[2022-12-08T12:51:42.049+0000] {logging_mixin.py:137} INFO - [2022-12-08T12:51:42.049+0000] {dagbag.py:538} INFO - Filling up the DagBag from /home/airflow/.local/lib/python3.7/site-packages/airflow/example_dags/example_sensors.py
[2022-12-08T12:51:42.092+0000] {processor.py:753} INFO - DAG(s) dict_keys(['example_sensors']) retrieved from /home/airflow/.local/lib/python3.7/site-packages/airflow/example_dags/example_sensors.py
[2022-12-08T12:51:42.169+0000] {logging_mixin.py:137} INFO - [2022-12-08T12:51:42.169+0000] {dag.py:2676} INFO - Sync 1 DAGs
[2022-12-08T12:51:42.221+0000] {logging_mixin.py:137} INFO - [2022-12-08T12:51:42.221+0000] {dag.py:3427} INFO - Setting next_dagrun for example_sensors to None, run_after=None
[2022-12-08T12:51:42.256+0000] {processor.py:175} INFO - Processing /home/airflow/.local/lib/python3.7/site-packages/airflow/example_dags/example_sensors.py took 0.218 seconds
[2022-12-08T12:52:13.225+0000] {processor.py:153} INFO - Started process (PID=890) to work on /home/airflow/.local/lib/python3.7/site-packages/airflow/example_dags/example_sensors.py
[2022-12-08T12:52:13.232+0000] {processor.py:743} INFO - Processing file /home/airflow/.local/lib/python3.7/site-packages/airflow/example_dags/example_sensors.py for tasks to queue
[2022-12-08T12:52:13.236+0000] {logging_mixin.py:137} INFO - [2022-12-08T12:52:13.236+0000] {dagbag.py:538} INFO - Filling up the DagBag from /home/airflow/.local/lib/python3.7/site-packages/airflow/example_dags/example_sensors.py
[2022-12-08T12:52:13.314+0000] {processor.py:753} INFO - DAG(s) dict_keys(['example_sensors']) retrieved from /home/airflow/.local/lib/python3.7/site-packages/airflow/example_dags/example_sensors.py
[2022-12-08T12:52:13.436+0000] {logging_mixin.py:137} INFO - [2022-12-08T12:52:13.435+0000] {dag.py:2676} INFO - Sync 1 DAGs
[2022-12-08T12:52:13.488+0000] {logging_mixin.py:137} INFO - [2022-12-08T12:52:13.488+0000] {dag.py:3427} INFO - Setting next_dagrun for example_sensors to None, run_after=None
[2022-12-08T12:52:13.536+0000] {processor.py:175} INFO - Processing /home/airflow/.local/lib/python3.7/site-packages/airflow/example_dags/example_sensors.py took 0.320 seconds
