[2022-12-08T12:45:17.746+0000] {processor.py:153} INFO - Started process (PID=99) to work on /home/airflow/.local/lib/python3.7/site-packages/airflow/example_dags/example_python_operator.py
[2022-12-08T12:45:17.757+0000] {processor.py:743} INFO - Processing file /home/airflow/.local/lib/python3.7/site-packages/airflow/example_dags/example_python_operator.py for tasks to queue
[2022-12-08T12:45:17.759+0000] {logging_mixin.py:137} INFO - [2022-12-08T12:45:17.759+0000] {dagbag.py:538} INFO - Filling up the DagBag from /home/airflow/.local/lib/python3.7/site-packages/airflow/example_dags/example_python_operator.py
[2022-12-08T12:45:17.798+0000] {logging_mixin.py:137} INFO - [2022-12-08T12:45:17.798+0000] {taskmixin.py:205} WARNING - Dependency <Task(_PythonDecoratedOperator): print_the_context>, log_sql_query already registered for DAG: example_python_operator
[2022-12-08T12:45:17.802+0000] {logging_mixin.py:137} INFO - [2022-12-08T12:45:17.802+0000] {taskmixin.py:205} WARNING - Dependency <Task(_PythonDecoratedOperator): log_sql_query>, print_the_context already registered for DAG: example_python_operator
[2022-12-08T12:45:17.805+0000] {logging_mixin.py:137} INFO - [2022-12-08T12:45:17.804+0000] {taskmixin.py:205} WARNING - Dependency <Task(_PythonDecoratedOperator): print_the_context>, log_sql_query already registered for DAG: example_python_operator
[2022-12-08T12:45:17.808+0000] {logging_mixin.py:137} INFO - [2022-12-08T12:45:17.806+0000] {taskmixin.py:205} WARNING - Dependency <Task(_PythonDecoratedOperator): log_sql_query>, print_the_context already registered for DAG: example_python_operator
[2022-12-08T12:45:17.815+0000] {logging_mixin.py:137} INFO - [2022-12-08T12:45:17.815+0000] {taskmixin.py:205} WARNING - Dependency <Task(_PythonDecoratedOperator): print_the_context>, log_sql_query already registered for DAG: example_python_operator
[2022-12-08T12:45:17.818+0000] {logging_mixin.py:137} INFO - [2022-12-08T12:45:17.818+0000] {taskmixin.py:205} WARNING - Dependency <Task(_PythonDecoratedOperator): log_sql_query>, print_the_context already registered for DAG: example_python_operator
[2022-12-08T12:45:17.821+0000] {logging_mixin.py:137} INFO - [2022-12-08T12:45:17.820+0000] {taskmixin.py:205} WARNING - Dependency <Task(_PythonDecoratedOperator): print_the_context>, log_sql_query already registered for DAG: example_python_operator
[2022-12-08T12:45:17.824+0000] {logging_mixin.py:137} INFO - [2022-12-08T12:45:17.824+0000] {taskmixin.py:205} WARNING - Dependency <Task(_PythonDecoratedOperator): log_sql_query>, print_the_context already registered for DAG: example_python_operator
[2022-12-08T12:45:17.849+0000] {processor.py:753} INFO - DAG(s) dict_keys(['example_python_operator']) retrieved from /home/airflow/.local/lib/python3.7/site-packages/airflow/example_dags/example_python_operator.py
[2022-12-08T12:45:18.068+0000] {logging_mixin.py:137} INFO - [2022-12-08T12:45:18.068+0000] {dag.py:2676} INFO - Sync 1 DAGs
[2022-12-08T12:45:18.132+0000] {logging_mixin.py:137} INFO - [2022-12-08T12:45:18.132+0000] {dag.py:3427} INFO - Setting next_dagrun for example_python_operator to None, run_after=None
[2022-12-08T12:45:18.166+0000] {processor.py:175} INFO - Processing /home/airflow/.local/lib/python3.7/site-packages/airflow/example_dags/example_python_operator.py took 0.427 seconds
[2022-12-08T12:45:49.526+0000] {processor.py:153} INFO - Started process (PID=156) to work on /home/airflow/.local/lib/python3.7/site-packages/airflow/example_dags/example_python_operator.py
[2022-12-08T12:45:49.537+0000] {processor.py:743} INFO - Processing file /home/airflow/.local/lib/python3.7/site-packages/airflow/example_dags/example_python_operator.py for tasks to queue
[2022-12-08T12:45:49.543+0000] {logging_mixin.py:137} INFO - [2022-12-08T12:45:49.543+0000] {dagbag.py:538} INFO - Filling up the DagBag from /home/airflow/.local/lib/python3.7/site-packages/airflow/example_dags/example_python_operator.py
[2022-12-08T12:45:49.632+0000] {logging_mixin.py:137} INFO - [2022-12-08T12:45:49.632+0000] {taskmixin.py:205} WARNING - Dependency <Task(_PythonDecoratedOperator): print_the_context>, log_sql_query already registered for DAG: example_python_operator
[2022-12-08T12:45:49.636+0000] {logging_mixin.py:137} INFO - [2022-12-08T12:45:49.635+0000] {taskmixin.py:205} WARNING - Dependency <Task(_PythonDecoratedOperator): log_sql_query>, print_the_context already registered for DAG: example_python_operator
[2022-12-08T12:45:49.640+0000] {logging_mixin.py:137} INFO - [2022-12-08T12:45:49.639+0000] {taskmixin.py:205} WARNING - Dependency <Task(_PythonDecoratedOperator): print_the_context>, log_sql_query already registered for DAG: example_python_operator
[2022-12-08T12:45:49.643+0000] {logging_mixin.py:137} INFO - [2022-12-08T12:45:49.642+0000] {taskmixin.py:205} WARNING - Dependency <Task(_PythonDecoratedOperator): log_sql_query>, print_the_context already registered for DAG: example_python_operator
[2022-12-08T12:45:49.648+0000] {logging_mixin.py:137} INFO - [2022-12-08T12:45:49.647+0000] {taskmixin.py:205} WARNING - Dependency <Task(_PythonDecoratedOperator): print_the_context>, log_sql_query already registered for DAG: example_python_operator
[2022-12-08T12:45:49.654+0000] {logging_mixin.py:137} INFO - [2022-12-08T12:45:49.654+0000] {taskmixin.py:205} WARNING - Dependency <Task(_PythonDecoratedOperator): log_sql_query>, print_the_context already registered for DAG: example_python_operator
[2022-12-08T12:45:49.658+0000] {logging_mixin.py:137} INFO - [2022-12-08T12:45:49.657+0000] {taskmixin.py:205} WARNING - Dependency <Task(_PythonDecoratedOperator): print_the_context>, log_sql_query already registered for DAG: example_python_operator
[2022-12-08T12:45:49.661+0000] {logging_mixin.py:137} INFO - [2022-12-08T12:45:49.660+0000] {taskmixin.py:205} WARNING - Dependency <Task(_PythonDecoratedOperator): log_sql_query>, print_the_context already registered for DAG: example_python_operator
[2022-12-08T12:45:49.694+0000] {processor.py:753} INFO - DAG(s) dict_keys(['example_python_operator']) retrieved from /home/airflow/.local/lib/python3.7/site-packages/airflow/example_dags/example_python_operator.py
[2022-12-08T12:45:49.870+0000] {logging_mixin.py:137} INFO - [2022-12-08T12:45:49.870+0000] {dag.py:2676} INFO - Sync 1 DAGs
[2022-12-08T12:45:50.022+0000] {logging_mixin.py:137} INFO - [2022-12-08T12:45:50.021+0000] {dag.py:3427} INFO - Setting next_dagrun for example_python_operator to None, run_after=None
[2022-12-08T12:45:50.118+0000] {processor.py:175} INFO - Processing /home/airflow/.local/lib/python3.7/site-packages/airflow/example_dags/example_python_operator.py took 0.608 seconds
[2022-12-08T12:46:20.237+0000] {processor.py:153} INFO - Started process (PID=214) to work on /home/airflow/.local/lib/python3.7/site-packages/airflow/example_dags/example_python_operator.py
[2022-12-08T12:46:20.241+0000] {processor.py:743} INFO - Processing file /home/airflow/.local/lib/python3.7/site-packages/airflow/example_dags/example_python_operator.py for tasks to queue
[2022-12-08T12:46:20.244+0000] {logging_mixin.py:137} INFO - [2022-12-08T12:46:20.243+0000] {dagbag.py:538} INFO - Filling up the DagBag from /home/airflow/.local/lib/python3.7/site-packages/airflow/example_dags/example_python_operator.py
[2022-12-08T12:46:20.278+0000] {logging_mixin.py:137} INFO - [2022-12-08T12:46:20.277+0000] {taskmixin.py:205} WARNING - Dependency <Task(_PythonDecoratedOperator): print_the_context>, log_sql_query already registered for DAG: example_python_operator
[2022-12-08T12:46:20.280+0000] {logging_mixin.py:137} INFO - [2022-12-08T12:46:20.280+0000] {taskmixin.py:205} WARNING - Dependency <Task(_PythonDecoratedOperator): log_sql_query>, print_the_context already registered for DAG: example_python_operator
[2022-12-08T12:46:20.284+0000] {logging_mixin.py:137} INFO - [2022-12-08T12:46:20.283+0000] {taskmixin.py:205} WARNING - Dependency <Task(_PythonDecoratedOperator): print_the_context>, log_sql_query already registered for DAG: example_python_operator
[2022-12-08T12:46:20.286+0000] {logging_mixin.py:137} INFO - [2022-12-08T12:46:20.285+0000] {taskmixin.py:205} WARNING - Dependency <Task(_PythonDecoratedOperator): log_sql_query>, print_the_context already registered for DAG: example_python_operator
[2022-12-08T12:46:20.290+0000] {logging_mixin.py:137} INFO - [2022-12-08T12:46:20.289+0000] {taskmixin.py:205} WARNING - Dependency <Task(_PythonDecoratedOperator): print_the_context>, log_sql_query already registered for DAG: example_python_operator
[2022-12-08T12:46:20.291+0000] {logging_mixin.py:137} INFO - [2022-12-08T12:46:20.291+0000] {taskmixin.py:205} WARNING - Dependency <Task(_PythonDecoratedOperator): log_sql_query>, print_the_context already registered for DAG: example_python_operator
[2022-12-08T12:46:20.294+0000] {logging_mixin.py:137} INFO - [2022-12-08T12:46:20.294+0000] {taskmixin.py:205} WARNING - Dependency <Task(_PythonDecoratedOperator): print_the_context>, log_sql_query already registered for DAG: example_python_operator
[2022-12-08T12:46:20.297+0000] {logging_mixin.py:137} INFO - [2022-12-08T12:46:20.296+0000] {taskmixin.py:205} WARNING - Dependency <Task(_PythonDecoratedOperator): log_sql_query>, print_the_context already registered for DAG: example_python_operator
[2022-12-08T12:46:20.312+0000] {processor.py:753} INFO - DAG(s) dict_keys(['example_python_operator']) retrieved from /home/airflow/.local/lib/python3.7/site-packages/airflow/example_dags/example_python_operator.py
[2022-12-08T12:46:20.391+0000] {logging_mixin.py:137} INFO - [2022-12-08T12:46:20.390+0000] {dag.py:2676} INFO - Sync 1 DAGs
[2022-12-08T12:46:20.453+0000] {logging_mixin.py:137} INFO - [2022-12-08T12:46:20.453+0000] {dag.py:3427} INFO - Setting next_dagrun for example_python_operator to None, run_after=None
[2022-12-08T12:46:20.494+0000] {processor.py:175} INFO - Processing /home/airflow/.local/lib/python3.7/site-packages/airflow/example_dags/example_python_operator.py took 0.265 seconds
[2022-12-08T12:46:50.883+0000] {processor.py:153} INFO - Started process (PID=280) to work on /home/airflow/.local/lib/python3.7/site-packages/airflow/example_dags/example_python_operator.py
[2022-12-08T12:46:50.894+0000] {processor.py:743} INFO - Processing file /home/airflow/.local/lib/python3.7/site-packages/airflow/example_dags/example_python_operator.py for tasks to queue
[2022-12-08T12:46:50.896+0000] {logging_mixin.py:137} INFO - [2022-12-08T12:46:50.895+0000] {dagbag.py:538} INFO - Filling up the DagBag from /home/airflow/.local/lib/python3.7/site-packages/airflow/example_dags/example_python_operator.py
[2022-12-08T12:46:51.034+0000] {logging_mixin.py:137} INFO - [2022-12-08T12:46:51.033+0000] {taskmixin.py:205} WARNING - Dependency <Task(_PythonDecoratedOperator): print_the_context>, log_sql_query already registered for DAG: example_python_operator
[2022-12-08T12:46:51.035+0000] {logging_mixin.py:137} INFO - [2022-12-08T12:46:51.035+0000] {taskmixin.py:205} WARNING - Dependency <Task(_PythonDecoratedOperator): log_sql_query>, print_the_context already registered for DAG: example_python_operator
[2022-12-08T12:46:51.037+0000] {logging_mixin.py:137} INFO - [2022-12-08T12:46:51.037+0000] {taskmixin.py:205} WARNING - Dependency <Task(_PythonDecoratedOperator): print_the_context>, log_sql_query already registered for DAG: example_python_operator
[2022-12-08T12:46:51.048+0000] {logging_mixin.py:137} INFO - [2022-12-08T12:46:51.048+0000] {taskmixin.py:205} WARNING - Dependency <Task(_PythonDecoratedOperator): log_sql_query>, print_the_context already registered for DAG: example_python_operator
[2022-12-08T12:46:51.051+0000] {logging_mixin.py:137} INFO - [2022-12-08T12:46:51.051+0000] {taskmixin.py:205} WARNING - Dependency <Task(_PythonDecoratedOperator): print_the_context>, log_sql_query already registered for DAG: example_python_operator
[2022-12-08T12:46:51.054+0000] {logging_mixin.py:137} INFO - [2022-12-08T12:46:51.053+0000] {taskmixin.py:205} WARNING - Dependency <Task(_PythonDecoratedOperator): log_sql_query>, print_the_context already registered for DAG: example_python_operator
[2022-12-08T12:46:51.066+0000] {logging_mixin.py:137} INFO - [2022-12-08T12:46:51.066+0000] {taskmixin.py:205} WARNING - Dependency <Task(_PythonDecoratedOperator): print_the_context>, log_sql_query already registered for DAG: example_python_operator
[2022-12-08T12:46:51.069+0000] {logging_mixin.py:137} INFO - [2022-12-08T12:46:51.069+0000] {taskmixin.py:205} WARNING - Dependency <Task(_PythonDecoratedOperator): log_sql_query>, print_the_context already registered for DAG: example_python_operator
[2022-12-08T12:46:51.124+0000] {processor.py:753} INFO - DAG(s) dict_keys(['example_python_operator']) retrieved from /home/airflow/.local/lib/python3.7/site-packages/airflow/example_dags/example_python_operator.py
[2022-12-08T12:46:51.397+0000] {logging_mixin.py:137} INFO - [2022-12-08T12:46:51.397+0000] {dag.py:2676} INFO - Sync 1 DAGs
[2022-12-08T12:46:51.504+0000] {logging_mixin.py:137} INFO - [2022-12-08T12:46:51.504+0000] {dag.py:3427} INFO - Setting next_dagrun for example_python_operator to None, run_after=None
[2022-12-08T12:46:51.568+0000] {processor.py:175} INFO - Processing /home/airflow/.local/lib/python3.7/site-packages/airflow/example_dags/example_python_operator.py took 0.709 seconds
[2022-12-08T12:47:22.051+0000] {processor.py:153} INFO - Started process (PID=339) to work on /home/airflow/.local/lib/python3.7/site-packages/airflow/example_dags/example_python_operator.py
[2022-12-08T12:47:22.060+0000] {processor.py:743} INFO - Processing file /home/airflow/.local/lib/python3.7/site-packages/airflow/example_dags/example_python_operator.py for tasks to queue
[2022-12-08T12:47:22.072+0000] {logging_mixin.py:137} INFO - [2022-12-08T12:47:22.068+0000] {dagbag.py:538} INFO - Filling up the DagBag from /home/airflow/.local/lib/python3.7/site-packages/airflow/example_dags/example_python_operator.py
[2022-12-08T12:47:22.189+0000] {logging_mixin.py:137} INFO - [2022-12-08T12:47:22.188+0000] {taskmixin.py:205} WARNING - Dependency <Task(_PythonDecoratedOperator): print_the_context>, log_sql_query already registered for DAG: example_python_operator
[2022-12-08T12:47:22.192+0000] {logging_mixin.py:137} INFO - [2022-12-08T12:47:22.190+0000] {taskmixin.py:205} WARNING - Dependency <Task(_PythonDecoratedOperator): log_sql_query>, print_the_context already registered for DAG: example_python_operator
[2022-12-08T12:47:22.195+0000] {logging_mixin.py:137} INFO - [2022-12-08T12:47:22.194+0000] {taskmixin.py:205} WARNING - Dependency <Task(_PythonDecoratedOperator): print_the_context>, log_sql_query already registered for DAG: example_python_operator
[2022-12-08T12:47:22.201+0000] {logging_mixin.py:137} INFO - [2022-12-08T12:47:22.200+0000] {taskmixin.py:205} WARNING - Dependency <Task(_PythonDecoratedOperator): log_sql_query>, print_the_context already registered for DAG: example_python_operator
[2022-12-08T12:47:22.211+0000] {logging_mixin.py:137} INFO - [2022-12-08T12:47:22.209+0000] {taskmixin.py:205} WARNING - Dependency <Task(_PythonDecoratedOperator): print_the_context>, log_sql_query already registered for DAG: example_python_operator
[2022-12-08T12:47:22.215+0000] {logging_mixin.py:137} INFO - [2022-12-08T12:47:22.213+0000] {taskmixin.py:205} WARNING - Dependency <Task(_PythonDecoratedOperator): log_sql_query>, print_the_context already registered for DAG: example_python_operator
[2022-12-08T12:47:22.224+0000] {logging_mixin.py:137} INFO - [2022-12-08T12:47:22.222+0000] {taskmixin.py:205} WARNING - Dependency <Task(_PythonDecoratedOperator): print_the_context>, log_sql_query already registered for DAG: example_python_operator
[2022-12-08T12:47:22.235+0000] {logging_mixin.py:137} INFO - [2022-12-08T12:47:22.235+0000] {taskmixin.py:205} WARNING - Dependency <Task(_PythonDecoratedOperator): log_sql_query>, print_the_context already registered for DAG: example_python_operator
[2022-12-08T12:47:22.269+0000] {processor.py:753} INFO - DAG(s) dict_keys(['example_python_operator']) retrieved from /home/airflow/.local/lib/python3.7/site-packages/airflow/example_dags/example_python_operator.py
[2022-12-08T12:47:22.399+0000] {logging_mixin.py:137} INFO - [2022-12-08T12:47:22.399+0000] {dag.py:2676} INFO - Sync 1 DAGs
[2022-12-08T12:47:22.472+0000] {logging_mixin.py:137} INFO - [2022-12-08T12:47:22.472+0000] {dag.py:3427} INFO - Setting next_dagrun for example_python_operator to None, run_after=None
[2022-12-08T12:47:22.525+0000] {processor.py:175} INFO - Processing /home/airflow/.local/lib/python3.7/site-packages/airflow/example_dags/example_python_operator.py took 0.494 seconds
[2022-12-08T12:47:52.979+0000] {processor.py:153} INFO - Started process (PID=397) to work on /home/airflow/.local/lib/python3.7/site-packages/airflow/example_dags/example_python_operator.py
[2022-12-08T12:47:52.987+0000] {processor.py:743} INFO - Processing file /home/airflow/.local/lib/python3.7/site-packages/airflow/example_dags/example_python_operator.py for tasks to queue
[2022-12-08T12:47:52.990+0000] {logging_mixin.py:137} INFO - [2022-12-08T12:47:52.990+0000] {dagbag.py:538} INFO - Filling up the DagBag from /home/airflow/.local/lib/python3.7/site-packages/airflow/example_dags/example_python_operator.py
[2022-12-08T12:47:53.032+0000] {logging_mixin.py:137} INFO - [2022-12-08T12:47:53.032+0000] {taskmixin.py:205} WARNING - Dependency <Task(_PythonDecoratedOperator): print_the_context>, log_sql_query already registered for DAG: example_python_operator
[2022-12-08T12:47:53.034+0000] {logging_mixin.py:137} INFO - [2022-12-08T12:47:53.033+0000] {taskmixin.py:205} WARNING - Dependency <Task(_PythonDecoratedOperator): log_sql_query>, print_the_context already registered for DAG: example_python_operator
[2022-12-08T12:47:53.042+0000] {logging_mixin.py:137} INFO - [2022-12-08T12:47:53.041+0000] {taskmixin.py:205} WARNING - Dependency <Task(_PythonDecoratedOperator): print_the_context>, log_sql_query already registered for DAG: example_python_operator
[2022-12-08T12:47:53.046+0000] {logging_mixin.py:137} INFO - [2022-12-08T12:47:53.045+0000] {taskmixin.py:205} WARNING - Dependency <Task(_PythonDecoratedOperator): log_sql_query>, print_the_context already registered for DAG: example_python_operator
[2022-12-08T12:47:53.048+0000] {logging_mixin.py:137} INFO - [2022-12-08T12:47:53.048+0000] {taskmixin.py:205} WARNING - Dependency <Task(_PythonDecoratedOperator): print_the_context>, log_sql_query already registered for DAG: example_python_operator
[2022-12-08T12:47:53.050+0000] {logging_mixin.py:137} INFO - [2022-12-08T12:47:53.049+0000] {taskmixin.py:205} WARNING - Dependency <Task(_PythonDecoratedOperator): log_sql_query>, print_the_context already registered for DAG: example_python_operator
[2022-12-08T12:47:53.053+0000] {logging_mixin.py:137} INFO - [2022-12-08T12:47:53.053+0000] {taskmixin.py:205} WARNING - Dependency <Task(_PythonDecoratedOperator): print_the_context>, log_sql_query already registered for DAG: example_python_operator
[2022-12-08T12:47:53.056+0000] {logging_mixin.py:137} INFO - [2022-12-08T12:47:53.055+0000] {taskmixin.py:205} WARNING - Dependency <Task(_PythonDecoratedOperator): log_sql_query>, print_the_context already registered for DAG: example_python_operator
[2022-12-08T12:47:53.080+0000] {processor.py:753} INFO - DAG(s) dict_keys(['example_python_operator']) retrieved from /home/airflow/.local/lib/python3.7/site-packages/airflow/example_dags/example_python_operator.py
[2022-12-08T12:47:53.169+0000] {logging_mixin.py:137} INFO - [2022-12-08T12:47:53.169+0000] {dag.py:2676} INFO - Sync 1 DAGs
[2022-12-08T12:47:53.215+0000] {logging_mixin.py:137} INFO - [2022-12-08T12:47:53.215+0000] {dag.py:3427} INFO - Setting next_dagrun for example_python_operator to None, run_after=None
[2022-12-08T12:47:53.262+0000] {processor.py:175} INFO - Processing /home/airflow/.local/lib/python3.7/site-packages/airflow/example_dags/example_python_operator.py took 0.290 seconds
[2022-12-08T12:48:24.300+0000] {processor.py:153} INFO - Started process (PID=454) to work on /home/airflow/.local/lib/python3.7/site-packages/airflow/example_dags/example_python_operator.py
[2022-12-08T12:48:24.309+0000] {processor.py:743} INFO - Processing file /home/airflow/.local/lib/python3.7/site-packages/airflow/example_dags/example_python_operator.py for tasks to queue
[2022-12-08T12:48:24.313+0000] {logging_mixin.py:137} INFO - [2022-12-08T12:48:24.312+0000] {dagbag.py:538} INFO - Filling up the DagBag from /home/airflow/.local/lib/python3.7/site-packages/airflow/example_dags/example_python_operator.py
[2022-12-08T12:48:24.364+0000] {logging_mixin.py:137} INFO - [2022-12-08T12:48:24.364+0000] {taskmixin.py:205} WARNING - Dependency <Task(_PythonDecoratedOperator): print_the_context>, log_sql_query already registered for DAG: example_python_operator
[2022-12-08T12:48:24.366+0000] {logging_mixin.py:137} INFO - [2022-12-08T12:48:24.366+0000] {taskmixin.py:205} WARNING - Dependency <Task(_PythonDecoratedOperator): log_sql_query>, print_the_context already registered for DAG: example_python_operator
[2022-12-08T12:48:24.370+0000] {logging_mixin.py:137} INFO - [2022-12-08T12:48:24.369+0000] {taskmixin.py:205} WARNING - Dependency <Task(_PythonDecoratedOperator): print_the_context>, log_sql_query already registered for DAG: example_python_operator
[2022-12-08T12:48:24.372+0000] {logging_mixin.py:137} INFO - [2022-12-08T12:48:24.372+0000] {taskmixin.py:205} WARNING - Dependency <Task(_PythonDecoratedOperator): log_sql_query>, print_the_context already registered for DAG: example_python_operator
[2022-12-08T12:48:24.376+0000] {logging_mixin.py:137} INFO - [2022-12-08T12:48:24.375+0000] {taskmixin.py:205} WARNING - Dependency <Task(_PythonDecoratedOperator): print_the_context>, log_sql_query already registered for DAG: example_python_operator
[2022-12-08T12:48:24.378+0000] {logging_mixin.py:137} INFO - [2022-12-08T12:48:24.377+0000] {taskmixin.py:205} WARNING - Dependency <Task(_PythonDecoratedOperator): log_sql_query>, print_the_context already registered for DAG: example_python_operator
[2022-12-08T12:48:24.380+0000] {logging_mixin.py:137} INFO - [2022-12-08T12:48:24.380+0000] {taskmixin.py:205} WARNING - Dependency <Task(_PythonDecoratedOperator): print_the_context>, log_sql_query already registered for DAG: example_python_operator
[2022-12-08T12:48:24.382+0000] {logging_mixin.py:137} INFO - [2022-12-08T12:48:24.382+0000] {taskmixin.py:205} WARNING - Dependency <Task(_PythonDecoratedOperator): log_sql_query>, print_the_context already registered for DAG: example_python_operator
[2022-12-08T12:48:24.397+0000] {processor.py:753} INFO - DAG(s) dict_keys(['example_python_operator']) retrieved from /home/airflow/.local/lib/python3.7/site-packages/airflow/example_dags/example_python_operator.py
[2022-12-08T12:48:24.473+0000] {logging_mixin.py:137} INFO - [2022-12-08T12:48:24.472+0000] {dag.py:2676} INFO - Sync 1 DAGs
[2022-12-08T12:48:24.512+0000] {logging_mixin.py:137} INFO - [2022-12-08T12:48:24.512+0000] {dag.py:3427} INFO - Setting next_dagrun for example_python_operator to None, run_after=None
[2022-12-08T12:48:24.545+0000] {processor.py:175} INFO - Processing /home/airflow/.local/lib/python3.7/site-packages/airflow/example_dags/example_python_operator.py took 0.258 seconds
[2022-12-08T12:48:54.640+0000] {processor.py:153} INFO - Started process (PID=511) to work on /home/airflow/.local/lib/python3.7/site-packages/airflow/example_dags/example_python_operator.py
[2022-12-08T12:48:54.642+0000] {processor.py:743} INFO - Processing file /home/airflow/.local/lib/python3.7/site-packages/airflow/example_dags/example_python_operator.py for tasks to queue
[2022-12-08T12:48:54.646+0000] {logging_mixin.py:137} INFO - [2022-12-08T12:48:54.646+0000] {dagbag.py:538} INFO - Filling up the DagBag from /home/airflow/.local/lib/python3.7/site-packages/airflow/example_dags/example_python_operator.py
[2022-12-08T12:48:54.706+0000] {logging_mixin.py:137} INFO - [2022-12-08T12:48:54.706+0000] {taskmixin.py:205} WARNING - Dependency <Task(_PythonDecoratedOperator): print_the_context>, log_sql_query already registered for DAG: example_python_operator
[2022-12-08T12:48:54.707+0000] {logging_mixin.py:137} INFO - [2022-12-08T12:48:54.707+0000] {taskmixin.py:205} WARNING - Dependency <Task(_PythonDecoratedOperator): log_sql_query>, print_the_context already registered for DAG: example_python_operator
[2022-12-08T12:48:54.712+0000] {logging_mixin.py:137} INFO - [2022-12-08T12:48:54.711+0000] {taskmixin.py:205} WARNING - Dependency <Task(_PythonDecoratedOperator): print_the_context>, log_sql_query already registered for DAG: example_python_operator
[2022-12-08T12:48:54.715+0000] {logging_mixin.py:137} INFO - [2022-12-08T12:48:54.714+0000] {taskmixin.py:205} WARNING - Dependency <Task(_PythonDecoratedOperator): log_sql_query>, print_the_context already registered for DAG: example_python_operator
[2022-12-08T12:48:54.720+0000] {logging_mixin.py:137} INFO - [2022-12-08T12:48:54.719+0000] {taskmixin.py:205} WARNING - Dependency <Task(_PythonDecoratedOperator): print_the_context>, log_sql_query already registered for DAG: example_python_operator
[2022-12-08T12:48:54.722+0000] {logging_mixin.py:137} INFO - [2022-12-08T12:48:54.721+0000] {taskmixin.py:205} WARNING - Dependency <Task(_PythonDecoratedOperator): log_sql_query>, print_the_context already registered for DAG: example_python_operator
[2022-12-08T12:48:54.727+0000] {logging_mixin.py:137} INFO - [2022-12-08T12:48:54.727+0000] {taskmixin.py:205} WARNING - Dependency <Task(_PythonDecoratedOperator): print_the_context>, log_sql_query already registered for DAG: example_python_operator
[2022-12-08T12:48:54.730+0000] {logging_mixin.py:137} INFO - [2022-12-08T12:48:54.729+0000] {taskmixin.py:205} WARNING - Dependency <Task(_PythonDecoratedOperator): log_sql_query>, print_the_context already registered for DAG: example_python_operator
[2022-12-08T12:48:54.763+0000] {processor.py:753} INFO - DAG(s) dict_keys(['example_python_operator']) retrieved from /home/airflow/.local/lib/python3.7/site-packages/airflow/example_dags/example_python_operator.py
[2022-12-08T12:48:54.900+0000] {logging_mixin.py:137} INFO - [2022-12-08T12:48:54.900+0000] {dag.py:2676} INFO - Sync 1 DAGs
[2022-12-08T12:48:54.983+0000] {logging_mixin.py:137} INFO - [2022-12-08T12:48:54.982+0000] {dag.py:3427} INFO - Setting next_dagrun for example_python_operator to None, run_after=None
[2022-12-08T12:48:55.038+0000] {processor.py:175} INFO - Processing /home/airflow/.local/lib/python3.7/site-packages/airflow/example_dags/example_python_operator.py took 0.411 seconds
[2022-12-08T12:49:25.390+0000] {processor.py:153} INFO - Started process (PID=577) to work on /home/airflow/.local/lib/python3.7/site-packages/airflow/example_dags/example_python_operator.py
[2022-12-08T12:49:25.394+0000] {processor.py:743} INFO - Processing file /home/airflow/.local/lib/python3.7/site-packages/airflow/example_dags/example_python_operator.py for tasks to queue
[2022-12-08T12:49:25.397+0000] {logging_mixin.py:137} INFO - [2022-12-08T12:49:25.397+0000] {dagbag.py:538} INFO - Filling up the DagBag from /home/airflow/.local/lib/python3.7/site-packages/airflow/example_dags/example_python_operator.py
[2022-12-08T12:49:25.436+0000] {logging_mixin.py:137} INFO - [2022-12-08T12:49:25.436+0000] {taskmixin.py:205} WARNING - Dependency <Task(_PythonDecoratedOperator): print_the_context>, log_sql_query already registered for DAG: example_python_operator
[2022-12-08T12:49:25.438+0000] {logging_mixin.py:137} INFO - [2022-12-08T12:49:25.438+0000] {taskmixin.py:205} WARNING - Dependency <Task(_PythonDecoratedOperator): log_sql_query>, print_the_context already registered for DAG: example_python_operator
[2022-12-08T12:49:25.442+0000] {logging_mixin.py:137} INFO - [2022-12-08T12:49:25.442+0000] {taskmixin.py:205} WARNING - Dependency <Task(_PythonDecoratedOperator): print_the_context>, log_sql_query already registered for DAG: example_python_operator
[2022-12-08T12:49:25.444+0000] {logging_mixin.py:137} INFO - [2022-12-08T12:49:25.444+0000] {taskmixin.py:205} WARNING - Dependency <Task(_PythonDecoratedOperator): log_sql_query>, print_the_context already registered for DAG: example_python_operator
[2022-12-08T12:49:25.449+0000] {logging_mixin.py:137} INFO - [2022-12-08T12:49:25.448+0000] {taskmixin.py:205} WARNING - Dependency <Task(_PythonDecoratedOperator): print_the_context>, log_sql_query already registered for DAG: example_python_operator
[2022-12-08T12:49:25.451+0000] {logging_mixin.py:137} INFO - [2022-12-08T12:49:25.450+0000] {taskmixin.py:205} WARNING - Dependency <Task(_PythonDecoratedOperator): log_sql_query>, print_the_context already registered for DAG: example_python_operator
[2022-12-08T12:49:25.455+0000] {logging_mixin.py:137} INFO - [2022-12-08T12:49:25.455+0000] {taskmixin.py:205} WARNING - Dependency <Task(_PythonDecoratedOperator): print_the_context>, log_sql_query already registered for DAG: example_python_operator
[2022-12-08T12:49:25.457+0000] {logging_mixin.py:137} INFO - [2022-12-08T12:49:25.457+0000] {taskmixin.py:205} WARNING - Dependency <Task(_PythonDecoratedOperator): log_sql_query>, print_the_context already registered for DAG: example_python_operator
[2022-12-08T12:49:25.474+0000] {processor.py:753} INFO - DAG(s) dict_keys(['example_python_operator']) retrieved from /home/airflow/.local/lib/python3.7/site-packages/airflow/example_dags/example_python_operator.py
[2022-12-08T12:49:25.575+0000] {logging_mixin.py:137} INFO - [2022-12-08T12:49:25.574+0000] {dag.py:2676} INFO - Sync 1 DAGs
[2022-12-08T12:49:25.652+0000] {logging_mixin.py:137} INFO - [2022-12-08T12:49:25.652+0000] {dag.py:3427} INFO - Setting next_dagrun for example_python_operator to None, run_after=None
[2022-12-08T12:49:25.699+0000] {processor.py:175} INFO - Processing /home/airflow/.local/lib/python3.7/site-packages/airflow/example_dags/example_python_operator.py took 0.318 seconds
[2022-12-08T12:49:57.210+0000] {processor.py:153} INFO - Started process (PID=637) to work on /home/airflow/.local/lib/python3.7/site-packages/airflow/example_dags/example_python_operator.py
[2022-12-08T12:49:57.219+0000] {processor.py:743} INFO - Processing file /home/airflow/.local/lib/python3.7/site-packages/airflow/example_dags/example_python_operator.py for tasks to queue
[2022-12-08T12:49:57.221+0000] {logging_mixin.py:137} INFO - [2022-12-08T12:49:57.221+0000] {dagbag.py:538} INFO - Filling up the DagBag from /home/airflow/.local/lib/python3.7/site-packages/airflow/example_dags/example_python_operator.py
[2022-12-08T12:49:57.406+0000] {logging_mixin.py:137} INFO - [2022-12-08T12:49:57.405+0000] {taskmixin.py:205} WARNING - Dependency <Task(_PythonDecoratedOperator): print_the_context>, log_sql_query already registered for DAG: example_python_operator
[2022-12-08T12:49:57.410+0000] {logging_mixin.py:137} INFO - [2022-12-08T12:49:57.409+0000] {taskmixin.py:205} WARNING - Dependency <Task(_PythonDecoratedOperator): log_sql_query>, print_the_context already registered for DAG: example_python_operator
[2022-12-08T12:49:57.418+0000] {logging_mixin.py:137} INFO - [2022-12-08T12:49:57.417+0000] {taskmixin.py:205} WARNING - Dependency <Task(_PythonDecoratedOperator): print_the_context>, log_sql_query already registered for DAG: example_python_operator
[2022-12-08T12:49:57.420+0000] {logging_mixin.py:137} INFO - [2022-12-08T12:49:57.420+0000] {taskmixin.py:205} WARNING - Dependency <Task(_PythonDecoratedOperator): log_sql_query>, print_the_context already registered for DAG: example_python_operator
[2022-12-08T12:49:57.424+0000] {logging_mixin.py:137} INFO - [2022-12-08T12:49:57.424+0000] {taskmixin.py:205} WARNING - Dependency <Task(_PythonDecoratedOperator): print_the_context>, log_sql_query already registered for DAG: example_python_operator
[2022-12-08T12:49:57.457+0000] {logging_mixin.py:137} INFO - [2022-12-08T12:49:57.456+0000] {taskmixin.py:205} WARNING - Dependency <Task(_PythonDecoratedOperator): log_sql_query>, print_the_context already registered for DAG: example_python_operator
[2022-12-08T12:49:57.461+0000] {logging_mixin.py:137} INFO - [2022-12-08T12:49:57.461+0000] {taskmixin.py:205} WARNING - Dependency <Task(_PythonDecoratedOperator): print_the_context>, log_sql_query already registered for DAG: example_python_operator
[2022-12-08T12:49:57.468+0000] {logging_mixin.py:137} INFO - [2022-12-08T12:49:57.466+0000] {taskmixin.py:205} WARNING - Dependency <Task(_PythonDecoratedOperator): log_sql_query>, print_the_context already registered for DAG: example_python_operator
[2022-12-08T12:49:57.532+0000] {processor.py:753} INFO - DAG(s) dict_keys(['example_python_operator']) retrieved from /home/airflow/.local/lib/python3.7/site-packages/airflow/example_dags/example_python_operator.py
[2022-12-08T12:49:57.773+0000] {logging_mixin.py:137} INFO - [2022-12-08T12:49:57.772+0000] {dag.py:2676} INFO - Sync 1 DAGs
[2022-12-08T12:49:57.839+0000] {logging_mixin.py:137} INFO - [2022-12-08T12:49:57.839+0000] {dag.py:3427} INFO - Setting next_dagrun for example_python_operator to None, run_after=None
[2022-12-08T12:49:57.916+0000] {processor.py:175} INFO - Processing /home/airflow/.local/lib/python3.7/site-packages/airflow/example_dags/example_python_operator.py took 0.721 seconds
[2022-12-08T12:50:28.243+0000] {processor.py:153} INFO - Started process (PID=696) to work on /home/airflow/.local/lib/python3.7/site-packages/airflow/example_dags/example_python_operator.py
[2022-12-08T12:50:28.250+0000] {processor.py:743} INFO - Processing file /home/airflow/.local/lib/python3.7/site-packages/airflow/example_dags/example_python_operator.py for tasks to queue
[2022-12-08T12:50:28.257+0000] {logging_mixin.py:137} INFO - [2022-12-08T12:50:28.256+0000] {dagbag.py:538} INFO - Filling up the DagBag from /home/airflow/.local/lib/python3.7/site-packages/airflow/example_dags/example_python_operator.py
[2022-12-08T12:50:28.351+0000] {logging_mixin.py:137} INFO - [2022-12-08T12:50:28.350+0000] {taskmixin.py:205} WARNING - Dependency <Task(_PythonDecoratedOperator): print_the_context>, log_sql_query already registered for DAG: example_python_operator
[2022-12-08T12:50:28.355+0000] {logging_mixin.py:137} INFO - [2022-12-08T12:50:28.353+0000] {taskmixin.py:205} WARNING - Dependency <Task(_PythonDecoratedOperator): log_sql_query>, print_the_context already registered for DAG: example_python_operator
[2022-12-08T12:50:28.365+0000] {logging_mixin.py:137} INFO - [2022-12-08T12:50:28.362+0000] {taskmixin.py:205} WARNING - Dependency <Task(_PythonDecoratedOperator): print_the_context>, log_sql_query already registered for DAG: example_python_operator
[2022-12-08T12:50:28.368+0000] {logging_mixin.py:137} INFO - [2022-12-08T12:50:28.367+0000] {taskmixin.py:205} WARNING - Dependency <Task(_PythonDecoratedOperator): log_sql_query>, print_the_context already registered for DAG: example_python_operator
[2022-12-08T12:50:28.377+0000] {logging_mixin.py:137} INFO - [2022-12-08T12:50:28.376+0000] {taskmixin.py:205} WARNING - Dependency <Task(_PythonDecoratedOperator): print_the_context>, log_sql_query already registered for DAG: example_python_operator
[2022-12-08T12:50:28.380+0000] {logging_mixin.py:137} INFO - [2022-12-08T12:50:28.379+0000] {taskmixin.py:205} WARNING - Dependency <Task(_PythonDecoratedOperator): log_sql_query>, print_the_context already registered for DAG: example_python_operator
[2022-12-08T12:50:28.388+0000] {logging_mixin.py:137} INFO - [2022-12-08T12:50:28.387+0000] {taskmixin.py:205} WARNING - Dependency <Task(_PythonDecoratedOperator): print_the_context>, log_sql_query already registered for DAG: example_python_operator
[2022-12-08T12:50:28.391+0000] {logging_mixin.py:137} INFO - [2022-12-08T12:50:28.391+0000] {taskmixin.py:205} WARNING - Dependency <Task(_PythonDecoratedOperator): log_sql_query>, print_the_context already registered for DAG: example_python_operator
[2022-12-08T12:50:28.409+0000] {processor.py:753} INFO - DAG(s) dict_keys(['example_python_operator']) retrieved from /home/airflow/.local/lib/python3.7/site-packages/airflow/example_dags/example_python_operator.py
[2022-12-08T12:50:28.489+0000] {logging_mixin.py:137} INFO - [2022-12-08T12:50:28.488+0000] {dag.py:2676} INFO - Sync 1 DAGs
[2022-12-08T12:50:28.538+0000] {logging_mixin.py:137} INFO - [2022-12-08T12:50:28.538+0000] {dag.py:3427} INFO - Setting next_dagrun for example_python_operator to None, run_after=None
[2022-12-08T12:50:28.573+0000] {processor.py:175} INFO - Processing /home/airflow/.local/lib/python3.7/site-packages/airflow/example_dags/example_python_operator.py took 0.340 seconds
[2022-12-08T12:50:59.473+0000] {processor.py:153} INFO - Started process (PID=754) to work on /home/airflow/.local/lib/python3.7/site-packages/airflow/example_dags/example_python_operator.py
[2022-12-08T12:50:59.477+0000] {processor.py:743} INFO - Processing file /home/airflow/.local/lib/python3.7/site-packages/airflow/example_dags/example_python_operator.py for tasks to queue
[2022-12-08T12:50:59.480+0000] {logging_mixin.py:137} INFO - [2022-12-08T12:50:59.480+0000] {dagbag.py:538} INFO - Filling up the DagBag from /home/airflow/.local/lib/python3.7/site-packages/airflow/example_dags/example_python_operator.py
[2022-12-08T12:50:59.517+0000] {logging_mixin.py:137} INFO - [2022-12-08T12:50:59.516+0000] {taskmixin.py:205} WARNING - Dependency <Task(_PythonDecoratedOperator): print_the_context>, log_sql_query already registered for DAG: example_python_operator
[2022-12-08T12:50:59.519+0000] {logging_mixin.py:137} INFO - [2022-12-08T12:50:59.518+0000] {taskmixin.py:205} WARNING - Dependency <Task(_PythonDecoratedOperator): log_sql_query>, print_the_context already registered for DAG: example_python_operator
[2022-12-08T12:50:59.523+0000] {logging_mixin.py:137} INFO - [2022-12-08T12:50:59.522+0000] {taskmixin.py:205} WARNING - Dependency <Task(_PythonDecoratedOperator): print_the_context>, log_sql_query already registered for DAG: example_python_operator
[2022-12-08T12:50:59.525+0000] {logging_mixin.py:137} INFO - [2022-12-08T12:50:59.524+0000] {taskmixin.py:205} WARNING - Dependency <Task(_PythonDecoratedOperator): log_sql_query>, print_the_context already registered for DAG: example_python_operator
[2022-12-08T12:50:59.529+0000] {logging_mixin.py:137} INFO - [2022-12-08T12:50:59.528+0000] {taskmixin.py:205} WARNING - Dependency <Task(_PythonDecoratedOperator): print_the_context>, log_sql_query already registered for DAG: example_python_operator
[2022-12-08T12:50:59.530+0000] {logging_mixin.py:137} INFO - [2022-12-08T12:50:59.530+0000] {taskmixin.py:205} WARNING - Dependency <Task(_PythonDecoratedOperator): log_sql_query>, print_the_context already registered for DAG: example_python_operator
[2022-12-08T12:50:59.534+0000] {logging_mixin.py:137} INFO - [2022-12-08T12:50:59.534+0000] {taskmixin.py:205} WARNING - Dependency <Task(_PythonDecoratedOperator): print_the_context>, log_sql_query already registered for DAG: example_python_operator
[2022-12-08T12:50:59.536+0000] {logging_mixin.py:137} INFO - [2022-12-08T12:50:59.535+0000] {taskmixin.py:205} WARNING - Dependency <Task(_PythonDecoratedOperator): log_sql_query>, print_the_context already registered for DAG: example_python_operator
[2022-12-08T12:50:59.556+0000] {processor.py:753} INFO - DAG(s) dict_keys(['example_python_operator']) retrieved from /home/airflow/.local/lib/python3.7/site-packages/airflow/example_dags/example_python_operator.py
[2022-12-08T12:50:59.633+0000] {logging_mixin.py:137} INFO - [2022-12-08T12:50:59.633+0000] {dag.py:2676} INFO - Sync 1 DAGs
[2022-12-08T12:50:59.689+0000] {logging_mixin.py:137} INFO - [2022-12-08T12:50:59.689+0000] {dag.py:3427} INFO - Setting next_dagrun for example_python_operator to None, run_after=None
[2022-12-08T12:50:59.737+0000] {processor.py:175} INFO - Processing /home/airflow/.local/lib/python3.7/site-packages/airflow/example_dags/example_python_operator.py took 0.275 seconds
[2022-12-08T12:51:29.890+0000] {processor.py:153} INFO - Started process (PID=811) to work on /home/airflow/.local/lib/python3.7/site-packages/airflow/example_dags/example_python_operator.py
[2022-12-08T12:51:29.893+0000] {processor.py:743} INFO - Processing file /home/airflow/.local/lib/python3.7/site-packages/airflow/example_dags/example_python_operator.py for tasks to queue
[2022-12-08T12:51:29.896+0000] {logging_mixin.py:137} INFO - [2022-12-08T12:51:29.896+0000] {dagbag.py:538} INFO - Filling up the DagBag from /home/airflow/.local/lib/python3.7/site-packages/airflow/example_dags/example_python_operator.py
[2022-12-08T12:51:29.931+0000] {logging_mixin.py:137} INFO - [2022-12-08T12:51:29.931+0000] {taskmixin.py:205} WARNING - Dependency <Task(_PythonDecoratedOperator): print_the_context>, log_sql_query already registered for DAG: example_python_operator
[2022-12-08T12:51:29.933+0000] {logging_mixin.py:137} INFO - [2022-12-08T12:51:29.933+0000] {taskmixin.py:205} WARNING - Dependency <Task(_PythonDecoratedOperator): log_sql_query>, print_the_context already registered for DAG: example_python_operator
[2022-12-08T12:51:29.939+0000] {logging_mixin.py:137} INFO - [2022-12-08T12:51:29.938+0000] {taskmixin.py:205} WARNING - Dependency <Task(_PythonDecoratedOperator): print_the_context>, log_sql_query already registered for DAG: example_python_operator
[2022-12-08T12:51:29.941+0000] {logging_mixin.py:137} INFO - [2022-12-08T12:51:29.941+0000] {taskmixin.py:205} WARNING - Dependency <Task(_PythonDecoratedOperator): log_sql_query>, print_the_context already registered for DAG: example_python_operator
[2022-12-08T12:51:29.944+0000] {logging_mixin.py:137} INFO - [2022-12-08T12:51:29.944+0000] {taskmixin.py:205} WARNING - Dependency <Task(_PythonDecoratedOperator): print_the_context>, log_sql_query already registered for DAG: example_python_operator
[2022-12-08T12:51:29.946+0000] {logging_mixin.py:137} INFO - [2022-12-08T12:51:29.946+0000] {taskmixin.py:205} WARNING - Dependency <Task(_PythonDecoratedOperator): log_sql_query>, print_the_context already registered for DAG: example_python_operator
[2022-12-08T12:51:29.950+0000] {logging_mixin.py:137} INFO - [2022-12-08T12:51:29.950+0000] {taskmixin.py:205} WARNING - Dependency <Task(_PythonDecoratedOperator): print_the_context>, log_sql_query already registered for DAG: example_python_operator
[2022-12-08T12:51:29.952+0000] {logging_mixin.py:137} INFO - [2022-12-08T12:51:29.952+0000] {taskmixin.py:205} WARNING - Dependency <Task(_PythonDecoratedOperator): log_sql_query>, print_the_context already registered for DAG: example_python_operator
[2022-12-08T12:51:29.969+0000] {processor.py:753} INFO - DAG(s) dict_keys(['example_python_operator']) retrieved from /home/airflow/.local/lib/python3.7/site-packages/airflow/example_dags/example_python_operator.py
[2022-12-08T12:51:30.047+0000] {logging_mixin.py:137} INFO - [2022-12-08T12:51:30.047+0000] {dag.py:2676} INFO - Sync 1 DAGs
[2022-12-08T12:51:30.123+0000] {logging_mixin.py:137} INFO - [2022-12-08T12:51:30.123+0000] {dag.py:3427} INFO - Setting next_dagrun for example_python_operator to None, run_after=None
[2022-12-08T12:51:30.163+0000] {processor.py:175} INFO - Processing /home/airflow/.local/lib/python3.7/site-packages/airflow/example_dags/example_python_operator.py took 0.281 seconds
[2022-12-08T12:52:00.784+0000] {processor.py:153} INFO - Started process (PID=867) to work on /home/airflow/.local/lib/python3.7/site-packages/airflow/example_dags/example_python_operator.py
[2022-12-08T12:52:00.794+0000] {processor.py:743} INFO - Processing file /home/airflow/.local/lib/python3.7/site-packages/airflow/example_dags/example_python_operator.py for tasks to queue
[2022-12-08T12:52:00.796+0000] {logging_mixin.py:137} INFO - [2022-12-08T12:52:00.796+0000] {dagbag.py:538} INFO - Filling up the DagBag from /home/airflow/.local/lib/python3.7/site-packages/airflow/example_dags/example_python_operator.py
[2022-12-08T12:52:00.905+0000] {logging_mixin.py:137} INFO - [2022-12-08T12:52:00.905+0000] {taskmixin.py:205} WARNING - Dependency <Task(_PythonDecoratedOperator): print_the_context>, log_sql_query already registered for DAG: example_python_operator
[2022-12-08T12:52:00.906+0000] {logging_mixin.py:137} INFO - [2022-12-08T12:52:00.906+0000] {taskmixin.py:205} WARNING - Dependency <Task(_PythonDecoratedOperator): log_sql_query>, print_the_context already registered for DAG: example_python_operator
[2022-12-08T12:52:00.912+0000] {logging_mixin.py:137} INFO - [2022-12-08T12:52:00.912+0000] {taskmixin.py:205} WARNING - Dependency <Task(_PythonDecoratedOperator): print_the_context>, log_sql_query already registered for DAG: example_python_operator
[2022-12-08T12:52:00.913+0000] {logging_mixin.py:137} INFO - [2022-12-08T12:52:00.913+0000] {taskmixin.py:205} WARNING - Dependency <Task(_PythonDecoratedOperator): log_sql_query>, print_the_context already registered for DAG: example_python_operator
[2022-12-08T12:52:00.916+0000] {logging_mixin.py:137} INFO - [2022-12-08T12:52:00.916+0000] {taskmixin.py:205} WARNING - Dependency <Task(_PythonDecoratedOperator): print_the_context>, log_sql_query already registered for DAG: example_python_operator
[2022-12-08T12:52:00.921+0000] {logging_mixin.py:137} INFO - [2022-12-08T12:52:00.921+0000] {taskmixin.py:205} WARNING - Dependency <Task(_PythonDecoratedOperator): log_sql_query>, print_the_context already registered for DAG: example_python_operator
[2022-12-08T12:52:00.927+0000] {logging_mixin.py:137} INFO - [2022-12-08T12:52:00.923+0000] {taskmixin.py:205} WARNING - Dependency <Task(_PythonDecoratedOperator): print_the_context>, log_sql_query already registered for DAG: example_python_operator
[2022-12-08T12:52:00.929+0000] {logging_mixin.py:137} INFO - [2022-12-08T12:52:00.928+0000] {taskmixin.py:205} WARNING - Dependency <Task(_PythonDecoratedOperator): log_sql_query>, print_the_context already registered for DAG: example_python_operator
[2022-12-08T12:52:00.964+0000] {processor.py:753} INFO - DAG(s) dict_keys(['example_python_operator']) retrieved from /home/airflow/.local/lib/python3.7/site-packages/airflow/example_dags/example_python_operator.py
[2022-12-08T12:52:01.193+0000] {logging_mixin.py:137} INFO - [2022-12-08T12:52:01.192+0000] {dag.py:2676} INFO - Sync 1 DAGs
[2022-12-08T12:52:01.357+0000] {logging_mixin.py:137} INFO - [2022-12-08T12:52:01.357+0000] {dag.py:3427} INFO - Setting next_dagrun for example_python_operator to None, run_after=None
[2022-12-08T12:52:01.464+0000] {processor.py:175} INFO - Processing /home/airflow/.local/lib/python3.7/site-packages/airflow/example_dags/example_python_operator.py took 0.711 seconds
[2022-12-08T12:52:32.059+0000] {processor.py:153} INFO - Started process (PID=924) to work on /home/airflow/.local/lib/python3.7/site-packages/airflow/example_dags/example_python_operator.py
[2022-12-08T12:52:32.064+0000] {processor.py:743} INFO - Processing file /home/airflow/.local/lib/python3.7/site-packages/airflow/example_dags/example_python_operator.py for tasks to queue
[2022-12-08T12:52:32.068+0000] {logging_mixin.py:137} INFO - [2022-12-08T12:52:32.068+0000] {dagbag.py:538} INFO - Filling up the DagBag from /home/airflow/.local/lib/python3.7/site-packages/airflow/example_dags/example_python_operator.py
[2022-12-08T12:52:32.118+0000] {logging_mixin.py:137} INFO - [2022-12-08T12:52:32.118+0000] {taskmixin.py:205} WARNING - Dependency <Task(_PythonDecoratedOperator): print_the_context>, log_sql_query already registered for DAG: example_python_operator
[2022-12-08T12:52:32.122+0000] {logging_mixin.py:137} INFO - [2022-12-08T12:52:32.120+0000] {taskmixin.py:205} WARNING - Dependency <Task(_PythonDecoratedOperator): log_sql_query>, print_the_context already registered for DAG: example_python_operator
[2022-12-08T12:52:32.133+0000] {logging_mixin.py:137} INFO - [2022-12-08T12:52:32.131+0000] {taskmixin.py:205} WARNING - Dependency <Task(_PythonDecoratedOperator): print_the_context>, log_sql_query already registered for DAG: example_python_operator
[2022-12-08T12:52:32.135+0000] {logging_mixin.py:137} INFO - [2022-12-08T12:52:32.134+0000] {taskmixin.py:205} WARNING - Dependency <Task(_PythonDecoratedOperator): log_sql_query>, print_the_context already registered for DAG: example_python_operator
[2022-12-08T12:52:32.145+0000] {logging_mixin.py:137} INFO - [2022-12-08T12:52:32.144+0000] {taskmixin.py:205} WARNING - Dependency <Task(_PythonDecoratedOperator): print_the_context>, log_sql_query already registered for DAG: example_python_operator
[2022-12-08T12:52:32.149+0000] {logging_mixin.py:137} INFO - [2022-12-08T12:52:32.147+0000] {taskmixin.py:205} WARNING - Dependency <Task(_PythonDecoratedOperator): log_sql_query>, print_the_context already registered for DAG: example_python_operator
[2022-12-08T12:52:32.154+0000] {logging_mixin.py:137} INFO - [2022-12-08T12:52:32.154+0000] {taskmixin.py:205} WARNING - Dependency <Task(_PythonDecoratedOperator): print_the_context>, log_sql_query already registered for DAG: example_python_operator
[2022-12-08T12:52:32.156+0000] {logging_mixin.py:137} INFO - [2022-12-08T12:52:32.155+0000] {taskmixin.py:205} WARNING - Dependency <Task(_PythonDecoratedOperator): log_sql_query>, print_the_context already registered for DAG: example_python_operator
[2022-12-08T12:52:32.184+0000] {processor.py:753} INFO - DAG(s) dict_keys(['example_python_operator']) retrieved from /home/airflow/.local/lib/python3.7/site-packages/airflow/example_dags/example_python_operator.py
[2022-12-08T12:52:32.271+0000] {logging_mixin.py:137} INFO - [2022-12-08T12:52:32.271+0000] {dag.py:2676} INFO - Sync 1 DAGs
[2022-12-08T12:52:32.318+0000] {logging_mixin.py:137} INFO - [2022-12-08T12:52:32.318+0000] {dag.py:3427} INFO - Setting next_dagrun for example_python_operator to None, run_after=None
[2022-12-08T12:52:32.360+0000] {processor.py:175} INFO - Processing /home/airflow/.local/lib/python3.7/site-packages/airflow/example_dags/example_python_operator.py took 0.312 seconds
