[2022-12-08T12:45:12.718+0000] {processor.py:153} INFO - Started process (PID=86) to work on /home/airflow/.local/lib/python3.7/site-packages/airflow/example_dags/example_latest_only_with_trigger.py
[2022-12-08T12:45:12.725+0000] {processor.py:743} INFO - Processing file /home/airflow/.local/lib/python3.7/site-packages/airflow/example_dags/example_latest_only_with_trigger.py for tasks to queue
[2022-12-08T12:45:12.731+0000] {logging_mixin.py:137} INFO - [2022-12-08T12:45:12.730+0000] {dagbag.py:538} INFO - Filling up the DagBag from /home/airflow/.local/lib/python3.7/site-packages/airflow/example_dags/example_latest_only_with_trigger.py
[2022-12-08T12:45:12.791+0000] {processor.py:753} INFO - DAG(s) dict_keys(['latest_only_with_trigger']) retrieved from /home/airflow/.local/lib/python3.7/site-packages/airflow/example_dags/example_latest_only_with_trigger.py
[2022-12-08T12:45:13.023+0000] {logging_mixin.py:137} INFO - [2022-12-08T12:45:13.022+0000] {dag.py:2676} INFO - Sync 1 DAGs
[2022-12-08T12:45:13.267+0000] {logging_mixin.py:137} INFO - [2022-12-08T12:45:13.267+0000] {dag.py:3427} INFO - Setting next_dagrun for latest_only_with_trigger to 2022-12-08T08:45:13.267295+00:00, run_after=2022-12-08T12:45:13.267295+00:00
[2022-12-08T12:45:13.399+0000] {processor.py:175} INFO - Processing /home/airflow/.local/lib/python3.7/site-packages/airflow/example_dags/example_latest_only_with_trigger.py took 0.695 seconds
[2022-12-08T12:45:43.833+0000] {processor.py:153} INFO - Started process (PID=144) to work on /home/airflow/.local/lib/python3.7/site-packages/airflow/example_dags/example_latest_only_with_trigger.py
[2022-12-08T12:45:43.837+0000] {processor.py:743} INFO - Processing file /home/airflow/.local/lib/python3.7/site-packages/airflow/example_dags/example_latest_only_with_trigger.py for tasks to queue
[2022-12-08T12:45:43.843+0000] {logging_mixin.py:137} INFO - [2022-12-08T12:45:43.842+0000] {dagbag.py:538} INFO - Filling up the DagBag from /home/airflow/.local/lib/python3.7/site-packages/airflow/example_dags/example_latest_only_with_trigger.py
[2022-12-08T12:45:43.896+0000] {processor.py:753} INFO - DAG(s) dict_keys(['latest_only_with_trigger']) retrieved from /home/airflow/.local/lib/python3.7/site-packages/airflow/example_dags/example_latest_only_with_trigger.py
[2022-12-08T12:45:44.020+0000] {logging_mixin.py:137} INFO - [2022-12-08T12:45:44.020+0000] {dag.py:2676} INFO - Sync 1 DAGs
[2022-12-08T12:45:44.076+0000] {logging_mixin.py:137} INFO - [2022-12-08T12:45:44.076+0000] {dag.py:3427} INFO - Setting next_dagrun for latest_only_with_trigger to 2022-12-08T08:45:44.075672+00:00, run_after=2022-12-08T12:45:44.075672+00:00
[2022-12-08T12:45:44.114+0000] {processor.py:175} INFO - Processing /home/airflow/.local/lib/python3.7/site-packages/airflow/example_dags/example_latest_only_with_trigger.py took 0.293 seconds
[2022-12-08T12:46:14.402+0000] {processor.py:153} INFO - Started process (PID=202) to work on /home/airflow/.local/lib/python3.7/site-packages/airflow/example_dags/example_latest_only_with_trigger.py
[2022-12-08T12:46:14.406+0000] {processor.py:743} INFO - Processing file /home/airflow/.local/lib/python3.7/site-packages/airflow/example_dags/example_latest_only_with_trigger.py for tasks to queue
[2022-12-08T12:46:14.410+0000] {logging_mixin.py:137} INFO - [2022-12-08T12:46:14.410+0000] {dagbag.py:538} INFO - Filling up the DagBag from /home/airflow/.local/lib/python3.7/site-packages/airflow/example_dags/example_latest_only_with_trigger.py
[2022-12-08T12:46:14.449+0000] {processor.py:753} INFO - DAG(s) dict_keys(['latest_only_with_trigger']) retrieved from /home/airflow/.local/lib/python3.7/site-packages/airflow/example_dags/example_latest_only_with_trigger.py
[2022-12-08T12:46:14.523+0000] {logging_mixin.py:137} INFO - [2022-12-08T12:46:14.523+0000] {dag.py:2676} INFO - Sync 1 DAGs
[2022-12-08T12:46:14.563+0000] {logging_mixin.py:137} INFO - [2022-12-08T12:46:14.563+0000] {dag.py:3427} INFO - Setting next_dagrun for latest_only_with_trigger to 2022-12-08T08:46:14.562917+00:00, run_after=2022-12-08T12:46:14.562917+00:00
[2022-12-08T12:46:14.596+0000] {processor.py:175} INFO - Processing /home/airflow/.local/lib/python3.7/site-packages/airflow/example_dags/example_latest_only_with_trigger.py took 0.206 seconds
[2022-12-08T12:46:45.243+0000] {processor.py:153} INFO - Started process (PID=259) to work on /home/airflow/.local/lib/python3.7/site-packages/airflow/example_dags/example_latest_only_with_trigger.py
[2022-12-08T12:46:45.253+0000] {processor.py:743} INFO - Processing file /home/airflow/.local/lib/python3.7/site-packages/airflow/example_dags/example_latest_only_with_trigger.py for tasks to queue
[2022-12-08T12:46:45.256+0000] {logging_mixin.py:137} INFO - [2022-12-08T12:46:45.256+0000] {dagbag.py:538} INFO - Filling up the DagBag from /home/airflow/.local/lib/python3.7/site-packages/airflow/example_dags/example_latest_only_with_trigger.py
[2022-12-08T12:46:45.303+0000] {processor.py:753} INFO - DAG(s) dict_keys(['latest_only_with_trigger']) retrieved from /home/airflow/.local/lib/python3.7/site-packages/airflow/example_dags/example_latest_only_with_trigger.py
[2022-12-08T12:46:45.391+0000] {logging_mixin.py:137} INFO - [2022-12-08T12:46:45.391+0000] {dag.py:2676} INFO - Sync 1 DAGs
[2022-12-08T12:46:45.433+0000] {logging_mixin.py:137} INFO - [2022-12-08T12:46:45.433+0000] {dag.py:3427} INFO - Setting next_dagrun for latest_only_with_trigger to 2022-12-08T08:46:45.432644+00:00, run_after=2022-12-08T12:46:45.432644+00:00
[2022-12-08T12:46:45.466+0000] {processor.py:175} INFO - Processing /home/airflow/.local/lib/python3.7/site-packages/airflow/example_dags/example_latest_only_with_trigger.py took 0.234 seconds
[2022-12-08T12:47:15.888+0000] {processor.py:153} INFO - Started process (PID=317) to work on /home/airflow/.local/lib/python3.7/site-packages/airflow/example_dags/example_latest_only_with_trigger.py
[2022-12-08T12:47:15.891+0000] {processor.py:743} INFO - Processing file /home/airflow/.local/lib/python3.7/site-packages/airflow/example_dags/example_latest_only_with_trigger.py for tasks to queue
[2022-12-08T12:47:15.895+0000] {logging_mixin.py:137} INFO - [2022-12-08T12:47:15.894+0000] {dagbag.py:538} INFO - Filling up the DagBag from /home/airflow/.local/lib/python3.7/site-packages/airflow/example_dags/example_latest_only_with_trigger.py
[2022-12-08T12:47:15.924+0000] {processor.py:753} INFO - DAG(s) dict_keys(['latest_only_with_trigger']) retrieved from /home/airflow/.local/lib/python3.7/site-packages/airflow/example_dags/example_latest_only_with_trigger.py
[2022-12-08T12:47:15.991+0000] {logging_mixin.py:137} INFO - [2022-12-08T12:47:15.990+0000] {dag.py:2676} INFO - Sync 1 DAGs
[2022-12-08T12:47:16.045+0000] {logging_mixin.py:137} INFO - [2022-12-08T12:47:16.044+0000] {dag.py:3427} INFO - Setting next_dagrun for latest_only_with_trigger to 2022-12-08T08:47:16.044298+00:00, run_after=2022-12-08T12:47:16.044298+00:00
[2022-12-08T12:47:16.094+0000] {processor.py:175} INFO - Processing /home/airflow/.local/lib/python3.7/site-packages/airflow/example_dags/example_latest_only_with_trigger.py took 0.216 seconds
[2022-12-08T12:47:46.415+0000] {processor.py:153} INFO - Started process (PID=375) to work on /home/airflow/.local/lib/python3.7/site-packages/airflow/example_dags/example_latest_only_with_trigger.py
[2022-12-08T12:47:46.418+0000] {processor.py:743} INFO - Processing file /home/airflow/.local/lib/python3.7/site-packages/airflow/example_dags/example_latest_only_with_trigger.py for tasks to queue
[2022-12-08T12:47:46.420+0000] {logging_mixin.py:137} INFO - [2022-12-08T12:47:46.420+0000] {dagbag.py:538} INFO - Filling up the DagBag from /home/airflow/.local/lib/python3.7/site-packages/airflow/example_dags/example_latest_only_with_trigger.py
[2022-12-08T12:47:46.453+0000] {processor.py:753} INFO - DAG(s) dict_keys(['latest_only_with_trigger']) retrieved from /home/airflow/.local/lib/python3.7/site-packages/airflow/example_dags/example_latest_only_with_trigger.py
[2022-12-08T12:47:46.529+0000] {logging_mixin.py:137} INFO - [2022-12-08T12:47:46.529+0000] {dag.py:2676} INFO - Sync 1 DAGs
[2022-12-08T12:47:46.575+0000] {logging_mixin.py:137} INFO - [2022-12-08T12:47:46.575+0000] {dag.py:3427} INFO - Setting next_dagrun for latest_only_with_trigger to 2022-12-08T08:47:46.574739+00:00, run_after=2022-12-08T12:47:46.574739+00:00
[2022-12-08T12:47:46.607+0000] {processor.py:175} INFO - Processing /home/airflow/.local/lib/python3.7/site-packages/airflow/example_dags/example_latest_only_with_trigger.py took 0.199 seconds
[2022-12-08T12:48:17.390+0000] {processor.py:153} INFO - Started process (PID=432) to work on /home/airflow/.local/lib/python3.7/site-packages/airflow/example_dags/example_latest_only_with_trigger.py
[2022-12-08T12:48:17.393+0000] {processor.py:743} INFO - Processing file /home/airflow/.local/lib/python3.7/site-packages/airflow/example_dags/example_latest_only_with_trigger.py for tasks to queue
[2022-12-08T12:48:17.396+0000] {logging_mixin.py:137} INFO - [2022-12-08T12:48:17.396+0000] {dagbag.py:538} INFO - Filling up the DagBag from /home/airflow/.local/lib/python3.7/site-packages/airflow/example_dags/example_latest_only_with_trigger.py
[2022-12-08T12:48:17.433+0000] {processor.py:753} INFO - DAG(s) dict_keys(['latest_only_with_trigger']) retrieved from /home/airflow/.local/lib/python3.7/site-packages/airflow/example_dags/example_latest_only_with_trigger.py
[2022-12-08T12:48:17.603+0000] {logging_mixin.py:137} INFO - [2022-12-08T12:48:17.603+0000] {dag.py:2676} INFO - Sync 1 DAGs
[2022-12-08T12:48:17.647+0000] {logging_mixin.py:137} INFO - [2022-12-08T12:48:17.647+0000] {dag.py:3427} INFO - Setting next_dagrun for latest_only_with_trigger to 2022-12-08T08:48:17.647251+00:00, run_after=2022-12-08T12:48:17.647251+00:00
[2022-12-08T12:48:17.695+0000] {processor.py:175} INFO - Processing /home/airflow/.local/lib/python3.7/site-packages/airflow/example_dags/example_latest_only_with_trigger.py took 0.314 seconds
[2022-12-08T12:48:48.360+0000] {processor.py:153} INFO - Started process (PID=499) to work on /home/airflow/.local/lib/python3.7/site-packages/airflow/example_dags/example_latest_only_with_trigger.py
[2022-12-08T12:48:48.362+0000] {processor.py:743} INFO - Processing file /home/airflow/.local/lib/python3.7/site-packages/airflow/example_dags/example_latest_only_with_trigger.py for tasks to queue
[2022-12-08T12:48:48.364+0000] {logging_mixin.py:137} INFO - [2022-12-08T12:48:48.364+0000] {dagbag.py:538} INFO - Filling up the DagBag from /home/airflow/.local/lib/python3.7/site-packages/airflow/example_dags/example_latest_only_with_trigger.py
[2022-12-08T12:48:48.394+0000] {processor.py:753} INFO - DAG(s) dict_keys(['latest_only_with_trigger']) retrieved from /home/airflow/.local/lib/python3.7/site-packages/airflow/example_dags/example_latest_only_with_trigger.py
[2022-12-08T12:48:48.459+0000] {logging_mixin.py:137} INFO - [2022-12-08T12:48:48.459+0000] {dag.py:2676} INFO - Sync 1 DAGs
[2022-12-08T12:48:48.508+0000] {logging_mixin.py:137} INFO - [2022-12-08T12:48:48.508+0000] {dag.py:3427} INFO - Setting next_dagrun for latest_only_with_trigger to 2022-12-08T08:48:48.507993+00:00, run_after=2022-12-08T12:48:48.507993+00:00
[2022-12-08T12:48:48.548+0000] {processor.py:175} INFO - Processing /home/airflow/.local/lib/python3.7/site-packages/airflow/example_dags/example_latest_only_with_trigger.py took 0.203 seconds
[2022-12-08T12:49:19.210+0000] {processor.py:153} INFO - Started process (PID=558) to work on /home/airflow/.local/lib/python3.7/site-packages/airflow/example_dags/example_latest_only_with_trigger.py
[2022-12-08T12:49:19.214+0000] {processor.py:743} INFO - Processing file /home/airflow/.local/lib/python3.7/site-packages/airflow/example_dags/example_latest_only_with_trigger.py for tasks to queue
[2022-12-08T12:49:19.217+0000] {logging_mixin.py:137} INFO - [2022-12-08T12:49:19.217+0000] {dagbag.py:538} INFO - Filling up the DagBag from /home/airflow/.local/lib/python3.7/site-packages/airflow/example_dags/example_latest_only_with_trigger.py
[2022-12-08T12:49:19.252+0000] {processor.py:753} INFO - DAG(s) dict_keys(['latest_only_with_trigger']) retrieved from /home/airflow/.local/lib/python3.7/site-packages/airflow/example_dags/example_latest_only_with_trigger.py
[2022-12-08T12:49:19.391+0000] {logging_mixin.py:137} INFO - [2022-12-08T12:49:19.390+0000] {dag.py:2676} INFO - Sync 1 DAGs
[2022-12-08T12:49:19.476+0000] {logging_mixin.py:137} INFO - [2022-12-08T12:49:19.476+0000] {dag.py:3427} INFO - Setting next_dagrun for latest_only_with_trigger to 2022-12-08T08:49:19.476136+00:00, run_after=2022-12-08T12:49:19.476136+00:00
[2022-12-08T12:49:19.517+0000] {processor.py:175} INFO - Processing /home/airflow/.local/lib/python3.7/site-packages/airflow/example_dags/example_latest_only_with_trigger.py took 0.316 seconds
[2022-12-08T12:49:52.185+0000] {processor.py:153} INFO - Started process (PID=616) to work on /home/airflow/.local/lib/python3.7/site-packages/airflow/example_dags/example_latest_only_with_trigger.py
[2022-12-08T12:49:52.195+0000] {processor.py:743} INFO - Processing file /home/airflow/.local/lib/python3.7/site-packages/airflow/example_dags/example_latest_only_with_trigger.py for tasks to queue
[2022-12-08T12:49:52.206+0000] {logging_mixin.py:137} INFO - [2022-12-08T12:49:52.206+0000] {dagbag.py:538} INFO - Filling up the DagBag from /home/airflow/.local/lib/python3.7/site-packages/airflow/example_dags/example_latest_only_with_trigger.py
[2022-12-08T12:49:52.380+0000] {processor.py:753} INFO - DAG(s) dict_keys(['latest_only_with_trigger']) retrieved from /home/airflow/.local/lib/python3.7/site-packages/airflow/example_dags/example_latest_only_with_trigger.py
[2022-12-08T12:49:53.105+0000] {logging_mixin.py:137} INFO - [2022-12-08T12:49:53.105+0000] {dag.py:2676} INFO - Sync 1 DAGs
[2022-12-08T12:49:53.401+0000] {logging_mixin.py:137} INFO - [2022-12-08T12:49:53.401+0000] {dag.py:3427} INFO - Setting next_dagrun for latest_only_with_trigger to 2022-12-08T08:49:53.400885+00:00, run_after=2022-12-08T12:49:53.400885+00:00
[2022-12-08T12:49:53.614+0000] {processor.py:175} INFO - Processing /home/airflow/.local/lib/python3.7/site-packages/airflow/example_dags/example_latest_only_with_trigger.py took 1.466 seconds
[2022-12-08T12:50:23.901+0000] {processor.py:153} INFO - Started process (PID=674) to work on /home/airflow/.local/lib/python3.7/site-packages/airflow/example_dags/example_latest_only_with_trigger.py
[2022-12-08T12:50:23.906+0000] {processor.py:743} INFO - Processing file /home/airflow/.local/lib/python3.7/site-packages/airflow/example_dags/example_latest_only_with_trigger.py for tasks to queue
[2022-12-08T12:50:23.909+0000] {logging_mixin.py:137} INFO - [2022-12-08T12:50:23.909+0000] {dagbag.py:538} INFO - Filling up the DagBag from /home/airflow/.local/lib/python3.7/site-packages/airflow/example_dags/example_latest_only_with_trigger.py
[2022-12-08T12:50:23.942+0000] {processor.py:753} INFO - DAG(s) dict_keys(['latest_only_with_trigger']) retrieved from /home/airflow/.local/lib/python3.7/site-packages/airflow/example_dags/example_latest_only_with_trigger.py
[2022-12-08T12:50:24.013+0000] {logging_mixin.py:137} INFO - [2022-12-08T12:50:24.013+0000] {dag.py:2676} INFO - Sync 1 DAGs
[2022-12-08T12:50:24.055+0000] {logging_mixin.py:137} INFO - [2022-12-08T12:50:24.054+0000] {dag.py:3427} INFO - Setting next_dagrun for latest_only_with_trigger to 2022-12-08T08:50:24.054393+00:00, run_after=2022-12-08T12:50:24.054393+00:00
[2022-12-08T12:50:24.088+0000] {processor.py:175} INFO - Processing /home/airflow/.local/lib/python3.7/site-packages/airflow/example_dags/example_latest_only_with_trigger.py took 0.192 seconds
[2022-12-08T12:50:54.347+0000] {processor.py:153} INFO - Started process (PID=732) to work on /home/airflow/.local/lib/python3.7/site-packages/airflow/example_dags/example_latest_only_with_trigger.py
[2022-12-08T12:50:54.351+0000] {processor.py:743} INFO - Processing file /home/airflow/.local/lib/python3.7/site-packages/airflow/example_dags/example_latest_only_with_trigger.py for tasks to queue
[2022-12-08T12:50:54.354+0000] {logging_mixin.py:137} INFO - [2022-12-08T12:50:54.354+0000] {dagbag.py:538} INFO - Filling up the DagBag from /home/airflow/.local/lib/python3.7/site-packages/airflow/example_dags/example_latest_only_with_trigger.py
[2022-12-08T12:50:54.386+0000] {processor.py:753} INFO - DAG(s) dict_keys(['latest_only_with_trigger']) retrieved from /home/airflow/.local/lib/python3.7/site-packages/airflow/example_dags/example_latest_only_with_trigger.py
[2022-12-08T12:50:54.452+0000] {logging_mixin.py:137} INFO - [2022-12-08T12:50:54.451+0000] {dag.py:2676} INFO - Sync 1 DAGs
[2022-12-08T12:50:54.494+0000] {logging_mixin.py:137} INFO - [2022-12-08T12:50:54.493+0000] {dag.py:3427} INFO - Setting next_dagrun for latest_only_with_trigger to 2022-12-08T08:50:54.493524+00:00, run_after=2022-12-08T12:50:54.493524+00:00
[2022-12-08T12:50:54.531+0000] {processor.py:175} INFO - Processing /home/airflow/.local/lib/python3.7/site-packages/airflow/example_dags/example_latest_only_with_trigger.py took 0.191 seconds
[2022-12-08T12:51:24.789+0000] {processor.py:153} INFO - Started process (PID=800) to work on /home/airflow/.local/lib/python3.7/site-packages/airflow/example_dags/example_latest_only_with_trigger.py
[2022-12-08T12:51:24.792+0000] {processor.py:743} INFO - Processing file /home/airflow/.local/lib/python3.7/site-packages/airflow/example_dags/example_latest_only_with_trigger.py for tasks to queue
[2022-12-08T12:51:24.796+0000] {logging_mixin.py:137} INFO - [2022-12-08T12:51:24.796+0000] {dagbag.py:538} INFO - Filling up the DagBag from /home/airflow/.local/lib/python3.7/site-packages/airflow/example_dags/example_latest_only_with_trigger.py
[2022-12-08T12:51:24.831+0000] {processor.py:753} INFO - DAG(s) dict_keys(['latest_only_with_trigger']) retrieved from /home/airflow/.local/lib/python3.7/site-packages/airflow/example_dags/example_latest_only_with_trigger.py
[2022-12-08T12:51:24.918+0000] {logging_mixin.py:137} INFO - [2022-12-08T12:51:24.918+0000] {dag.py:2676} INFO - Sync 1 DAGs
[2022-12-08T12:51:25.008+0000] {logging_mixin.py:137} INFO - [2022-12-08T12:51:25.008+0000] {dag.py:3427} INFO - Setting next_dagrun for latest_only_with_trigger to 2022-12-08T08:51:25.007885+00:00, run_after=2022-12-08T12:51:25.007885+00:00
[2022-12-08T12:51:25.075+0000] {processor.py:175} INFO - Processing /home/airflow/.local/lib/python3.7/site-packages/airflow/example_dags/example_latest_only_with_trigger.py took 0.294 seconds
[2022-12-08T12:51:56.662+0000] {processor.py:153} INFO - Started process (PID=855) to work on /home/airflow/.local/lib/python3.7/site-packages/airflow/example_dags/example_latest_only_with_trigger.py
[2022-12-08T12:51:56.680+0000] {processor.py:743} INFO - Processing file /home/airflow/.local/lib/python3.7/site-packages/airflow/example_dags/example_latest_only_with_trigger.py for tasks to queue
[2022-12-08T12:51:56.690+0000] {logging_mixin.py:137} INFO - [2022-12-08T12:51:56.690+0000] {dagbag.py:538} INFO - Filling up the DagBag from /home/airflow/.local/lib/python3.7/site-packages/airflow/example_dags/example_latest_only_with_trigger.py
[2022-12-08T12:51:56.963+0000] {processor.py:753} INFO - DAG(s) dict_keys(['latest_only_with_trigger']) retrieved from /home/airflow/.local/lib/python3.7/site-packages/airflow/example_dags/example_latest_only_with_trigger.py
[2022-12-08T12:51:57.459+0000] {logging_mixin.py:137} INFO - [2022-12-08T12:51:57.459+0000] {dag.py:2676} INFO - Sync 1 DAGs
[2022-12-08T12:51:57.541+0000] {logging_mixin.py:137} INFO - [2022-12-08T12:51:57.541+0000] {dag.py:3427} INFO - Setting next_dagrun for latest_only_with_trigger to 2022-12-08T08:51:57.540905+00:00, run_after=2022-12-08T12:51:57.540905+00:00
[2022-12-08T12:51:57.601+0000] {processor.py:175} INFO - Processing /home/airflow/.local/lib/python3.7/site-packages/airflow/example_dags/example_latest_only_with_trigger.py took 0.957 seconds
[2022-12-08T12:52:27.796+0000] {processor.py:153} INFO - Started process (PID=913) to work on /home/airflow/.local/lib/python3.7/site-packages/airflow/example_dags/example_latest_only_with_trigger.py
[2022-12-08T12:52:27.832+0000] {processor.py:743} INFO - Processing file /home/airflow/.local/lib/python3.7/site-packages/airflow/example_dags/example_latest_only_with_trigger.py for tasks to queue
[2022-12-08T12:52:27.838+0000] {logging_mixin.py:137} INFO - [2022-12-08T12:52:27.836+0000] {dagbag.py:538} INFO - Filling up the DagBag from /home/airflow/.local/lib/python3.7/site-packages/airflow/example_dags/example_latest_only_with_trigger.py
[2022-12-08T12:52:27.911+0000] {processor.py:753} INFO - DAG(s) dict_keys(['latest_only_with_trigger']) retrieved from /home/airflow/.local/lib/python3.7/site-packages/airflow/example_dags/example_latest_only_with_trigger.py
[2022-12-08T12:52:28.044+0000] {logging_mixin.py:137} INFO - [2022-12-08T12:52:28.044+0000] {dag.py:2676} INFO - Sync 1 DAGs
[2022-12-08T12:52:28.127+0000] {logging_mixin.py:137} INFO - [2022-12-08T12:52:28.127+0000] {dag.py:3427} INFO - Setting next_dagrun for latest_only_with_trigger to 2022-12-08T08:52:28.127011+00:00, run_after=2022-12-08T12:52:28.127011+00:00
[2022-12-08T12:52:28.297+0000] {processor.py:175} INFO - Processing /home/airflow/.local/lib/python3.7/site-packages/airflow/example_dags/example_latest_only_with_trigger.py took 0.542 seconds
