[2022-12-08T12:45:15.599+0000] {processor.py:153} INFO - Started process (PID=92) to work on /home/airflow/.local/lib/python3.7/site-packages/airflow/example_dags/example_xcomargs.py
[2022-12-08T12:45:15.608+0000] {processor.py:743} INFO - Processing file /home/airflow/.local/lib/python3.7/site-packages/airflow/example_dags/example_xcomargs.py for tasks to queue
[2022-12-08T12:45:15.614+0000] {logging_mixin.py:137} INFO - [2022-12-08T12:45:15.612+0000] {dagbag.py:538} INFO - Filling up the DagBag from /home/airflow/.local/lib/python3.7/site-packages/airflow/example_dags/example_xcomargs.py
[2022-12-08T12:45:15.815+0000] {processor.py:753} INFO - DAG(s) dict_keys(['example_xcom_args_with_operators', 'example_xcom_args']) retrieved from /home/airflow/.local/lib/python3.7/site-packages/airflow/example_dags/example_xcomargs.py
[2022-12-08T12:45:16.047+0000] {logging_mixin.py:137} INFO - [2022-12-08T12:45:16.047+0000] {dag.py:2676} INFO - Sync 2 DAGs
[2022-12-08T12:45:16.210+0000] {logging_mixin.py:137} INFO - [2022-12-08T12:45:16.210+0000] {dag.py:3427} INFO - Setting next_dagrun for example_xcom_args to None, run_after=None
[2022-12-08T12:45:16.233+0000] {logging_mixin.py:137} INFO - [2022-12-08T12:45:16.233+0000] {dag.py:3427} INFO - Setting next_dagrun for example_xcom_args_with_operators to None, run_after=None
[2022-12-08T12:45:16.375+0000] {processor.py:175} INFO - Processing /home/airflow/.local/lib/python3.7/site-packages/airflow/example_dags/example_xcomargs.py took 0.794 seconds
[2022-12-08T12:45:46.765+0000] {processor.py:153} INFO - Started process (PID=149) to work on /home/airflow/.local/lib/python3.7/site-packages/airflow/example_dags/example_xcomargs.py
[2022-12-08T12:45:46.771+0000] {processor.py:743} INFO - Processing file /home/airflow/.local/lib/python3.7/site-packages/airflow/example_dags/example_xcomargs.py for tasks to queue
[2022-12-08T12:45:46.777+0000] {logging_mixin.py:137} INFO - [2022-12-08T12:45:46.776+0000] {dagbag.py:538} INFO - Filling up the DagBag from /home/airflow/.local/lib/python3.7/site-packages/airflow/example_dags/example_xcomargs.py
[2022-12-08T12:45:46.856+0000] {processor.py:753} INFO - DAG(s) dict_keys(['example_xcom_args', 'example_xcom_args_with_operators']) retrieved from /home/airflow/.local/lib/python3.7/site-packages/airflow/example_dags/example_xcomargs.py
[2022-12-08T12:45:46.968+0000] {logging_mixin.py:137} INFO - [2022-12-08T12:45:46.967+0000] {dag.py:2676} INFO - Sync 2 DAGs
[2022-12-08T12:45:47.045+0000] {logging_mixin.py:137} INFO - [2022-12-08T12:45:47.044+0000] {dag.py:3427} INFO - Setting next_dagrun for example_xcom_args to None, run_after=None
[2022-12-08T12:45:47.059+0000] {logging_mixin.py:137} INFO - [2022-12-08T12:45:47.059+0000] {dag.py:3427} INFO - Setting next_dagrun for example_xcom_args_with_operators to None, run_after=None
[2022-12-08T12:45:47.099+0000] {processor.py:175} INFO - Processing /home/airflow/.local/lib/python3.7/site-packages/airflow/example_dags/example_xcomargs.py took 0.344 seconds
[2022-12-08T12:46:17.238+0000] {processor.py:153} INFO - Started process (PID=207) to work on /home/airflow/.local/lib/python3.7/site-packages/airflow/example_dags/example_xcomargs.py
[2022-12-08T12:46:17.241+0000] {processor.py:743} INFO - Processing file /home/airflow/.local/lib/python3.7/site-packages/airflow/example_dags/example_xcomargs.py for tasks to queue
[2022-12-08T12:46:17.243+0000] {logging_mixin.py:137} INFO - [2022-12-08T12:46:17.243+0000] {dagbag.py:538} INFO - Filling up the DagBag from /home/airflow/.local/lib/python3.7/site-packages/airflow/example_dags/example_xcomargs.py
[2022-12-08T12:46:17.337+0000] {processor.py:753} INFO - DAG(s) dict_keys(['example_xcom_args_with_operators', 'example_xcom_args']) retrieved from /home/airflow/.local/lib/python3.7/site-packages/airflow/example_dags/example_xcomargs.py
[2022-12-08T12:46:17.553+0000] {logging_mixin.py:137} INFO - [2022-12-08T12:46:17.552+0000] {dag.py:2676} INFO - Sync 2 DAGs
[2022-12-08T12:46:17.627+0000] {logging_mixin.py:137} INFO - [2022-12-08T12:46:17.627+0000] {dag.py:3427} INFO - Setting next_dagrun for example_xcom_args to None, run_after=None
[2022-12-08T12:46:17.643+0000] {logging_mixin.py:137} INFO - [2022-12-08T12:46:17.643+0000] {dag.py:3427} INFO - Setting next_dagrun for example_xcom_args_with_operators to None, run_after=None
[2022-12-08T12:46:17.742+0000] {processor.py:175} INFO - Processing /home/airflow/.local/lib/python3.7/site-packages/airflow/example_dags/example_xcomargs.py took 0.514 seconds
[2022-12-08T12:46:47.938+0000] {processor.py:153} INFO - Started process (PID=264) to work on /home/airflow/.local/lib/python3.7/site-packages/airflow/example_dags/example_xcomargs.py
[2022-12-08T12:46:47.940+0000] {processor.py:743} INFO - Processing file /home/airflow/.local/lib/python3.7/site-packages/airflow/example_dags/example_xcomargs.py for tasks to queue
[2022-12-08T12:46:47.942+0000] {logging_mixin.py:137} INFO - [2022-12-08T12:46:47.942+0000] {dagbag.py:538} INFO - Filling up the DagBag from /home/airflow/.local/lib/python3.7/site-packages/airflow/example_dags/example_xcomargs.py
[2022-12-08T12:46:47.980+0000] {processor.py:753} INFO - DAG(s) dict_keys(['example_xcom_args_with_operators', 'example_xcom_args']) retrieved from /home/airflow/.local/lib/python3.7/site-packages/airflow/example_dags/example_xcomargs.py
[2022-12-08T12:46:48.060+0000] {logging_mixin.py:137} INFO - [2022-12-08T12:46:48.060+0000] {dag.py:2676} INFO - Sync 2 DAGs
[2022-12-08T12:46:48.101+0000] {logging_mixin.py:137} INFO - [2022-12-08T12:46:48.101+0000] {dag.py:3427} INFO - Setting next_dagrun for example_xcom_args to None, run_after=None
[2022-12-08T12:46:48.112+0000] {logging_mixin.py:137} INFO - [2022-12-08T12:46:48.112+0000] {dag.py:3427} INFO - Setting next_dagrun for example_xcom_args_with_operators to None, run_after=None
[2022-12-08T12:46:48.140+0000] {processor.py:175} INFO - Processing /home/airflow/.local/lib/python3.7/site-packages/airflow/example_dags/example_xcomargs.py took 0.207 seconds
[2022-12-08T12:47:19.045+0000] {processor.py:153} INFO - Started process (PID=329) to work on /home/airflow/.local/lib/python3.7/site-packages/airflow/example_dags/example_xcomargs.py
[2022-12-08T12:47:19.049+0000] {processor.py:743} INFO - Processing file /home/airflow/.local/lib/python3.7/site-packages/airflow/example_dags/example_xcomargs.py for tasks to queue
[2022-12-08T12:47:19.052+0000] {logging_mixin.py:137} INFO - [2022-12-08T12:47:19.052+0000] {dagbag.py:538} INFO - Filling up the DagBag from /home/airflow/.local/lib/python3.7/site-packages/airflow/example_dags/example_xcomargs.py
[2022-12-08T12:47:19.110+0000] {processor.py:753} INFO - DAG(s) dict_keys(['example_xcom_args', 'example_xcom_args_with_operators']) retrieved from /home/airflow/.local/lib/python3.7/site-packages/airflow/example_dags/example_xcomargs.py
[2022-12-08T12:47:19.198+0000] {logging_mixin.py:137} INFO - [2022-12-08T12:47:19.198+0000] {dag.py:2676} INFO - Sync 2 DAGs
[2022-12-08T12:47:19.245+0000] {logging_mixin.py:137} INFO - [2022-12-08T12:47:19.245+0000] {dag.py:3427} INFO - Setting next_dagrun for example_xcom_args to None, run_after=None
[2022-12-08T12:47:19.257+0000] {logging_mixin.py:137} INFO - [2022-12-08T12:47:19.257+0000] {dag.py:3427} INFO - Setting next_dagrun for example_xcom_args_with_operators to None, run_after=None
[2022-12-08T12:47:19.289+0000] {processor.py:175} INFO - Processing /home/airflow/.local/lib/python3.7/site-packages/airflow/example_dags/example_xcomargs.py took 0.253 seconds
[2022-12-08T12:47:50.444+0000] {processor.py:153} INFO - Started process (PID=390) to work on /home/airflow/.local/lib/python3.7/site-packages/airflow/example_dags/example_xcomargs.py
[2022-12-08T12:47:50.451+0000] {processor.py:743} INFO - Processing file /home/airflow/.local/lib/python3.7/site-packages/airflow/example_dags/example_xcomargs.py for tasks to queue
[2022-12-08T12:47:50.456+0000] {logging_mixin.py:137} INFO - [2022-12-08T12:47:50.456+0000] {dagbag.py:538} INFO - Filling up the DagBag from /home/airflow/.local/lib/python3.7/site-packages/airflow/example_dags/example_xcomargs.py
[2022-12-08T12:47:50.634+0000] {processor.py:753} INFO - DAG(s) dict_keys(['example_xcom_args', 'example_xcom_args_with_operators']) retrieved from /home/airflow/.local/lib/python3.7/site-packages/airflow/example_dags/example_xcomargs.py
[2022-12-08T12:47:50.829+0000] {logging_mixin.py:137} INFO - [2022-12-08T12:47:50.829+0000] {dag.py:2676} INFO - Sync 2 DAGs
[2022-12-08T12:47:50.916+0000] {logging_mixin.py:137} INFO - [2022-12-08T12:47:50.915+0000] {dag.py:3427} INFO - Setting next_dagrun for example_xcom_args to None, run_after=None
[2022-12-08T12:47:50.931+0000] {logging_mixin.py:137} INFO - [2022-12-08T12:47:50.931+0000] {dag.py:3427} INFO - Setting next_dagrun for example_xcom_args_with_operators to None, run_after=None
[2022-12-08T12:47:51.049+0000] {processor.py:175} INFO - Processing /home/airflow/.local/lib/python3.7/site-packages/airflow/example_dags/example_xcomargs.py took 0.630 seconds
[2022-12-08T12:48:21.613+0000] {processor.py:153} INFO - Started process (PID=447) to work on /home/airflow/.local/lib/python3.7/site-packages/airflow/example_dags/example_xcomargs.py
[2022-12-08T12:48:21.616+0000] {processor.py:743} INFO - Processing file /home/airflow/.local/lib/python3.7/site-packages/airflow/example_dags/example_xcomargs.py for tasks to queue
[2022-12-08T12:48:21.620+0000] {logging_mixin.py:137} INFO - [2022-12-08T12:48:21.619+0000] {dagbag.py:538} INFO - Filling up the DagBag from /home/airflow/.local/lib/python3.7/site-packages/airflow/example_dags/example_xcomargs.py
[2022-12-08T12:48:21.672+0000] {processor.py:753} INFO - DAG(s) dict_keys(['example_xcom_args', 'example_xcom_args_with_operators']) retrieved from /home/airflow/.local/lib/python3.7/site-packages/airflow/example_dags/example_xcomargs.py
[2022-12-08T12:48:21.797+0000] {logging_mixin.py:137} INFO - [2022-12-08T12:48:21.797+0000] {dag.py:2676} INFO - Sync 2 DAGs
[2022-12-08T12:48:21.858+0000] {logging_mixin.py:137} INFO - [2022-12-08T12:48:21.857+0000] {dag.py:3427} INFO - Setting next_dagrun for example_xcom_args to None, run_after=None
[2022-12-08T12:48:21.871+0000] {logging_mixin.py:137} INFO - [2022-12-08T12:48:21.871+0000] {dag.py:3427} INFO - Setting next_dagrun for example_xcom_args_with_operators to None, run_after=None
[2022-12-08T12:48:21.901+0000] {processor.py:175} INFO - Processing /home/airflow/.local/lib/python3.7/site-packages/airflow/example_dags/example_xcomargs.py took 0.299 seconds
[2022-12-08T12:48:52.230+0000] {processor.py:153} INFO - Started process (PID=504) to work on /home/airflow/.local/lib/python3.7/site-packages/airflow/example_dags/example_xcomargs.py
[2022-12-08T12:48:52.235+0000] {processor.py:743} INFO - Processing file /home/airflow/.local/lib/python3.7/site-packages/airflow/example_dags/example_xcomargs.py for tasks to queue
[2022-12-08T12:48:52.250+0000] {logging_mixin.py:137} INFO - [2022-12-08T12:48:52.246+0000] {dagbag.py:538} INFO - Filling up the DagBag from /home/airflow/.local/lib/python3.7/site-packages/airflow/example_dags/example_xcomargs.py
[2022-12-08T12:48:52.367+0000] {processor.py:753} INFO - DAG(s) dict_keys(['example_xcom_args', 'example_xcom_args_with_operators']) retrieved from /home/airflow/.local/lib/python3.7/site-packages/airflow/example_dags/example_xcomargs.py
[2022-12-08T12:48:52.462+0000] {logging_mixin.py:137} INFO - [2022-12-08T12:48:52.462+0000] {dag.py:2676} INFO - Sync 2 DAGs
[2022-12-08T12:48:52.566+0000] {logging_mixin.py:137} INFO - [2022-12-08T12:48:52.566+0000] {dag.py:3427} INFO - Setting next_dagrun for example_xcom_args to None, run_after=None
[2022-12-08T12:48:52.579+0000] {logging_mixin.py:137} INFO - [2022-12-08T12:48:52.579+0000] {dag.py:3427} INFO - Setting next_dagrun for example_xcom_args_with_operators to None, run_after=None
[2022-12-08T12:48:52.629+0000] {processor.py:175} INFO - Processing /home/airflow/.local/lib/python3.7/site-packages/airflow/example_dags/example_xcomargs.py took 0.429 seconds
[2022-12-08T12:49:23.196+0000] {processor.py:153} INFO - Started process (PID=563) to work on /home/airflow/.local/lib/python3.7/site-packages/airflow/example_dags/example_xcomargs.py
[2022-12-08T12:49:23.199+0000] {processor.py:743} INFO - Processing file /home/airflow/.local/lib/python3.7/site-packages/airflow/example_dags/example_xcomargs.py for tasks to queue
[2022-12-08T12:49:23.202+0000] {logging_mixin.py:137} INFO - [2022-12-08T12:49:23.202+0000] {dagbag.py:538} INFO - Filling up the DagBag from /home/airflow/.local/lib/python3.7/site-packages/airflow/example_dags/example_xcomargs.py
[2022-12-08T12:49:23.251+0000] {processor.py:753} INFO - DAG(s) dict_keys(['example_xcom_args', 'example_xcom_args_with_operators']) retrieved from /home/airflow/.local/lib/python3.7/site-packages/airflow/example_dags/example_xcomargs.py
[2022-12-08T12:49:23.337+0000] {logging_mixin.py:137} INFO - [2022-12-08T12:49:23.336+0000] {dag.py:2676} INFO - Sync 2 DAGs
[2022-12-08T12:49:23.381+0000] {logging_mixin.py:137} INFO - [2022-12-08T12:49:23.381+0000] {dag.py:3427} INFO - Setting next_dagrun for example_xcom_args to None, run_after=None
[2022-12-08T12:49:23.390+0000] {logging_mixin.py:137} INFO - [2022-12-08T12:49:23.390+0000] {dag.py:3427} INFO - Setting next_dagrun for example_xcom_args_with_operators to None, run_after=None
[2022-12-08T12:49:23.418+0000] {processor.py:175} INFO - Processing /home/airflow/.local/lib/python3.7/site-packages/airflow/example_dags/example_xcomargs.py took 0.229 seconds
[2022-12-08T12:49:54.970+0000] {processor.py:153} INFO - Started process (PID=621) to work on /home/airflow/.local/lib/python3.7/site-packages/airflow/example_dags/example_xcomargs.py
[2022-12-08T12:49:54.978+0000] {processor.py:743} INFO - Processing file /home/airflow/.local/lib/python3.7/site-packages/airflow/example_dags/example_xcomargs.py for tasks to queue
[2022-12-08T12:49:54.983+0000] {logging_mixin.py:137} INFO - [2022-12-08T12:49:54.983+0000] {dagbag.py:538} INFO - Filling up the DagBag from /home/airflow/.local/lib/python3.7/site-packages/airflow/example_dags/example_xcomargs.py
[2022-12-08T12:49:55.056+0000] {processor.py:753} INFO - DAG(s) dict_keys(['example_xcom_args', 'example_xcom_args_with_operators']) retrieved from /home/airflow/.local/lib/python3.7/site-packages/airflow/example_dags/example_xcomargs.py
[2022-12-08T12:49:55.236+0000] {logging_mixin.py:137} INFO - [2022-12-08T12:49:55.235+0000] {dag.py:2676} INFO - Sync 2 DAGs
[2022-12-08T12:49:55.411+0000] {logging_mixin.py:137} INFO - [2022-12-08T12:49:55.410+0000] {dag.py:3427} INFO - Setting next_dagrun for example_xcom_args to None, run_after=None
[2022-12-08T12:49:55.421+0000] {logging_mixin.py:137} INFO - [2022-12-08T12:49:55.420+0000] {dag.py:3427} INFO - Setting next_dagrun for example_xcom_args_with_operators to None, run_after=None
[2022-12-08T12:49:55.511+0000] {processor.py:175} INFO - Processing /home/airflow/.local/lib/python3.7/site-packages/airflow/example_dags/example_xcomargs.py took 0.552 seconds
[2022-12-08T12:50:25.845+0000] {processor.py:153} INFO - Started process (PID=679) to work on /home/airflow/.local/lib/python3.7/site-packages/airflow/example_dags/example_xcomargs.py
[2022-12-08T12:50:25.849+0000] {processor.py:743} INFO - Processing file /home/airflow/.local/lib/python3.7/site-packages/airflow/example_dags/example_xcomargs.py for tasks to queue
[2022-12-08T12:50:25.852+0000] {logging_mixin.py:137} INFO - [2022-12-08T12:50:25.851+0000] {dagbag.py:538} INFO - Filling up the DagBag from /home/airflow/.local/lib/python3.7/site-packages/airflow/example_dags/example_xcomargs.py
[2022-12-08T12:50:25.898+0000] {processor.py:753} INFO - DAG(s) dict_keys(['example_xcom_args_with_operators', 'example_xcom_args']) retrieved from /home/airflow/.local/lib/python3.7/site-packages/airflow/example_dags/example_xcomargs.py
[2022-12-08T12:50:25.965+0000] {logging_mixin.py:137} INFO - [2022-12-08T12:50:25.965+0000] {dag.py:2676} INFO - Sync 2 DAGs
[2022-12-08T12:50:26.004+0000] {logging_mixin.py:137} INFO - [2022-12-08T12:50:26.004+0000] {dag.py:3427} INFO - Setting next_dagrun for example_xcom_args to None, run_after=None
[2022-12-08T12:50:26.012+0000] {logging_mixin.py:137} INFO - [2022-12-08T12:50:26.012+0000] {dag.py:3427} INFO - Setting next_dagrun for example_xcom_args_with_operators to None, run_after=None
[2022-12-08T12:50:26.049+0000] {processor.py:175} INFO - Processing /home/airflow/.local/lib/python3.7/site-packages/airflow/example_dags/example_xcomargs.py took 0.210 seconds
[2022-12-08T12:50:56.163+0000] {processor.py:153} INFO - Started process (PID=746) to work on /home/airflow/.local/lib/python3.7/site-packages/airflow/example_dags/example_xcomargs.py
[2022-12-08T12:50:56.170+0000] {processor.py:743} INFO - Processing file /home/airflow/.local/lib/python3.7/site-packages/airflow/example_dags/example_xcomargs.py for tasks to queue
[2022-12-08T12:50:56.173+0000] {logging_mixin.py:137} INFO - [2022-12-08T12:50:56.172+0000] {dagbag.py:538} INFO - Filling up the DagBag from /home/airflow/.local/lib/python3.7/site-packages/airflow/example_dags/example_xcomargs.py
[2022-12-08T12:50:56.245+0000] {processor.py:753} INFO - DAG(s) dict_keys(['example_xcom_args_with_operators', 'example_xcom_args']) retrieved from /home/airflow/.local/lib/python3.7/site-packages/airflow/example_dags/example_xcomargs.py
[2022-12-08T12:50:56.314+0000] {logging_mixin.py:137} INFO - [2022-12-08T12:50:56.314+0000] {dag.py:2676} INFO - Sync 2 DAGs
[2022-12-08T12:50:56.358+0000] {logging_mixin.py:137} INFO - [2022-12-08T12:50:56.357+0000] {dag.py:3427} INFO - Setting next_dagrun for example_xcom_args to None, run_after=None
[2022-12-08T12:50:56.380+0000] {logging_mixin.py:137} INFO - [2022-12-08T12:50:56.379+0000] {dag.py:3427} INFO - Setting next_dagrun for example_xcom_args_with_operators to None, run_after=None
[2022-12-08T12:50:56.420+0000] {processor.py:175} INFO - Processing /home/airflow/.local/lib/python3.7/site-packages/airflow/example_dags/example_xcomargs.py took 0.262 seconds
[2022-12-08T12:51:26.590+0000] {processor.py:153} INFO - Started process (PID=805) to work on /home/airflow/.local/lib/python3.7/site-packages/airflow/example_dags/example_xcomargs.py
[2022-12-08T12:51:26.592+0000] {processor.py:743} INFO - Processing file /home/airflow/.local/lib/python3.7/site-packages/airflow/example_dags/example_xcomargs.py for tasks to queue
[2022-12-08T12:51:26.596+0000] {logging_mixin.py:137} INFO - [2022-12-08T12:51:26.595+0000] {dagbag.py:538} INFO - Filling up the DagBag from /home/airflow/.local/lib/python3.7/site-packages/airflow/example_dags/example_xcomargs.py
[2022-12-08T12:51:26.645+0000] {processor.py:753} INFO - DAG(s) dict_keys(['example_xcom_args', 'example_xcom_args_with_operators']) retrieved from /home/airflow/.local/lib/python3.7/site-packages/airflow/example_dags/example_xcomargs.py
[2022-12-08T12:51:26.726+0000] {logging_mixin.py:137} INFO - [2022-12-08T12:51:26.726+0000] {dag.py:2676} INFO - Sync 2 DAGs
[2022-12-08T12:51:26.792+0000] {logging_mixin.py:137} INFO - [2022-12-08T12:51:26.792+0000] {dag.py:3427} INFO - Setting next_dagrun for example_xcom_args to None, run_after=None
[2022-12-08T12:51:26.802+0000] {logging_mixin.py:137} INFO - [2022-12-08T12:51:26.801+0000] {dag.py:3427} INFO - Setting next_dagrun for example_xcom_args_with_operators to None, run_after=None
[2022-12-08T12:51:26.837+0000] {processor.py:175} INFO - Processing /home/airflow/.local/lib/python3.7/site-packages/airflow/example_dags/example_xcomargs.py took 0.254 seconds
[2022-12-08T12:51:58.341+0000] {processor.py:153} INFO - Started process (PID=860) to work on /home/airflow/.local/lib/python3.7/site-packages/airflow/example_dags/example_xcomargs.py
[2022-12-08T12:51:58.350+0000] {processor.py:743} INFO - Processing file /home/airflow/.local/lib/python3.7/site-packages/airflow/example_dags/example_xcomargs.py for tasks to queue
[2022-12-08T12:51:58.354+0000] {logging_mixin.py:137} INFO - [2022-12-08T12:51:58.353+0000] {dagbag.py:538} INFO - Filling up the DagBag from /home/airflow/.local/lib/python3.7/site-packages/airflow/example_dags/example_xcomargs.py
[2022-12-08T12:51:58.498+0000] {processor.py:753} INFO - DAG(s) dict_keys(['example_xcom_args_with_operators', 'example_xcom_args']) retrieved from /home/airflow/.local/lib/python3.7/site-packages/airflow/example_dags/example_xcomargs.py
[2022-12-08T12:51:58.603+0000] {logging_mixin.py:137} INFO - [2022-12-08T12:51:58.603+0000] {dag.py:2676} INFO - Sync 2 DAGs
[2022-12-08T12:51:58.655+0000] {logging_mixin.py:137} INFO - [2022-12-08T12:51:58.655+0000] {dag.py:3427} INFO - Setting next_dagrun for example_xcom_args to None, run_after=None
[2022-12-08T12:51:58.669+0000] {logging_mixin.py:137} INFO - [2022-12-08T12:51:58.669+0000] {dag.py:3427} INFO - Setting next_dagrun for example_xcom_args_with_operators to None, run_after=None
[2022-12-08T12:51:58.705+0000] {processor.py:175} INFO - Processing /home/airflow/.local/lib/python3.7/site-packages/airflow/example_dags/example_xcomargs.py took 0.379 seconds
[2022-12-08T12:52:29.783+0000] {processor.py:153} INFO - Started process (PID=918) to work on /home/airflow/.local/lib/python3.7/site-packages/airflow/example_dags/example_xcomargs.py
[2022-12-08T12:52:29.792+0000] {processor.py:743} INFO - Processing file /home/airflow/.local/lib/python3.7/site-packages/airflow/example_dags/example_xcomargs.py for tasks to queue
[2022-12-08T12:52:29.799+0000] {logging_mixin.py:137} INFO - [2022-12-08T12:52:29.797+0000] {dagbag.py:538} INFO - Filling up the DagBag from /home/airflow/.local/lib/python3.7/site-packages/airflow/example_dags/example_xcomargs.py
[2022-12-08T12:52:29.892+0000] {processor.py:753} INFO - DAG(s) dict_keys(['example_xcom_args_with_operators', 'example_xcom_args']) retrieved from /home/airflow/.local/lib/python3.7/site-packages/airflow/example_dags/example_xcomargs.py
[2022-12-08T12:52:30.130+0000] {logging_mixin.py:137} INFO - [2022-12-08T12:52:30.130+0000] {dag.py:2676} INFO - Sync 2 DAGs
[2022-12-08T12:52:30.241+0000] {logging_mixin.py:137} INFO - [2022-12-08T12:52:30.240+0000] {dag.py:3427} INFO - Setting next_dagrun for example_xcom_args to None, run_after=None
[2022-12-08T12:52:30.258+0000] {logging_mixin.py:137} INFO - [2022-12-08T12:52:30.258+0000] {dag.py:3427} INFO - Setting next_dagrun for example_xcom_args_with_operators to None, run_after=None
[2022-12-08T12:52:30.329+0000] {processor.py:175} INFO - Processing /home/airflow/.local/lib/python3.7/site-packages/airflow/example_dags/example_xcomargs.py took 0.568 seconds
