[2022-12-08T12:45:13.623+0000] {processor.py:153} INFO - Started process (PID=89) to work on /home/airflow/.local/lib/python3.7/site-packages/airflow/example_dags/example_bash_operator.py
[2022-12-08T12:45:13.640+0000] {processor.py:743} INFO - Processing file /home/airflow/.local/lib/python3.7/site-packages/airflow/example_dags/example_bash_operator.py for tasks to queue
[2022-12-08T12:45:13.648+0000] {logging_mixin.py:137} INFO - [2022-12-08T12:45:13.645+0000] {dagbag.py:538} INFO - Filling up the DagBag from /home/airflow/.local/lib/python3.7/site-packages/airflow/example_dags/example_bash_operator.py
[2022-12-08T12:45:13.817+0000] {processor.py:753} INFO - DAG(s) dict_keys(['example_bash_operator']) retrieved from /home/airflow/.local/lib/python3.7/site-packages/airflow/example_dags/example_bash_operator.py
[2022-12-08T12:45:14.156+0000] {logging_mixin.py:137} INFO - [2022-12-08T12:45:14.148+0000] {dag.py:2676} INFO - Sync 1 DAGs
[2022-12-08T12:45:14.330+0000] {logging_mixin.py:137} INFO - [2022-12-08T12:45:14.330+0000] {dag.py:3427} INFO - Setting next_dagrun for example_bash_operator to 2022-12-07T00:00:00+00:00, run_after=2022-12-08T00:00:00+00:00
[2022-12-08T12:45:14.487+0000] {processor.py:175} INFO - Processing /home/airflow/.local/lib/python3.7/site-packages/airflow/example_dags/example_bash_operator.py took 0.891 seconds
[2022-12-08T12:45:45.064+0000] {processor.py:153} INFO - Started process (PID=146) to work on /home/airflow/.local/lib/python3.7/site-packages/airflow/example_dags/example_bash_operator.py
[2022-12-08T12:45:45.067+0000] {processor.py:743} INFO - Processing file /home/airflow/.local/lib/python3.7/site-packages/airflow/example_dags/example_bash_operator.py for tasks to queue
[2022-12-08T12:45:45.070+0000] {logging_mixin.py:137} INFO - [2022-12-08T12:45:45.069+0000] {dagbag.py:538} INFO - Filling up the DagBag from /home/airflow/.local/lib/python3.7/site-packages/airflow/example_dags/example_bash_operator.py
[2022-12-08T12:45:45.120+0000] {processor.py:753} INFO - DAG(s) dict_keys(['example_bash_operator']) retrieved from /home/airflow/.local/lib/python3.7/site-packages/airflow/example_dags/example_bash_operator.py
[2022-12-08T12:45:45.220+0000] {logging_mixin.py:137} INFO - [2022-12-08T12:45:45.220+0000] {dag.py:2676} INFO - Sync 1 DAGs
[2022-12-08T12:45:45.276+0000] {logging_mixin.py:137} INFO - [2022-12-08T12:45:45.276+0000] {dag.py:3427} INFO - Setting next_dagrun for example_bash_operator to 2022-12-07T00:00:00+00:00, run_after=2022-12-08T00:00:00+00:00
[2022-12-08T12:45:45.319+0000] {processor.py:175} INFO - Processing /home/airflow/.local/lib/python3.7/site-packages/airflow/example_dags/example_bash_operator.py took 0.265 seconds
[2022-12-08T12:46:15.539+0000] {processor.py:153} INFO - Started process (PID=204) to work on /home/airflow/.local/lib/python3.7/site-packages/airflow/example_dags/example_bash_operator.py
[2022-12-08T12:46:15.542+0000] {processor.py:743} INFO - Processing file /home/airflow/.local/lib/python3.7/site-packages/airflow/example_dags/example_bash_operator.py for tasks to queue
[2022-12-08T12:46:15.545+0000] {logging_mixin.py:137} INFO - [2022-12-08T12:46:15.545+0000] {dagbag.py:538} INFO - Filling up the DagBag from /home/airflow/.local/lib/python3.7/site-packages/airflow/example_dags/example_bash_operator.py
[2022-12-08T12:46:15.598+0000] {processor.py:753} INFO - DAG(s) dict_keys(['example_bash_operator']) retrieved from /home/airflow/.local/lib/python3.7/site-packages/airflow/example_dags/example_bash_operator.py
[2022-12-08T12:46:15.722+0000] {logging_mixin.py:137} INFO - [2022-12-08T12:46:15.721+0000] {dag.py:2676} INFO - Sync 1 DAGs
[2022-12-08T12:46:15.782+0000] {logging_mixin.py:137} INFO - [2022-12-08T12:46:15.781+0000] {dag.py:3427} INFO - Setting next_dagrun for example_bash_operator to 2022-12-07T00:00:00+00:00, run_after=2022-12-08T00:00:00+00:00
[2022-12-08T12:46:15.823+0000] {processor.py:175} INFO - Processing /home/airflow/.local/lib/python3.7/site-packages/airflow/example_dags/example_bash_operator.py took 0.297 seconds
[2022-12-08T12:46:46.393+0000] {processor.py:153} INFO - Started process (PID=261) to work on /home/airflow/.local/lib/python3.7/site-packages/airflow/example_dags/example_bash_operator.py
[2022-12-08T12:46:46.397+0000] {processor.py:743} INFO - Processing file /home/airflow/.local/lib/python3.7/site-packages/airflow/example_dags/example_bash_operator.py for tasks to queue
[2022-12-08T12:46:46.400+0000] {logging_mixin.py:137} INFO - [2022-12-08T12:46:46.400+0000] {dagbag.py:538} INFO - Filling up the DagBag from /home/airflow/.local/lib/python3.7/site-packages/airflow/example_dags/example_bash_operator.py
[2022-12-08T12:46:46.442+0000] {processor.py:753} INFO - DAG(s) dict_keys(['example_bash_operator']) retrieved from /home/airflow/.local/lib/python3.7/site-packages/airflow/example_dags/example_bash_operator.py
[2022-12-08T12:46:46.553+0000] {logging_mixin.py:137} INFO - [2022-12-08T12:46:46.553+0000] {dag.py:2676} INFO - Sync 1 DAGs
[2022-12-08T12:46:46.603+0000] {logging_mixin.py:137} INFO - [2022-12-08T12:46:46.603+0000] {dag.py:3427} INFO - Setting next_dagrun for example_bash_operator to 2022-12-07T00:00:00+00:00, run_after=2022-12-08T00:00:00+00:00
[2022-12-08T12:46:46.640+0000] {processor.py:175} INFO - Processing /home/airflow/.local/lib/python3.7/site-packages/airflow/example_dags/example_bash_operator.py took 0.257 seconds
[2022-12-08T12:47:16.934+0000] {processor.py:153} INFO - Started process (PID=319) to work on /home/airflow/.local/lib/python3.7/site-packages/airflow/example_dags/example_bash_operator.py
[2022-12-08T12:47:16.939+0000] {processor.py:743} INFO - Processing file /home/airflow/.local/lib/python3.7/site-packages/airflow/example_dags/example_bash_operator.py for tasks to queue
[2022-12-08T12:47:16.943+0000] {logging_mixin.py:137} INFO - [2022-12-08T12:47:16.942+0000] {dagbag.py:538} INFO - Filling up the DagBag from /home/airflow/.local/lib/python3.7/site-packages/airflow/example_dags/example_bash_operator.py
[2022-12-08T12:47:17.030+0000] {processor.py:753} INFO - DAG(s) dict_keys(['example_bash_operator']) retrieved from /home/airflow/.local/lib/python3.7/site-packages/airflow/example_dags/example_bash_operator.py
[2022-12-08T12:47:17.265+0000] {logging_mixin.py:137} INFO - [2022-12-08T12:47:17.265+0000] {dag.py:2676} INFO - Sync 1 DAGs
[2022-12-08T12:47:17.341+0000] {logging_mixin.py:137} INFO - [2022-12-08T12:47:17.340+0000] {dag.py:3427} INFO - Setting next_dagrun for example_bash_operator to 2022-12-07T00:00:00+00:00, run_after=2022-12-08T00:00:00+00:00
[2022-12-08T12:47:17.396+0000] {processor.py:175} INFO - Processing /home/airflow/.local/lib/python3.7/site-packages/airflow/example_dags/example_bash_operator.py took 0.477 seconds
[2022-12-08T12:47:47.566+0000] {processor.py:153} INFO - Started process (PID=377) to work on /home/airflow/.local/lib/python3.7/site-packages/airflow/example_dags/example_bash_operator.py
[2022-12-08T12:47:47.569+0000] {processor.py:743} INFO - Processing file /home/airflow/.local/lib/python3.7/site-packages/airflow/example_dags/example_bash_operator.py for tasks to queue
[2022-12-08T12:47:47.572+0000] {logging_mixin.py:137} INFO - [2022-12-08T12:47:47.572+0000] {dagbag.py:538} INFO - Filling up the DagBag from /home/airflow/.local/lib/python3.7/site-packages/airflow/example_dags/example_bash_operator.py
[2022-12-08T12:47:47.617+0000] {processor.py:753} INFO - DAG(s) dict_keys(['example_bash_operator']) retrieved from /home/airflow/.local/lib/python3.7/site-packages/airflow/example_dags/example_bash_operator.py
[2022-12-08T12:47:47.709+0000] {logging_mixin.py:137} INFO - [2022-12-08T12:47:47.709+0000] {dag.py:2676} INFO - Sync 1 DAGs
[2022-12-08T12:47:47.756+0000] {logging_mixin.py:137} INFO - [2022-12-08T12:47:47.756+0000] {dag.py:3427} INFO - Setting next_dagrun for example_bash_operator to 2022-12-07T00:00:00+00:00, run_after=2022-12-08T00:00:00+00:00
[2022-12-08T12:47:47.791+0000] {processor.py:175} INFO - Processing /home/airflow/.local/lib/python3.7/site-packages/airflow/example_dags/example_bash_operator.py took 0.233 seconds
[2022-12-08T12:48:18.698+0000] {processor.py:153} INFO - Started process (PID=443) to work on /home/airflow/.local/lib/python3.7/site-packages/airflow/example_dags/example_bash_operator.py
[2022-12-08T12:48:18.709+0000] {processor.py:743} INFO - Processing file /home/airflow/.local/lib/python3.7/site-packages/airflow/example_dags/example_bash_operator.py for tasks to queue
[2022-12-08T12:48:18.713+0000] {logging_mixin.py:137} INFO - [2022-12-08T12:48:18.713+0000] {dagbag.py:538} INFO - Filling up the DagBag from /home/airflow/.local/lib/python3.7/site-packages/airflow/example_dags/example_bash_operator.py
[2022-12-08T12:48:18.869+0000] {processor.py:753} INFO - DAG(s) dict_keys(['example_bash_operator']) retrieved from /home/airflow/.local/lib/python3.7/site-packages/airflow/example_dags/example_bash_operator.py
[2022-12-08T12:48:19.044+0000] {logging_mixin.py:137} INFO - [2022-12-08T12:48:19.043+0000] {dag.py:2676} INFO - Sync 1 DAGs
[2022-12-08T12:48:19.093+0000] {logging_mixin.py:137} INFO - [2022-12-08T12:48:19.093+0000] {dag.py:3427} INFO - Setting next_dagrun for example_bash_operator to 2022-12-07T00:00:00+00:00, run_after=2022-12-08T00:00:00+00:00
[2022-12-08T12:48:19.155+0000] {processor.py:175} INFO - Processing /home/airflow/.local/lib/python3.7/site-packages/airflow/example_dags/example_bash_operator.py took 0.489 seconds
[2022-12-08T12:48:49.429+0000] {processor.py:153} INFO - Started process (PID=501) to work on /home/airflow/.local/lib/python3.7/site-packages/airflow/example_dags/example_bash_operator.py
[2022-12-08T12:48:49.432+0000] {processor.py:743} INFO - Processing file /home/airflow/.local/lib/python3.7/site-packages/airflow/example_dags/example_bash_operator.py for tasks to queue
[2022-12-08T12:48:49.435+0000] {logging_mixin.py:137} INFO - [2022-12-08T12:48:49.434+0000] {dagbag.py:538} INFO - Filling up the DagBag from /home/airflow/.local/lib/python3.7/site-packages/airflow/example_dags/example_bash_operator.py
[2022-12-08T12:48:49.501+0000] {processor.py:753} INFO - DAG(s) dict_keys(['example_bash_operator']) retrieved from /home/airflow/.local/lib/python3.7/site-packages/airflow/example_dags/example_bash_operator.py
[2022-12-08T12:48:49.603+0000] {logging_mixin.py:137} INFO - [2022-12-08T12:48:49.603+0000] {dag.py:2676} INFO - Sync 1 DAGs
[2022-12-08T12:48:49.661+0000] {logging_mixin.py:137} INFO - [2022-12-08T12:48:49.661+0000] {dag.py:3427} INFO - Setting next_dagrun for example_bash_operator to 2022-12-07T00:00:00+00:00, run_after=2022-12-08T00:00:00+00:00
[2022-12-08T12:48:49.696+0000] {processor.py:175} INFO - Processing /home/airflow/.local/lib/python3.7/site-packages/airflow/example_dags/example_bash_operator.py took 0.276 seconds
[2022-12-08T12:49:20.482+0000] {processor.py:153} INFO - Started process (PID=560) to work on /home/airflow/.local/lib/python3.7/site-packages/airflow/example_dags/example_bash_operator.py
[2022-12-08T12:49:20.492+0000] {processor.py:743} INFO - Processing file /home/airflow/.local/lib/python3.7/site-packages/airflow/example_dags/example_bash_operator.py for tasks to queue
[2022-12-08T12:49:20.494+0000] {logging_mixin.py:137} INFO - [2022-12-08T12:49:20.494+0000] {dagbag.py:538} INFO - Filling up the DagBag from /home/airflow/.local/lib/python3.7/site-packages/airflow/example_dags/example_bash_operator.py
[2022-12-08T12:49:20.623+0000] {processor.py:753} INFO - DAG(s) dict_keys(['example_bash_operator']) retrieved from /home/airflow/.local/lib/python3.7/site-packages/airflow/example_dags/example_bash_operator.py
[2022-12-08T12:49:20.809+0000] {logging_mixin.py:137} INFO - [2022-12-08T12:49:20.809+0000] {dag.py:2676} INFO - Sync 1 DAGs
[2022-12-08T12:49:20.856+0000] {logging_mixin.py:137} INFO - [2022-12-08T12:49:20.855+0000] {dag.py:3427} INFO - Setting next_dagrun for example_bash_operator to 2022-12-07T00:00:00+00:00, run_after=2022-12-08T00:00:00+00:00
[2022-12-08T12:49:20.890+0000] {processor.py:175} INFO - Processing /home/airflow/.local/lib/python3.7/site-packages/airflow/example_dags/example_bash_operator.py took 0.422 seconds
[2022-12-08T12:49:53.853+0000] {processor.py:153} INFO - Started process (PID=618) to work on /home/airflow/.local/lib/python3.7/site-packages/airflow/example_dags/example_bash_operator.py
[2022-12-08T12:49:53.863+0000] {processor.py:743} INFO - Processing file /home/airflow/.local/lib/python3.7/site-packages/airflow/example_dags/example_bash_operator.py for tasks to queue
[2022-12-08T12:49:53.875+0000] {logging_mixin.py:137} INFO - [2022-12-08T12:49:53.874+0000] {dagbag.py:538} INFO - Filling up the DagBag from /home/airflow/.local/lib/python3.7/site-packages/airflow/example_dags/example_bash_operator.py
[2022-12-08T12:49:54.124+0000] {processor.py:753} INFO - DAG(s) dict_keys(['example_bash_operator']) retrieved from /home/airflow/.local/lib/python3.7/site-packages/airflow/example_dags/example_bash_operator.py
[2022-12-08T12:49:54.590+0000] {logging_mixin.py:137} INFO - [2022-12-08T12:49:54.590+0000] {dag.py:2676} INFO - Sync 1 DAGs
[2022-12-08T12:49:54.718+0000] {logging_mixin.py:137} INFO - [2022-12-08T12:49:54.718+0000] {dag.py:3427} INFO - Setting next_dagrun for example_bash_operator to 2022-12-07T00:00:00+00:00, run_after=2022-12-08T00:00:00+00:00
[2022-12-08T12:49:54.809+0000] {processor.py:175} INFO - Processing /home/airflow/.local/lib/python3.7/site-packages/airflow/example_dags/example_bash_operator.py took 1.002 seconds
[2022-12-08T12:50:25.038+0000] {processor.py:153} INFO - Started process (PID=676) to work on /home/airflow/.local/lib/python3.7/site-packages/airflow/example_dags/example_bash_operator.py
[2022-12-08T12:50:25.041+0000] {processor.py:743} INFO - Processing file /home/airflow/.local/lib/python3.7/site-packages/airflow/example_dags/example_bash_operator.py for tasks to queue
[2022-12-08T12:50:25.044+0000] {logging_mixin.py:137} INFO - [2022-12-08T12:50:25.044+0000] {dagbag.py:538} INFO - Filling up the DagBag from /home/airflow/.local/lib/python3.7/site-packages/airflow/example_dags/example_bash_operator.py
[2022-12-08T12:50:25.090+0000] {processor.py:753} INFO - DAG(s) dict_keys(['example_bash_operator']) retrieved from /home/airflow/.local/lib/python3.7/site-packages/airflow/example_dags/example_bash_operator.py
[2022-12-08T12:50:25.188+0000] {logging_mixin.py:137} INFO - [2022-12-08T12:50:25.187+0000] {dag.py:2676} INFO - Sync 1 DAGs
[2022-12-08T12:50:25.242+0000] {logging_mixin.py:137} INFO - [2022-12-08T12:50:25.241+0000] {dag.py:3427} INFO - Setting next_dagrun for example_bash_operator to 2022-12-07T00:00:00+00:00, run_after=2022-12-08T00:00:00+00:00
[2022-12-08T12:50:25.283+0000] {processor.py:175} INFO - Processing /home/airflow/.local/lib/python3.7/site-packages/airflow/example_dags/example_bash_operator.py took 0.251 seconds
[2022-12-08T12:50:55.373+0000] {processor.py:153} INFO - Started process (PID=743) to work on /home/airflow/.local/lib/python3.7/site-packages/airflow/example_dags/example_bash_operator.py
[2022-12-08T12:50:55.376+0000] {processor.py:743} INFO - Processing file /home/airflow/.local/lib/python3.7/site-packages/airflow/example_dags/example_bash_operator.py for tasks to queue
[2022-12-08T12:50:55.378+0000] {logging_mixin.py:137} INFO - [2022-12-08T12:50:55.378+0000] {dagbag.py:538} INFO - Filling up the DagBag from /home/airflow/.local/lib/python3.7/site-packages/airflow/example_dags/example_bash_operator.py
[2022-12-08T12:50:55.430+0000] {processor.py:753} INFO - DAG(s) dict_keys(['example_bash_operator']) retrieved from /home/airflow/.local/lib/python3.7/site-packages/airflow/example_dags/example_bash_operator.py
[2022-12-08T12:50:55.509+0000] {logging_mixin.py:137} INFO - [2022-12-08T12:50:55.508+0000] {dag.py:2676} INFO - Sync 1 DAGs
[2022-12-08T12:50:55.563+0000] {logging_mixin.py:137} INFO - [2022-12-08T12:50:55.563+0000] {dag.py:3427} INFO - Setting next_dagrun for example_bash_operator to 2022-12-07T00:00:00+00:00, run_after=2022-12-08T00:00:00+00:00
[2022-12-08T12:50:55.594+0000] {processor.py:175} INFO - Processing /home/airflow/.local/lib/python3.7/site-packages/airflow/example_dags/example_bash_operator.py took 0.234 seconds
[2022-12-08T12:51:25.997+0000] {processor.py:153} INFO - Started process (PID=802) to work on /home/airflow/.local/lib/python3.7/site-packages/airflow/example_dags/example_bash_operator.py
[2022-12-08T12:51:26.001+0000] {processor.py:743} INFO - Processing file /home/airflow/.local/lib/python3.7/site-packages/airflow/example_dags/example_bash_operator.py for tasks to queue
[2022-12-08T12:51:26.004+0000] {logging_mixin.py:137} INFO - [2022-12-08T12:51:26.004+0000] {dagbag.py:538} INFO - Filling up the DagBag from /home/airflow/.local/lib/python3.7/site-packages/airflow/example_dags/example_bash_operator.py
[2022-12-08T12:51:26.048+0000] {processor.py:753} INFO - DAG(s) dict_keys(['example_bash_operator']) retrieved from /home/airflow/.local/lib/python3.7/site-packages/airflow/example_dags/example_bash_operator.py
[2022-12-08T12:51:26.155+0000] {logging_mixin.py:137} INFO - [2022-12-08T12:51:26.155+0000] {dag.py:2676} INFO - Sync 1 DAGs
[2022-12-08T12:51:26.216+0000] {logging_mixin.py:137} INFO - [2022-12-08T12:51:26.216+0000] {dag.py:3427} INFO - Setting next_dagrun for example_bash_operator to 2022-12-07T00:00:00+00:00, run_after=2022-12-08T00:00:00+00:00
[2022-12-08T12:51:26.261+0000] {processor.py:175} INFO - Processing /home/airflow/.local/lib/python3.7/site-packages/airflow/example_dags/example_bash_operator.py took 0.271 seconds
[2022-12-08T12:51:57.687+0000] {processor.py:153} INFO - Started process (PID=857) to work on /home/airflow/.local/lib/python3.7/site-packages/airflow/example_dags/example_bash_operator.py
[2022-12-08T12:51:57.692+0000] {processor.py:743} INFO - Processing file /home/airflow/.local/lib/python3.7/site-packages/airflow/example_dags/example_bash_operator.py for tasks to queue
[2022-12-08T12:51:57.696+0000] {logging_mixin.py:137} INFO - [2022-12-08T12:51:57.696+0000] {dagbag.py:538} INFO - Filling up the DagBag from /home/airflow/.local/lib/python3.7/site-packages/airflow/example_dags/example_bash_operator.py
[2022-12-08T12:51:57.750+0000] {processor.py:753} INFO - DAG(s) dict_keys(['example_bash_operator']) retrieved from /home/airflow/.local/lib/python3.7/site-packages/airflow/example_dags/example_bash_operator.py
[2022-12-08T12:51:57.853+0000] {logging_mixin.py:137} INFO - [2022-12-08T12:51:57.853+0000] {dag.py:2676} INFO - Sync 1 DAGs
[2022-12-08T12:51:57.897+0000] {logging_mixin.py:137} INFO - [2022-12-08T12:51:57.897+0000] {dag.py:3427} INFO - Setting next_dagrun for example_bash_operator to 2022-12-07T00:00:00+00:00, run_after=2022-12-08T00:00:00+00:00
[2022-12-08T12:51:57.928+0000] {processor.py:175} INFO - Processing /home/airflow/.local/lib/python3.7/site-packages/airflow/example_dags/example_bash_operator.py took 0.252 seconds
[2022-12-08T12:52:28.572+0000] {processor.py:153} INFO - Started process (PID=915) to work on /home/airflow/.local/lib/python3.7/site-packages/airflow/example_dags/example_bash_operator.py
[2022-12-08T12:52:28.582+0000] {processor.py:743} INFO - Processing file /home/airflow/.local/lib/python3.7/site-packages/airflow/example_dags/example_bash_operator.py for tasks to queue
[2022-12-08T12:52:28.594+0000] {logging_mixin.py:137} INFO - [2022-12-08T12:52:28.594+0000] {dagbag.py:538} INFO - Filling up the DagBag from /home/airflow/.local/lib/python3.7/site-packages/airflow/example_dags/example_bash_operator.py
[2022-12-08T12:52:28.795+0000] {processor.py:753} INFO - DAG(s) dict_keys(['example_bash_operator']) retrieved from /home/airflow/.local/lib/python3.7/site-packages/airflow/example_dags/example_bash_operator.py
[2022-12-08T12:52:29.307+0000] {logging_mixin.py:137} INFO - [2022-12-08T12:52:29.306+0000] {dag.py:2676} INFO - Sync 1 DAGs
[2022-12-08T12:52:29.516+0000] {logging_mixin.py:137} INFO - [2022-12-08T12:52:29.516+0000] {dag.py:3427} INFO - Setting next_dagrun for example_bash_operator to 2022-12-07T00:00:00+00:00, run_after=2022-12-08T00:00:00+00:00
[2022-12-08T12:52:29.641+0000] {processor.py:175} INFO - Processing /home/airflow/.local/lib/python3.7/site-packages/airflow/example_dags/example_bash_operator.py took 1.102 seconds
