[2022-12-08T12:45:20.144+0000] {processor.py:153} INFO - Started process (PID=110) to work on /home/airflow/.local/lib/python3.7/site-packages/airflow/example_dags/example_branch_datetime_operator.py
[2022-12-08T12:45:20.159+0000] {processor.py:743} INFO - Processing file /home/airflow/.local/lib/python3.7/site-packages/airflow/example_dags/example_branch_datetime_operator.py for tasks to queue
[2022-12-08T12:45:20.166+0000] {logging_mixin.py:137} INFO - [2022-12-08T12:45:20.166+0000] {dagbag.py:538} INFO - Filling up the DagBag from /home/airflow/.local/lib/python3.7/site-packages/airflow/example_dags/example_branch_datetime_operator.py
[2022-12-08T12:45:20.439+0000] {processor.py:753} INFO - DAG(s) dict_keys(['example_branch_datetime_operator_2', 'example_branch_datetime_operator', 'example_branch_datetime_operator_3']) retrieved from /home/airflow/.local/lib/python3.7/site-packages/airflow/example_dags/example_branch_datetime_operator.py
[2022-12-08T12:45:21.107+0000] {logging_mixin.py:137} INFO - [2022-12-08T12:45:21.107+0000] {dag.py:2676} INFO - Sync 3 DAGs
[2022-12-08T12:45:21.295+0000] {logging_mixin.py:137} INFO - [2022-12-08T12:45:21.295+0000] {dag.py:3427} INFO - Setting next_dagrun for example_branch_datetime_operator to 2022-12-07T00:00:00+00:00, run_after=2022-12-08T00:00:00+00:00
[2022-12-08T12:45:21.339+0000] {logging_mixin.py:137} INFO - [2022-12-08T12:45:21.339+0000] {dag.py:3427} INFO - Setting next_dagrun for example_branch_datetime_operator_2 to 2022-12-07T00:00:00+00:00, run_after=2022-12-08T00:00:00+00:00
[2022-12-08T12:45:21.387+0000] {logging_mixin.py:137} INFO - [2022-12-08T12:45:21.355+0000] {dag.py:3427} INFO - Setting next_dagrun for example_branch_datetime_operator_3 to 2022-12-07T00:00:00+00:00, run_after=2022-12-08T00:00:00+00:00
[2022-12-08T12:45:21.632+0000] {processor.py:175} INFO - Processing /home/airflow/.local/lib/python3.7/site-packages/airflow/example_dags/example_branch_datetime_operator.py took 1.536 seconds
[2022-12-08T12:45:52.364+0000] {processor.py:153} INFO - Started process (PID=168) to work on /home/airflow/.local/lib/python3.7/site-packages/airflow/example_dags/example_branch_datetime_operator.py
[2022-12-08T12:45:52.381+0000] {processor.py:743} INFO - Processing file /home/airflow/.local/lib/python3.7/site-packages/airflow/example_dags/example_branch_datetime_operator.py for tasks to queue
[2022-12-08T12:45:52.412+0000] {logging_mixin.py:137} INFO - [2022-12-08T12:45:52.411+0000] {dagbag.py:538} INFO - Filling up the DagBag from /home/airflow/.local/lib/python3.7/site-packages/airflow/example_dags/example_branch_datetime_operator.py
[2022-12-08T12:45:52.646+0000] {processor.py:753} INFO - DAG(s) dict_keys(['example_branch_datetime_operator_2', 'example_branch_datetime_operator_3', 'example_branch_datetime_operator']) retrieved from /home/airflow/.local/lib/python3.7/site-packages/airflow/example_dags/example_branch_datetime_operator.py
[2022-12-08T12:45:53.070+0000] {logging_mixin.py:137} INFO - [2022-12-08T12:45:53.065+0000] {dag.py:2676} INFO - Sync 3 DAGs
[2022-12-08T12:45:53.204+0000] {logging_mixin.py:137} INFO - [2022-12-08T12:45:53.204+0000] {dag.py:3427} INFO - Setting next_dagrun for example_branch_datetime_operator to 2022-12-07T00:00:00+00:00, run_after=2022-12-08T00:00:00+00:00
[2022-12-08T12:45:53.220+0000] {logging_mixin.py:137} INFO - [2022-12-08T12:45:53.220+0000] {dag.py:3427} INFO - Setting next_dagrun for example_branch_datetime_operator_2 to 2022-12-07T00:00:00+00:00, run_after=2022-12-08T00:00:00+00:00
[2022-12-08T12:45:53.234+0000] {logging_mixin.py:137} INFO - [2022-12-08T12:45:53.234+0000] {dag.py:3427} INFO - Setting next_dagrun for example_branch_datetime_operator_3 to 2022-12-07T00:00:00+00:00, run_after=2022-12-08T00:00:00+00:00
[2022-12-08T12:45:53.288+0000] {processor.py:175} INFO - Processing /home/airflow/.local/lib/python3.7/site-packages/airflow/example_dags/example_branch_datetime_operator.py took 0.968 seconds
[2022-12-08T12:46:23.647+0000] {processor.py:153} INFO - Started process (PID=228) to work on /home/airflow/.local/lib/python3.7/site-packages/airflow/example_dags/example_branch_datetime_operator.py
[2022-12-08T12:46:23.656+0000] {processor.py:743} INFO - Processing file /home/airflow/.local/lib/python3.7/site-packages/airflow/example_dags/example_branch_datetime_operator.py for tasks to queue
[2022-12-08T12:46:23.660+0000] {logging_mixin.py:137} INFO - [2022-12-08T12:46:23.659+0000] {dagbag.py:538} INFO - Filling up the DagBag from /home/airflow/.local/lib/python3.7/site-packages/airflow/example_dags/example_branch_datetime_operator.py
[2022-12-08T12:46:23.736+0000] {processor.py:753} INFO - DAG(s) dict_keys(['example_branch_datetime_operator_2', 'example_branch_datetime_operator_3', 'example_branch_datetime_operator']) retrieved from /home/airflow/.local/lib/python3.7/site-packages/airflow/example_dags/example_branch_datetime_operator.py
[2022-12-08T12:46:23.813+0000] {logging_mixin.py:137} INFO - [2022-12-08T12:46:23.813+0000] {dag.py:2676} INFO - Sync 3 DAGs
[2022-12-08T12:46:23.860+0000] {logging_mixin.py:137} INFO - [2022-12-08T12:46:23.859+0000] {dag.py:3427} INFO - Setting next_dagrun for example_branch_datetime_operator to 2022-12-07T00:00:00+00:00, run_after=2022-12-08T00:00:00+00:00
[2022-12-08T12:46:23.871+0000] {logging_mixin.py:137} INFO - [2022-12-08T12:46:23.871+0000] {dag.py:3427} INFO - Setting next_dagrun for example_branch_datetime_operator_2 to 2022-12-07T00:00:00+00:00, run_after=2022-12-08T00:00:00+00:00
[2022-12-08T12:46:23.879+0000] {logging_mixin.py:137} INFO - [2022-12-08T12:46:23.879+0000] {dag.py:3427} INFO - Setting next_dagrun for example_branch_datetime_operator_3 to 2022-12-07T00:00:00+00:00, run_after=2022-12-08T00:00:00+00:00
[2022-12-08T12:46:23.939+0000] {processor.py:175} INFO - Processing /home/airflow/.local/lib/python3.7/site-packages/airflow/example_dags/example_branch_datetime_operator.py took 0.297 seconds
[2022-12-08T12:46:54.717+0000] {processor.py:153} INFO - Started process (PID=286) to work on /home/airflow/.local/lib/python3.7/site-packages/airflow/example_dags/example_branch_datetime_operator.py
[2022-12-08T12:46:54.724+0000] {processor.py:743} INFO - Processing file /home/airflow/.local/lib/python3.7/site-packages/airflow/example_dags/example_branch_datetime_operator.py for tasks to queue
[2022-12-08T12:46:54.734+0000] {logging_mixin.py:137} INFO - [2022-12-08T12:46:54.734+0000] {dagbag.py:538} INFO - Filling up the DagBag from /home/airflow/.local/lib/python3.7/site-packages/airflow/example_dags/example_branch_datetime_operator.py
[2022-12-08T12:46:54.778+0000] {processor.py:753} INFO - DAG(s) dict_keys(['example_branch_datetime_operator', 'example_branch_datetime_operator_2', 'example_branch_datetime_operator_3']) retrieved from /home/airflow/.local/lib/python3.7/site-packages/airflow/example_dags/example_branch_datetime_operator.py
[2022-12-08T12:46:54.866+0000] {logging_mixin.py:137} INFO - [2022-12-08T12:46:54.866+0000] {dag.py:2676} INFO - Sync 3 DAGs
[2022-12-08T12:46:54.918+0000] {logging_mixin.py:137} INFO - [2022-12-08T12:46:54.918+0000] {dag.py:3427} INFO - Setting next_dagrun for example_branch_datetime_operator to 2022-12-07T00:00:00+00:00, run_after=2022-12-08T00:00:00+00:00
[2022-12-08T12:46:54.931+0000] {logging_mixin.py:137} INFO - [2022-12-08T12:46:54.930+0000] {dag.py:3427} INFO - Setting next_dagrun for example_branch_datetime_operator_2 to 2022-12-07T00:00:00+00:00, run_after=2022-12-08T00:00:00+00:00
[2022-12-08T12:46:54.940+0000] {logging_mixin.py:137} INFO - [2022-12-08T12:46:54.940+0000] {dag.py:3427} INFO - Setting next_dagrun for example_branch_datetime_operator_3 to 2022-12-07T00:00:00+00:00, run_after=2022-12-08T00:00:00+00:00
[2022-12-08T12:46:54.972+0000] {processor.py:175} INFO - Processing /home/airflow/.local/lib/python3.7/site-packages/airflow/example_dags/example_branch_datetime_operator.py took 0.260 seconds
[2022-12-08T12:47:25.425+0000] {processor.py:153} INFO - Started process (PID=344) to work on /home/airflow/.local/lib/python3.7/site-packages/airflow/example_dags/example_branch_datetime_operator.py
[2022-12-08T12:47:25.428+0000] {processor.py:743} INFO - Processing file /home/airflow/.local/lib/python3.7/site-packages/airflow/example_dags/example_branch_datetime_operator.py for tasks to queue
[2022-12-08T12:47:25.432+0000] {logging_mixin.py:137} INFO - [2022-12-08T12:47:25.432+0000] {dagbag.py:538} INFO - Filling up the DagBag from /home/airflow/.local/lib/python3.7/site-packages/airflow/example_dags/example_branch_datetime_operator.py
[2022-12-08T12:47:25.475+0000] {processor.py:753} INFO - DAG(s) dict_keys(['example_branch_datetime_operator', 'example_branch_datetime_operator_3', 'example_branch_datetime_operator_2']) retrieved from /home/airflow/.local/lib/python3.7/site-packages/airflow/example_dags/example_branch_datetime_operator.py
[2022-12-08T12:47:25.542+0000] {logging_mixin.py:137} INFO - [2022-12-08T12:47:25.542+0000] {dag.py:2676} INFO - Sync 3 DAGs
[2022-12-08T12:47:25.582+0000] {logging_mixin.py:137} INFO - [2022-12-08T12:47:25.582+0000] {dag.py:3427} INFO - Setting next_dagrun for example_branch_datetime_operator to 2022-12-07T00:00:00+00:00, run_after=2022-12-08T00:00:00+00:00
[2022-12-08T12:47:25.591+0000] {logging_mixin.py:137} INFO - [2022-12-08T12:47:25.591+0000] {dag.py:3427} INFO - Setting next_dagrun for example_branch_datetime_operator_2 to 2022-12-07T00:00:00+00:00, run_after=2022-12-08T00:00:00+00:00
[2022-12-08T12:47:25.599+0000] {logging_mixin.py:137} INFO - [2022-12-08T12:47:25.598+0000] {dag.py:3427} INFO - Setting next_dagrun for example_branch_datetime_operator_3 to 2022-12-07T00:00:00+00:00, run_after=2022-12-08T00:00:00+00:00
[2022-12-08T12:47:25.634+0000] {processor.py:175} INFO - Processing /home/airflow/.local/lib/python3.7/site-packages/airflow/example_dags/example_branch_datetime_operator.py took 0.217 seconds
[2022-12-08T12:47:55.866+0000] {processor.py:153} INFO - Started process (PID=402) to work on /home/airflow/.local/lib/python3.7/site-packages/airflow/example_dags/example_branch_datetime_operator.py
[2022-12-08T12:47:55.872+0000] {processor.py:743} INFO - Processing file /home/airflow/.local/lib/python3.7/site-packages/airflow/example_dags/example_branch_datetime_operator.py for tasks to queue
[2022-12-08T12:47:55.876+0000] {logging_mixin.py:137} INFO - [2022-12-08T12:47:55.876+0000] {dagbag.py:538} INFO - Filling up the DagBag from /home/airflow/.local/lib/python3.7/site-packages/airflow/example_dags/example_branch_datetime_operator.py
[2022-12-08T12:47:55.940+0000] {processor.py:753} INFO - DAG(s) dict_keys(['example_branch_datetime_operator_3', 'example_branch_datetime_operator_2', 'example_branch_datetime_operator']) retrieved from /home/airflow/.local/lib/python3.7/site-packages/airflow/example_dags/example_branch_datetime_operator.py
[2022-12-08T12:47:56.030+0000] {logging_mixin.py:137} INFO - [2022-12-08T12:47:56.030+0000] {dag.py:2676} INFO - Sync 3 DAGs
[2022-12-08T12:47:56.086+0000] {logging_mixin.py:137} INFO - [2022-12-08T12:47:56.086+0000] {dag.py:3427} INFO - Setting next_dagrun for example_branch_datetime_operator to 2022-12-07T00:00:00+00:00, run_after=2022-12-08T00:00:00+00:00
[2022-12-08T12:47:56.100+0000] {logging_mixin.py:137} INFO - [2022-12-08T12:47:56.100+0000] {dag.py:3427} INFO - Setting next_dagrun for example_branch_datetime_operator_2 to 2022-12-07T00:00:00+00:00, run_after=2022-12-08T00:00:00+00:00
[2022-12-08T12:47:56.113+0000] {logging_mixin.py:137} INFO - [2022-12-08T12:47:56.112+0000] {dag.py:3427} INFO - Setting next_dagrun for example_branch_datetime_operator_3 to 2022-12-07T00:00:00+00:00, run_after=2022-12-08T00:00:00+00:00
[2022-12-08T12:47:56.154+0000] {processor.py:175} INFO - Processing /home/airflow/.local/lib/python3.7/site-packages/airflow/example_dags/example_branch_datetime_operator.py took 0.299 seconds
[2022-12-08T12:48:26.484+0000] {processor.py:153} INFO - Started process (PID=459) to work on /home/airflow/.local/lib/python3.7/site-packages/airflow/example_dags/example_branch_datetime_operator.py
[2022-12-08T12:48:26.487+0000] {processor.py:743} INFO - Processing file /home/airflow/.local/lib/python3.7/site-packages/airflow/example_dags/example_branch_datetime_operator.py for tasks to queue
[2022-12-08T12:48:26.492+0000] {logging_mixin.py:137} INFO - [2022-12-08T12:48:26.492+0000] {dagbag.py:538} INFO - Filling up the DagBag from /home/airflow/.local/lib/python3.7/site-packages/airflow/example_dags/example_branch_datetime_operator.py
[2022-12-08T12:48:26.533+0000] {processor.py:753} INFO - DAG(s) dict_keys(['example_branch_datetime_operator_3', 'example_branch_datetime_operator_2', 'example_branch_datetime_operator']) retrieved from /home/airflow/.local/lib/python3.7/site-packages/airflow/example_dags/example_branch_datetime_operator.py
[2022-12-08T12:48:26.629+0000] {logging_mixin.py:137} INFO - [2022-12-08T12:48:26.629+0000] {dag.py:2676} INFO - Sync 3 DAGs
[2022-12-08T12:48:26.679+0000] {logging_mixin.py:137} INFO - [2022-12-08T12:48:26.679+0000] {dag.py:3427} INFO - Setting next_dagrun for example_branch_datetime_operator to 2022-12-07T00:00:00+00:00, run_after=2022-12-08T00:00:00+00:00
[2022-12-08T12:48:26.694+0000] {logging_mixin.py:137} INFO - [2022-12-08T12:48:26.693+0000] {dag.py:3427} INFO - Setting next_dagrun for example_branch_datetime_operator_2 to 2022-12-07T00:00:00+00:00, run_after=2022-12-08T00:00:00+00:00
[2022-12-08T12:48:26.704+0000] {logging_mixin.py:137} INFO - [2022-12-08T12:48:26.704+0000] {dag.py:3427} INFO - Setting next_dagrun for example_branch_datetime_operator_3 to 2022-12-07T00:00:00+00:00, run_after=2022-12-08T00:00:00+00:00
[2022-12-08T12:48:26.743+0000] {processor.py:175} INFO - Processing /home/airflow/.local/lib/python3.7/site-packages/airflow/example_dags/example_branch_datetime_operator.py took 0.275 seconds
[2022-12-08T12:48:57.027+0000] {processor.py:153} INFO - Started process (PID=516) to work on /home/airflow/.local/lib/python3.7/site-packages/airflow/example_dags/example_branch_datetime_operator.py
[2022-12-08T12:48:57.038+0000] {processor.py:743} INFO - Processing file /home/airflow/.local/lib/python3.7/site-packages/airflow/example_dags/example_branch_datetime_operator.py for tasks to queue
[2022-12-08T12:48:57.050+0000] {logging_mixin.py:137} INFO - [2022-12-08T12:48:57.042+0000] {dagbag.py:538} INFO - Filling up the DagBag from /home/airflow/.local/lib/python3.7/site-packages/airflow/example_dags/example_branch_datetime_operator.py
[2022-12-08T12:48:57.140+0000] {processor.py:753} INFO - DAG(s) dict_keys(['example_branch_datetime_operator_2', 'example_branch_datetime_operator', 'example_branch_datetime_operator_3']) retrieved from /home/airflow/.local/lib/python3.7/site-packages/airflow/example_dags/example_branch_datetime_operator.py
[2022-12-08T12:48:57.363+0000] {logging_mixin.py:137} INFO - [2022-12-08T12:48:57.363+0000] {dag.py:2676} INFO - Sync 3 DAGs
[2022-12-08T12:48:57.471+0000] {logging_mixin.py:137} INFO - [2022-12-08T12:48:57.471+0000] {dag.py:3427} INFO - Setting next_dagrun for example_branch_datetime_operator to 2022-12-07T00:00:00+00:00, run_after=2022-12-08T00:00:00+00:00
[2022-12-08T12:48:57.499+0000] {logging_mixin.py:137} INFO - [2022-12-08T12:48:57.498+0000] {dag.py:3427} INFO - Setting next_dagrun for example_branch_datetime_operator_2 to 2022-12-07T00:00:00+00:00, run_after=2022-12-08T00:00:00+00:00
[2022-12-08T12:48:57.514+0000] {logging_mixin.py:137} INFO - [2022-12-08T12:48:57.513+0000] {dag.py:3427} INFO - Setting next_dagrun for example_branch_datetime_operator_3 to 2022-12-07T00:00:00+00:00, run_after=2022-12-08T00:00:00+00:00
[2022-12-08T12:48:57.580+0000] {processor.py:175} INFO - Processing /home/airflow/.local/lib/python3.7/site-packages/airflow/example_dags/example_branch_datetime_operator.py took 0.565 seconds
[2022-12-08T12:49:28.394+0000] {processor.py:153} INFO - Started process (PID=585) to work on /home/airflow/.local/lib/python3.7/site-packages/airflow/example_dags/example_branch_datetime_operator.py
[2022-12-08T12:49:28.403+0000] {processor.py:743} INFO - Processing file /home/airflow/.local/lib/python3.7/site-packages/airflow/example_dags/example_branch_datetime_operator.py for tasks to queue
[2022-12-08T12:49:28.407+0000] {logging_mixin.py:137} INFO - [2022-12-08T12:49:28.406+0000] {dagbag.py:538} INFO - Filling up the DagBag from /home/airflow/.local/lib/python3.7/site-packages/airflow/example_dags/example_branch_datetime_operator.py
[2022-12-08T12:49:28.474+0000] {processor.py:753} INFO - DAG(s) dict_keys(['example_branch_datetime_operator_2', 'example_branch_datetime_operator', 'example_branch_datetime_operator_3']) retrieved from /home/airflow/.local/lib/python3.7/site-packages/airflow/example_dags/example_branch_datetime_operator.py
[2022-12-08T12:49:28.626+0000] {logging_mixin.py:137} INFO - [2022-12-08T12:49:28.625+0000] {dag.py:2676} INFO - Sync 3 DAGs
[2022-12-08T12:49:28.710+0000] {logging_mixin.py:137} INFO - [2022-12-08T12:49:28.710+0000] {dag.py:3427} INFO - Setting next_dagrun for example_branch_datetime_operator to 2022-12-07T00:00:00+00:00, run_after=2022-12-08T00:00:00+00:00
[2022-12-08T12:49:28.725+0000] {logging_mixin.py:137} INFO - [2022-12-08T12:49:28.724+0000] {dag.py:3427} INFO - Setting next_dagrun for example_branch_datetime_operator_2 to 2022-12-07T00:00:00+00:00, run_after=2022-12-08T00:00:00+00:00
[2022-12-08T12:49:28.731+0000] {logging_mixin.py:137} INFO - [2022-12-08T12:49:28.731+0000] {dag.py:3427} INFO - Setting next_dagrun for example_branch_datetime_operator_3 to 2022-12-07T00:00:00+00:00, run_after=2022-12-08T00:00:00+00:00
[2022-12-08T12:49:28.823+0000] {processor.py:175} INFO - Processing /home/airflow/.local/lib/python3.7/site-packages/airflow/example_dags/example_branch_datetime_operator.py took 0.435 seconds
[2022-12-08T12:49:59.996+0000] {processor.py:153} INFO - Started process (PID=643) to work on /home/airflow/.local/lib/python3.7/site-packages/airflow/example_dags/example_branch_datetime_operator.py
[2022-12-08T12:50:00.000+0000] {processor.py:743} INFO - Processing file /home/airflow/.local/lib/python3.7/site-packages/airflow/example_dags/example_branch_datetime_operator.py for tasks to queue
[2022-12-08T12:50:00.028+0000] {logging_mixin.py:137} INFO - [2022-12-08T12:50:00.028+0000] {dagbag.py:538} INFO - Filling up the DagBag from /home/airflow/.local/lib/python3.7/site-packages/airflow/example_dags/example_branch_datetime_operator.py
[2022-12-08T12:50:00.161+0000] {processor.py:753} INFO - DAG(s) dict_keys(['example_branch_datetime_operator', 'example_branch_datetime_operator_2', 'example_branch_datetime_operator_3']) retrieved from /home/airflow/.local/lib/python3.7/site-packages/airflow/example_dags/example_branch_datetime_operator.py
[2022-12-08T12:50:00.430+0000] {logging_mixin.py:137} INFO - [2022-12-08T12:50:00.429+0000] {dag.py:2676} INFO - Sync 3 DAGs
[2022-12-08T12:50:00.542+0000] {logging_mixin.py:137} INFO - [2022-12-08T12:50:00.542+0000] {dag.py:3427} INFO - Setting next_dagrun for example_branch_datetime_operator to 2022-12-07T00:00:00+00:00, run_after=2022-12-08T00:00:00+00:00
[2022-12-08T12:50:00.555+0000] {logging_mixin.py:137} INFO - [2022-12-08T12:50:00.554+0000] {dag.py:3427} INFO - Setting next_dagrun for example_branch_datetime_operator_2 to 2022-12-07T00:00:00+00:00, run_after=2022-12-08T00:00:00+00:00
[2022-12-08T12:50:00.564+0000] {logging_mixin.py:137} INFO - [2022-12-08T12:50:00.563+0000] {dag.py:3427} INFO - Setting next_dagrun for example_branch_datetime_operator_3 to 2022-12-07T00:00:00+00:00, run_after=2022-12-08T00:00:00+00:00
[2022-12-08T12:50:00.612+0000] {processor.py:175} INFO - Processing /home/airflow/.local/lib/python3.7/site-packages/airflow/example_dags/example_branch_datetime_operator.py took 0.632 seconds
[2022-12-08T12:50:30.811+0000] {processor.py:153} INFO - Started process (PID=702) to work on /home/airflow/.local/lib/python3.7/site-packages/airflow/example_dags/example_branch_datetime_operator.py
[2022-12-08T12:50:30.814+0000] {processor.py:743} INFO - Processing file /home/airflow/.local/lib/python3.7/site-packages/airflow/example_dags/example_branch_datetime_operator.py for tasks to queue
[2022-12-08T12:50:30.817+0000] {logging_mixin.py:137} INFO - [2022-12-08T12:50:30.817+0000] {dagbag.py:538} INFO - Filling up the DagBag from /home/airflow/.local/lib/python3.7/site-packages/airflow/example_dags/example_branch_datetime_operator.py
[2022-12-08T12:50:30.874+0000] {processor.py:753} INFO - DAG(s) dict_keys(['example_branch_datetime_operator', 'example_branch_datetime_operator_2', 'example_branch_datetime_operator_3']) retrieved from /home/airflow/.local/lib/python3.7/site-packages/airflow/example_dags/example_branch_datetime_operator.py
[2022-12-08T12:50:30.945+0000] {logging_mixin.py:137} INFO - [2022-12-08T12:50:30.945+0000] {dag.py:2676} INFO - Sync 3 DAGs
[2022-12-08T12:50:30.992+0000] {logging_mixin.py:137} INFO - [2022-12-08T12:50:30.992+0000] {dag.py:3427} INFO - Setting next_dagrun for example_branch_datetime_operator to 2022-12-07T00:00:00+00:00, run_after=2022-12-08T00:00:00+00:00
[2022-12-08T12:50:31.004+0000] {logging_mixin.py:137} INFO - [2022-12-08T12:50:31.004+0000] {dag.py:3427} INFO - Setting next_dagrun for example_branch_datetime_operator_2 to 2022-12-07T00:00:00+00:00, run_after=2022-12-08T00:00:00+00:00
[2022-12-08T12:50:31.009+0000] {logging_mixin.py:137} INFO - [2022-12-08T12:50:31.009+0000] {dag.py:3427} INFO - Setting next_dagrun for example_branch_datetime_operator_3 to 2022-12-07T00:00:00+00:00, run_after=2022-12-08T00:00:00+00:00
[2022-12-08T12:50:31.040+0000] {processor.py:175} INFO - Processing /home/airflow/.local/lib/python3.7/site-packages/airflow/example_dags/example_branch_datetime_operator.py took 0.242 seconds
[2022-12-08T12:51:02.168+0000] {processor.py:153} INFO - Started process (PID=759) to work on /home/airflow/.local/lib/python3.7/site-packages/airflow/example_dags/example_branch_datetime_operator.py
[2022-12-08T12:51:02.176+0000] {processor.py:743} INFO - Processing file /home/airflow/.local/lib/python3.7/site-packages/airflow/example_dags/example_branch_datetime_operator.py for tasks to queue
[2022-12-08T12:51:02.180+0000] {logging_mixin.py:137} INFO - [2022-12-08T12:51:02.180+0000] {dagbag.py:538} INFO - Filling up the DagBag from /home/airflow/.local/lib/python3.7/site-packages/airflow/example_dags/example_branch_datetime_operator.py
[2022-12-08T12:51:02.289+0000] {processor.py:753} INFO - DAG(s) dict_keys(['example_branch_datetime_operator_2', 'example_branch_datetime_operator_3', 'example_branch_datetime_operator']) retrieved from /home/airflow/.local/lib/python3.7/site-packages/airflow/example_dags/example_branch_datetime_operator.py
[2022-12-08T12:51:02.509+0000] {logging_mixin.py:137} INFO - [2022-12-08T12:51:02.508+0000] {dag.py:2676} INFO - Sync 3 DAGs
[2022-12-08T12:51:02.627+0000] {logging_mixin.py:137} INFO - [2022-12-08T12:51:02.627+0000] {dag.py:3427} INFO - Setting next_dagrun for example_branch_datetime_operator to 2022-12-07T00:00:00+00:00, run_after=2022-12-08T00:00:00+00:00
[2022-12-08T12:51:02.660+0000] {logging_mixin.py:137} INFO - [2022-12-08T12:51:02.660+0000] {dag.py:3427} INFO - Setting next_dagrun for example_branch_datetime_operator_2 to 2022-12-07T00:00:00+00:00, run_after=2022-12-08T00:00:00+00:00
[2022-12-08T12:51:02.675+0000] {logging_mixin.py:137} INFO - [2022-12-08T12:51:02.675+0000] {dag.py:3427} INFO - Setting next_dagrun for example_branch_datetime_operator_3 to 2022-12-07T00:00:00+00:00, run_after=2022-12-08T00:00:00+00:00
[2022-12-08T12:51:02.757+0000] {processor.py:175} INFO - Processing /home/airflow/.local/lib/python3.7/site-packages/airflow/example_dags/example_branch_datetime_operator.py took 0.605 seconds
[2022-12-08T12:51:34.329+0000] {processor.py:153} INFO - Started process (PID=817) to work on /home/airflow/.local/lib/python3.7/site-packages/airflow/example_dags/example_branch_datetime_operator.py
[2022-12-08T12:51:34.350+0000] {processor.py:743} INFO - Processing file /home/airflow/.local/lib/python3.7/site-packages/airflow/example_dags/example_branch_datetime_operator.py for tasks to queue
[2022-12-08T12:51:34.357+0000] {logging_mixin.py:137} INFO - [2022-12-08T12:51:34.356+0000] {dagbag.py:538} INFO - Filling up the DagBag from /home/airflow/.local/lib/python3.7/site-packages/airflow/example_dags/example_branch_datetime_operator.py
[2022-12-08T12:51:34.815+0000] {processor.py:753} INFO - DAG(s) dict_keys(['example_branch_datetime_operator_3', 'example_branch_datetime_operator', 'example_branch_datetime_operator_2']) retrieved from /home/airflow/.local/lib/python3.7/site-packages/airflow/example_dags/example_branch_datetime_operator.py
[2022-12-08T12:51:35.805+0000] {logging_mixin.py:137} INFO - [2022-12-08T12:51:35.804+0000] {dag.py:2676} INFO - Sync 3 DAGs
[2022-12-08T12:51:36.277+0000] {logging_mixin.py:137} INFO - [2022-12-08T12:51:36.274+0000] {dag.py:3427} INFO - Setting next_dagrun for example_branch_datetime_operator to 2022-12-07T00:00:00+00:00, run_after=2022-12-08T00:00:00+00:00
[2022-12-08T12:51:36.326+0000] {logging_mixin.py:137} INFO - [2022-12-08T12:51:36.326+0000] {dag.py:3427} INFO - Setting next_dagrun for example_branch_datetime_operator_2 to 2022-12-07T00:00:00+00:00, run_after=2022-12-08T00:00:00+00:00
[2022-12-08T12:51:36.347+0000] {logging_mixin.py:137} INFO - [2022-12-08T12:51:36.347+0000] {dag.py:3427} INFO - Setting next_dagrun for example_branch_datetime_operator_3 to 2022-12-07T00:00:00+00:00, run_after=2022-12-08T00:00:00+00:00
[2022-12-08T12:51:36.537+0000] {processor.py:175} INFO - Processing /home/airflow/.local/lib/python3.7/site-packages/airflow/example_dags/example_branch_datetime_operator.py took 2.253 seconds
[2022-12-08T12:52:06.706+0000] {processor.py:153} INFO - Started process (PID=874) to work on /home/airflow/.local/lib/python3.7/site-packages/airflow/example_dags/example_branch_datetime_operator.py
[2022-12-08T12:52:06.709+0000] {processor.py:743} INFO - Processing file /home/airflow/.local/lib/python3.7/site-packages/airflow/example_dags/example_branch_datetime_operator.py for tasks to queue
[2022-12-08T12:52:06.714+0000] {logging_mixin.py:137} INFO - [2022-12-08T12:52:06.713+0000] {dagbag.py:538} INFO - Filling up the DagBag from /home/airflow/.local/lib/python3.7/site-packages/airflow/example_dags/example_branch_datetime_operator.py
[2022-12-08T12:52:06.751+0000] {processor.py:753} INFO - DAG(s) dict_keys(['example_branch_datetime_operator_2', 'example_branch_datetime_operator_3', 'example_branch_datetime_operator']) retrieved from /home/airflow/.local/lib/python3.7/site-packages/airflow/example_dags/example_branch_datetime_operator.py
[2022-12-08T12:52:06.832+0000] {logging_mixin.py:137} INFO - [2022-12-08T12:52:06.831+0000] {dag.py:2676} INFO - Sync 3 DAGs
[2022-12-08T12:52:06.882+0000] {logging_mixin.py:137} INFO - [2022-12-08T12:52:06.881+0000] {dag.py:3427} INFO - Setting next_dagrun for example_branch_datetime_operator to 2022-12-07T00:00:00+00:00, run_after=2022-12-08T00:00:00+00:00
[2022-12-08T12:52:06.891+0000] {logging_mixin.py:137} INFO - [2022-12-08T12:52:06.891+0000] {dag.py:3427} INFO - Setting next_dagrun for example_branch_datetime_operator_2 to 2022-12-07T00:00:00+00:00, run_after=2022-12-08T00:00:00+00:00
[2022-12-08T12:52:06.899+0000] {logging_mixin.py:137} INFO - [2022-12-08T12:52:06.898+0000] {dag.py:3427} INFO - Setting next_dagrun for example_branch_datetime_operator_3 to 2022-12-07T00:00:00+00:00, run_after=2022-12-08T00:00:00+00:00
[2022-12-08T12:52:06.943+0000] {processor.py:175} INFO - Processing /home/airflow/.local/lib/python3.7/site-packages/airflow/example_dags/example_branch_datetime_operator.py took 0.243 seconds
