[2022-12-08T12:45:18.101+0000] {processor.py:153} INFO - Started process (PID=100) to work on /home/airflow/.local/lib/python3.7/site-packages/airflow/example_dags/tutorial_dag.py
[2022-12-08T12:45:18.112+0000] {processor.py:743} INFO - Processing file /home/airflow/.local/lib/python3.7/site-packages/airflow/example_dags/tutorial_dag.py for tasks to queue
[2022-12-08T12:45:18.121+0000] {logging_mixin.py:137} INFO - [2022-12-08T12:45:18.120+0000] {dagbag.py:538} INFO - Filling up the DagBag from /home/airflow/.local/lib/python3.7/site-packages/airflow/example_dags/tutorial_dag.py
[2022-12-08T12:45:18.189+0000] {processor.py:753} INFO - DAG(s) dict_keys(['tutorial_dag']) retrieved from /home/airflow/.local/lib/python3.7/site-packages/airflow/example_dags/tutorial_dag.py
[2022-12-08T12:45:18.364+0000] {logging_mixin.py:137} INFO - [2022-12-08T12:45:18.364+0000] {dag.py:2676} INFO - Sync 1 DAGs
[2022-12-08T12:45:18.514+0000] {logging_mixin.py:137} INFO - [2022-12-08T12:45:18.514+0000] {dag.py:3427} INFO - Setting next_dagrun for tutorial_dag to None, run_after=None
[2022-12-08T12:45:18.602+0000] {processor.py:175} INFO - Processing /home/airflow/.local/lib/python3.7/site-packages/airflow/example_dags/tutorial_dag.py took 0.506 seconds
[2022-12-08T12:45:49.905+0000] {processor.py:153} INFO - Started process (PID=157) to work on /home/airflow/.local/lib/python3.7/site-packages/airflow/example_dags/tutorial_dag.py
[2022-12-08T12:45:49.910+0000] {processor.py:743} INFO - Processing file /home/airflow/.local/lib/python3.7/site-packages/airflow/example_dags/tutorial_dag.py for tasks to queue
[2022-12-08T12:45:49.919+0000] {logging_mixin.py:137} INFO - [2022-12-08T12:45:49.917+0000] {dagbag.py:538} INFO - Filling up the DagBag from /home/airflow/.local/lib/python3.7/site-packages/airflow/example_dags/tutorial_dag.py
[2022-12-08T12:45:50.040+0000] {processor.py:753} INFO - DAG(s) dict_keys(['tutorial_dag']) retrieved from /home/airflow/.local/lib/python3.7/site-packages/airflow/example_dags/tutorial_dag.py
[2022-12-08T12:45:50.322+0000] {logging_mixin.py:137} INFO - [2022-12-08T12:45:50.322+0000] {dag.py:2676} INFO - Sync 1 DAGs
[2022-12-08T12:45:50.492+0000] {logging_mixin.py:137} INFO - [2022-12-08T12:45:50.492+0000] {dag.py:3427} INFO - Setting next_dagrun for tutorial_dag to None, run_after=None
[2022-12-08T12:45:50.615+0000] {processor.py:175} INFO - Processing /home/airflow/.local/lib/python3.7/site-packages/airflow/example_dags/tutorial_dag.py took 0.741 seconds
[2022-12-08T12:46:21.240+0000] {processor.py:153} INFO - Started process (PID=215) to work on /home/airflow/.local/lib/python3.7/site-packages/airflow/example_dags/tutorial_dag.py
[2022-12-08T12:46:21.249+0000] {processor.py:743} INFO - Processing file /home/airflow/.local/lib/python3.7/site-packages/airflow/example_dags/tutorial_dag.py for tasks to queue
[2022-12-08T12:46:21.253+0000] {logging_mixin.py:137} INFO - [2022-12-08T12:46:21.252+0000] {dagbag.py:538} INFO - Filling up the DagBag from /home/airflow/.local/lib/python3.7/site-packages/airflow/example_dags/tutorial_dag.py
[2022-12-08T12:46:21.301+0000] {processor.py:753} INFO - DAG(s) dict_keys(['tutorial_dag']) retrieved from /home/airflow/.local/lib/python3.7/site-packages/airflow/example_dags/tutorial_dag.py
[2022-12-08T12:46:21.521+0000] {logging_mixin.py:137} INFO - [2022-12-08T12:46:21.521+0000] {dag.py:2676} INFO - Sync 1 DAGs
[2022-12-08T12:46:21.660+0000] {logging_mixin.py:137} INFO - [2022-12-08T12:46:21.659+0000] {dag.py:3427} INFO - Setting next_dagrun for tutorial_dag to None, run_after=None
[2022-12-08T12:46:21.757+0000] {processor.py:175} INFO - Processing /home/airflow/.local/lib/python3.7/site-packages/airflow/example_dags/tutorial_dag.py took 0.522 seconds
[2022-12-08T12:46:52.406+0000] {processor.py:153} INFO - Started process (PID=281) to work on /home/airflow/.local/lib/python3.7/site-packages/airflow/example_dags/tutorial_dag.py
[2022-12-08T12:46:52.410+0000] {processor.py:743} INFO - Processing file /home/airflow/.local/lib/python3.7/site-packages/airflow/example_dags/tutorial_dag.py for tasks to queue
[2022-12-08T12:46:52.415+0000] {logging_mixin.py:137} INFO - [2022-12-08T12:46:52.414+0000] {dagbag.py:538} INFO - Filling up the DagBag from /home/airflow/.local/lib/python3.7/site-packages/airflow/example_dags/tutorial_dag.py
[2022-12-08T12:46:52.464+0000] {processor.py:753} INFO - DAG(s) dict_keys(['tutorial_dag']) retrieved from /home/airflow/.local/lib/python3.7/site-packages/airflow/example_dags/tutorial_dag.py
[2022-12-08T12:46:52.638+0000] {logging_mixin.py:137} INFO - [2022-12-08T12:46:52.638+0000] {dag.py:2676} INFO - Sync 1 DAGs
[2022-12-08T12:46:52.823+0000] {logging_mixin.py:137} INFO - [2022-12-08T12:46:52.822+0000] {dag.py:3427} INFO - Setting next_dagrun for tutorial_dag to None, run_after=None
[2022-12-08T12:46:52.889+0000] {processor.py:175} INFO - Processing /home/airflow/.local/lib/python3.7/site-packages/airflow/example_dags/tutorial_dag.py took 0.506 seconds
[2022-12-08T12:47:23.304+0000] {processor.py:153} INFO - Started process (PID=340) to work on /home/airflow/.local/lib/python3.7/site-packages/airflow/example_dags/tutorial_dag.py
[2022-12-08T12:47:23.310+0000] {processor.py:743} INFO - Processing file /home/airflow/.local/lib/python3.7/site-packages/airflow/example_dags/tutorial_dag.py for tasks to queue
[2022-12-08T12:47:23.315+0000] {logging_mixin.py:137} INFO - [2022-12-08T12:47:23.314+0000] {dagbag.py:538} INFO - Filling up the DagBag from /home/airflow/.local/lib/python3.7/site-packages/airflow/example_dags/tutorial_dag.py
[2022-12-08T12:47:23.378+0000] {processor.py:753} INFO - DAG(s) dict_keys(['tutorial_dag']) retrieved from /home/airflow/.local/lib/python3.7/site-packages/airflow/example_dags/tutorial_dag.py
[2022-12-08T12:47:23.617+0000] {logging_mixin.py:137} INFO - [2022-12-08T12:47:23.616+0000] {dag.py:2676} INFO - Sync 1 DAGs
[2022-12-08T12:47:23.750+0000] {logging_mixin.py:137} INFO - [2022-12-08T12:47:23.750+0000] {dag.py:3427} INFO - Setting next_dagrun for tutorial_dag to None, run_after=None
[2022-12-08T12:47:23.820+0000] {processor.py:175} INFO - Processing /home/airflow/.local/lib/python3.7/site-packages/airflow/example_dags/tutorial_dag.py took 0.537 seconds
[2022-12-08T12:47:54.112+0000] {processor.py:153} INFO - Started process (PID=398) to work on /home/airflow/.local/lib/python3.7/site-packages/airflow/example_dags/tutorial_dag.py
[2022-12-08T12:47:54.116+0000] {processor.py:743} INFO - Processing file /home/airflow/.local/lib/python3.7/site-packages/airflow/example_dags/tutorial_dag.py for tasks to queue
[2022-12-08T12:47:54.120+0000] {logging_mixin.py:137} INFO - [2022-12-08T12:47:54.119+0000] {dagbag.py:538} INFO - Filling up the DagBag from /home/airflow/.local/lib/python3.7/site-packages/airflow/example_dags/tutorial_dag.py
[2022-12-08T12:47:54.159+0000] {processor.py:753} INFO - DAG(s) dict_keys(['tutorial_dag']) retrieved from /home/airflow/.local/lib/python3.7/site-packages/airflow/example_dags/tutorial_dag.py
[2022-12-08T12:47:54.238+0000] {logging_mixin.py:137} INFO - [2022-12-08T12:47:54.238+0000] {dag.py:2676} INFO - Sync 1 DAGs
[2022-12-08T12:47:54.283+0000] {logging_mixin.py:137} INFO - [2022-12-08T12:47:54.283+0000] {dag.py:3427} INFO - Setting next_dagrun for tutorial_dag to None, run_after=None
[2022-12-08T12:47:54.332+0000] {processor.py:175} INFO - Processing /home/airflow/.local/lib/python3.7/site-packages/airflow/example_dags/tutorial_dag.py took 0.234 seconds
[2022-12-08T12:48:24.600+0000] {processor.py:153} INFO - Started process (PID=455) to work on /home/airflow/.local/lib/python3.7/site-packages/airflow/example_dags/tutorial_dag.py
[2022-12-08T12:48:24.611+0000] {processor.py:743} INFO - Processing file /home/airflow/.local/lib/python3.7/site-packages/airflow/example_dags/tutorial_dag.py for tasks to queue
[2022-12-08T12:48:24.613+0000] {logging_mixin.py:137} INFO - [2022-12-08T12:48:24.613+0000] {dagbag.py:538} INFO - Filling up the DagBag from /home/airflow/.local/lib/python3.7/site-packages/airflow/example_dags/tutorial_dag.py
[2022-12-08T12:48:24.648+0000] {processor.py:753} INFO - DAG(s) dict_keys(['tutorial_dag']) retrieved from /home/airflow/.local/lib/python3.7/site-packages/airflow/example_dags/tutorial_dag.py
[2022-12-08T12:48:24.753+0000] {logging_mixin.py:137} INFO - [2022-12-08T12:48:24.753+0000] {dag.py:2676} INFO - Sync 1 DAGs
[2022-12-08T12:48:24.809+0000] {logging_mixin.py:137} INFO - [2022-12-08T12:48:24.809+0000] {dag.py:3427} INFO - Setting next_dagrun for tutorial_dag to None, run_after=None
[2022-12-08T12:48:24.849+0000] {processor.py:175} INFO - Processing /home/airflow/.local/lib/python3.7/site-packages/airflow/example_dags/tutorial_dag.py took 0.257 seconds
[2022-12-08T12:48:55.132+0000] {processor.py:153} INFO - Started process (PID=512) to work on /home/airflow/.local/lib/python3.7/site-packages/airflow/example_dags/tutorial_dag.py
[2022-12-08T12:48:55.137+0000] {processor.py:743} INFO - Processing file /home/airflow/.local/lib/python3.7/site-packages/airflow/example_dags/tutorial_dag.py for tasks to queue
[2022-12-08T12:48:55.142+0000] {logging_mixin.py:137} INFO - [2022-12-08T12:48:55.141+0000] {dagbag.py:538} INFO - Filling up the DagBag from /home/airflow/.local/lib/python3.7/site-packages/airflow/example_dags/tutorial_dag.py
[2022-12-08T12:48:55.202+0000] {processor.py:753} INFO - DAG(s) dict_keys(['tutorial_dag']) retrieved from /home/airflow/.local/lib/python3.7/site-packages/airflow/example_dags/tutorial_dag.py
[2022-12-08T12:48:55.328+0000] {logging_mixin.py:137} INFO - [2022-12-08T12:48:55.327+0000] {dag.py:2676} INFO - Sync 1 DAGs
[2022-12-08T12:48:55.383+0000] {logging_mixin.py:137} INFO - [2022-12-08T12:48:55.383+0000] {dag.py:3427} INFO - Setting next_dagrun for tutorial_dag to None, run_after=None
[2022-12-08T12:48:55.428+0000] {processor.py:175} INFO - Processing /home/airflow/.local/lib/python3.7/site-packages/airflow/example_dags/tutorial_dag.py took 0.313 seconds
[2022-12-08T12:49:25.788+0000] {processor.py:153} INFO - Started process (PID=578) to work on /home/airflow/.local/lib/python3.7/site-packages/airflow/example_dags/tutorial_dag.py
[2022-12-08T12:49:25.791+0000] {processor.py:743} INFO - Processing file /home/airflow/.local/lib/python3.7/site-packages/airflow/example_dags/tutorial_dag.py for tasks to queue
[2022-12-08T12:49:25.795+0000] {logging_mixin.py:137} INFO - [2022-12-08T12:49:25.794+0000] {dagbag.py:538} INFO - Filling up the DagBag from /home/airflow/.local/lib/python3.7/site-packages/airflow/example_dags/tutorial_dag.py
[2022-12-08T12:49:25.822+0000] {processor.py:753} INFO - DAG(s) dict_keys(['tutorial_dag']) retrieved from /home/airflow/.local/lib/python3.7/site-packages/airflow/example_dags/tutorial_dag.py
[2022-12-08T12:49:25.887+0000] {logging_mixin.py:137} INFO - [2022-12-08T12:49:25.886+0000] {dag.py:2676} INFO - Sync 1 DAGs
[2022-12-08T12:49:25.930+0000] {logging_mixin.py:137} INFO - [2022-12-08T12:49:25.930+0000] {dag.py:3427} INFO - Setting next_dagrun for tutorial_dag to None, run_after=None
[2022-12-08T12:49:25.969+0000] {processor.py:175} INFO - Processing /home/airflow/.local/lib/python3.7/site-packages/airflow/example_dags/tutorial_dag.py took 0.190 seconds
[2022-12-08T12:49:57.900+0000] {processor.py:153} INFO - Started process (PID=638) to work on /home/airflow/.local/lib/python3.7/site-packages/airflow/example_dags/tutorial_dag.py
[2022-12-08T12:49:57.911+0000] {processor.py:743} INFO - Processing file /home/airflow/.local/lib/python3.7/site-packages/airflow/example_dags/tutorial_dag.py for tasks to queue
[2022-12-08T12:49:57.915+0000] {logging_mixin.py:137} INFO - [2022-12-08T12:49:57.915+0000] {dagbag.py:538} INFO - Filling up the DagBag from /home/airflow/.local/lib/python3.7/site-packages/airflow/example_dags/tutorial_dag.py
[2022-12-08T12:49:57.975+0000] {processor.py:753} INFO - DAG(s) dict_keys(['tutorial_dag']) retrieved from /home/airflow/.local/lib/python3.7/site-packages/airflow/example_dags/tutorial_dag.py
[2022-12-08T12:49:58.099+0000] {logging_mixin.py:137} INFO - [2022-12-08T12:49:58.099+0000] {dag.py:2676} INFO - Sync 1 DAGs
[2022-12-08T12:49:58.177+0000] {logging_mixin.py:137} INFO - [2022-12-08T12:49:58.177+0000] {dag.py:3427} INFO - Setting next_dagrun for tutorial_dag to None, run_after=None
[2022-12-08T12:49:58.243+0000] {processor.py:175} INFO - Processing /home/airflow/.local/lib/python3.7/site-packages/airflow/example_dags/tutorial_dag.py took 0.357 seconds
[2022-12-08T12:50:28.644+0000] {processor.py:153} INFO - Started process (PID=697) to work on /home/airflow/.local/lib/python3.7/site-packages/airflow/example_dags/tutorial_dag.py
[2022-12-08T12:50:28.651+0000] {processor.py:743} INFO - Processing file /home/airflow/.local/lib/python3.7/site-packages/airflow/example_dags/tutorial_dag.py for tasks to queue
[2022-12-08T12:50:28.656+0000] {logging_mixin.py:137} INFO - [2022-12-08T12:50:28.656+0000] {dagbag.py:538} INFO - Filling up the DagBag from /home/airflow/.local/lib/python3.7/site-packages/airflow/example_dags/tutorial_dag.py
[2022-12-08T12:50:28.709+0000] {processor.py:753} INFO - DAG(s) dict_keys(['tutorial_dag']) retrieved from /home/airflow/.local/lib/python3.7/site-packages/airflow/example_dags/tutorial_dag.py
[2022-12-08T12:50:28.795+0000] {logging_mixin.py:137} INFO - [2022-12-08T12:50:28.795+0000] {dag.py:2676} INFO - Sync 1 DAGs
[2022-12-08T12:50:28.856+0000] {logging_mixin.py:137} INFO - [2022-12-08T12:50:28.856+0000] {dag.py:3427} INFO - Setting next_dagrun for tutorial_dag to None, run_after=None
[2022-12-08T12:50:28.923+0000] {processor.py:175} INFO - Processing /home/airflow/.local/lib/python3.7/site-packages/airflow/example_dags/tutorial_dag.py took 0.296 seconds
[2022-12-08T12:50:59.810+0000] {processor.py:153} INFO - Started process (PID=755) to work on /home/airflow/.local/lib/python3.7/site-packages/airflow/example_dags/tutorial_dag.py
[2022-12-08T12:50:59.814+0000] {processor.py:743} INFO - Processing file /home/airflow/.local/lib/python3.7/site-packages/airflow/example_dags/tutorial_dag.py for tasks to queue
[2022-12-08T12:50:59.818+0000] {logging_mixin.py:137} INFO - [2022-12-08T12:50:59.817+0000] {dagbag.py:538} INFO - Filling up the DagBag from /home/airflow/.local/lib/python3.7/site-packages/airflow/example_dags/tutorial_dag.py
[2022-12-08T12:50:59.860+0000] {processor.py:753} INFO - DAG(s) dict_keys(['tutorial_dag']) retrieved from /home/airflow/.local/lib/python3.7/site-packages/airflow/example_dags/tutorial_dag.py
[2022-12-08T12:50:59.954+0000] {logging_mixin.py:137} INFO - [2022-12-08T12:50:59.954+0000] {dag.py:2676} INFO - Sync 1 DAGs
[2022-12-08T12:51:00.010+0000] {logging_mixin.py:137} INFO - [2022-12-08T12:51:00.009+0000] {dag.py:3427} INFO - Setting next_dagrun for tutorial_dag to None, run_after=None
[2022-12-08T12:51:00.054+0000] {processor.py:175} INFO - Processing /home/airflow/.local/lib/python3.7/site-packages/airflow/example_dags/tutorial_dag.py took 0.253 seconds
[2022-12-08T12:51:30.299+0000] {processor.py:153} INFO - Started process (PID=813) to work on /home/airflow/.local/lib/python3.7/site-packages/airflow/example_dags/tutorial_dag.py
[2022-12-08T12:51:30.312+0000] {processor.py:743} INFO - Processing file /home/airflow/.local/lib/python3.7/site-packages/airflow/example_dags/tutorial_dag.py for tasks to queue
[2022-12-08T12:51:30.314+0000] {logging_mixin.py:137} INFO - [2022-12-08T12:51:30.314+0000] {dagbag.py:538} INFO - Filling up the DagBag from /home/airflow/.local/lib/python3.7/site-packages/airflow/example_dags/tutorial_dag.py
[2022-12-08T12:51:30.406+0000] {processor.py:753} INFO - DAG(s) dict_keys(['tutorial_dag']) retrieved from /home/airflow/.local/lib/python3.7/site-packages/airflow/example_dags/tutorial_dag.py
[2022-12-08T12:51:30.541+0000] {logging_mixin.py:137} INFO - [2022-12-08T12:51:30.540+0000] {dag.py:2676} INFO - Sync 1 DAGs
[2022-12-08T12:51:30.585+0000] {logging_mixin.py:137} INFO - [2022-12-08T12:51:30.585+0000] {dag.py:3427} INFO - Setting next_dagrun for tutorial_dag to None, run_after=None
[2022-12-08T12:51:30.626+0000] {processor.py:175} INFO - Processing /home/airflow/.local/lib/python3.7/site-packages/airflow/example_dags/tutorial_dag.py took 0.350 seconds
[2022-12-08T12:52:00.782+0000] {processor.py:153} INFO - Started process (PID=868) to work on /home/airflow/.local/lib/python3.7/site-packages/airflow/example_dags/tutorial_dag.py
[2022-12-08T12:52:00.785+0000] {processor.py:743} INFO - Processing file /home/airflow/.local/lib/python3.7/site-packages/airflow/example_dags/tutorial_dag.py for tasks to queue
[2022-12-08T12:52:00.787+0000] {logging_mixin.py:137} INFO - [2022-12-08T12:52:00.787+0000] {dagbag.py:538} INFO - Filling up the DagBag from /home/airflow/.local/lib/python3.7/site-packages/airflow/example_dags/tutorial_dag.py
[2022-12-08T12:52:00.856+0000] {processor.py:753} INFO - DAG(s) dict_keys(['tutorial_dag']) retrieved from /home/airflow/.local/lib/python3.7/site-packages/airflow/example_dags/tutorial_dag.py
[2022-12-08T12:52:01.063+0000] {logging_mixin.py:137} INFO - [2022-12-08T12:52:01.063+0000] {dag.py:2676} INFO - Sync 1 DAGs
[2022-12-08T12:52:01.215+0000] {logging_mixin.py:137} INFO - [2022-12-08T12:52:01.215+0000] {dag.py:3427} INFO - Setting next_dagrun for tutorial_dag to None, run_after=None
[2022-12-08T12:52:01.312+0000] {processor.py:175} INFO - Processing /home/airflow/.local/lib/python3.7/site-packages/airflow/example_dags/tutorial_dag.py took 0.544 seconds
[2022-12-08T12:52:32.400+0000] {processor.py:153} INFO - Started process (PID=925) to work on /home/airflow/.local/lib/python3.7/site-packages/airflow/example_dags/tutorial_dag.py
[2022-12-08T12:52:32.403+0000] {processor.py:743} INFO - Processing file /home/airflow/.local/lib/python3.7/site-packages/airflow/example_dags/tutorial_dag.py for tasks to queue
[2022-12-08T12:52:32.407+0000] {logging_mixin.py:137} INFO - [2022-12-08T12:52:32.406+0000] {dagbag.py:538} INFO - Filling up the DagBag from /home/airflow/.local/lib/python3.7/site-packages/airflow/example_dags/tutorial_dag.py
[2022-12-08T12:52:32.438+0000] {processor.py:753} INFO - DAG(s) dict_keys(['tutorial_dag']) retrieved from /home/airflow/.local/lib/python3.7/site-packages/airflow/example_dags/tutorial_dag.py
[2022-12-08T12:52:32.507+0000] {logging_mixin.py:137} INFO - [2022-12-08T12:52:32.507+0000] {dag.py:2676} INFO - Sync 1 DAGs
[2022-12-08T12:52:32.597+0000] {logging_mixin.py:137} INFO - [2022-12-08T12:52:32.597+0000] {dag.py:3427} INFO - Setting next_dagrun for tutorial_dag to None, run_after=None
[2022-12-08T12:52:32.645+0000] {processor.py:175} INFO - Processing /home/airflow/.local/lib/python3.7/site-packages/airflow/example_dags/tutorial_dag.py took 0.260 seconds
