[2022-12-08T12:45:12.465+0000] {processor.py:153} INFO - Started process (PID=85) to work on /home/airflow/.local/lib/python3.7/site-packages/airflow/example_dags/tutorial_taskflow_api.py
[2022-12-08T12:45:12.483+0000] {processor.py:743} INFO - Processing file /home/airflow/.local/lib/python3.7/site-packages/airflow/example_dags/tutorial_taskflow_api.py for tasks to queue
[2022-12-08T12:45:12.495+0000] {logging_mixin.py:137} INFO - [2022-12-08T12:45:12.493+0000] {dagbag.py:538} INFO - Filling up the DagBag from /home/airflow/.local/lib/python3.7/site-packages/airflow/example_dags/tutorial_taskflow_api.py
[2022-12-08T12:45:12.671+0000] {processor.py:753} INFO - DAG(s) dict_keys(['tutorial_taskflow_api']) retrieved from /home/airflow/.local/lib/python3.7/site-packages/airflow/example_dags/tutorial_taskflow_api.py
[2022-12-08T12:45:12.922+0000] {logging_mixin.py:137} INFO - [2022-12-08T12:45:12.917+0000] {dag.py:2676} INFO - Sync 1 DAGs
[2022-12-08T12:45:13.108+0000] {logging_mixin.py:137} INFO - [2022-12-08T12:45:13.108+0000] {dag.py:3427} INFO - Setting next_dagrun for tutorial_taskflow_api to None, run_after=None
[2022-12-08T12:45:13.271+0000] {processor.py:175} INFO - Processing /home/airflow/.local/lib/python3.7/site-packages/airflow/example_dags/tutorial_taskflow_api.py took 0.844 seconds
[2022-12-08T12:45:43.448+0000] {processor.py:153} INFO - Started process (PID=143) to work on /home/airflow/.local/lib/python3.7/site-packages/airflow/example_dags/tutorial_taskflow_api.py
[2022-12-08T12:45:43.453+0000] {processor.py:743} INFO - Processing file /home/airflow/.local/lib/python3.7/site-packages/airflow/example_dags/tutorial_taskflow_api.py for tasks to queue
[2022-12-08T12:45:43.458+0000] {logging_mixin.py:137} INFO - [2022-12-08T12:45:43.457+0000] {dagbag.py:538} INFO - Filling up the DagBag from /home/airflow/.local/lib/python3.7/site-packages/airflow/example_dags/tutorial_taskflow_api.py
[2022-12-08T12:45:43.515+0000] {processor.py:753} INFO - DAG(s) dict_keys(['tutorial_taskflow_api']) retrieved from /home/airflow/.local/lib/python3.7/site-packages/airflow/example_dags/tutorial_taskflow_api.py
[2022-12-08T12:45:43.618+0000] {logging_mixin.py:137} INFO - [2022-12-08T12:45:43.618+0000] {dag.py:2676} INFO - Sync 1 DAGs
[2022-12-08T12:45:43.698+0000] {logging_mixin.py:137} INFO - [2022-12-08T12:45:43.698+0000] {dag.py:3427} INFO - Setting next_dagrun for tutorial_taskflow_api to None, run_after=None
[2022-12-08T12:45:43.741+0000] {processor.py:175} INFO - Processing /home/airflow/.local/lib/python3.7/site-packages/airflow/example_dags/tutorial_taskflow_api.py took 0.310 seconds
[2022-12-08T12:46:14.062+0000] {processor.py:153} INFO - Started process (PID=201) to work on /home/airflow/.local/lib/python3.7/site-packages/airflow/example_dags/tutorial_taskflow_api.py
[2022-12-08T12:46:14.066+0000] {processor.py:743} INFO - Processing file /home/airflow/.local/lib/python3.7/site-packages/airflow/example_dags/tutorial_taskflow_api.py for tasks to queue
[2022-12-08T12:46:14.068+0000] {logging_mixin.py:137} INFO - [2022-12-08T12:46:14.067+0000] {dagbag.py:538} INFO - Filling up the DagBag from /home/airflow/.local/lib/python3.7/site-packages/airflow/example_dags/tutorial_taskflow_api.py
[2022-12-08T12:46:14.104+0000] {processor.py:753} INFO - DAG(s) dict_keys(['tutorial_taskflow_api']) retrieved from /home/airflow/.local/lib/python3.7/site-packages/airflow/example_dags/tutorial_taskflow_api.py
[2022-12-08T12:46:14.168+0000] {logging_mixin.py:137} INFO - [2022-12-08T12:46:14.168+0000] {dag.py:2676} INFO - Sync 1 DAGs
[2022-12-08T12:46:14.232+0000] {logging_mixin.py:137} INFO - [2022-12-08T12:46:14.232+0000] {dag.py:3427} INFO - Setting next_dagrun for tutorial_taskflow_api to None, run_after=None
[2022-12-08T12:46:14.302+0000] {processor.py:175} INFO - Processing /home/airflow/.local/lib/python3.7/site-packages/airflow/example_dags/tutorial_taskflow_api.py took 0.247 seconds
[2022-12-08T12:46:44.728+0000] {processor.py:153} INFO - Started process (PID=258) to work on /home/airflow/.local/lib/python3.7/site-packages/airflow/example_dags/tutorial_taskflow_api.py
[2022-12-08T12:46:44.734+0000] {processor.py:743} INFO - Processing file /home/airflow/.local/lib/python3.7/site-packages/airflow/example_dags/tutorial_taskflow_api.py for tasks to queue
[2022-12-08T12:46:44.738+0000] {logging_mixin.py:137} INFO - [2022-12-08T12:46:44.737+0000] {dagbag.py:538} INFO - Filling up the DagBag from /home/airflow/.local/lib/python3.7/site-packages/airflow/example_dags/tutorial_taskflow_api.py
[2022-12-08T12:46:44.799+0000] {processor.py:753} INFO - DAG(s) dict_keys(['tutorial_taskflow_api']) retrieved from /home/airflow/.local/lib/python3.7/site-packages/airflow/example_dags/tutorial_taskflow_api.py
[2022-12-08T12:46:44.924+0000] {logging_mixin.py:137} INFO - [2022-12-08T12:46:44.923+0000] {dag.py:2676} INFO - Sync 1 DAGs
[2022-12-08T12:46:45.043+0000] {logging_mixin.py:137} INFO - [2022-12-08T12:46:45.043+0000] {dag.py:3427} INFO - Setting next_dagrun for tutorial_taskflow_api to None, run_after=None
[2022-12-08T12:46:45.130+0000] {processor.py:175} INFO - Processing /home/airflow/.local/lib/python3.7/site-packages/airflow/example_dags/tutorial_taskflow_api.py took 0.425 seconds
[2022-12-08T12:47:15.261+0000] {processor.py:153} INFO - Started process (PID=315) to work on /home/airflow/.local/lib/python3.7/site-packages/airflow/example_dags/tutorial_taskflow_api.py
[2022-12-08T12:47:15.264+0000] {processor.py:743} INFO - Processing file /home/airflow/.local/lib/python3.7/site-packages/airflow/example_dags/tutorial_taskflow_api.py for tasks to queue
[2022-12-08T12:47:15.267+0000] {logging_mixin.py:137} INFO - [2022-12-08T12:47:15.266+0000] {dagbag.py:538} INFO - Filling up the DagBag from /home/airflow/.local/lib/python3.7/site-packages/airflow/example_dags/tutorial_taskflow_api.py
[2022-12-08T12:47:15.306+0000] {processor.py:753} INFO - DAG(s) dict_keys(['tutorial_taskflow_api']) retrieved from /home/airflow/.local/lib/python3.7/site-packages/airflow/example_dags/tutorial_taskflow_api.py
[2022-12-08T12:47:15.374+0000] {logging_mixin.py:137} INFO - [2022-12-08T12:47:15.374+0000] {dag.py:2676} INFO - Sync 1 DAGs
[2022-12-08T12:47:15.413+0000] {logging_mixin.py:137} INFO - [2022-12-08T12:47:15.413+0000] {dag.py:3427} INFO - Setting next_dagrun for tutorial_taskflow_api to None, run_after=None
[2022-12-08T12:47:15.443+0000] {processor.py:175} INFO - Processing /home/airflow/.local/lib/python3.7/site-packages/airflow/example_dags/tutorial_taskflow_api.py took 0.188 seconds
[2022-12-08T12:47:46.118+0000] {processor.py:153} INFO - Started process (PID=374) to work on /home/airflow/.local/lib/python3.7/site-packages/airflow/example_dags/tutorial_taskflow_api.py
[2022-12-08T12:47:46.125+0000] {processor.py:743} INFO - Processing file /home/airflow/.local/lib/python3.7/site-packages/airflow/example_dags/tutorial_taskflow_api.py for tasks to queue
[2022-12-08T12:47:46.135+0000] {logging_mixin.py:137} INFO - [2022-12-08T12:47:46.135+0000] {dagbag.py:538} INFO - Filling up the DagBag from /home/airflow/.local/lib/python3.7/site-packages/airflow/example_dags/tutorial_taskflow_api.py
[2022-12-08T12:47:46.214+0000] {processor.py:753} INFO - DAG(s) dict_keys(['tutorial_taskflow_api']) retrieved from /home/airflow/.local/lib/python3.7/site-packages/airflow/example_dags/tutorial_taskflow_api.py
[2022-12-08T12:47:46.282+0000] {logging_mixin.py:137} INFO - [2022-12-08T12:47:46.282+0000] {dag.py:2676} INFO - Sync 1 DAGs
[2022-12-08T12:47:46.326+0000] {logging_mixin.py:137} INFO - [2022-12-08T12:47:46.326+0000] {dag.py:3427} INFO - Setting next_dagrun for tutorial_taskflow_api to None, run_after=None
[2022-12-08T12:47:46.360+0000] {processor.py:175} INFO - Processing /home/airflow/.local/lib/python3.7/site-packages/airflow/example_dags/tutorial_taskflow_api.py took 0.271 seconds
[2022-12-08T12:48:16.846+0000] {processor.py:153} INFO - Started process (PID=431) to work on /home/airflow/.local/lib/python3.7/site-packages/airflow/example_dags/tutorial_taskflow_api.py
[2022-12-08T12:48:16.853+0000] {processor.py:743} INFO - Processing file /home/airflow/.local/lib/python3.7/site-packages/airflow/example_dags/tutorial_taskflow_api.py for tasks to queue
[2022-12-08T12:48:16.865+0000] {logging_mixin.py:137} INFO - [2022-12-08T12:48:16.864+0000] {dagbag.py:538} INFO - Filling up the DagBag from /home/airflow/.local/lib/python3.7/site-packages/airflow/example_dags/tutorial_taskflow_api.py
[2022-12-08T12:48:16.945+0000] {processor.py:753} INFO - DAG(s) dict_keys(['tutorial_taskflow_api']) retrieved from /home/airflow/.local/lib/python3.7/site-packages/airflow/example_dags/tutorial_taskflow_api.py
[2022-12-08T12:48:17.115+0000] {logging_mixin.py:137} INFO - [2022-12-08T12:48:17.115+0000] {dag.py:2676} INFO - Sync 1 DAGs
[2022-12-08T12:48:17.212+0000] {logging_mixin.py:137} INFO - [2022-12-08T12:48:17.212+0000] {dag.py:3427} INFO - Setting next_dagrun for tutorial_taskflow_api to None, run_after=None
[2022-12-08T12:48:17.310+0000] {processor.py:175} INFO - Processing /home/airflow/.local/lib/python3.7/site-packages/airflow/example_dags/tutorial_taskflow_api.py took 0.478 seconds
[2022-12-08T12:48:47.804+0000] {processor.py:153} INFO - Started process (PID=498) to work on /home/airflow/.local/lib/python3.7/site-packages/airflow/example_dags/tutorial_taskflow_api.py
[2022-12-08T12:48:47.807+0000] {processor.py:743} INFO - Processing file /home/airflow/.local/lib/python3.7/site-packages/airflow/example_dags/tutorial_taskflow_api.py for tasks to queue
[2022-12-08T12:48:47.810+0000] {logging_mixin.py:137} INFO - [2022-12-08T12:48:47.810+0000] {dagbag.py:538} INFO - Filling up the DagBag from /home/airflow/.local/lib/python3.7/site-packages/airflow/example_dags/tutorial_taskflow_api.py
[2022-12-08T12:48:47.891+0000] {processor.py:753} INFO - DAG(s) dict_keys(['tutorial_taskflow_api']) retrieved from /home/airflow/.local/lib/python3.7/site-packages/airflow/example_dags/tutorial_taskflow_api.py
[2022-12-08T12:48:48.038+0000] {logging_mixin.py:137} INFO - [2022-12-08T12:48:48.038+0000] {dag.py:2676} INFO - Sync 1 DAGs
[2022-12-08T12:48:48.176+0000] {logging_mixin.py:137} INFO - [2022-12-08T12:48:48.176+0000] {dag.py:3427} INFO - Setting next_dagrun for tutorial_taskflow_api to None, run_after=None
[2022-12-08T12:48:48.261+0000] {processor.py:175} INFO - Processing /home/airflow/.local/lib/python3.7/site-packages/airflow/example_dags/tutorial_taskflow_api.py took 0.475 seconds
[2022-12-08T12:49:18.641+0000] {processor.py:153} INFO - Started process (PID=557) to work on /home/airflow/.local/lib/python3.7/site-packages/airflow/example_dags/tutorial_taskflow_api.py
[2022-12-08T12:49:18.657+0000] {processor.py:743} INFO - Processing file /home/airflow/.local/lib/python3.7/site-packages/airflow/example_dags/tutorial_taskflow_api.py for tasks to queue
[2022-12-08T12:49:18.663+0000] {logging_mixin.py:137} INFO - [2022-12-08T12:49:18.660+0000] {dagbag.py:538} INFO - Filling up the DagBag from /home/airflow/.local/lib/python3.7/site-packages/airflow/example_dags/tutorial_taskflow_api.py
[2022-12-08T12:49:18.746+0000] {processor.py:753} INFO - DAG(s) dict_keys(['tutorial_taskflow_api']) retrieved from /home/airflow/.local/lib/python3.7/site-packages/airflow/example_dags/tutorial_taskflow_api.py
[2022-12-08T12:49:18.924+0000] {logging_mixin.py:137} INFO - [2022-12-08T12:49:18.924+0000] {dag.py:2676} INFO - Sync 1 DAGs
[2022-12-08T12:49:19.056+0000] {logging_mixin.py:137} INFO - [2022-12-08T12:49:19.056+0000] {dag.py:3427} INFO - Setting next_dagrun for tutorial_taskflow_api to None, run_after=None
[2022-12-08T12:49:19.139+0000] {processor.py:175} INFO - Processing /home/airflow/.local/lib/python3.7/site-packages/airflow/example_dags/tutorial_taskflow_api.py took 0.507 seconds
[2022-12-08T12:49:49.788+0000] {processor.py:153} INFO - Started process (PID=614) to work on /home/airflow/.local/lib/python3.7/site-packages/airflow/example_dags/tutorial_taskflow_api.py
[2022-12-08T12:49:49.796+0000] {processor.py:743} INFO - Processing file /home/airflow/.local/lib/python3.7/site-packages/airflow/example_dags/tutorial_taskflow_api.py for tasks to queue
[2022-12-08T12:49:49.807+0000] {logging_mixin.py:137} INFO - [2022-12-08T12:49:49.801+0000] {dagbag.py:538} INFO - Filling up the DagBag from /home/airflow/.local/lib/python3.7/site-packages/airflow/example_dags/tutorial_taskflow_api.py
[2022-12-08T12:49:50.448+0000] {processor.py:753} INFO - DAG(s) dict_keys(['tutorial_taskflow_api']) retrieved from /home/airflow/.local/lib/python3.7/site-packages/airflow/example_dags/tutorial_taskflow_api.py
[2022-12-08T12:49:51.247+0000] {logging_mixin.py:137} INFO - [2022-12-08T12:49:51.247+0000] {dag.py:2676} INFO - Sync 1 DAGs
[2022-12-08T12:49:51.795+0000] {logging_mixin.py:137} INFO - [2022-12-08T12:49:51.795+0000] {dag.py:3427} INFO - Setting next_dagrun for tutorial_taskflow_api to None, run_after=None
[2022-12-08T12:49:51.950+0000] {processor.py:175} INFO - Processing /home/airflow/.local/lib/python3.7/site-packages/airflow/example_dags/tutorial_taskflow_api.py took 2.271 seconds
[2022-12-08T12:50:22.640+0000] {processor.py:153} INFO - Started process (PID=672) to work on /home/airflow/.local/lib/python3.7/site-packages/airflow/example_dags/tutorial_taskflow_api.py
[2022-12-08T12:50:22.646+0000] {processor.py:743} INFO - Processing file /home/airflow/.local/lib/python3.7/site-packages/airflow/example_dags/tutorial_taskflow_api.py for tasks to queue
[2022-12-08T12:50:22.649+0000] {logging_mixin.py:137} INFO - [2022-12-08T12:50:22.649+0000] {dagbag.py:538} INFO - Filling up the DagBag from /home/airflow/.local/lib/python3.7/site-packages/airflow/example_dags/tutorial_taskflow_api.py
[2022-12-08T12:50:22.688+0000] {processor.py:753} INFO - DAG(s) dict_keys(['tutorial_taskflow_api']) retrieved from /home/airflow/.local/lib/python3.7/site-packages/airflow/example_dags/tutorial_taskflow_api.py
[2022-12-08T12:50:22.756+0000] {logging_mixin.py:137} INFO - [2022-12-08T12:50:22.756+0000] {dag.py:2676} INFO - Sync 1 DAGs
[2022-12-08T12:50:22.802+0000] {logging_mixin.py:137} INFO - [2022-12-08T12:50:22.802+0000] {dag.py:3427} INFO - Setting next_dagrun for tutorial_taskflow_api to None, run_after=None
[2022-12-08T12:50:22.833+0000] {processor.py:175} INFO - Processing /home/airflow/.local/lib/python3.7/site-packages/airflow/example_dags/tutorial_taskflow_api.py took 0.199 seconds
[2022-12-08T12:50:53.784+0000] {processor.py:153} INFO - Started process (PID=730) to work on /home/airflow/.local/lib/python3.7/site-packages/airflow/example_dags/tutorial_taskflow_api.py
[2022-12-08T12:50:53.787+0000] {processor.py:743} INFO - Processing file /home/airflow/.local/lib/python3.7/site-packages/airflow/example_dags/tutorial_taskflow_api.py for tasks to queue
[2022-12-08T12:50:53.789+0000] {logging_mixin.py:137} INFO - [2022-12-08T12:50:53.789+0000] {dagbag.py:538} INFO - Filling up the DagBag from /home/airflow/.local/lib/python3.7/site-packages/airflow/example_dags/tutorial_taskflow_api.py
[2022-12-08T12:50:53.825+0000] {processor.py:753} INFO - DAG(s) dict_keys(['tutorial_taskflow_api']) retrieved from /home/airflow/.local/lib/python3.7/site-packages/airflow/example_dags/tutorial_taskflow_api.py
[2022-12-08T12:50:53.887+0000] {logging_mixin.py:137} INFO - [2022-12-08T12:50:53.886+0000] {dag.py:2676} INFO - Sync 1 DAGs
[2022-12-08T12:50:53.928+0000] {logging_mixin.py:137} INFO - [2022-12-08T12:50:53.927+0000] {dag.py:3427} INFO - Setting next_dagrun for tutorial_taskflow_api to None, run_after=None
[2022-12-08T12:50:53.966+0000] {processor.py:175} INFO - Processing /home/airflow/.local/lib/python3.7/site-packages/airflow/example_dags/tutorial_taskflow_api.py took 0.187 seconds
[2022-12-08T12:51:24.490+0000] {processor.py:153} INFO - Started process (PID=799) to work on /home/airflow/.local/lib/python3.7/site-packages/airflow/example_dags/tutorial_taskflow_api.py
[2022-12-08T12:51:24.493+0000] {processor.py:743} INFO - Processing file /home/airflow/.local/lib/python3.7/site-packages/airflow/example_dags/tutorial_taskflow_api.py for tasks to queue
[2022-12-08T12:51:24.496+0000] {logging_mixin.py:137} INFO - [2022-12-08T12:51:24.495+0000] {dagbag.py:538} INFO - Filling up the DagBag from /home/airflow/.local/lib/python3.7/site-packages/airflow/example_dags/tutorial_taskflow_api.py
[2022-12-08T12:51:24.566+0000] {processor.py:753} INFO - DAG(s) dict_keys(['tutorial_taskflow_api']) retrieved from /home/airflow/.local/lib/python3.7/site-packages/airflow/example_dags/tutorial_taskflow_api.py
[2022-12-08T12:51:24.650+0000] {logging_mixin.py:137} INFO - [2022-12-08T12:51:24.650+0000] {dag.py:2676} INFO - Sync 1 DAGs
[2022-12-08T12:51:24.690+0000] {logging_mixin.py:137} INFO - [2022-12-08T12:51:24.690+0000] {dag.py:3427} INFO - Setting next_dagrun for tutorial_taskflow_api to None, run_after=None
[2022-12-08T12:51:24.728+0000] {processor.py:175} INFO - Processing /home/airflow/.local/lib/python3.7/site-packages/airflow/example_dags/tutorial_taskflow_api.py took 0.250 seconds
[2022-12-08T12:51:55.457+0000] {processor.py:153} INFO - Started process (PID=854) to work on /home/airflow/.local/lib/python3.7/site-packages/airflow/example_dags/tutorial_taskflow_api.py
[2022-12-08T12:51:55.464+0000] {processor.py:743} INFO - Processing file /home/airflow/.local/lib/python3.7/site-packages/airflow/example_dags/tutorial_taskflow_api.py for tasks to queue
[2022-12-08T12:51:55.476+0000] {logging_mixin.py:137} INFO - [2022-12-08T12:51:55.475+0000] {dagbag.py:538} INFO - Filling up the DagBag from /home/airflow/.local/lib/python3.7/site-packages/airflow/example_dags/tutorial_taskflow_api.py
[2022-12-08T12:51:55.632+0000] {processor.py:753} INFO - DAG(s) dict_keys(['tutorial_taskflow_api']) retrieved from /home/airflow/.local/lib/python3.7/site-packages/airflow/example_dags/tutorial_taskflow_api.py
[2022-12-08T12:51:55.932+0000] {logging_mixin.py:137} INFO - [2022-12-08T12:51:55.932+0000] {dag.py:2676} INFO - Sync 1 DAGs
[2022-12-08T12:51:56.196+0000] {logging_mixin.py:137} INFO - [2022-12-08T12:51:56.196+0000] {dag.py:3427} INFO - Setting next_dagrun for tutorial_taskflow_api to None, run_after=None
[2022-12-08T12:51:56.399+0000] {processor.py:175} INFO - Processing /home/airflow/.local/lib/python3.7/site-packages/airflow/example_dags/tutorial_taskflow_api.py took 0.968 seconds
[2022-12-08T12:52:26.865+0000] {processor.py:153} INFO - Started process (PID=912) to work on /home/airflow/.local/lib/python3.7/site-packages/airflow/example_dags/tutorial_taskflow_api.py
[2022-12-08T12:52:26.871+0000] {processor.py:743} INFO - Processing file /home/airflow/.local/lib/python3.7/site-packages/airflow/example_dags/tutorial_taskflow_api.py for tasks to queue
[2022-12-08T12:52:26.875+0000] {logging_mixin.py:137} INFO - [2022-12-08T12:52:26.874+0000] {dagbag.py:538} INFO - Filling up the DagBag from /home/airflow/.local/lib/python3.7/site-packages/airflow/example_dags/tutorial_taskflow_api.py
[2022-12-08T12:52:26.968+0000] {processor.py:753} INFO - DAG(s) dict_keys(['tutorial_taskflow_api']) retrieved from /home/airflow/.local/lib/python3.7/site-packages/airflow/example_dags/tutorial_taskflow_api.py
[2022-12-08T12:52:27.250+0000] {logging_mixin.py:137} INFO - [2022-12-08T12:52:27.250+0000] {dag.py:2676} INFO - Sync 1 DAGs
[2022-12-08T12:52:27.471+0000] {logging_mixin.py:137} INFO - [2022-12-08T12:52:27.468+0000] {dag.py:3427} INFO - Setting next_dagrun for tutorial_taskflow_api to None, run_after=None
[2022-12-08T12:52:27.553+0000] {processor.py:175} INFO - Processing /home/airflow/.local/lib/python3.7/site-packages/airflow/example_dags/tutorial_taskflow_api.py took 0.705 seconds
