[2022-12-08T12:45:07.412+0000] {processor.py:153} INFO - Started process (PID=79) to work on /home/airflow/.local/lib/python3.7/site-packages/airflow/example_dags/tutorial.py
[2022-12-08T12:45:07.491+0000] {processor.py:743} INFO - Processing file /home/airflow/.local/lib/python3.7/site-packages/airflow/example_dags/tutorial.py for tasks to queue
[2022-12-08T12:45:07.504+0000] {logging_mixin.py:137} INFO - [2022-12-08T12:45:07.503+0000] {dagbag.py:538} INFO - Filling up the DagBag from /home/airflow/.local/lib/python3.7/site-packages/airflow/example_dags/tutorial.py
[2022-12-08T12:45:07.927+0000] {processor.py:753} INFO - DAG(s) dict_keys(['tutorial']) retrieved from /home/airflow/.local/lib/python3.7/site-packages/airflow/example_dags/tutorial.py
[2022-12-08T12:45:08.556+0000] {logging_mixin.py:137} INFO - [2022-12-08T12:45:08.544+0000] {dag.py:2676} INFO - Sync 1 DAGs
[2022-12-08T12:45:09.111+0000] {logging_mixin.py:137} INFO - [2022-12-08T12:45:09.094+0000] {dag.py:3427} INFO - Setting next_dagrun for tutorial to 2022-12-07T12:45:09.093552+00:00, run_after=2022-12-08T12:45:09.093552+00:00
[2022-12-08T12:45:09.367+0000] {processor.py:175} INFO - Processing /home/airflow/.local/lib/python3.7/site-packages/airflow/example_dags/tutorial.py took 2.039 seconds
[2022-12-08T12:45:39.523+0000] {processor.py:153} INFO - Started process (PID=137) to work on /home/airflow/.local/lib/python3.7/site-packages/airflow/example_dags/tutorial.py
[2022-12-08T12:45:39.535+0000] {processor.py:743} INFO - Processing file /home/airflow/.local/lib/python3.7/site-packages/airflow/example_dags/tutorial.py for tasks to queue
[2022-12-08T12:45:39.538+0000] {logging_mixin.py:137} INFO - [2022-12-08T12:45:39.537+0000] {dagbag.py:538} INFO - Filling up the DagBag from /home/airflow/.local/lib/python3.7/site-packages/airflow/example_dags/tutorial.py
[2022-12-08T12:45:39.609+0000] {processor.py:753} INFO - DAG(s) dict_keys(['tutorial']) retrieved from /home/airflow/.local/lib/python3.7/site-packages/airflow/example_dags/tutorial.py
[2022-12-08T12:45:39.743+0000] {logging_mixin.py:137} INFO - [2022-12-08T12:45:39.742+0000] {dag.py:2676} INFO - Sync 1 DAGs
[2022-12-08T12:45:39.791+0000] {logging_mixin.py:137} INFO - [2022-12-08T12:45:39.790+0000] {dag.py:3427} INFO - Setting next_dagrun for tutorial to 2022-12-07T12:45:39.790592+00:00, run_after=2022-12-08T12:45:39.790592+00:00
[2022-12-08T12:45:39.840+0000] {processor.py:175} INFO - Processing /home/airflow/.local/lib/python3.7/site-packages/airflow/example_dags/tutorial.py took 0.333 seconds
[2022-12-08T12:46:10.031+0000] {processor.py:153} INFO - Started process (PID=195) to work on /home/airflow/.local/lib/python3.7/site-packages/airflow/example_dags/tutorial.py
[2022-12-08T12:46:10.037+0000] {processor.py:743} INFO - Processing file /home/airflow/.local/lib/python3.7/site-packages/airflow/example_dags/tutorial.py for tasks to queue
[2022-12-08T12:46:10.042+0000] {logging_mixin.py:137} INFO - [2022-12-08T12:46:10.041+0000] {dagbag.py:538} INFO - Filling up the DagBag from /home/airflow/.local/lib/python3.7/site-packages/airflow/example_dags/tutorial.py
[2022-12-08T12:46:10.082+0000] {processor.py:753} INFO - DAG(s) dict_keys(['tutorial']) retrieved from /home/airflow/.local/lib/python3.7/site-packages/airflow/example_dags/tutorial.py
[2022-12-08T12:46:10.195+0000] {logging_mixin.py:137} INFO - [2022-12-08T12:46:10.194+0000] {dag.py:2676} INFO - Sync 1 DAGs
[2022-12-08T12:46:10.324+0000] {logging_mixin.py:137} INFO - [2022-12-08T12:46:10.324+0000] {dag.py:3427} INFO - Setting next_dagrun for tutorial to 2022-12-07T12:46:10.323846+00:00, run_after=2022-12-08T12:46:10.323846+00:00
[2022-12-08T12:46:10.415+0000] {processor.py:175} INFO - Processing /home/airflow/.local/lib/python3.7/site-packages/airflow/example_dags/tutorial.py took 0.404 seconds
[2022-12-08T12:46:41.456+0000] {processor.py:153} INFO - Started process (PID=252) to work on /home/airflow/.local/lib/python3.7/site-packages/airflow/example_dags/tutorial.py
[2022-12-08T12:46:41.459+0000] {processor.py:743} INFO - Processing file /home/airflow/.local/lib/python3.7/site-packages/airflow/example_dags/tutorial.py for tasks to queue
[2022-12-08T12:46:41.462+0000] {logging_mixin.py:137} INFO - [2022-12-08T12:46:41.462+0000] {dagbag.py:538} INFO - Filling up the DagBag from /home/airflow/.local/lib/python3.7/site-packages/airflow/example_dags/tutorial.py
[2022-12-08T12:46:41.491+0000] {processor.py:753} INFO - DAG(s) dict_keys(['tutorial']) retrieved from /home/airflow/.local/lib/python3.7/site-packages/airflow/example_dags/tutorial.py
[2022-12-08T12:46:41.561+0000] {logging_mixin.py:137} INFO - [2022-12-08T12:46:41.561+0000] {dag.py:2676} INFO - Sync 1 DAGs
[2022-12-08T12:46:41.618+0000] {logging_mixin.py:137} INFO - [2022-12-08T12:46:41.618+0000] {dag.py:3427} INFO - Setting next_dagrun for tutorial to 2022-12-07T12:46:41.617494+00:00, run_after=2022-12-08T12:46:41.617494+00:00
[2022-12-08T12:46:41.670+0000] {processor.py:175} INFO - Processing /home/airflow/.local/lib/python3.7/site-packages/airflow/example_dags/tutorial.py took 0.220 seconds
[2022-12-08T12:47:12.331+0000] {processor.py:153} INFO - Started process (PID=310) to work on /home/airflow/.local/lib/python3.7/site-packages/airflow/example_dags/tutorial.py
[2022-12-08T12:47:12.334+0000] {processor.py:743} INFO - Processing file /home/airflow/.local/lib/python3.7/site-packages/airflow/example_dags/tutorial.py for tasks to queue
[2022-12-08T12:47:12.346+0000] {logging_mixin.py:137} INFO - [2022-12-08T12:47:12.344+0000] {dagbag.py:538} INFO - Filling up the DagBag from /home/airflow/.local/lib/python3.7/site-packages/airflow/example_dags/tutorial.py
[2022-12-08T12:47:12.377+0000] {processor.py:753} INFO - DAG(s) dict_keys(['tutorial']) retrieved from /home/airflow/.local/lib/python3.7/site-packages/airflow/example_dags/tutorial.py
[2022-12-08T12:47:12.447+0000] {logging_mixin.py:137} INFO - [2022-12-08T12:47:12.447+0000] {dag.py:2676} INFO - Sync 1 DAGs
[2022-12-08T12:47:12.491+0000] {logging_mixin.py:137} INFO - [2022-12-08T12:47:12.491+0000] {dag.py:3427} INFO - Setting next_dagrun for tutorial to 2022-12-07T12:47:12.490690+00:00, run_after=2022-12-08T12:47:12.490690+00:00
[2022-12-08T12:47:12.526+0000] {processor.py:175} INFO - Processing /home/airflow/.local/lib/python3.7/site-packages/airflow/example_dags/tutorial.py took 0.203 seconds
[2022-12-08T12:47:42.854+0000] {processor.py:153} INFO - Started process (PID=368) to work on /home/airflow/.local/lib/python3.7/site-packages/airflow/example_dags/tutorial.py
[2022-12-08T12:47:42.860+0000] {processor.py:743} INFO - Processing file /home/airflow/.local/lib/python3.7/site-packages/airflow/example_dags/tutorial.py for tasks to queue
[2022-12-08T12:47:42.865+0000] {logging_mixin.py:137} INFO - [2022-12-08T12:47:42.864+0000] {dagbag.py:538} INFO - Filling up the DagBag from /home/airflow/.local/lib/python3.7/site-packages/airflow/example_dags/tutorial.py
[2022-12-08T12:47:42.931+0000] {processor.py:753} INFO - DAG(s) dict_keys(['tutorial']) retrieved from /home/airflow/.local/lib/python3.7/site-packages/airflow/example_dags/tutorial.py
[2022-12-08T12:47:43.075+0000] {logging_mixin.py:137} INFO - [2022-12-08T12:47:43.075+0000] {dag.py:2676} INFO - Sync 1 DAGs
[2022-12-08T12:47:43.196+0000] {logging_mixin.py:137} INFO - [2022-12-08T12:47:43.196+0000] {dag.py:3427} INFO - Setting next_dagrun for tutorial to 2022-12-07T12:47:43.196087+00:00, run_after=2022-12-08T12:47:43.196087+00:00
[2022-12-08T12:47:43.280+0000] {processor.py:175} INFO - Processing /home/airflow/.local/lib/python3.7/site-packages/airflow/example_dags/tutorial.py took 0.449 seconds
[2022-12-08T12:48:13.947+0000] {processor.py:153} INFO - Started process (PID=425) to work on /home/airflow/.local/lib/python3.7/site-packages/airflow/example_dags/tutorial.py
[2022-12-08T12:48:13.950+0000] {processor.py:743} INFO - Processing file /home/airflow/.local/lib/python3.7/site-packages/airflow/example_dags/tutorial.py for tasks to queue
[2022-12-08T12:48:13.953+0000] {logging_mixin.py:137} INFO - [2022-12-08T12:48:13.952+0000] {dagbag.py:538} INFO - Filling up the DagBag from /home/airflow/.local/lib/python3.7/site-packages/airflow/example_dags/tutorial.py
[2022-12-08T12:48:13.981+0000] {processor.py:753} INFO - DAG(s) dict_keys(['tutorial']) retrieved from /home/airflow/.local/lib/python3.7/site-packages/airflow/example_dags/tutorial.py
[2022-12-08T12:48:14.046+0000] {logging_mixin.py:137} INFO - [2022-12-08T12:48:14.046+0000] {dag.py:2676} INFO - Sync 1 DAGs
[2022-12-08T12:48:14.095+0000] {logging_mixin.py:137} INFO - [2022-12-08T12:48:14.095+0000] {dag.py:3427} INFO - Setting next_dagrun for tutorial to 2022-12-07T12:48:14.095074+00:00, run_after=2022-12-08T12:48:14.095074+00:00
[2022-12-08T12:48:14.158+0000] {processor.py:175} INFO - Processing /home/airflow/.local/lib/python3.7/site-packages/airflow/example_dags/tutorial.py took 0.217 seconds
[2022-12-08T12:48:44.720+0000] {processor.py:153} INFO - Started process (PID=482) to work on /home/airflow/.local/lib/python3.7/site-packages/airflow/example_dags/tutorial.py
[2022-12-08T12:48:44.724+0000] {processor.py:743} INFO - Processing file /home/airflow/.local/lib/python3.7/site-packages/airflow/example_dags/tutorial.py for tasks to queue
[2022-12-08T12:48:44.727+0000] {logging_mixin.py:137} INFO - [2022-12-08T12:48:44.727+0000] {dagbag.py:538} INFO - Filling up the DagBag from /home/airflow/.local/lib/python3.7/site-packages/airflow/example_dags/tutorial.py
[2022-12-08T12:48:44.782+0000] {processor.py:753} INFO - DAG(s) dict_keys(['tutorial']) retrieved from /home/airflow/.local/lib/python3.7/site-packages/airflow/example_dags/tutorial.py
[2022-12-08T12:48:44.919+0000] {logging_mixin.py:137} INFO - [2022-12-08T12:48:44.919+0000] {dag.py:2676} INFO - Sync 1 DAGs
[2022-12-08T12:48:44.984+0000] {logging_mixin.py:137} INFO - [2022-12-08T12:48:44.984+0000] {dag.py:3427} INFO - Setting next_dagrun for tutorial to 2022-12-07T12:48:44.983658+00:00, run_after=2022-12-08T12:48:44.983658+00:00
[2022-12-08T12:48:45.024+0000] {processor.py:175} INFO - Processing /home/airflow/.local/lib/python3.7/site-packages/airflow/example_dags/tutorial.py took 0.312 seconds
[2022-12-08T12:49:15.355+0000] {processor.py:153} INFO - Started process (PID=551) to work on /home/airflow/.local/lib/python3.7/site-packages/airflow/example_dags/tutorial.py
[2022-12-08T12:49:15.358+0000] {processor.py:743} INFO - Processing file /home/airflow/.local/lib/python3.7/site-packages/airflow/example_dags/tutorial.py for tasks to queue
[2022-12-08T12:49:15.360+0000] {logging_mixin.py:137} INFO - [2022-12-08T12:49:15.360+0000] {dagbag.py:538} INFO - Filling up the DagBag from /home/airflow/.local/lib/python3.7/site-packages/airflow/example_dags/tutorial.py
[2022-12-08T12:49:15.384+0000] {processor.py:753} INFO - DAG(s) dict_keys(['tutorial']) retrieved from /home/airflow/.local/lib/python3.7/site-packages/airflow/example_dags/tutorial.py
[2022-12-08T12:49:15.442+0000] {logging_mixin.py:137} INFO - [2022-12-08T12:49:15.442+0000] {dag.py:2676} INFO - Sync 1 DAGs
[2022-12-08T12:49:15.482+0000] {logging_mixin.py:137} INFO - [2022-12-08T12:49:15.482+0000] {dag.py:3427} INFO - Setting next_dagrun for tutorial to 2022-12-07T12:49:15.482055+00:00, run_after=2022-12-08T12:49:15.482055+00:00
[2022-12-08T12:49:15.523+0000] {processor.py:175} INFO - Processing /home/airflow/.local/lib/python3.7/site-packages/airflow/example_dags/tutorial.py took 0.174 seconds
[2022-12-08T12:49:45.782+0000] {processor.py:153} INFO - Started process (PID=609) to work on /home/airflow/.local/lib/python3.7/site-packages/airflow/example_dags/tutorial.py
[2022-12-08T12:49:45.794+0000] {processor.py:743} INFO - Processing file /home/airflow/.local/lib/python3.7/site-packages/airflow/example_dags/tutorial.py for tasks to queue
[2022-12-08T12:49:45.797+0000] {logging_mixin.py:137} INFO - [2022-12-08T12:49:45.797+0000] {dagbag.py:538} INFO - Filling up the DagBag from /home/airflow/.local/lib/python3.7/site-packages/airflow/example_dags/tutorial.py
[2022-12-08T12:49:45.901+0000] {processor.py:753} INFO - DAG(s) dict_keys(['tutorial']) retrieved from /home/airflow/.local/lib/python3.7/site-packages/airflow/example_dags/tutorial.py
[2022-12-08T12:49:46.113+0000] {logging_mixin.py:137} INFO - [2022-12-08T12:49:46.113+0000] {dag.py:2676} INFO - Sync 1 DAGs
[2022-12-08T12:49:46.241+0000] {logging_mixin.py:137} INFO - [2022-12-08T12:49:46.240+0000] {dag.py:3427} INFO - Setting next_dagrun for tutorial to 2022-12-07T12:49:46.240579+00:00, run_after=2022-12-08T12:49:46.240579+00:00
[2022-12-08T12:49:46.396+0000] {processor.py:175} INFO - Processing /home/airflow/.local/lib/python3.7/site-packages/airflow/example_dags/tutorial.py took 0.644 seconds
[2022-12-08T12:50:16.579+0000] {processor.py:153} INFO - Started process (PID=667) to work on /home/airflow/.local/lib/python3.7/site-packages/airflow/example_dags/tutorial.py
[2022-12-08T12:50:16.581+0000] {processor.py:743} INFO - Processing file /home/airflow/.local/lib/python3.7/site-packages/airflow/example_dags/tutorial.py for tasks to queue
[2022-12-08T12:50:16.584+0000] {logging_mixin.py:137} INFO - [2022-12-08T12:50:16.584+0000] {dagbag.py:538} INFO - Filling up the DagBag from /home/airflow/.local/lib/python3.7/site-packages/airflow/example_dags/tutorial.py
[2022-12-08T12:50:16.609+0000] {processor.py:753} INFO - DAG(s) dict_keys(['tutorial']) retrieved from /home/airflow/.local/lib/python3.7/site-packages/airflow/example_dags/tutorial.py
[2022-12-08T12:50:16.673+0000] {logging_mixin.py:137} INFO - [2022-12-08T12:50:16.673+0000] {dag.py:2676} INFO - Sync 1 DAGs
[2022-12-08T12:50:16.715+0000] {logging_mixin.py:137} INFO - [2022-12-08T12:50:16.714+0000] {dag.py:3427} INFO - Setting next_dagrun for tutorial to 2022-12-07T12:50:16.714487+00:00, run_after=2022-12-08T12:50:16.714487+00:00
[2022-12-08T12:50:16.751+0000] {processor.py:175} INFO - Processing /home/airflow/.local/lib/python3.7/site-packages/airflow/example_dags/tutorial.py took 0.178 seconds
[2022-12-08T12:50:47.080+0000] {processor.py:153} INFO - Started process (PID=725) to work on /home/airflow/.local/lib/python3.7/site-packages/airflow/example_dags/tutorial.py
[2022-12-08T12:50:47.082+0000] {processor.py:743} INFO - Processing file /home/airflow/.local/lib/python3.7/site-packages/airflow/example_dags/tutorial.py for tasks to queue
[2022-12-08T12:50:47.090+0000] {logging_mixin.py:137} INFO - [2022-12-08T12:50:47.089+0000] {dagbag.py:538} INFO - Filling up the DagBag from /home/airflow/.local/lib/python3.7/site-packages/airflow/example_dags/tutorial.py
[2022-12-08T12:50:47.191+0000] {processor.py:753} INFO - DAG(s) dict_keys(['tutorial']) retrieved from /home/airflow/.local/lib/python3.7/site-packages/airflow/example_dags/tutorial.py
[2022-12-08T12:50:47.472+0000] {logging_mixin.py:137} INFO - [2022-12-08T12:50:47.472+0000] {dag.py:2676} INFO - Sync 1 DAGs
[2022-12-08T12:50:47.643+0000] {logging_mixin.py:137} INFO - [2022-12-08T12:50:47.643+0000] {dag.py:3427} INFO - Setting next_dagrun for tutorial to 2022-12-07T12:50:47.643057+00:00, run_after=2022-12-08T12:50:47.643057+00:00
[2022-12-08T12:50:47.806+0000] {processor.py:175} INFO - Processing /home/airflow/.local/lib/python3.7/site-packages/airflow/example_dags/tutorial.py took 0.748 seconds
[2022-12-08T12:51:18.761+0000] {processor.py:153} INFO - Started process (PID=783) to work on /home/airflow/.local/lib/python3.7/site-packages/airflow/example_dags/tutorial.py
[2022-12-08T12:51:18.779+0000] {processor.py:743} INFO - Processing file /home/airflow/.local/lib/python3.7/site-packages/airflow/example_dags/tutorial.py for tasks to queue
[2022-12-08T12:51:18.787+0000] {logging_mixin.py:137} INFO - [2022-12-08T12:51:18.785+0000] {dagbag.py:538} INFO - Filling up the DagBag from /home/airflow/.local/lib/python3.7/site-packages/airflow/example_dags/tutorial.py
[2022-12-08T12:51:18.983+0000] {processor.py:753} INFO - DAG(s) dict_keys(['tutorial']) retrieved from /home/airflow/.local/lib/python3.7/site-packages/airflow/example_dags/tutorial.py
[2022-12-08T12:51:19.304+0000] {logging_mixin.py:137} INFO - [2022-12-08T12:51:19.303+0000] {dag.py:2676} INFO - Sync 1 DAGs
[2022-12-08T12:51:19.646+0000] {logging_mixin.py:137} INFO - [2022-12-08T12:51:19.642+0000] {dag.py:3427} INFO - Setting next_dagrun for tutorial to 2022-12-07T12:51:19.641844+00:00, run_after=2022-12-08T12:51:19.641844+00:00
[2022-12-08T12:51:19.911+0000] {processor.py:175} INFO - Processing /home/airflow/.local/lib/python3.7/site-packages/airflow/example_dags/tutorial.py took 1.175 seconds
[2022-12-08T12:51:50.379+0000] {processor.py:153} INFO - Started process (PID=840) to work on /home/airflow/.local/lib/python3.7/site-packages/airflow/example_dags/tutorial.py
[2022-12-08T12:51:50.385+0000] {processor.py:743} INFO - Processing file /home/airflow/.local/lib/python3.7/site-packages/airflow/example_dags/tutorial.py for tasks to queue
[2022-12-08T12:51:50.394+0000] {logging_mixin.py:137} INFO - [2022-12-08T12:51:50.392+0000] {dagbag.py:538} INFO - Filling up the DagBag from /home/airflow/.local/lib/python3.7/site-packages/airflow/example_dags/tutorial.py
[2022-12-08T12:51:50.433+0000] {processor.py:753} INFO - DAG(s) dict_keys(['tutorial']) retrieved from /home/airflow/.local/lib/python3.7/site-packages/airflow/example_dags/tutorial.py
[2022-12-08T12:51:50.570+0000] {logging_mixin.py:137} INFO - [2022-12-08T12:51:50.570+0000] {dag.py:2676} INFO - Sync 1 DAGs
[2022-12-08T12:51:50.651+0000] {logging_mixin.py:137} INFO - [2022-12-08T12:51:50.651+0000] {dag.py:3427} INFO - Setting next_dagrun for tutorial to 2022-12-07T12:51:50.650752+00:00, run_after=2022-12-08T12:51:50.650752+00:00
[2022-12-08T12:51:50.711+0000] {processor.py:175} INFO - Processing /home/airflow/.local/lib/python3.7/site-packages/airflow/example_dags/tutorial.py took 0.351 seconds
[2022-12-08T12:52:21.349+0000] {processor.py:153} INFO - Started process (PID=896) to work on /home/airflow/.local/lib/python3.7/site-packages/airflow/example_dags/tutorial.py
[2022-12-08T12:52:21.353+0000] {processor.py:743} INFO - Processing file /home/airflow/.local/lib/python3.7/site-packages/airflow/example_dags/tutorial.py for tasks to queue
[2022-12-08T12:52:21.358+0000] {logging_mixin.py:137} INFO - [2022-12-08T12:52:21.358+0000] {dagbag.py:538} INFO - Filling up the DagBag from /home/airflow/.local/lib/python3.7/site-packages/airflow/example_dags/tutorial.py
[2022-12-08T12:52:21.387+0000] {processor.py:753} INFO - DAG(s) dict_keys(['tutorial']) retrieved from /home/airflow/.local/lib/python3.7/site-packages/airflow/example_dags/tutorial.py
[2022-12-08T12:52:21.465+0000] {logging_mixin.py:137} INFO - [2022-12-08T12:52:21.465+0000] {dag.py:2676} INFO - Sync 1 DAGs
[2022-12-08T12:52:21.520+0000] {logging_mixin.py:137} INFO - [2022-12-08T12:52:21.519+0000] {dag.py:3427} INFO - Setting next_dagrun for tutorial to 2022-12-07T12:52:21.519318+00:00, run_after=2022-12-08T12:52:21.519318+00:00
[2022-12-08T12:52:21.564+0000] {processor.py:175} INFO - Processing /home/airflow/.local/lib/python3.7/site-packages/airflow/example_dags/tutorial.py took 0.222 seconds
